20:00:53 INFO  : Registering command handlers for SDK TCF services
20:00:54 INFO  : Launching XSCT server: xsct.bat -interactive C:\Users\schumae\Documents\My_DevOps\Fall_2022\EE365\Final_Project\Final\Final.sdk\temp_xsdb_launch_script.tcl
20:00:57 INFO  : XSCT server has started successfully.
20:00:57 INFO  : Successfully done setting XSCT server connection channel  
20:00:58 INFO  : Successfully done setting SDK workspace  
20:00:58 INFO  : Processing command line option -hwspec C:/Users/schumae/Documents/My_DevOps/Fall_2022/EE365/Final_Project/Final/Final.sdk/design_1_wrapper.hdf.
20:14:16 INFO  : Launching XSCT server: xsct.bat -interactive C:\Users\schumae\Documents\My_DevOps\Fall_2022\EE365\Final_Project\Final\Final.sdk\temp_xsdb_launch_script.tcl
20:14:18 INFO  : XSCT server has started successfully.
20:14:18 INFO  : Successfully done setting XSCT server connection channel  
20:14:22 INFO  : Successfully done setting SDK workspace  
20:14:23 INFO  : Registering command handlers for SDK TCF services
20:14:24 INFO  : Processing command line option -hwspec C:/Users/schumae/Documents/My_DevOps/Fall_2022/EE365/Final_Project/Final/Final.sdk/design_1_wrapper.hdf.
20:14:24 INFO  : Checking for hwspec changes in the project design_1_wrapper_hw_platform_0.
20:21:52 INFO  : Example project standalone_bsp_0_xtmrctr_intr_example_1 has been created successfully.
21:59:59 INFO  : Launching XSCT server: xsct.bat -interactive C:\Users\schumae\Documents\My_DevOps\Fall_2022\EE365\Final_Project\Final\Final.sdk\temp_xsdb_launch_script.tcl
22:00:02 INFO  : XSCT server has started successfully.
22:00:02 INFO  : Successfully done setting XSCT server connection channel  
22:00:02 INFO  : Successfully done setting SDK workspace  
22:00:07 INFO  : Registering command handlers for SDK TCF services
22:00:07 INFO  : Processing command line option -hwspec C:/Users/schumae/Documents/My_DevOps/Fall_2022/EE365/Final_Project/Final/Final.sdk/design_1_wrapper.hdf.
22:00:07 INFO  : Checking for hwspec changes in the project design_1_wrapper_hw_platform_0.
