#-----------------------------------------------------------
# Webtalk v2019.1 (64-bit)
# SW Build 2552052 on Fri May 24 14:49:42 MDT 2019
# 
# Start of session at: Sat Nov 12 02:38:27 2022
# Process ID: 17196
# Current directory: D:/school/sem7/EE365/lab5_fresh/lab5_fresh.sdk/webtalk
# Command line: wbtcv.exe -mode batch -source sdk_webtalk.tcl
# Log file: D:/school/sem7/EE365/lab5_fresh/lab5_fresh.sdk/webtalk/webtalk.log
# Journal file: D:/school/sem7/EE365/lab5_fresh/lab5_fresh.sdk/webtalk\webtalk.jou
#-----------------------------------------------------------
source sdk_webtalk.tcl
# webtalk_init -webtalk_dir D:\\school\\sem7\\EE365\\lab5_fresh\\lab5_fresh.sdk\\webtalk
# webtalk_register_client -client project
# webtalk_add_data -client project -key date_generated -value "2022-11-12 02:38:25" -context "software_version_and_target_device"
# webtalk_add_data -client project -key product_version -value "SDK v2019.1" -context "software_version_and_target_device"
# webtalk_add_data -client project -key build_version -value "2019.1" -context "software_version_and_target_device"
# webtalk_add_data -client project -key os_platform -value "amd64" -context "software_version_and_target_device"
# webtalk_add_data -client project -key registration_id -value "175495545_1777507777_210710067_627" -context "software_version_and_target_device"
# webtalk_add_data -client project -key tool_flow -value "SDK" -context "software_version_and_target_device"
# webtalk_add_data -client project -key beta -value "false" -context "software_version_and_target_device"
# webtalk_add_data -client project -key route_design -value "NA" -context "software_version_and_target_device"
# webtalk_add_data -client project -key target_family -value "NA" -context "software_version_and_target_device"
# webtalk_add_data -client project -key target_device -value "NA" -context "software_version_and_target_device"
# webtalk_add_data -client project -key target_package -value "NA" -context "software_version_and_target_device"
# webtalk_add_data -client project -key target_speed -value "NA" -context "software_version_and_target_device"
# webtalk_add_data -client project -key random_id -value "ka5pp3mf1vutsuptkrsjv4b4ek" -context "software_version_and_target_device"
# webtalk_add_data -client project -key project_id -value "2019.1_2" -context "software_version_and_target_device"
# webtalk_add_data -client project -key project_iteration -value "2" -context "software_version_and_target_device"
# webtalk_add_data -client project -key os_name -value "Microsoft Windows 8 or later , 64-bit" -context "user_environment"
# webtalk_add_data -client project -key os_release -value "major release  (build 9200)" -context "user_environment"
# webtalk_add_data -client project -key cpu_name -value "Intel(R) Core(TM) i7-4790K CPU @ 4.00GHz" -context "user_environment"
# webtalk_add_data -client project -key cpu_speed -value "3999 MHz" -context "user_environment"
# webtalk_add_data -client project -key total_processors -value "1" -context "user_environment"
# webtalk_add_data -client project -key system_ram -value "17.124 GB" -context "user_environment"
# webtalk_register_client -client sdk
# webtalk_add_data -client sdk -key uid -value "1668238589422" -context "sdk\\\\hardware/1668238589422"
# webtalk_add_data -client sdk -key isZynq -value "true" -context "sdk\\\\hardware/1668238589422"
# webtalk_add_data -client sdk -key isZynqMP -value "false" -context "sdk\\\\hardware/1668238589422"
# webtalk_add_data -client sdk -key Processors -value "2" -context "sdk\\\\hardware/1668238589422"
# webtalk_add_data -client sdk -key VivadoVersion -value "2019.1" -context "sdk\\\\hardware/1668238589422"
# webtalk_add_data -client sdk -key Arch -value "zynq" -context "sdk\\\\hardware/1668238589422"
# webtalk_add_data -client sdk -key Device -value "7z010" -context "sdk\\\\hardware/1668238589422"
# webtalk_add_data -client sdk -key IsHandoff -value "true" -context "sdk\\\\hardware/1668238589422"
# webtalk_add_data -client sdk -key os -value "NA" -context "sdk\\\\hardware/1668238589422"
# webtalk_add_data -client sdk -key apptemplate -value "NA" -context "sdk\\\\hardware/1668238589422"
# webtalk_add_data -client sdk -key RecordType -value "HWCreation" -context "sdk\\\\hardware/1668238589422"
# webtalk_add_data -client sdk -key uid -value "1668238611791" -context "sdk\\\\hardware/1668238611791"
# webtalk_add_data -client sdk -key isZynq -value "true" -context "sdk\\\\hardware/1668238611791"
# webtalk_add_data -client sdk -key isZynqMP -value "false" -context "sdk\\\\hardware/1668238611791"
# webtalk_add_data -client sdk -key Processors -value "2" -context "sdk\\\\hardware/1668238611791"
# webtalk_add_data -client sdk -key VivadoVersion -value "2019.1" -context "sdk\\\\hardware/1668238611791"
# webtalk_add_data -client sdk -key Arch -value "zynq" -context "sdk\\\\hardware/1668238611791"
# webtalk_add_data -client sdk -key Device -value "7z020" -context "sdk\\\\hardware/1668238611791"
# webtalk_add_data -client sdk -key IsHandoff -value "true" -context "sdk\\\\hardware/1668238611791"
# webtalk_add_data -client sdk -key os -value "NA" -context "sdk\\\\hardware/1668238611791"
# webtalk_add_data -client sdk -key apptemplate -value "NA" -context "sdk\\\\hardware/1668238611791"
# webtalk_add_data -client sdk -key RecordType -value "HWCreation" -context "sdk\\\\hardware/1668238611791"
# webtalk_add_data -client sdk -key uid -value "1668238612160" -context "sdk\\\\bsp/1668238612160"
# webtalk_add_data -client sdk -key hwid -value "1668238611791" -context "sdk\\\\bsp/1668238612160"
# webtalk_add_data -client sdk -key os -value "standalone" -context "sdk\\\\bsp/1668238612160"
# webtalk_add_data -client sdk -key apptemplate -value "hello_world" -context "sdk\\\\bsp/1668238612160"
# webtalk_add_data -client sdk -key RecordType -value "BSPCreation" -context "sdk\\\\bsp/1668238612160"
# webtalk_add_data -client sdk -key uid -value "1668238619742" -context "sdk\\\\application/1668238619742"
# webtalk_add_data -client sdk -key hwid -value "1668238611791" -context "sdk\\\\application/1668238619742"
# webtalk_add_data -client sdk -key bspid -value "1668238612160" -context "sdk\\\\application/1668238619742"
# webtalk_add_data -client sdk -key newbsp -value "true" -context "sdk\\\\application/1668238619742"
# webtalk_add_data -client sdk -key os -value "standalone" -context "sdk\\\\application/1668238619742"
# webtalk_add_data -client sdk -key apptemplate -value "hello_world" -context "sdk\\\\application/1668238619742"
# webtalk_add_data -client sdk -key RecordType -value "APPCreation" -context "sdk\\\\application/1668238619742"
# webtalk_add_data -client sdk -key LangUsed -value "C" -context "sdk\\\\application/1668238619742"
# webtalk_add_data -client sdk -key Procused -value "ps7_cortexa9" -context "sdk\\\\application/1668238619742"
# webtalk_add_data -client sdk -key projSize -value "194.05078125" -context "sdk\\\\application/1668238619742"
# webtalk_add_data -client sdk -key uid -value "NA" -context "sdk\\\\bsp/1668238705802"
# webtalk_add_data -client sdk -key RecordType -value "ToolUsage" -context "sdk\\\\bsp/1668238705802"
# webtalk_add_data -client sdk -key BootgenCount -value "0" -context "sdk\\\\bsp/1668238705802"
# webtalk_add_data -client sdk -key DebugCount -value "0" -context "sdk\\\\bsp/1668238705802"
# webtalk_add_data -client sdk -key PerfCount -value "0" -context "sdk\\\\bsp/1668238705802"
# webtalk_add_data -client sdk -key FlashCount -value "0" -context "sdk\\\\bsp/1668238705802"
# webtalk_add_data -client sdk -key CrossTriggCount -value "0" -context "sdk\\\\bsp/1668238705802"
# webtalk_add_data -client sdk -key QemuDebugCount -value "0" -context "sdk\\\\bsp/1668238705802"
# webtalk_transmit -clientid 3870224466 -regid "175495545_1777507777_210710067_627" -xml D:\\school\\sem7\\EE365\\lab5_fresh\\lab5_fresh.sdk\\webtalk\\usage_statistics_ext_sdk.xml -html D:\\school\\sem7\\EE365\\lab5_fresh\\lab5_fresh.sdk\\webtalk\\usage_statistics_ext_sdk.html -wdm D:\\school\\sem7\\EE365\\lab5_fresh\\lab5_fresh.sdk\\webtalk\\sdk_webtalk.wdm -intro "<H3>SDK Usage Report</H3><BR>"
# webtalk_terminate
INFO: [Common 17-206] Exiting Webtalk at Sat Nov 12 02:38:32 2022...
