INFO: [VRFC 10-163] Analyzing VHDL file "D:/My_DevOps/Fall_2022/EE365/EE365_Labs/Lab5/7_Segment_Display.ip_user_files/bd/design_tb/ip/design_tb_btn_0_debounce_0/sim/design_tb_btn_0_debounce_0.vhd" into library xil_defaultlib
INFO: [VRFC 10-3107] analyzing entity 'design_tb_btn_0_debounce_0'
INFO: [VRFC 10-163] Analyzing VHDL file "D:/My_DevOps/Fall_2022/EE365/EE365_Labs/Lab5/7_Segment_Display.ip_user_files/bd/design_tb/ip/design_tb_btn_1_debounce_toggle_0/sim/design_tb_btn_1_debounce_toggle_0.vhd" into library xil_defaultlib
INFO: [VRFC 10-3107] analyzing entity 'design_tb_btn_1_debounce_toggle_0'
INFO: [VRFC 10-163] Analyzing VHDL file "D:/My_DevOps/Fall_2022/EE365/EE365_Labs/Lab5/7_Segment_Display.ip_user_files/bd/design_tb/ip/design_tb_btn_2_debounce_toggle_2_0/sim/design_tb_btn_2_debounce_toggle_2_0.vhd" into library xil_defaultlib
INFO: [VRFC 10-3107] analyzing entity 'design_tb_btn_2_debounce_toggle_2_0'
INFO: [VRFC 10-163] Analyzing VHDL file "D:/My_DevOps/Fall_2022/EE365/EE365_Labs/Lab5/7_Segment_Display.ip_user_files/bd/design_tb/ip/design_tb_count_loader_0/sim/design_tb_count_loader_0.vhd" into library xil_defaultlib
INFO: [VRFC 10-3107] analyzing entity 'design_tb_count_loader_0'
INFO: [VRFC 10-163] Analyzing VHDL file "D:/My_DevOps/Fall_2022/EE365/EE365_Labs/Lab5/7_Segment_Display.ip_user_files/bd/design_tb/ip/design_tb_system_ila_0_0/bd_0/sim/bd_6bad.vhd" into library xil_defaultlib
INFO: [VRFC 10-3107] analyzing entity 'bd_6bad'
INFO: [VRFC 10-163] Analyzing VHDL file "D:/My_DevOps/Fall_2022/EE365/EE365_Labs/Lab5/7_Segment_Display.ip_user_files/bd/design_tb/ip/design_tb_system_ila_2_0/bd_0/sim/bd_ab0c.vhd" into library xil_defaultlib
INFO: [VRFC 10-3107] analyzing entity 'bd_ab0c'
INFO: [VRFC 10-163] Analyzing VHDL file "D:/My_DevOps/Fall_2022/EE365/EE365_Labs/Lab5/7_Segment_Display.ip_user_files/bd/design_tb/ip/design_tb_system_ila_3_0/bd_0/sim/bd_6b5d.vhd" into library xil_defaultlib
INFO: [VRFC 10-3107] analyzing entity 'bd_6b5d'
INFO: [VRFC 10-163] Analyzing VHDL file "D:/My_DevOps/Fall_2022/EE365/EE365_Labs/Lab5/7_Segment_Display.ip_user_files/bd/design_tb/ip/design_tb_system_ila_4_0/bd_0/sim/bd_aaec.vhd" into library xil_defaultlib
INFO: [VRFC 10-3107] analyzing entity 'bd_aaec'
INFO: [VRFC 10-163] Analyzing VHDL file "D:/My_DevOps/Fall_2022/EE365/EE365_Labs/Lab5/7_Segment_Display.ip_user_files/bd/design_tb/sim/design_tb.vhd" into library xil_defaultlib
INFO: [VRFC 10-3107] analyzing entity 'design_tb'
INFO: [VRFC 10-163] Analyzing VHDL file "D:/My_DevOps/Fall_2022/EE365/EE365_Labs/Lab5/7_Segment_Display.srcs/sources_1/bd/design_tb/hdl/design_tb_wrapper.vhd" into library xil_defaultlib
INFO: [VRFC 10-3107] analyzing entity 'design_tb_wrapper'
INFO: [VRFC 10-163] Analyzing VHDL file "D:/My_DevOps/Fall_2022/EE365/EE365_Labs/Lab5/7_Segment_Display.srcs/sim_1/new/7_Segment_Display_tb.vhd" into library xil_defaultlib
INFO: [VRFC 10-3107] analyzing entity 'Segment_Display_tb'
