INFO: [VRFC 10-163] Analyzing VHDL file "D:/My_DevOps/Fall_2022/EE365/EE365_Labs/Lab5/7_Segment_Display.ip_user_files/bd/design_tb/ip/design_tb_Display_Initializer_0_0/sim/design_tb_Display_Initializer_0_0.vhd" into library xil_defaultlib
INFO: [VRFC 10-3107] analyzing entity 'design_tb_Display_Initializer_0_0'
INFO: [VRFC 10-163] Analyzing VHDL file "D:/My_DevOps/Fall_2022/EE365/EE365_Labs/Lab5/7_Segment_Display.ip_user_files/bd/design_tb/ip/design_tb_Global_Reset_Or_0/sim/design_tb_Global_Reset_Or_0.vhd" into library xil_defaultlib
INFO: [VRFC 10-3107] analyzing entity 'design_tb_Global_Reset_Or_0'
INFO: [VRFC 10-163] Analyzing VHDL file "D:/My_DevOps/Fall_2022/EE365/EE365_Labs/Lab5/7_Segment_Display.ip_user_files/bd/design_tb/ip/design_tb_Low_Signal_GND_0_0/sim/design_tb_Low_Signal_GND_0_0.vhd" into library xil_defaultlib
INFO: [VRFC 10-3107] analyzing entity 'design_tb_Low_Signal_GND_0_0'
INFO: [VRFC 10-163] Analyzing VHDL file "D:/My_DevOps/Fall_2022/EE365/EE365_Labs/Lab5/7_Segment_Display.ip_user_files/bd/design_tb/ip/design_tb_Not_1_in_0_0/sim/design_tb_Not_1_in_0_0.vhd" into library xil_defaultlib
INFO: [VRFC 10-3107] analyzing entity 'design_tb_Not_1_in_0_0'
INFO: [VRFC 10-163] Analyzing VHDL file "D:/My_DevOps/Fall_2022/EE365/EE365_Labs/Lab5/7_Segment_Display.ip_user_files/bd/design_tb/ip/design_tb_Not_1_in_1_0/sim/design_tb_Not_1_in_1_0.vhd" into library xil_defaultlib
INFO: [VRFC 10-3107] analyzing entity 'design_tb_Not_1_in_1_0'
INFO: [VRFC 10-163] Analyzing VHDL file "D:/My_DevOps/Fall_2022/EE365/EE365_Labs/Lab5/7_Segment_Display.ip_user_files/bd/design_tb/ip/design_tb_Reset_Delay_Startup_0/sim/design_tb_Reset_Delay_Startup_0.vhd" into library xil_defaultlib
INFO: [VRFC 10-3107] analyzing entity 'design_tb_Reset_Delay_Startup_0'
INFO: [VRFC 10-163] Analyzing VHDL file "D:/My_DevOps/Fall_2022/EE365/EE365_Labs/Lab5/7_Segment_Display.ip_user_files/bd/design_tb/ip/design_tb_TTL_serial_0_0/sim/design_tb_TTL_serial_0_0.vhd" into library xil_defaultlib
INFO: [VRFC 10-3107] analyzing entity 'design_tb_TTL_serial_0_0'
INFO: [VRFC 10-163] Analyzing VHDL file "D:/My_DevOps/Fall_2022/EE365/EE365_Labs/Lab5/7_Segment_Display.ip_user_files/bd/design_tb/ip/design_tb_Univ_Counter_0/sim/design_tb_Univ_Counter_0.vhd" into library xil_defaultlib
INFO: [VRFC 10-3107] analyzing entity 'design_tb_Univ_Counter_0'
INFO: [VRFC 10-163] Analyzing VHDL file "D:/My_DevOps/Fall_2022/EE365/EE365_Labs/Lab5/7_Segment_Display.ip_user_files/bd/design_tb/ip/design_tb_btn_0_debounce_0/sim/design_tb_btn_0_debounce_0.vhd" into library xil_defaultlib
INFO: [VRFC 10-3107] analyzing entity 'design_tb_btn_0_debounce_0'
INFO: [VRFC 10-163] Analyzing VHDL file "D:/My_DevOps/Fall_2022/EE365/EE365_Labs/Lab5/7_Segment_Display.ip_user_files/bd/design_tb/ip/design_tb_btn_1_debounce_toggle_0/sim/design_tb_btn_1_debounce_toggle_0.vhd" into library xil_defaultlib
INFO: [VRFC 10-3107] analyzing entity 'design_tb_btn_1_debounce_toggle_0'
INFO: [VRFC 10-163] Analyzing VHDL file "D:/My_DevOps/Fall_2022/EE365/EE365_Labs/Lab5/7_Segment_Display.ip_user_files/bd/design_tb/ip/design_tb_btn_2_debounce_toggle_2_0/sim/design_tb_btn_2_debounce_toggle_2_0.vhd" into library xil_defaultlib
INFO: [VRFC 10-3107] analyzing entity 'design_tb_btn_2_debounce_toggle_2_0'
INFO: [VRFC 10-163] Analyzing VHDL file "D:/My_DevOps/Fall_2022/EE365/EE365_Labs/Lab5/7_Segment_Display.ip_user_files/bd/design_tb/ip/design_tb_count_loader_0/sim/design_tb_count_loader_0.vhd" into library xil_defaultlib
INFO: [VRFC 10-3107] analyzing entity 'design_tb_count_loader_0'
INFO: [VRFC 10-163] Analyzing VHDL file "D:/My_DevOps/Fall_2022/EE365/EE365_Labs/Lab5/7_Segment_Display.ip_user_files/bd/design_tb/ip/design_tb_out_LTU_to_display_0/sim/design_tb_out_LTU_to_display_0.vhd" into library xil_defaultlib
INFO: [VRFC 10-3107] analyzing entity 'design_tb_out_LTU_to_display_0'
INFO: [VRFC 10-163] Analyzing VHDL file "D:/My_DevOps/Fall_2022/EE365/EE365_Labs/Lab5/7_Segment_Display.ip_user_files/bd/design_tb/ip/design_tb_system_ila_0_0/bd_0/ip/ip_0/sim/bd_6bad_ila_lib_0.vhd" into library xil_defaultlib
INFO: [VRFC 10-3107] analyzing entity 'bd_6bad_ila_lib_0'
INFO: [VRFC 10-163] Analyzing VHDL file "D:/My_DevOps/Fall_2022/EE365/EE365_Labs/Lab5/7_Segment_Display.ip_user_files/bd/design_tb/ip/design_tb_system_ila_0_0/bd_0/sim/bd_6bad.vhd" into library xil_defaultlib
INFO: [VRFC 10-3107] analyzing entity 'bd_6bad'
INFO: [VRFC 10-163] Analyzing VHDL file "D:/My_DevOps/Fall_2022/EE365/EE365_Labs/Lab5/7_Segment_Display.ip_user_files/bd/design_tb/ip/design_tb_system_ila_0_0/sim/design_tb_system_ila_0_0.vhd" into library xil_defaultlib
INFO: [VRFC 10-3107] analyzing entity 'design_tb_system_ila_0_0'
INFO: [VRFC 10-163] Analyzing VHDL file "D:/My_DevOps/Fall_2022/EE365/EE365_Labs/Lab5/7_Segment_Display.ip_user_files/bd/design_tb/ip/design_tb_system_ila_2_0/bd_0/ip/ip_0/sim/bd_ab0c_ila_lib_0.vhd" into library xil_defaultlib
INFO: [VRFC 10-3107] analyzing entity 'bd_ab0c_ila_lib_0'
INFO: [VRFC 10-163] Analyzing VHDL file "D:/My_DevOps/Fall_2022/EE365/EE365_Labs/Lab5/7_Segment_Display.ip_user_files/bd/design_tb/ip/design_tb_system_ila_2_0/bd_0/sim/bd_ab0c.vhd" into library xil_defaultlib
INFO: [VRFC 10-3107] analyzing entity 'bd_ab0c'
INFO: [VRFC 10-163] Analyzing VHDL file "D:/My_DevOps/Fall_2022/EE365/EE365_Labs/Lab5/7_Segment_Display.ip_user_files/bd/design_tb/ip/design_tb_system_ila_2_0/sim/design_tb_system_ila_2_0.vhd" into library xil_defaultlib
INFO: [VRFC 10-3107] analyzing entity 'design_tb_system_ila_2_0'
INFO: [VRFC 10-163] Analyzing VHDL file "D:/My_DevOps/Fall_2022/EE365/EE365_Labs/Lab5/7_Segment_Display.ip_user_files/bd/design_tb/ip/design_tb_system_ila_3_0/bd_0/ip/ip_0/sim/bd_6b5d_ila_lib_0.vhd" into library xil_defaultlib
INFO: [VRFC 10-3107] analyzing entity 'bd_6b5d_ila_lib_0'
INFO: [VRFC 10-163] Analyzing VHDL file "D:/My_DevOps/Fall_2022/EE365/EE365_Labs/Lab5/7_Segment_Display.ip_user_files/bd/design_tb/ip/design_tb_system_ila_3_0/bd_0/sim/bd_6b5d.vhd" into library xil_defaultlib
INFO: [VRFC 10-3107] analyzing entity 'bd_6b5d'
INFO: [VRFC 10-163] Analyzing VHDL file "D:/My_DevOps/Fall_2022/EE365/EE365_Labs/Lab5/7_Segment_Display.ip_user_files/bd/design_tb/ip/design_tb_system_ila_3_0/sim/design_tb_system_ila_3_0.vhd" into library xil_defaultlib
INFO: [VRFC 10-3107] analyzing entity 'design_tb_system_ila_3_0'
INFO: [VRFC 10-163] Analyzing VHDL file "D:/My_DevOps/Fall_2022/EE365/EE365_Labs/Lab5/7_Segment_Display.ip_user_files/bd/design_tb/ip/design_tb_system_ila_4_0/bd_0/ip/ip_0/sim/bd_aaec_ila_lib_0.vhd" into library xil_defaultlib
INFO: [VRFC 10-3107] analyzing entity 'bd_aaec_ila_lib_0'
INFO: [VRFC 10-163] Analyzing VHDL file "D:/My_DevOps/Fall_2022/EE365/EE365_Labs/Lab5/7_Segment_Display.ip_user_files/bd/design_tb/ip/design_tb_system_ila_4_0/bd_0/sim/bd_aaec.vhd" into library xil_defaultlib
INFO: [VRFC 10-3107] analyzing entity 'bd_aaec'
INFO: [VRFC 10-163] Analyzing VHDL file "D:/My_DevOps/Fall_2022/EE365/EE365_Labs/Lab5/7_Segment_Display.ip_user_files/bd/design_tb/ip/design_tb_system_ila_4_0/sim/design_tb_system_ila_4_0.vhd" into library xil_defaultlib
INFO: [VRFC 10-3107] analyzing entity 'design_tb_system_ila_4_0'
INFO: [VRFC 10-163] Analyzing VHDL file "D:/My_DevOps/Fall_2022/EE365/EE365_Labs/Lab5/7_Segment_Display.ip_user_files/bd/design_tb/sim/design_tb.vhd" into library xil_defaultlib
INFO: [VRFC 10-3107] analyzing entity 'design_tb'
INFO: [VRFC 10-163] Analyzing VHDL file "D:/My_DevOps/Fall_2022/EE365/EE365_Labs/Lab5/7_Segment_Display.srcs/sources_1/bd/design_tb/hdl/design_tb_wrapper.vhd" into library xil_defaultlib
INFO: [VRFC 10-3107] analyzing entity 'design_tb_wrapper'
INFO: [VRFC 10-163] Analyzing VHDL file "D:/My_DevOps/Fall_2022/EE365/EE365_Labs/Lab5/7_Segment_Display.srcs/sim_1/new/7_Segment_Display_tb.vhd" into library xil_defaultlib
INFO: [VRFC 10-3107] analyzing entity 'Segment_Display_tb'
