20:44:43 INFO  : Registering command handlers for SDK TCF services
20:44:43 INFO  : Launching XSCT server: xsct.bat -interactive D:\My_DevOps\Fall_2022\EE365\EE365_Labs\Lab5\Lab_5_7_Segment.sdk\temp_xsdb_launch_script.tcl
20:44:46 INFO  : XSCT server has started successfully.
20:44:46 INFO  : Successfully done setting XSCT server connection channel  
20:44:46 INFO  : Successfully done setting SDK workspace  
20:44:46 INFO  : Processing command line option -hwspec D:/My_DevOps/Fall_2022/EE365/EE365_Labs/Lab5/Lab_5_7_Segment.sdk/Lab_5_wrapper.hdf.
20:46:56 INFO  : 'targets -set -filter {jtag_cable_name =~ "JTAG-ONB4 251633007573A" && level==0} -index 1' command is executed.
20:46:56 INFO  : 'fpga -state' command is executed.
20:46:56 INFO  : Connected to target on host '127.0.0.1' and port '3121'.
20:46:56 INFO  : Jtag cable 'JTAG-ONB4 251633007573A' is selected.
20:46:56 INFO  : 'jtag frequency' command is executed.
20:46:56 INFO  : Sourcing of 'D:/My_DevOps/Fall_2022/EE365/EE365_Labs/Lab5/Lab_5_7_Segment.sdk/Lab_5_wrapper_hw_platform_0/ps7_init.tcl' is done.
20:46:56 INFO  : Context for 'APU' is selected.
20:46:57 INFO  : Hardware design information is loaded from 'D:/My_DevOps/Fall_2022/EE365/EE365_Labs/Lab5/Lab_5_7_Segment.sdk/Lab_5_wrapper_hw_platform_0/system.hdf'.
20:46:57 INFO  : 'configparams force-mem-access 1' command is executed.
20:46:57 INFO  : Context for 'APU' is selected.
20:46:57 INFO  : 'stop' command is executed.
20:46:57 INFO  : 'ps7_init' command is executed.
20:46:57 INFO  : 'ps7_post_config' command is executed.
20:46:57 INFO  : Context for processor 'ps7_cortexa9_0' is selected.
20:46:57 INFO  : Processor reset is completed for 'ps7_cortexa9_0'.
20:46:57 INFO  : Context for processor 'ps7_cortexa9_0' is selected.
20:46:57 INFO  : The application 'D:/My_DevOps/Fall_2022/EE365/EE365_Labs/Lab5/Lab_5_7_Segment.sdk/Lab5_SDK/Debug/Lab5_SDK.elf' is downloaded to processor 'ps7_cortexa9_0'.
20:46:57 INFO  : 'configparams force-mem-access 0' command is executed.
20:46:57 INFO  : ----------------XSDB Script----------------
connect -url tcp:127.0.0.1:3121
source D:/My_DevOps/Fall_2022/EE365/EE365_Labs/Lab5/Lab_5_7_Segment.sdk/Lab_5_wrapper_hw_platform_0/ps7_init.tcl
targets -set -nocase -filter {name =~"APU*" && jtag_cable_name =~ "JTAG-ONB4 251633007573A"} -index 0
loadhw -hw D:/My_DevOps/Fall_2022/EE365/EE365_Labs/Lab5/Lab_5_7_Segment.sdk/Lab_5_wrapper_hw_platform_0/system.hdf -mem-ranges [list {0x40000000 0xbfffffff}]
configparams force-mem-access 1
targets -set -nocase -filter {name =~"APU*" && jtag_cable_name =~ "JTAG-ONB4 251633007573A"} -index 0
stop
ps7_init
ps7_post_config
targets -set -nocase -filter {name =~ "ARM*#0" && jtag_cable_name =~ "JTAG-ONB4 251633007573A"} -index 0
rst -processor
targets -set -nocase -filter {name =~ "ARM*#0" && jtag_cable_name =~ "JTAG-ONB4 251633007573A"} -index 0
dow D:/My_DevOps/Fall_2022/EE365/EE365_Labs/Lab5/Lab_5_7_Segment.sdk/Lab5_SDK/Debug/Lab5_SDK.elf
configparams force-mem-access 0
----------------End of Script----------------

20:46:57 INFO  : Memory regions updated for context APU
20:46:57 INFO  : Context for processor 'ps7_cortexa9_0' is selected.
20:46:57 INFO  : 'con' command is executed.
20:46:57 INFO  : ----------------XSDB Script (After Launch)----------------
targets -set -nocase -filter {name =~ "ARM*#0" && jtag_cable_name =~ "JTAG-ONB4 251633007573A"} -index 0
con
----------------End of Script----------------

20:46:57 INFO  : Launch script is exported to file 'D:\My_DevOps\Fall_2022\EE365\EE365_Labs\Lab5\Lab_5_7_Segment.sdk\.sdk\launch_scripts\xilinx_c-c++_application_(system_debugger)\system_debugger_using_debug_lab5_sdk.elf_on_local.tcl'
