
*** Running vivado
    with args -log design_1_wrapper.vds -m64 -product Vivado -mode batch -messageDb vivado.pb -notrace -source design_1_wrapper.tcl


****** Vivado v2019.1 (64-bit)
  **** SW Build 2552052 on Fri May 24 14:49:42 MDT 2019
  **** IP Build 2548770 on Fri May 24 18:01:18 MDT 2019
    ** Copyright 1986-2019 Xilinx, Inc. All Rights Reserved.

source design_1_wrapper.tcl -notrace
INFO: [IP_Flow 19-234] Refreshing IP repositories
INFO: [IP_Flow 19-1704] No user IP repositories specified
INFO: [IP_Flow 19-2313] Loaded Vivado IP repository 'C:/Xilinx/Vivado/2019.1/data/ip'.
INFO: [IP_Flow 19-234] Refreshing IP repositories
INFO: [IP_Flow 19-1704] No user IP repositories specified
Command: synth_design -top design_1_wrapper -part xc7z010clg225-1
Starting synth_design
Attempting to get a license for feature 'Synthesis' and/or device 'xc7z010'
INFO: [Common 17-349] Got license for feature 'Synthesis' and/or device 'xc7z010'
INFO: [Device 21-403] Loading part xc7z010clg225-1
INFO: Launching helper process for spawning children vivado processes
INFO: Helper process launched with PID 14360 
---------------------------------------------------------------------------------
Starting RTL Elaboration : Time (s): cpu = 00:00:01 ; elapsed = 00:00:03 . Memory (MB): peak = 720.957 ; gain = 178.422
---------------------------------------------------------------------------------
INFO: [Synth 8-638] synthesizing module 'design_1_wrapper' [D:/My_DevOps/Fall_2022/EE365/EE365_Labs/Lab5_Final/lab5_fresh.srcs/sources_1/bd/design_1/hdl/design_1_wrapper.vhd:47]
INFO: [Synth 8-3491] module 'design_1' declared at 'D:/My_DevOps/Fall_2022/EE365/EE365_Labs/Lab5_Final/lab5_fresh.srcs/sources_1/bd/design_1/synth/design_1.vhd:14' bound to instance 'design_1_i' of component 'design_1' [D:/My_DevOps/Fall_2022/EE365/EE365_Labs/Lab5_Final/lab5_fresh.srcs/sources_1/bd/design_1/hdl/design_1_wrapper.vhd:81]
INFO: [Synth 8-638] synthesizing module 'design_1' [D:/My_DevOps/Fall_2022/EE365/EE365_Labs/Lab5_Final/lab5_fresh.srcs/sources_1/bd/design_1/synth/design_1.vhd:51]
INFO: [Synth 8-3491] module 'design_1_lab5_0_0' declared at 'd:/My_DevOps/Fall_2022/EE365/EE365_Labs/Lab5_Final/lab5_fresh.srcs/sources_1/bd/design_1/ip/design_1_lab5_0_0_1/synth/design_1_lab5_0_0.vhd:56' bound to instance 'lab5_0' of component 'design_1_lab5_0_0' [D:/My_DevOps/Fall_2022/EE365/EE365_Labs/Lab5_Final/lab5_fresh.srcs/sources_1/bd/design_1/synth/design_1.vhd:154]
INFO: [Synth 8-638] synthesizing module 'design_1_lab5_0_0' [d:/My_DevOps/Fall_2022/EE365/EE365_Labs/Lab5_Final/lab5_fresh.srcs/sources_1/bd/design_1/ip/design_1_lab5_0_0_1/synth/design_1_lab5_0_0.vhd:69]
	Parameter N bound to: 4 - type: integer 
	Parameter upper bound to: 9 - type: integer 
	Parameter lower bound to: 0 - type: integer 
	Parameter update_rate bound to: 49999999 - type: integer 
	Parameter baud_rate bound to: 5208 - type: integer 
INFO: [Synth 8-3491] module 'lab5' declared at 'D:/My_DevOps/Fall_2022/EE365/EE365_Labs/Lab5_Final/lab5.vhd:5' bound to instance 'U0' of component 'lab5' [d:/My_DevOps/Fall_2022/EE365/EE365_Labs/Lab5_Final/lab5_fresh.srcs/sources_1/bd/design_1/ip/design_1_lab5_0_0_1/synth/design_1_lab5_0_0.vhd:100]
INFO: [Synth 8-638] synthesizing module 'lab5' [D:/My_DevOps/Fall_2022/EE365/EE365_Labs/Lab5_Final/lab5.vhd:27]
	Parameter N bound to: 4 - type: integer 
	Parameter upper bound to: 9 - type: integer 
	Parameter lower bound to: 0 - type: integer 
	Parameter update_rate bound to: 49999999 - type: integer 
	Parameter baud_rate bound to: 5208 - type: integer 
	Parameter cnt_max bound to: 49999999 - type: integer 
INFO: [Synth 8-3491] module 'clk_enabler' declared at 'D:/My_DevOps/Fall_2022/EE365/EE365_Labs/Lab5_Final/clk_enabler.vhd:7' bound to instance 'Inst_clk_enable' of component 'clk_enabler' [D:/My_DevOps/Fall_2022/EE365/EE365_Labs/Lab5_Final/lab5.vhd:128]
INFO: [Synth 8-638] synthesizing module 'clk_enabler' [D:/My_DevOps/Fall_2022/EE365/EE365_Labs/Lab5_Final/clk_enabler.vhd:18]
	Parameter cnt_max bound to: 49999999 - type: integer 
INFO: [Synth 8-256] done synthesizing module 'clk_enabler' (1#1) [D:/My_DevOps/Fall_2022/EE365/EE365_Labs/Lab5_Final/clk_enabler.vhd:18]
	Parameter MAX bound to: 15 - type: integer 
INFO: [Synth 8-3491] module 'Reset_Delay' declared at 'D:/My_DevOps/Fall_2022/EE365/EE365_Labs/Lab5_Final/reset_delay.vhd:8' bound to instance 'Inst_clk_Reset_Delay' of component 'Reset_Delay' [D:/My_DevOps/Fall_2022/EE365/EE365_Labs/Lab5_Final/lab5.vhd:135]
INFO: [Synth 8-638] synthesizing module 'Reset_Delay' [D:/My_DevOps/Fall_2022/EE365/EE365_Labs/Lab5_Final/reset_delay.vhd:17]
	Parameter MAX bound to: 15 - type: integer 
INFO: [Synth 8-256] done synthesizing module 'Reset_Delay' (2#1) [D:/My_DevOps/Fall_2022/EE365/EE365_Labs/Lab5_Final/reset_delay.vhd:17]
	Parameter N bound to: 4 - type: integer 
	Parameter N2 bound to: 9 - type: integer 
	Parameter N1 bound to: 0 - type: integer 
INFO: [Synth 8-3491] module 'univ_bin_counter' declared at 'D:/My_DevOps/Fall_2022/EE365/EE365_Labs/Lab5_Final/univ_bin_counter.vhd:10' bound to instance 'Inst_univ_bin_counter' of component 'univ_bin_counter' [D:/My_DevOps/Fall_2022/EE365/EE365_Labs/Lab5_Final/lab5.vhd:143]
INFO: [Synth 8-638] synthesizing module 'univ_bin_counter' [D:/My_DevOps/Fall_2022/EE365/EE365_Labs/Lab5_Final/univ_bin_counter.vhd:21]
	Parameter N bound to: 4 - type: integer 
	Parameter N2 bound to: 9 - type: integer 
	Parameter N1 bound to: 0 - type: integer 
WARNING: [Synth 8-614] signal 'syn_clr' is read in the process but is not in the sensitivity list [D:/My_DevOps/Fall_2022/EE365/EE365_Labs/Lab5_Final/univ_bin_counter.vhd:37]
WARNING: [Synth 8-614] signal 'clk_en' is read in the process but is not in the sensitivity list [D:/My_DevOps/Fall_2022/EE365/EE365_Labs/Lab5_Final/univ_bin_counter.vhd:37]
INFO: [Synth 8-256] done synthesizing module 'univ_bin_counter' (3#1) [D:/My_DevOps/Fall_2022/EE365/EE365_Labs/Lab5_Final/univ_bin_counter.vhd:21]
	Parameter CNTR_MAX bound to: 16'b1111111111111111 
	Parameter INIT_STATE bound to: 1'b1 
INFO: [Synth 8-3491] module 'btn_debounce_toggle' declared at 'D:/My_DevOps/Fall_2022/EE365/EE365_Labs/Lab5_Final/btn_debounce_toggle.vhd:32' bound to instance 'up_debouncer' of component 'btn_debounce_toggle' [D:/My_DevOps/Fall_2022/EE365/EE365_Labs/Lab5_Final/lab5.vhd:157]
INFO: [Synth 8-638] synthesizing module 'btn_debounce_toggle' [D:/My_DevOps/Fall_2022/EE365/EE365_Labs/Lab5_Final/btn_debounce_toggle.vhd:43]
	Parameter CNTR_MAX bound to: 16'b1111111111111111 
	Parameter INIT_STATE bound to: 1'b1 
INFO: [Synth 8-256] done synthesizing module 'btn_debounce_toggle' (4#1) [D:/My_DevOps/Fall_2022/EE365/EE365_Labs/Lab5_Final/btn_debounce_toggle.vhd:43]
	Parameter CNTR_MAX bound to: 16'b1111111111111111 
	Parameter INIT_STATE bound to: 1'b0 
INFO: [Synth 8-3491] module 'btn_debounce_toggle' declared at 'D:/My_DevOps/Fall_2022/EE365/EE365_Labs/Lab5_Final/btn_debounce_toggle.vhd:32' bound to instance 'areset_debouncer' of component 'btn_debounce_toggle' [D:/My_DevOps/Fall_2022/EE365/EE365_Labs/Lab5_Final/lab5.vhd:164]
INFO: [Synth 8-638] synthesizing module 'btn_debounce_toggle__parameterized1' [D:/My_DevOps/Fall_2022/EE365/EE365_Labs/Lab5_Final/btn_debounce_toggle.vhd:43]
	Parameter CNTR_MAX bound to: 16'b1111111111111111 
	Parameter INIT_STATE bound to: 1'b0 
INFO: [Synth 8-256] done synthesizing module 'btn_debounce_toggle__parameterized1' (4#1) [D:/My_DevOps/Fall_2022/EE365/EE365_Labs/Lab5_Final/btn_debounce_toggle.vhd:43]
	Parameter CNTR_MAX bound to: 16'b1111111111111111 
	Parameter INIT_STATE bound to: 1'b1 
INFO: [Synth 8-3491] module 'btn_debounce_toggle' declared at 'D:/My_DevOps/Fall_2022/EE365/EE365_Labs/Lab5_Final/btn_debounce_toggle.vhd:32' bound to instance 'en_debouncer' of component 'btn_debounce_toggle' [D:/My_DevOps/Fall_2022/EE365/EE365_Labs/Lab5_Final/lab5.vhd:171]
INFO: [Synth 8-3491] module 'LUT' declared at 'D:/My_DevOps/Fall_2022/EE365/EE365_Labs/Lab5_Final/LUT.vhd:5' bound to instance 'Inst_LUT' of component 'LUT' [D:/My_DevOps/Fall_2022/EE365/EE365_Labs/Lab5_Final/lab5.vhd:180]
INFO: [Synth 8-638] synthesizing module 'LUT' [D:/My_DevOps/Fall_2022/EE365/EE365_Labs/Lab5_Final/LUT.vhd:12]
INFO: [Synth 8-256] done synthesizing module 'LUT' (5#1) [D:/My_DevOps/Fall_2022/EE365/EE365_Labs/Lab5_Final/LUT.vhd:12]
	Parameter cnt_max bound to: 5208 - type: integer 
INFO: [Synth 8-3491] module 'TTL_Serial_user_logic' declared at 'D:/My_DevOps/Fall_2022/EE365/EE365_Labs/Lab5_Final/TTL_user_logic.vhd:6' bound to instance 'Inst_TTL_serial' of component 'TTL_Serial_user_logic' [D:/My_DevOps/Fall_2022/EE365/EE365_Labs/Lab5_Final/lab5.vhd:187]
INFO: [Synth 8-638] synthesizing module 'TTL_Serial_user_logic' [D:/My_DevOps/Fall_2022/EE365/EE365_Labs/Lab5_Final/TTL_user_logic.vhd:15]
	Parameter cnt_max bound to: 5208 - type: integer 
	Parameter cnt_max bound to: 5208 - type: integer 
INFO: [Synth 8-3491] module 'TTL_serial' declared at 'D:/My_DevOps/Fall_2022/EE365/EE365_Labs/Lab5_Final/TTL_serial.vhd:8' bound to instance 'Inst_TTL_serial' of component 'TTL_serial' [D:/My_DevOps/Fall_2022/EE365/EE365_Labs/Lab5_Final/TTL_user_logic.vhd:68]
INFO: [Synth 8-638] synthesizing module 'TTL_serial' [D:/My_DevOps/Fall_2022/EE365/EE365_Labs/Lab5_Final/TTL_serial.vhd:21]
	Parameter cnt_max bound to: 5208 - type: integer 
WARNING: [Synth 8-614] signal 'clk_en' is read in the process but is not in the sensitivity list [D:/My_DevOps/Fall_2022/EE365/EE365_Labs/Lab5_Final/TTL_serial.vhd:46]
INFO: [Synth 8-256] done synthesizing module 'TTL_serial' (6#1) [D:/My_DevOps/Fall_2022/EE365/EE365_Labs/Lab5_Final/TTL_serial.vhd:21]
INFO: [Synth 8-256] done synthesizing module 'TTL_Serial_user_logic' (7#1) [D:/My_DevOps/Fall_2022/EE365/EE365_Labs/Lab5_Final/TTL_user_logic.vhd:15]
	Parameter baud_rate bound to: 99 - type: integer 
INFO: [Synth 8-3491] module 'spi_top_level' declared at 'D:/My_DevOps/Fall_2022/EE365/EE365_Labs/Lab5_Final/spi_top_level.vhd:6' bound to instance 'spi_user_logic' of component 'spi_top_level' [D:/My_DevOps/Fall_2022/EE365/EE365_Labs/Lab5_Final/lab5.vhd:205]
INFO: [Synth 8-638] synthesizing module 'spi_top_level' [D:/My_DevOps/Fall_2022/EE365/EE365_Labs/Lab5_Final/spi_top_level.vhd:19]
	Parameter baud_rate bound to: 99 - type: integer 
	Parameter cnt_max bound to: 99 - type: integer 
INFO: [Synth 8-3491] module 'clk_enabler' declared at 'D:/My_DevOps/Fall_2022/EE365/EE365_Labs/Lab5_Final/clk_enabler.vhd:7' bound to instance 'inst_clk_enabler' of component 'clk_enabler' [D:/My_DevOps/Fall_2022/EE365/EE365_Labs/Lab5_Final/spi_top_level.vhd:64]
INFO: [Synth 8-638] synthesizing module 'clk_enabler__parameterized1' [D:/My_DevOps/Fall_2022/EE365/EE365_Labs/Lab5_Final/clk_enabler.vhd:18]
	Parameter cnt_max bound to: 99 - type: integer 
INFO: [Synth 8-256] done synthesizing module 'clk_enabler__parameterized1' (7#1) [D:/My_DevOps/Fall_2022/EE365/EE365_Labs/Lab5_Final/clk_enabler.vhd:18]
INFO: [Synth 8-3491] module 'spi_serial' declared at 'D:/My_DevOps/Fall_2022/EE365/EE365_Labs/Lab5_Final/spi_serial.vhd:6' bound to instance 'inst_spi_serial' of component 'spi_serial' [D:/My_DevOps/Fall_2022/EE365/EE365_Labs/Lab5_Final/spi_top_level.vhd:71]
INFO: [Synth 8-638] synthesizing module 'spi_serial' [D:/My_DevOps/Fall_2022/EE365/EE365_Labs/Lab5_Final/spi_serial.vhd:20]
INFO: [Synth 8-226] default block is never used [D:/My_DevOps/Fall_2022/EE365/EE365_Labs/Lab5_Final/spi_serial.vhd:47]
WARNING: [Synth 8-6014] Unused sequential element fstate_reg was removed.  [D:/My_DevOps/Fall_2022/EE365/EE365_Labs/Lab5_Final/spi_serial.vhd:32]
INFO: [Synth 8-256] done synthesizing module 'spi_serial' (8#1) [D:/My_DevOps/Fall_2022/EE365/EE365_Labs/Lab5_Final/spi_serial.vhd:20]
INFO: [Synth 8-637] synthesizing blackbox instance 'inst_spi_logic' of component 'spi_logic' [D:/My_DevOps/Fall_2022/EE365/EE365_Labs/Lab5_Final/spi_top_level.vhd:83]
INFO: [Synth 8-256] done synthesizing module 'spi_top_level' (9#1) [D:/My_DevOps/Fall_2022/EE365/EE365_Labs/Lab5_Final/spi_top_level.vhd:19]
INFO: [Synth 8-256] done synthesizing module 'lab5' (10#1) [D:/My_DevOps/Fall_2022/EE365/EE365_Labs/Lab5_Final/lab5.vhd:27]
INFO: [Synth 8-256] done synthesizing module 'design_1_lab5_0_0' (11#1) [d:/My_DevOps/Fall_2022/EE365/EE365_Labs/Lab5_Final/lab5_fresh.srcs/sources_1/bd/design_1/ip/design_1_lab5_0_0_1/synth/design_1_lab5_0_0.vhd:69]
INFO: [Synth 8-3491] module 'design_1_processing_system7_0_0' declared at 'd:/My_DevOps/Fall_2022/EE365/EE365_Labs/Lab5_Final/lab5_fresh.srcs/sources_1/bd/design_1/ip/design_1_processing_system7_0_0_1/synth/design_1_processing_system7_0_0.v:60' bound to instance 'processing_system7_0' of component 'design_1_processing_system7_0_0' [D:/My_DevOps/Fall_2022/EE365/EE365_Labs/Lab5_Final/lab5_fresh.srcs/sources_1/bd/design_1/synth/design_1.vhd:165]
INFO: [Synth 8-6157] synthesizing module 'design_1_processing_system7_0_0' [d:/My_DevOps/Fall_2022/EE365/EE365_Labs/Lab5_Final/lab5_fresh.srcs/sources_1/bd/design_1/ip/design_1_processing_system7_0_0_1/synth/design_1_processing_system7_0_0.v:60]
INFO: [Synth 8-6157] synthesizing module 'processing_system7_v5_5_processing_system7' [d:/My_DevOps/Fall_2022/EE365/EE365_Labs/Lab5_Final/lab5_fresh.srcs/sources_1/bd/design_1/ip/design_1_processing_system7_0_0_1/hdl/verilog/processing_system7_v5_5_processing_system7.v:161]
	Parameter C_USE_DEFAULT_ACP_USER_VAL bound to: 0 - type: integer 
	Parameter C_S_AXI_ACP_ARUSER_VAL bound to: 31 - type: integer 
	Parameter C_S_AXI_ACP_AWUSER_VAL bound to: 31 - type: integer 
	Parameter C_M_AXI_GP0_THREAD_ID_WIDTH bound to: 12 - type: integer 
	Parameter C_M_AXI_GP1_THREAD_ID_WIDTH bound to: 12 - type: integer 
	Parameter C_M_AXI_GP0_ENABLE_STATIC_REMAP bound to: 0 - type: integer 
	Parameter C_M_AXI_GP1_ENABLE_STATIC_REMAP bound to: 0 - type: integer 
	Parameter C_M_AXI_GP0_ID_WIDTH bound to: 12 - type: integer 
	Parameter C_M_AXI_GP1_ID_WIDTH bound to: 12 - type: integer 
	Parameter C_S_AXI_GP0_ID_WIDTH bound to: 6 - type: integer 
	Parameter C_S_AXI_GP1_ID_WIDTH bound to: 6 - type: integer 
	Parameter C_S_AXI_HP0_ID_WIDTH bound to: 6 - type: integer 
	Parameter C_S_AXI_HP1_ID_WIDTH bound to: 6 - type: integer 
	Parameter C_S_AXI_HP2_ID_WIDTH bound to: 6 - type: integer 
	Parameter C_S_AXI_HP3_ID_WIDTH bound to: 6 - type: integer 
	Parameter C_S_AXI_ACP_ID_WIDTH bound to: 3 - type: integer 
	Parameter C_S_AXI_HP0_DATA_WIDTH bound to: 64 - type: integer 
	Parameter C_S_AXI_HP1_DATA_WIDTH bound to: 64 - type: integer 
	Parameter C_S_AXI_HP2_DATA_WIDTH bound to: 64 - type: integer 
	Parameter C_S_AXI_HP3_DATA_WIDTH bound to: 64 - type: integer 
	Parameter C_INCLUDE_ACP_TRANS_CHECK bound to: 0 - type: integer 
	Parameter C_NUM_F2P_INTR_INPUTS bound to: 1 - type: integer 
	Parameter C_FCLK_CLK0_BUF bound to: TRUE - type: string 
	Parameter C_FCLK_CLK1_BUF bound to: FALSE - type: string 
	Parameter C_FCLK_CLK2_BUF bound to: FALSE - type: string 
	Parameter C_FCLK_CLK3_BUF bound to: FALSE - type: string 
	Parameter C_EMIO_GPIO_WIDTH bound to: 64 - type: integer 
	Parameter C_INCLUDE_TRACE_BUFFER bound to: 0 - type: integer 
	Parameter C_TRACE_BUFFER_FIFO_SIZE bound to: 128 - type: integer 
	Parameter C_TRACE_BUFFER_CLOCK_DELAY bound to: 12 - type: integer 
	Parameter USE_TRACE_DATA_EDGE_DETECTOR bound to: 0 - type: integer 
	Parameter C_TRACE_PIPELINE_WIDTH bound to: 8 - type: integer 
	Parameter C_PS7_SI_REV bound to: PRODUCTION - type: string 
	Parameter C_EN_EMIO_ENET0 bound to: 0 - type: integer 
	Parameter C_EN_EMIO_ENET1 bound to: 0 - type: integer 
	Parameter C_EN_EMIO_TRACE bound to: 0 - type: integer 
	Parameter C_DQ_WIDTH bound to: 16 - type: integer 
	Parameter C_DQS_WIDTH bound to: 2 - type: integer 
	Parameter C_DM_WIDTH bound to: 2 - type: integer 
	Parameter C_MIO_PRIMITIVE bound to: 32 - type: integer 
	Parameter C_PACKAGE_NAME bound to: clg225 - type: string 
	Parameter C_IRQ_F2P_MODE bound to: DIRECT - type: string 
	Parameter C_TRACE_INTERNAL_WIDTH bound to: 2 - type: integer 
	Parameter C_EN_EMIO_PJTAG bound to: 0 - type: integer 
	Parameter C_USE_AXI_NONSECURE bound to: 0 - type: integer 
	Parameter C_USE_S_AXI_HP0 bound to: 0 - type: integer 
	Parameter C_USE_S_AXI_HP1 bound to: 0 - type: integer 
	Parameter C_USE_S_AXI_HP2 bound to: 0 - type: integer 
	Parameter C_USE_S_AXI_HP3 bound to: 0 - type: integer 
	Parameter C_USE_M_AXI_GP0 bound to: 0 - type: integer 
	Parameter C_USE_M_AXI_GP1 bound to: 0 - type: integer 
	Parameter C_USE_S_AXI_GP0 bound to: 0 - type: integer 
	Parameter C_USE_S_AXI_GP1 bound to: 0 - type: integer 
	Parameter C_USE_S_AXI_ACP bound to: 0 - type: integer 
	Parameter C_GP0_EN_MODIFIABLE_TXN bound to: 1 - type: integer 
	Parameter C_GP1_EN_MODIFIABLE_TXN bound to: 1 - type: integer 
INFO: [Synth 8-5534] Detected attribute (* keep = "true" *) [d:/My_DevOps/Fall_2022/EE365/EE365_Labs/Lab5_Final/lab5_fresh.srcs/sources_1/bd/design_1/ip/design_1_processing_system7_0_0_1/hdl/verilog/processing_system7_v5_5_processing_system7.v:1347]
INFO: [Synth 8-5534] Detected attribute (* keep = "true" *) [d:/My_DevOps/Fall_2022/EE365/EE365_Labs/Lab5_Final/lab5_fresh.srcs/sources_1/bd/design_1/ip/design_1_processing_system7_0_0_1/hdl/verilog/processing_system7_v5_5_processing_system7.v:1348]
INFO: [Synth 8-6157] synthesizing module 'BUFG' [C:/Xilinx/Vivado/2019.1/scripts/rt/data/unisim_comp.v:1075]
INFO: [Synth 8-6155] done synthesizing module 'BUFG' (12#1) [C:/Xilinx/Vivado/2019.1/scripts/rt/data/unisim_comp.v:1075]
INFO: [Synth 8-6157] synthesizing module 'BIBUF' [C:/Xilinx/Vivado/2019.1/scripts/rt/data/unisim_comp.v:722]
INFO: [Synth 8-6155] done synthesizing module 'BIBUF' (13#1) [C:/Xilinx/Vivado/2019.1/scripts/rt/data/unisim_comp.v:722]
INFO: [Synth 8-6157] synthesizing module 'PS7' [C:/Xilinx/Vivado/2019.1/scripts/rt/data/unisim_comp.v:61707]
INFO: [Synth 8-6155] done synthesizing module 'PS7' (14#1) [C:/Xilinx/Vivado/2019.1/scripts/rt/data/unisim_comp.v:61707]
INFO: [Synth 8-6155] done synthesizing module 'processing_system7_v5_5_processing_system7' (15#1) [d:/My_DevOps/Fall_2022/EE365/EE365_Labs/Lab5_Final/lab5_fresh.srcs/sources_1/bd/design_1/ip/design_1_processing_system7_0_0_1/hdl/verilog/processing_system7_v5_5_processing_system7.v:161]
WARNING: [Synth 8-7023] instance 'inst' of module 'processing_system7_v5_5_processing_system7' has 685 connections declared, but only 672 given [d:/My_DevOps/Fall_2022/EE365/EE365_Labs/Lab5_Final/lab5_fresh.srcs/sources_1/bd/design_1/ip/design_1_processing_system7_0_0_1/synth/design_1_processing_system7_0_0.v:194]
INFO: [Synth 8-6155] done synthesizing module 'design_1_processing_system7_0_0' (16#1) [d:/My_DevOps/Fall_2022/EE365/EE365_Labs/Lab5_Final/lab5_fresh.srcs/sources_1/bd/design_1/ip/design_1_processing_system7_0_0_1/synth/design_1_processing_system7_0_0.v:60]
INFO: [Synth 8-256] done synthesizing module 'design_1' (17#1) [D:/My_DevOps/Fall_2022/EE365/EE365_Labs/Lab5_Final/lab5_fresh.srcs/sources_1/bd/design_1/synth/design_1.vhd:51]
INFO: [Synth 8-256] done synthesizing module 'design_1_wrapper' (18#1) [D:/My_DevOps/Fall_2022/EE365/EE365_Labs/Lab5_Final/lab5_fresh.srcs/sources_1/bd/design_1/hdl/design_1_wrapper.vhd:47]
WARNING: [Synth 8-3331] design processing_system7_v5_5_processing_system7 has unconnected port ENET0_GMII_COL
WARNING: [Synth 8-3331] design processing_system7_v5_5_processing_system7 has unconnected port ENET0_GMII_CRS
WARNING: [Synth 8-3331] design processing_system7_v5_5_processing_system7 has unconnected port ENET0_GMII_RX_DV
WARNING: [Synth 8-3331] design processing_system7_v5_5_processing_system7 has unconnected port ENET0_GMII_RX_ER
WARNING: [Synth 8-3331] design processing_system7_v5_5_processing_system7 has unconnected port ENET0_GMII_RXD[7]
WARNING: [Synth 8-3331] design processing_system7_v5_5_processing_system7 has unconnected port ENET0_GMII_RXD[6]
WARNING: [Synth 8-3331] design processing_system7_v5_5_processing_system7 has unconnected port ENET0_GMII_RXD[5]
WARNING: [Synth 8-3331] design processing_system7_v5_5_processing_system7 has unconnected port ENET0_GMII_RXD[4]
WARNING: [Synth 8-3331] design processing_system7_v5_5_processing_system7 has unconnected port ENET0_GMII_RXD[3]
WARNING: [Synth 8-3331] design processing_system7_v5_5_processing_system7 has unconnected port ENET0_GMII_RXD[2]
WARNING: [Synth 8-3331] design processing_system7_v5_5_processing_system7 has unconnected port ENET0_GMII_RXD[1]
WARNING: [Synth 8-3331] design processing_system7_v5_5_processing_system7 has unconnected port ENET0_GMII_RXD[0]
WARNING: [Synth 8-3331] design processing_system7_v5_5_processing_system7 has unconnected port ENET1_GMII_COL
WARNING: [Synth 8-3331] design processing_system7_v5_5_processing_system7 has unconnected port ENET1_GMII_CRS
WARNING: [Synth 8-3331] design processing_system7_v5_5_processing_system7 has unconnected port ENET1_GMII_RX_DV
WARNING: [Synth 8-3331] design processing_system7_v5_5_processing_system7 has unconnected port ENET1_GMII_RX_ER
WARNING: [Synth 8-3331] design processing_system7_v5_5_processing_system7 has unconnected port ENET1_GMII_RXD[7]
WARNING: [Synth 8-3331] design processing_system7_v5_5_processing_system7 has unconnected port ENET1_GMII_RXD[6]
WARNING: [Synth 8-3331] design processing_system7_v5_5_processing_system7 has unconnected port ENET1_GMII_RXD[5]
WARNING: [Synth 8-3331] design processing_system7_v5_5_processing_system7 has unconnected port ENET1_GMII_RXD[4]
WARNING: [Synth 8-3331] design processing_system7_v5_5_processing_system7 has unconnected port ENET1_GMII_RXD[3]
WARNING: [Synth 8-3331] design processing_system7_v5_5_processing_system7 has unconnected port ENET1_GMII_RXD[2]
WARNING: [Synth 8-3331] design processing_system7_v5_5_processing_system7 has unconnected port ENET1_GMII_RXD[1]
WARNING: [Synth 8-3331] design processing_system7_v5_5_processing_system7 has unconnected port ENET1_GMII_RXD[0]
WARNING: [Synth 8-3331] design processing_system7_v5_5_processing_system7 has unconnected port S_AXI_GP0_ARSIZE[2]
WARNING: [Synth 8-3331] design processing_system7_v5_5_processing_system7 has unconnected port S_AXI_GP0_AWSIZE[2]
WARNING: [Synth 8-3331] design processing_system7_v5_5_processing_system7 has unconnected port S_AXI_GP1_ARSIZE[2]
WARNING: [Synth 8-3331] design processing_system7_v5_5_processing_system7 has unconnected port S_AXI_GP1_AWSIZE[2]
WARNING: [Synth 8-3331] design processing_system7_v5_5_processing_system7 has unconnected port S_AXI_ACP_ARSIZE[2]
WARNING: [Synth 8-3331] design processing_system7_v5_5_processing_system7 has unconnected port S_AXI_ACP_AWSIZE[2]
WARNING: [Synth 8-3331] design processing_system7_v5_5_processing_system7 has unconnected port S_AXI_HP0_ARSIZE[2]
WARNING: [Synth 8-3331] design processing_system7_v5_5_processing_system7 has unconnected port S_AXI_HP0_AWSIZE[2]
WARNING: [Synth 8-3331] design processing_system7_v5_5_processing_system7 has unconnected port S_AXI_HP1_ARSIZE[2]
WARNING: [Synth 8-3331] design processing_system7_v5_5_processing_system7 has unconnected port S_AXI_HP1_AWSIZE[2]
WARNING: [Synth 8-3331] design processing_system7_v5_5_processing_system7 has unconnected port S_AXI_HP2_ARSIZE[2]
WARNING: [Synth 8-3331] design processing_system7_v5_5_processing_system7 has unconnected port S_AXI_HP2_AWSIZE[2]
WARNING: [Synth 8-3331] design processing_system7_v5_5_processing_system7 has unconnected port S_AXI_HP3_ARSIZE[2]
WARNING: [Synth 8-3331] design processing_system7_v5_5_processing_system7 has unconnected port S_AXI_HP3_AWSIZE[2]
WARNING: [Synth 8-3331] design processing_system7_v5_5_processing_system7 has unconnected port FCLK_CLKTRIG3_N
WARNING: [Synth 8-3331] design processing_system7_v5_5_processing_system7 has unconnected port FCLK_CLKTRIG2_N
WARNING: [Synth 8-3331] design processing_system7_v5_5_processing_system7 has unconnected port FCLK_CLKTRIG1_N
WARNING: [Synth 8-3331] design processing_system7_v5_5_processing_system7 has unconnected port FCLK_CLKTRIG0_N
WARNING: [Synth 8-3331] design processing_system7_v5_5_processing_system7 has unconnected port FTMD_TRACEIN_DATA[31]
WARNING: [Synth 8-3331] design processing_system7_v5_5_processing_system7 has unconnected port FTMD_TRACEIN_DATA[30]
WARNING: [Synth 8-3331] design processing_system7_v5_5_processing_system7 has unconnected port FTMD_TRACEIN_DATA[29]
WARNING: [Synth 8-3331] design processing_system7_v5_5_processing_system7 has unconnected port FTMD_TRACEIN_DATA[28]
WARNING: [Synth 8-3331] design processing_system7_v5_5_processing_system7 has unconnected port FTMD_TRACEIN_DATA[27]
WARNING: [Synth 8-3331] design processing_system7_v5_5_processing_system7 has unconnected port FTMD_TRACEIN_DATA[26]
WARNING: [Synth 8-3331] design processing_system7_v5_5_processing_system7 has unconnected port FTMD_TRACEIN_DATA[25]
WARNING: [Synth 8-3331] design processing_system7_v5_5_processing_system7 has unconnected port FTMD_TRACEIN_DATA[24]
WARNING: [Synth 8-3331] design processing_system7_v5_5_processing_system7 has unconnected port FTMD_TRACEIN_DATA[23]
WARNING: [Synth 8-3331] design processing_system7_v5_5_processing_system7 has unconnected port FTMD_TRACEIN_DATA[22]
WARNING: [Synth 8-3331] design processing_system7_v5_5_processing_system7 has unconnected port FTMD_TRACEIN_DATA[21]
WARNING: [Synth 8-3331] design processing_system7_v5_5_processing_system7 has unconnected port FTMD_TRACEIN_DATA[20]
WARNING: [Synth 8-3331] design processing_system7_v5_5_processing_system7 has unconnected port FTMD_TRACEIN_DATA[19]
WARNING: [Synth 8-3331] design processing_system7_v5_5_processing_system7 has unconnected port FTMD_TRACEIN_DATA[18]
WARNING: [Synth 8-3331] design processing_system7_v5_5_processing_system7 has unconnected port FTMD_TRACEIN_DATA[17]
WARNING: [Synth 8-3331] design processing_system7_v5_5_processing_system7 has unconnected port FTMD_TRACEIN_DATA[16]
WARNING: [Synth 8-3331] design processing_system7_v5_5_processing_system7 has unconnected port FTMD_TRACEIN_DATA[15]
WARNING: [Synth 8-3331] design processing_system7_v5_5_processing_system7 has unconnected port FTMD_TRACEIN_DATA[14]
WARNING: [Synth 8-3331] design processing_system7_v5_5_processing_system7 has unconnected port FTMD_TRACEIN_DATA[13]
WARNING: [Synth 8-3331] design processing_system7_v5_5_processing_system7 has unconnected port FTMD_TRACEIN_DATA[12]
WARNING: [Synth 8-3331] design processing_system7_v5_5_processing_system7 has unconnected port FTMD_TRACEIN_DATA[11]
WARNING: [Synth 8-3331] design processing_system7_v5_5_processing_system7 has unconnected port FTMD_TRACEIN_DATA[10]
WARNING: [Synth 8-3331] design processing_system7_v5_5_processing_system7 has unconnected port FTMD_TRACEIN_DATA[9]
WARNING: [Synth 8-3331] design processing_system7_v5_5_processing_system7 has unconnected port FTMD_TRACEIN_DATA[8]
WARNING: [Synth 8-3331] design processing_system7_v5_5_processing_system7 has unconnected port FTMD_TRACEIN_DATA[7]
WARNING: [Synth 8-3331] design processing_system7_v5_5_processing_system7 has unconnected port FTMD_TRACEIN_DATA[6]
WARNING: [Synth 8-3331] design processing_system7_v5_5_processing_system7 has unconnected port FTMD_TRACEIN_DATA[5]
WARNING: [Synth 8-3331] design processing_system7_v5_5_processing_system7 has unconnected port FTMD_TRACEIN_DATA[4]
WARNING: [Synth 8-3331] design processing_system7_v5_5_processing_system7 has unconnected port FTMD_TRACEIN_DATA[3]
WARNING: [Synth 8-3331] design processing_system7_v5_5_processing_system7 has unconnected port FTMD_TRACEIN_DATA[2]
WARNING: [Synth 8-3331] design processing_system7_v5_5_processing_system7 has unconnected port FTMD_TRACEIN_DATA[1]
WARNING: [Synth 8-3331] design processing_system7_v5_5_processing_system7 has unconnected port FTMD_TRACEIN_DATA[0]
WARNING: [Synth 8-3331] design processing_system7_v5_5_processing_system7 has unconnected port FTMD_TRACEIN_VALID
WARNING: [Synth 8-3331] design processing_system7_v5_5_processing_system7 has unconnected port FTMD_TRACEIN_ATID[3]
WARNING: [Synth 8-3331] design processing_system7_v5_5_processing_system7 has unconnected port FTMD_TRACEIN_ATID[2]
WARNING: [Synth 8-3331] design processing_system7_v5_5_processing_system7 has unconnected port FTMD_TRACEIN_ATID[1]
WARNING: [Synth 8-3331] design processing_system7_v5_5_processing_system7 has unconnected port FTMD_TRACEIN_ATID[0]
---------------------------------------------------------------------------------
Finished RTL Elaboration : Time (s): cpu = 00:00:01 ; elapsed = 00:00:05 . Memory (MB): peak = 788.777 ; gain = 246.242
---------------------------------------------------------------------------------

Report Check Netlist: 
+------+------------------+-------+---------+-------+------------------+
|      |Item              |Errors |Warnings |Status |Description       |
+------+------------------+-------+---------+-------+------------------+
|1     |multi_driven_nets |      0|        0|Passed |Multi driven nets |
+------+------------------+-------+---------+-------+------------------+
---------------------------------------------------------------------------------
Start Handling Custom Attributes
---------------------------------------------------------------------------------
---------------------------------------------------------------------------------
Finished Handling Custom Attributes : Time (s): cpu = 00:00:01 ; elapsed = 00:00:05 . Memory (MB): peak = 788.777 ; gain = 246.242
---------------------------------------------------------------------------------
---------------------------------------------------------------------------------
Finished RTL Optimization Phase 1 : Time (s): cpu = 00:00:01 ; elapsed = 00:00:05 . Memory (MB): peak = 788.777 ; gain = 246.242
---------------------------------------------------------------------------------
INFO: [Project 1-570] Preparing netlist for logic optimization

Processing XDC Constraints
Initializing timing engine
Parsing XDC File [d:/My_DevOps/Fall_2022/EE365/EE365_Labs/Lab5_Final/lab5_fresh.srcs/sources_1/bd/design_1/ip/design_1_processing_system7_0_0_1/design_1_processing_system7_0_0.xdc] for cell 'design_1_i/processing_system7_0/inst'
Finished Parsing XDC File [d:/My_DevOps/Fall_2022/EE365/EE365_Labs/Lab5_Final/lab5_fresh.srcs/sources_1/bd/design_1/ip/design_1_processing_system7_0_0_1/design_1_processing_system7_0_0.xdc] for cell 'design_1_i/processing_system7_0/inst'
INFO: [Project 1-236] Implementation specific constraints were found while reading constraint file [d:/My_DevOps/Fall_2022/EE365/EE365_Labs/Lab5_Final/lab5_fresh.srcs/sources_1/bd/design_1/ip/design_1_processing_system7_0_0_1/design_1_processing_system7_0_0.xdc]. These constraints will be ignored for synthesis but will be used in implementation. Impacted constraints are listed in the file [.Xil/design_1_wrapper_propImpl.xdc].
Resolution: To avoid this warning, move constraints listed in [.Xil/design_1_wrapper_propImpl.xdc] to another XDC file and exclude this new file from synthesis with the used_in_synthesis property (File Properties dialog in GUI) and re-run elaboration/synthesis.
Parsing XDC File [D:/My_DevOps/Fall_2022/EE365/EE365_Labs/Lab5_Final/TE0726.xdc]
Finished Parsing XDC File [D:/My_DevOps/Fall_2022/EE365/EE365_Labs/Lab5_Final/TE0726.xdc]
INFO: [Project 1-236] Implementation specific constraints were found while reading constraint file [D:/My_DevOps/Fall_2022/EE365/EE365_Labs/Lab5_Final/TE0726.xdc]. These constraints will be ignored for synthesis but will be used in implementation. Impacted constraints are listed in the file [.Xil/design_1_wrapper_propImpl.xdc].
Resolution: To avoid this warning, move constraints listed in [.Xil/design_1_wrapper_propImpl.xdc] to another XDC file and exclude this new file from synthesis with the used_in_synthesis property (File Properties dialog in GUI) and re-run elaboration/synthesis.
Parsing XDC File [D:/My_DevOps/Fall_2022/EE365/EE365_Labs/Lab5_Final/lab5_fresh.runs/synth_1/dont_touch.xdc]
Finished Parsing XDC File [D:/My_DevOps/Fall_2022/EE365/EE365_Labs/Lab5_Final/lab5_fresh.runs/synth_1/dont_touch.xdc]
INFO: [Project 1-236] Implementation specific constraints were found while reading constraint file [D:/My_DevOps/Fall_2022/EE365/EE365_Labs/Lab5_Final/lab5_fresh.runs/synth_1/dont_touch.xdc]. These constraints will be ignored for synthesis but will be used in implementation. Impacted constraints are listed in the file [.Xil/design_1_wrapper_propImpl.xdc].
Resolution: To avoid this warning, move constraints listed in [.Xil/design_1_wrapper_propImpl.xdc] to another XDC file and exclude this new file from synthesis with the used_in_synthesis property (File Properties dialog in GUI) and re-run elaboration/synthesis.
Completed Processing XDC Constraints

Netlist sorting complete. Time (s): cpu = 00:00:00 ; elapsed = 00:00:00 . Memory (MB): peak = 874.648 ; gain = 0.000
INFO: [Project 1-111] Unisim Transformation Summary:
No Unisim elements were transformed.

Constraint Validation Runtime : Time (s): cpu = 00:00:00 ; elapsed = 00:00:00.009 . Memory (MB): peak = 874.648 ; gain = 0.000
---------------------------------------------------------------------------------
Finished Constraint Validation : Time (s): cpu = 00:00:03 ; elapsed = 00:00:10 . Memory (MB): peak = 874.648 ; gain = 332.113
---------------------------------------------------------------------------------
---------------------------------------------------------------------------------
Start Loading Part and Timing Information
---------------------------------------------------------------------------------
Loading part: xc7z010clg225-1
---------------------------------------------------------------------------------
Finished Loading Part and Timing Information : Time (s): cpu = 00:00:03 ; elapsed = 00:00:10 . Memory (MB): peak = 874.648 ; gain = 332.113
---------------------------------------------------------------------------------
---------------------------------------------------------------------------------
Start Applying 'set_property' XDC Constraints
---------------------------------------------------------------------------------
Applied set_property DONT_TOUCH = true for design_1_i/processing_system7_0/inst. (constraint file  D:/My_DevOps/Fall_2022/EE365/EE365_Labs/Lab5_Final/lab5_fresh.runs/synth_1/dont_touch.xdc, line 16).
Applied set_property DONT_TOUCH = true for design_1_i. (constraint file  auto generated constraint, line ).
Applied set_property DONT_TOUCH = true for design_1_i/processing_system7_0. (constraint file  auto generated constraint, line ).
Applied set_property DONT_TOUCH = true for design_1_i/lab5_0. (constraint file  auto generated constraint, line ).
---------------------------------------------------------------------------------
Finished applying 'set_property' XDC Constraints : Time (s): cpu = 00:00:03 ; elapsed = 00:00:11 . Memory (MB): peak = 874.648 ; gain = 332.113
---------------------------------------------------------------------------------
INFO: [Synth 8-802] inferred FSM for state register 'state_reg' in module 'TTL_serial'
INFO: [Synth 8-802] inferred FSM for state register 'reg_fstate_reg' in module 'spi_serial'
---------------------------------------------------------------------------------------------------
                   State |                     New Encoding |                Previous Encoding 
---------------------------------------------------------------------------------------------------
                   ready |                               00 |                               00
                   start |                               01 |                               01
                    send |                               10 |                               10
                    stop |                               11 |                               11
---------------------------------------------------------------------------------------------------
INFO: [Synth 8-3354] encoded FSM with state register 'state_reg' using encoding 'sequential' in module 'TTL_serial'
---------------------------------------------------------------------------------------------------
                   State |                     New Encoding |                Previous Encoding 
---------------------------------------------------------------------------------------------------
                   start |                               00 |                               00
               transmit0 |                               01 |                               01
               transmit1 |                               10 |                               10
                 prepare |                               11 |                               11
---------------------------------------------------------------------------------------------------
INFO: [Synth 8-3354] encoded FSM with state register 'reg_fstate_reg' using encoding 'sequential' in module 'spi_serial'
---------------------------------------------------------------------------------
Finished RTL Optimization Phase 2 : Time (s): cpu = 00:00:03 ; elapsed = 00:00:12 . Memory (MB): peak = 874.648 ; gain = 332.113
---------------------------------------------------------------------------------

Report RTL Partitions: 
+-+--------------+------------+----------+
| |RTL Partition |Replication |Instances |
+-+--------------+------------+----------+
+-+--------------+------------+----------+
---------------------------------------------------------------------------------
Start RTL Component Statistics 
---------------------------------------------------------------------------------
Detailed RTL Component Info : 
+---Adders : 
	   2 Input     32 Bit       Adders := 1     
	   2 Input     26 Bit       Adders := 1     
	   2 Input     13 Bit       Adders := 1     
	   2 Input      7 Bit       Adders := 1     
	   2 Input      4 Bit       Adders := 5     
+---XORs : 
	   2 Input      1 Bit         XORs := 3     
+---Registers : 
	               26 Bit    Registers := 1     
	               13 Bit    Registers := 1     
	                8 Bit    Registers := 2     
	                7 Bit    Registers := 1     
	                4 Bit    Registers := 3     
	                3 Bit    Registers := 1     
	                2 Bit    Registers := 3     
	                1 Bit    Registers := 21    
+---Muxes : 
	   2 Input     26 Bit        Muxes := 1     
	   2 Input     13 Bit        Muxes := 1     
	   2 Input      7 Bit        Muxes := 1     
	   2 Input      4 Bit        Muxes := 5     
	   4 Input      4 Bit        Muxes := 1     
	   6 Input      3 Bit        Muxes := 1     
	   4 Input      2 Bit        Muxes := 2     
	   2 Input      2 Bit        Muxes := 4     
	   2 Input      1 Bit        Muxes := 10    
	   4 Input      1 Bit        Muxes := 12    
	   6 Input      1 Bit        Muxes := 6     
---------------------------------------------------------------------------------
Finished RTL Component Statistics 
---------------------------------------------------------------------------------
---------------------------------------------------------------------------------
Start RTL Hierarchical Component Statistics 
---------------------------------------------------------------------------------
Hierarchical RTL Component report 
Module clk_enabler 
Detailed RTL Component Info : 
+---Adders : 
	   2 Input     26 Bit       Adders := 1     
+---Registers : 
	               26 Bit    Registers := 1     
	                1 Bit    Registers := 1     
+---Muxes : 
	   2 Input     26 Bit        Muxes := 1     
Module Reset_Delay 
Detailed RTL Component Info : 
+---Registers : 
	                1 Bit    Registers := 1     
Module univ_bin_counter 
Detailed RTL Component Info : 
+---Adders : 
	   2 Input      4 Bit       Adders := 2     
+---Registers : 
	                4 Bit    Registers := 1     
+---Muxes : 
	   2 Input      4 Bit        Muxes := 4     
	   2 Input      1 Bit        Muxes := 4     
Module btn_debounce_toggle 
Detailed RTL Component Info : 
+---XORs : 
	   2 Input      1 Bit         XORs := 1     
+---Registers : 
	                2 Bit    Registers := 1     
	                1 Bit    Registers := 3     
+---Muxes : 
	   2 Input      1 Bit        Muxes := 1     
Module btn_debounce_toggle__parameterized1 
Detailed RTL Component Info : 
+---XORs : 
	   2 Input      1 Bit         XORs := 1     
+---Registers : 
	                2 Bit    Registers := 1     
	                1 Bit    Registers := 3     
+---Muxes : 
	   2 Input      1 Bit        Muxes := 1     
Module TTL_serial 
Detailed RTL Component Info : 
+---Adders : 
	   2 Input     32 Bit       Adders := 1     
	   2 Input     13 Bit       Adders := 1     
+---Registers : 
	               13 Bit    Registers := 1     
	                8 Bit    Registers := 1     
	                1 Bit    Registers := 3     
+---Muxes : 
	   2 Input     13 Bit        Muxes := 1     
	   4 Input      2 Bit        Muxes := 1     
	   2 Input      2 Bit        Muxes := 2     
	   2 Input      1 Bit        Muxes := 1     
	   4 Input      1 Bit        Muxes := 5     
Module TTL_Serial_user_logic 
Detailed RTL Component Info : 
+---Adders : 
	   2 Input      4 Bit       Adders := 1     
+---Registers : 
	                8 Bit    Registers := 1     
	                4 Bit    Registers := 1     
	                3 Bit    Registers := 1     
	                1 Bit    Registers := 2     
+---Muxes : 
	   2 Input      4 Bit        Muxes := 1     
	   6 Input      3 Bit        Muxes := 1     
	   6 Input      1 Bit        Muxes := 6     
Module clk_enabler__parameterized1 
Detailed RTL Component Info : 
+---Adders : 
	   2 Input      7 Bit       Adders := 1     
+---Registers : 
	                7 Bit    Registers := 1     
	                1 Bit    Registers := 1     
+---Muxes : 
	   2 Input      7 Bit        Muxes := 1     
	   2 Input      1 Bit        Muxes := 1     
Module spi_serial 
Detailed RTL Component Info : 
+---Adders : 
	   2 Input      4 Bit       Adders := 2     
+---Registers : 
	                4 Bit    Registers := 1     
	                1 Bit    Registers := 4     
+---Muxes : 
	   4 Input      4 Bit        Muxes := 1     
	   4 Input      2 Bit        Muxes := 1     
	   2 Input      2 Bit        Muxes := 2     
	   2 Input      1 Bit        Muxes := 1     
	   4 Input      1 Bit        Muxes := 7     
---------------------------------------------------------------------------------
Finished RTL Hierarchical Component Statistics
---------------------------------------------------------------------------------
---------------------------------------------------------------------------------
Start Part Resource Summary
---------------------------------------------------------------------------------
Part Resources:
DSPs: 80 (col length:40)
BRAMs: 120 (col length: RAMB18 40 RAMB36 20)
---------------------------------------------------------------------------------
Finished Part Resource Summary
---------------------------------------------------------------------------------
---------------------------------------------------------------------------------
Start Cross Boundary and Area Optimization
---------------------------------------------------------------------------------
Warning: Parallel synthesis criteria is not met 
WARNING: [Synth 8-3331] design processing_system7_v5_5_processing_system7 has unconnected port ENET0_GMII_COL
WARNING: [Synth 8-3331] design processing_system7_v5_5_processing_system7 has unconnected port ENET0_GMII_CRS
WARNING: [Synth 8-3331] design processing_system7_v5_5_processing_system7 has unconnected port ENET0_GMII_RX_DV
WARNING: [Synth 8-3331] design processing_system7_v5_5_processing_system7 has unconnected port ENET0_GMII_RX_ER
WARNING: [Synth 8-3331] design processing_system7_v5_5_processing_system7 has unconnected port ENET0_GMII_RXD[7]
WARNING: [Synth 8-3331] design processing_system7_v5_5_processing_system7 has unconnected port ENET0_GMII_RXD[6]
WARNING: [Synth 8-3331] design processing_system7_v5_5_processing_system7 has unconnected port ENET0_GMII_RXD[5]
WARNING: [Synth 8-3331] design processing_system7_v5_5_processing_system7 has unconnected port ENET0_GMII_RXD[4]
WARNING: [Synth 8-3331] design processing_system7_v5_5_processing_system7 has unconnected port ENET0_GMII_RXD[3]
WARNING: [Synth 8-3331] design processing_system7_v5_5_processing_system7 has unconnected port ENET0_GMII_RXD[2]
WARNING: [Synth 8-3331] design processing_system7_v5_5_processing_system7 has unconnected port ENET0_GMII_RXD[1]
WARNING: [Synth 8-3331] design processing_system7_v5_5_processing_system7 has unconnected port ENET0_GMII_RXD[0]
WARNING: [Synth 8-3331] design processing_system7_v5_5_processing_system7 has unconnected port ENET1_GMII_COL
WARNING: [Synth 8-3331] design processing_system7_v5_5_processing_system7 has unconnected port ENET1_GMII_CRS
WARNING: [Synth 8-3331] design processing_system7_v5_5_processing_system7 has unconnected port ENET1_GMII_RX_DV
WARNING: [Synth 8-3331] design processing_system7_v5_5_processing_system7 has unconnected port ENET1_GMII_RX_ER
WARNING: [Synth 8-3331] design processing_system7_v5_5_processing_system7 has unconnected port ENET1_GMII_RXD[7]
WARNING: [Synth 8-3331] design processing_system7_v5_5_processing_system7 has unconnected port ENET1_GMII_RXD[6]
WARNING: [Synth 8-3331] design processing_system7_v5_5_processing_system7 has unconnected port ENET1_GMII_RXD[5]
WARNING: [Synth 8-3331] design processing_system7_v5_5_processing_system7 has unconnected port ENET1_GMII_RXD[4]
WARNING: [Synth 8-3331] design processing_system7_v5_5_processing_system7 has unconnected port ENET1_GMII_RXD[3]
INFO: [Common 17-14] Message 'Synth 8-3331' appears 100 times and further instances of the messages will be disabled. Use the Tcl command set_msg_config to change the current settings.
INFO: [Synth 8-3886] merging instance 'design_1_i/lab5_0/U0/Inst_TTL_serial/data_wr_reg[6]' (FDE) to 'design_1_i/lab5_0/U0/Inst_TTL_serial/data_wr_reg[5]'
INFO: [Synth 8-3886] merging instance 'design_1_i/lab5_0/U0/Inst_TTL_serial/data_wr_reg[5]' (FDE) to 'design_1_i/lab5_0/U0/Inst_TTL_serial/data_wr_reg[4]'
INFO: [Synth 8-3886] merging instance 'design_1_i/lab5_0/U0/Inst_TTL_serial/Inst_TTL_serial/data_reg[6]' (FDE) to 'design_1_i/lab5_0/U0/Inst_TTL_serial/Inst_TTL_serial/data_reg[4]'
INFO: [Synth 8-3886] merging instance 'design_1_i/lab5_0/U0/Inst_TTL_serial/Inst_TTL_serial/data_reg[5]' (FDE) to 'design_1_i/lab5_0/U0/Inst_TTL_serial/Inst_TTL_serial/data_reg[4]'
---------------------------------------------------------------------------------
Finished Cross Boundary and Area Optimization : Time (s): cpu = 00:00:04 ; elapsed = 00:00:14 . Memory (MB): peak = 874.648 ; gain = 332.113
---------------------------------------------------------------------------------

Report RTL Partitions: 
+-+--------------+------------+----------+
| |RTL Partition |Replication |Instances |
+-+--------------+------------+----------+
+-+--------------+------------+----------+
---------------------------------------------------------------------------------
Start Applying XDC Timing Constraints
---------------------------------------------------------------------------------
---------------------------------------------------------------------------------
Finished Applying XDC Timing Constraints : Time (s): cpu = 00:00:07 ; elapsed = 00:00:21 . Memory (MB): peak = 1033.254 ; gain = 490.719
---------------------------------------------------------------------------------
---------------------------------------------------------------------------------
Start Timing Optimization
---------------------------------------------------------------------------------
---------------------------------------------------------------------------------
Finished Timing Optimization : Time (s): cpu = 00:00:07 ; elapsed = 00:00:21 . Memory (MB): peak = 1069.086 ; gain = 526.551
---------------------------------------------------------------------------------

Report RTL Partitions: 
+-+--------------+------------+----------+
| |RTL Partition |Replication |Instances |
+-+--------------+------------+----------+
+-+--------------+------------+----------+
---------------------------------------------------------------------------------
Start Technology Mapping
---------------------------------------------------------------------------------
---------------------------------------------------------------------------------
Finished Technology Mapping : Time (s): cpu = 00:00:07 ; elapsed = 00:00:22 . Memory (MB): peak = 1073.406 ; gain = 530.871
---------------------------------------------------------------------------------

Report RTL Partitions: 
+-+--------------+------------+----------+
| |RTL Partition |Replication |Instances |
+-+--------------+------------+----------+
+-+--------------+------------+----------+
---------------------------------------------------------------------------------
Start IO Insertion
---------------------------------------------------------------------------------
---------------------------------------------------------------------------------
Start Flattening Before IO Insertion
---------------------------------------------------------------------------------
---------------------------------------------------------------------------------
Finished Flattening Before IO Insertion
---------------------------------------------------------------------------------
---------------------------------------------------------------------------------
Start Final Netlist Cleanup
---------------------------------------------------------------------------------
---------------------------------------------------------------------------------
Finished Final Netlist Cleanup
---------------------------------------------------------------------------------
---------------------------------------------------------------------------------
Finished IO Insertion : Time (s): cpu = 00:00:08 ; elapsed = 00:00:25 . Memory (MB): peak = 1079.188 ; gain = 536.652
---------------------------------------------------------------------------------

Report Check Netlist: 
+------+------------------+-------+---------+-------+------------------+
|      |Item              |Errors |Warnings |Status |Description       |
+------+------------------+-------+---------+-------+------------------+
|1     |multi_driven_nets |      0|        0|Passed |Multi driven nets |
+------+------------------+-------+---------+-------+------------------+
---------------------------------------------------------------------------------
Start Renaming Generated Instances
---------------------------------------------------------------------------------
---------------------------------------------------------------------------------
Finished Renaming Generated Instances : Time (s): cpu = 00:00:08 ; elapsed = 00:00:25 . Memory (MB): peak = 1079.188 ; gain = 536.652
---------------------------------------------------------------------------------

Report RTL Partitions: 
+-+--------------+------------+----------+
| |RTL Partition |Replication |Instances |
+-+--------------+------------+----------+
+-+--------------+------------+----------+
---------------------------------------------------------------------------------
Start Rebuilding User Hierarchy
---------------------------------------------------------------------------------
---------------------------------------------------------------------------------
Finished Rebuilding User Hierarchy : Time (s): cpu = 00:00:08 ; elapsed = 00:00:25 . Memory (MB): peak = 1079.188 ; gain = 536.652
---------------------------------------------------------------------------------
---------------------------------------------------------------------------------
Start Renaming Generated Ports
---------------------------------------------------------------------------------
---------------------------------------------------------------------------------
Finished Renaming Generated Ports : Time (s): cpu = 00:00:08 ; elapsed = 00:00:25 . Memory (MB): peak = 1079.188 ; gain = 536.652
---------------------------------------------------------------------------------
---------------------------------------------------------------------------------
Start Handling Custom Attributes
---------------------------------------------------------------------------------
---------------------------------------------------------------------------------
Finished Handling Custom Attributes : Time (s): cpu = 00:00:08 ; elapsed = 00:00:25 . Memory (MB): peak = 1079.188 ; gain = 536.652
---------------------------------------------------------------------------------
---------------------------------------------------------------------------------
Start Renaming Generated Nets
---------------------------------------------------------------------------------
---------------------------------------------------------------------------------
Finished Renaming Generated Nets : Time (s): cpu = 00:00:08 ; elapsed = 00:00:25 . Memory (MB): peak = 1079.188 ; gain = 536.652
---------------------------------------------------------------------------------
---------------------------------------------------------------------------------
Start Writing Synthesis Report
---------------------------------------------------------------------------------

Report BlackBoxes: 
+------+--------------+----------+
|      |BlackBox name |Instances |
+------+--------------+----------+
|1     |spi_logic     |         1|
+------+--------------+----------+

Report Cell Usage: 
+------+-----------------+------+
|      |Cell             |Count |
+------+-----------------+------+
|1     |spi_logic_bbox_0 |     1|
|2     |BIBUF            |    86|
|3     |BUFG             |     1|
|4     |CARRY4           |    47|
|5     |LUT1             |   149|
|6     |LUT2             |    64|
|7     |LUT3             |    17|
|8     |LUT4             |    41|
|9     |LUT5             |    18|
|10    |LUT6             |    30|
|11    |MUXF7            |     1|
|12    |PS7              |     1|
|13    |FDCE             |    45|
|14    |FDPE             |     4|
|15    |FDRE             |   179|
|16    |IBUF             |     3|
|17    |OBUF             |     4|
+------+-----------------+------+

Report Instance Areas: 
+------+------------------------------+-------------------------------------------+------+
|      |Instance                      |Module                                     |Cells |
+------+------------------------------+-------------------------------------------+------+
|1     |top                           |                                           |   699|
|2     |  design_1_i                  |design_1                                   |   692|
|3     |    lab5_0                    |design_1_lab5_0_0                          |   492|
|4     |      U0                      |lab5                                       |   492|
|5     |        Inst_TTL_serial       |TTL_Serial_user_logic                      |   244|
|6     |          Inst_TTL_serial     |TTL_serial                                 |   141|
|7     |        Inst_clk_Reset_Delay  |Reset_Delay                                |    33|
|8     |        Inst_clk_enable       |clk_enabler                                |    42|
|9     |        Inst_univ_bin_counter |univ_bin_counter                           |    25|
|10    |        areset_debouncer      |btn_debounce_toggle__parameterized1        |    29|
|11    |        en_debouncer          |btn_debounce_toggle                        |    35|
|12    |        spi_user_logic        |spi_top_level                              |    50|
|13    |          inst_clk_enabler    |clk_enabler__parameterized1                |    17|
|14    |          inst_spi_serial     |spi_serial                                 |    24|
|15    |        up_debouncer          |btn_debounce_toggle_0                      |    34|
|16    |    processing_system7_0      |design_1_processing_system7_0_0            |   200|
|17    |      inst                    |processing_system7_v5_5_processing_system7 |   200|
+------+------------------------------+-------------------------------------------+------+
---------------------------------------------------------------------------------
Finished Writing Synthesis Report : Time (s): cpu = 00:00:08 ; elapsed = 00:00:25 . Memory (MB): peak = 1079.188 ; gain = 536.652
---------------------------------------------------------------------------------
Synthesis finished with 0 errors, 0 critical warnings and 79 warnings.
Synthesis Optimization Runtime : Time (s): cpu = 00:00:06 ; elapsed = 00:00:22 . Memory (MB): peak = 1079.188 ; gain = 450.781
Synthesis Optimization Complete : Time (s): cpu = 00:00:08 ; elapsed = 00:00:25 . Memory (MB): peak = 1079.188 ; gain = 536.652
INFO: [Project 1-571] Translating synthesized netlist
INFO: [Netlist 29-17] Analyzing 48 Unisim elements for replacement
INFO: [Netlist 29-28] Unisim Transformation completed in 0 CPU seconds
INFO: [Project 1-570] Preparing netlist for logic optimization
INFO: [Opt 31-138] Pushed 0 inverter(s) to 0 load pin(s).
Netlist sorting complete. Time (s): cpu = 00:00:00 ; elapsed = 00:00:00.001 . Memory (MB): peak = 1098.012 ; gain = 0.000
INFO: [Project 1-111] Unisim Transformation Summary:
No Unisim elements were transformed.

INFO: [Common 17-83] Releasing license: Synthesis
88 Infos, 105 Warnings, 0 Critical Warnings and 0 Errors encountered.
synth_design completed successfully
synth_design: Time (s): cpu = 00:00:11 ; elapsed = 00:00:31 . Memory (MB): peak = 1098.012 ; gain = 802.648
Netlist sorting complete. Time (s): cpu = 00:00:00 ; elapsed = 00:00:00 . Memory (MB): peak = 1098.012 ; gain = 0.000
WARNING: [Constraints 18-5210] No constraints selected for write.
Resolution: This message can indicate that there are no constraints for the design, or it can indicate that the used_in flags are set such that the constraints are ignored. This later case is used when running synth_design to not write synthesis constraints to the resulting checkpoint. Instead, project constraints are read when the synthesized design is opened.
INFO: [Common 17-1381] The checkpoint 'D:/My_DevOps/Fall_2022/EE365/EE365_Labs/Lab5_Final/lab5_fresh.runs/synth_1/design_1_wrapper.dcp' has been generated.
INFO: [runtcl-4] Executing : report_utilization -file design_1_wrapper_utilization_synth.rpt -pb design_1_wrapper_utilization_synth.pb
INFO: [Common 17-206] Exiting Vivado at Sun Nov 13 00:08:29 2022...
