02:44:20 INFO  : Registering command handlers for SDK TCF services
02:44:21 INFO  : Launching XSCT server: xsct.bat -interactive D:\school\sem7\EE365\lab5_fresh\lab5_fresh.sdk\temp_xsdb_launch_script.tcl
02:44:24 INFO  : XSCT server has started successfully.
02:44:24 INFO  : Successfully done setting XSCT server connection channel  
02:44:25 INFO  : Successfully done setting SDK workspace  
02:44:25 INFO  : Processing command line option -hwspec D:/school/sem7/EE365/lab5_fresh/lab5_fresh.sdk/design_1_wrapper.hdf.
02:46:08 INFO  : Connected to target on host '127.0.0.1' and port '3121'.
02:46:09 INFO  : 'targets -set -filter {jtag_cable_name =~ "JTAG-ONB4 251633007573A" && level==0} -index 1' command is executed.
02:46:11 ERROR : fpga configuration failed. DONE PIN is not HIGH
02:46:47 INFO  : Connected to target on host '127.0.0.1' and port '3121'.
02:46:47 INFO  : 'targets -set -filter {jtag_cable_name =~ "JTAG-ONB4 251633007573A" && level==0} -index 1' command is executed.
02:46:48 INFO  : FPGA configured successfully with bitstream "D:/school/sem7/EE365/lab5_fresh/lab5_fresh.sdk/design_1_wrapper_hw_platform_0/design_1_wrapper.bit"
02:46:58 INFO  : 'targets -set -filter {jtag_cable_name =~ "JTAG-ONB4 251633007573A" && level==0} -index 1' command is executed.
02:46:58 INFO  : 'fpga -state' command is executed.
02:46:58 INFO  : Connected to target on host '127.0.0.1' and port '3121'.
02:46:58 INFO  : Jtag cable 'JTAG-ONB4 251633007573A' is selected.
02:46:58 INFO  : 'jtag frequency' command is executed.
02:46:58 INFO  : Sourcing of 'D:/school/sem7/EE365/lab5_fresh/lab5_fresh.sdk/design_1_wrapper_hw_platform_0/ps7_init.tcl' is done.
02:46:58 INFO  : Context for 'APU' is selected.
02:46:58 INFO  : Hardware design information is loaded from 'D:/school/sem7/EE365/lab5_fresh/lab5_fresh.sdk/design_1_wrapper_hw_platform_0/system.hdf'.
02:46:58 INFO  : 'configparams force-mem-access 1' command is executed.
02:46:58 INFO  : Context for 'APU' is selected.
02:46:58 INFO  : 'stop' command is executed.
02:46:58 INFO  : 'ps7_init' command is executed.
02:46:58 INFO  : 'ps7_post_config' command is executed.
02:46:58 INFO  : Context for processor 'ps7_cortexa9_0' is selected.
02:46:58 INFO  : Processor reset is completed for 'ps7_cortexa9_0'.
02:46:58 INFO  : Context for processor 'ps7_cortexa9_0' is selected.
02:46:58 INFO  : The application 'D:/school/sem7/EE365/lab5_fresh/lab5_fresh.sdk/hw/Debug/hw.elf' is downloaded to processor 'ps7_cortexa9_0'.
02:46:58 INFO  : 'configparams force-mem-access 0' command is executed.
02:46:58 INFO  : ----------------XSDB Script----------------
connect -url tcp:127.0.0.1:3121
source D:/school/sem7/EE365/lab5_fresh/lab5_fresh.sdk/design_1_wrapper_hw_platform_0/ps7_init.tcl
targets -set -nocase -filter {name =~"APU*" && jtag_cable_name =~ "JTAG-ONB4 251633007573A"} -index 0
loadhw -hw D:/school/sem7/EE365/lab5_fresh/lab5_fresh.sdk/design_1_wrapper_hw_platform_0/system.hdf -mem-ranges [list {0x40000000 0xbfffffff}]
configparams force-mem-access 1
targets -set -nocase -filter {name =~"APU*" && jtag_cable_name =~ "JTAG-ONB4 251633007573A"} -index 0
stop
ps7_init
ps7_post_config
targets -set -nocase -filter {name =~ "ARM*#0" && jtag_cable_name =~ "JTAG-ONB4 251633007573A"} -index 0
rst -processor
targets -set -nocase -filter {name =~ "ARM*#0" && jtag_cable_name =~ "JTAG-ONB4 251633007573A"} -index 0
dow D:/school/sem7/EE365/lab5_fresh/lab5_fresh.sdk/hw/Debug/hw.elf
configparams force-mem-access 0
----------------End of Script----------------

02:46:58 INFO  : Memory regions updated for context APU
02:46:58 INFO  : Context for processor 'ps7_cortexa9_0' is selected.
02:46:58 INFO  : 'con' command is executed.
02:46:58 INFO  : ----------------XSDB Script (After Launch)----------------
targets -set -nocase -filter {name =~ "ARM*#0" && jtag_cable_name =~ "JTAG-ONB4 251633007573A"} -index 0
con
----------------End of Script----------------

02:46:58 INFO  : Launch script is exported to file 'D:\school\sem7\EE365\lab5_fresh\lab5_fresh.sdk\.sdk\launch_scripts\xilinx_c-c++_application_(system_debugger)\system_debugger_using_debug_hw.elf_on_local.tcl'
02:47:29 INFO  : Disconnected from the channel tcfchan#1.
04:56:59 INFO  : Launching XSCT server: xsct.bat -interactive D:\school\sem7\EE365\lab5_fresh\lab5_fresh.sdk\temp_xsdb_launch_script.tcl
04:57:03 INFO  : XSCT server has started successfully.
04:57:04 INFO  : Successfully done setting XSCT server connection channel  
04:57:04 INFO  : Successfully done setting SDK workspace  
04:57:10 INFO  : Registering command handlers for SDK TCF services
04:57:10 INFO  : Processing command line option -hwspec D:/school/sem7/EE365/lab5_fresh/lab5_fresh.sdk/design_1_wrapper.hdf.
04:57:11 INFO  : Checking for hwspec changes in the project design_1_wrapper_hw_platform_0.
04:57:21 INFO  : Connected to target on host '127.0.0.1' and port '3121'.
04:57:22 INFO  : 'targets -set -filter {jtag_cable_name =~ "JTAG-ONB4 251633007573A" && level==0} -index 1' command is executed.
04:57:23 INFO  : FPGA configured successfully with bitstream "D:/school/sem7/EE365/lab5_fresh/lab5_fresh.sdk/design_1_wrapper_hw_platform_0/design_1_wrapper.bit"
05:08:32 INFO  : Launching XSCT server: xsct.bat -interactive D:\school\sem7\EE365\lab5_fresh\lab5_fresh.sdk\temp_xsdb_launch_script.tcl
05:08:35 INFO  : XSCT server has started successfully.
05:08:36 INFO  : Successfully done setting XSCT server connection channel  
05:08:36 INFO  : Successfully done setting SDK workspace  
05:08:42 INFO  : Registering command handlers for SDK TCF services
05:08:42 INFO  : Processing command line option -hwspec D:/school/sem7/EE365/lab5_fresh/lab5_fresh.sdk/design_1_wrapper.hdf.
05:08:43 INFO  : Checking for hwspec changes in the project design_1_wrapper_hw_platform_0.
05:08:51 INFO  : Connected to target on host '127.0.0.1' and port '3121'.
05:08:51 INFO  : 'targets -set -filter {jtag_cable_name =~ "JTAG-ONB4 251633007573A" && level==0} -index 1' command is executed.
05:08:52 INFO  : FPGA configured successfully with bitstream "D:/school/sem7/EE365/lab5_fresh/lab5_fresh.sdk/design_1_wrapper_hw_platform_0/design_1_wrapper.bit"
05:09:43 INFO  : 'targets -set -filter {jtag_cable_name =~ "JTAG-ONB4 251633007573A" && level==0} -index 1' command is executed.
05:09:43 INFO  : 'fpga -state' command is executed.
05:09:43 INFO  : Connected to target on host '127.0.0.1' and port '3121'.
05:09:43 INFO  : Jtag cable 'JTAG-ONB4 251633007573A' is selected.
05:09:43 INFO  : 'jtag frequency' command is executed.
05:09:43 INFO  : Sourcing of 'D:/school/sem7/EE365/lab5_fresh/lab5_fresh.sdk/design_1_wrapper_hw_platform_0/ps7_init.tcl' is done.
05:09:43 INFO  : Context for 'APU' is selected.
05:09:44 INFO  : Hardware design information is loaded from 'D:/school/sem7/EE365/lab5_fresh/lab5_fresh.sdk/design_1_wrapper_hw_platform_0/system.hdf'.
05:09:44 INFO  : 'configparams force-mem-access 1' command is executed.
05:09:44 INFO  : Context for 'APU' is selected.
05:09:44 INFO  : 'stop' command is executed.
05:09:44 INFO  : 'ps7_init' command is executed.
05:09:44 INFO  : 'ps7_post_config' command is executed.
05:09:44 INFO  : Context for processor 'ps7_cortexa9_0' is selected.
05:09:44 INFO  : Processor reset is completed for 'ps7_cortexa9_0'.
05:09:44 INFO  : Context for processor 'ps7_cortexa9_0' is selected.
05:09:44 INFO  : The application 'D:/school/sem7/EE365/lab5_fresh/lab5_fresh.sdk/hw/Debug/hw.elf' is downloaded to processor 'ps7_cortexa9_0'.
05:09:44 INFO  : 'configparams force-mem-access 0' command is executed.
05:09:44 INFO  : ----------------XSDB Script----------------
connect -url tcp:127.0.0.1:3121
source D:/school/sem7/EE365/lab5_fresh/lab5_fresh.sdk/design_1_wrapper_hw_platform_0/ps7_init.tcl
targets -set -nocase -filter {name =~"APU*" && jtag_cable_name =~ "JTAG-ONB4 251633007573A"} -index 0
loadhw -hw D:/school/sem7/EE365/lab5_fresh/lab5_fresh.sdk/design_1_wrapper_hw_platform_0/system.hdf -mem-ranges [list {0x40000000 0xbfffffff}]
configparams force-mem-access 1
targets -set -nocase -filter {name =~"APU*" && jtag_cable_name =~ "JTAG-ONB4 251633007573A"} -index 0
stop
ps7_init
ps7_post_config
targets -set -nocase -filter {name =~ "ARM*#0" && jtag_cable_name =~ "JTAG-ONB4 251633007573A"} -index 0
rst -processor
targets -set -nocase -filter {name =~ "ARM*#0" && jtag_cable_name =~ "JTAG-ONB4 251633007573A"} -index 0
dow D:/school/sem7/EE365/lab5_fresh/lab5_fresh.sdk/hw/Debug/hw.elf
configparams force-mem-access 0
----------------End of Script----------------

05:09:44 INFO  : Memory regions updated for context APU
05:09:44 INFO  : Context for processor 'ps7_cortexa9_0' is selected.
05:09:44 INFO  : 'con' command is executed.
05:09:44 INFO  : ----------------XSDB Script (After Launch)----------------
targets -set -nocase -filter {name =~ "ARM*#0" && jtag_cable_name =~ "JTAG-ONB4 251633007573A"} -index 0
con
----------------End of Script----------------

05:09:44 INFO  : Launch script is exported to file 'D:\school\sem7\EE365\lab5_fresh\lab5_fresh.sdk\.sdk\launch_scripts\xilinx_c-c++_application_(system_debugger)\system_debugger_using_debug_hw.elf_on_local.tcl'
05:12:04 INFO  : Connected to target on host '127.0.0.1' and port '3121'.
05:12:04 INFO  : 'targets -set -filter {jtag_cable_name =~ "JTAG-ONB4 251633007573A" && level==0} -index 1' command is executed.
05:12:05 INFO  : FPGA configured successfully with bitstream "D:/school/sem7/EE365/lab5_fresh/lab5_fresh.sdk/design_1_wrapper_hw_platform_0/design_1_wrapper.bit"
05:12:14 INFO  : Disconnected from the channel tcfchan#1.
05:12:15 INFO  : 'targets -set -filter {jtag_cable_name =~ "JTAG-ONB4 251633007573A" && level==0} -index 1' command is executed.
05:12:15 INFO  : 'fpga -state' command is executed.
05:12:15 INFO  : Connected to target on host '127.0.0.1' and port '3121'.
05:12:15 INFO  : Jtag cable 'JTAG-ONB4 251633007573A' is selected.
05:12:15 INFO  : 'jtag frequency' command is executed.
05:12:15 INFO  : Sourcing of 'D:/school/sem7/EE365/lab5_fresh/lab5_fresh.sdk/design_1_wrapper_hw_platform_0/ps7_init.tcl' is done.
05:12:15 INFO  : Context for 'APU' is selected.
05:12:16 INFO  : Hardware design information is loaded from 'D:/school/sem7/EE365/lab5_fresh/lab5_fresh.sdk/design_1_wrapper_hw_platform_0/system.hdf'.
05:12:16 INFO  : 'configparams force-mem-access 1' command is executed.
05:12:16 INFO  : Context for 'APU' is selected.
05:12:16 INFO  : 'stop' command is executed.
05:12:17 INFO  : 'ps7_init' command is executed.
05:12:17 INFO  : 'ps7_post_config' command is executed.
05:12:17 INFO  : Context for processor 'ps7_cortexa9_0' is selected.
05:12:17 INFO  : Processor reset is completed for 'ps7_cortexa9_0'.
05:12:17 INFO  : Context for processor 'ps7_cortexa9_0' is selected.
05:12:17 INFO  : The application 'D:/school/sem7/EE365/lab5_fresh/lab5_fresh.sdk/hw/Debug/hw.elf' is downloaded to processor 'ps7_cortexa9_0'.
05:12:17 INFO  : 'configparams force-mem-access 0' command is executed.
05:12:17 INFO  : ----------------XSDB Script----------------
connect -url tcp:127.0.0.1:3121
source D:/school/sem7/EE365/lab5_fresh/lab5_fresh.sdk/design_1_wrapper_hw_platform_0/ps7_init.tcl
targets -set -nocase -filter {name =~"APU*" && jtag_cable_name =~ "JTAG-ONB4 251633007573A"} -index 0
loadhw -hw D:/school/sem7/EE365/lab5_fresh/lab5_fresh.sdk/design_1_wrapper_hw_platform_0/system.hdf -mem-ranges [list {0x40000000 0xbfffffff}]
configparams force-mem-access 1
targets -set -nocase -filter {name =~"APU*" && jtag_cable_name =~ "JTAG-ONB4 251633007573A"} -index 0
stop
ps7_init
ps7_post_config
targets -set -nocase -filter {name =~ "ARM*#0" && jtag_cable_name =~ "JTAG-ONB4 251633007573A"} -index 0
rst -processor
targets -set -nocase -filter {name =~ "ARM*#0" && jtag_cable_name =~ "JTAG-ONB4 251633007573A"} -index 0
dow D:/school/sem7/EE365/lab5_fresh/lab5_fresh.sdk/hw/Debug/hw.elf
configparams force-mem-access 0
----------------End of Script----------------

05:12:17 INFO  : Memory regions updated for context APU
05:12:17 INFO  : Context for processor 'ps7_cortexa9_0' is selected.
05:12:17 INFO  : 'con' command is executed.
05:12:17 INFO  : ----------------XSDB Script (After Launch)----------------
targets -set -nocase -filter {name =~ "ARM*#0" && jtag_cable_name =~ "JTAG-ONB4 251633007573A"} -index 0
con
----------------End of Script----------------

05:12:17 INFO  : Launch script is exported to file 'D:\school\sem7\EE365\lab5_fresh\lab5_fresh.sdk\.sdk\launch_scripts\xilinx_c-c++_application_(system_debugger)\system_debugger_using_debug_hw.elf_on_local.tcl'
05:13:01 INFO  : Disconnected from the channel tcfchan#2.
17:18:47 INFO  : Launching XSCT server: xsct.bat -interactive D:\school\sem7\EE365\lab5_fresh\lab5_fresh.sdk\temp_xsdb_launch_script.tcl
17:18:50 INFO  : XSCT server has started successfully.
17:18:50 INFO  : Successfully done setting XSCT server connection channel  
17:18:51 INFO  : Successfully done setting SDK workspace  
17:18:57 INFO  : Registering command handlers for SDK TCF services
17:18:57 INFO  : Processing command line option -hwspec D:/school/sem7/EE365/lab5_fresh/lab5_fresh.sdk/design_1_wrapper.hdf.
17:18:58 INFO  : Checking for hwspec changes in the project design_1_wrapper_hw_platform_0.
17:19:30 INFO  : Connected to target on host '127.0.0.1' and port '3121'.
17:19:31 INFO  : 'targets -set -filter {jtag_cable_name =~ "JTAG-ONB4 251633007573A" && level==0} -index 1' command is executed.
17:19:32 INFO  : FPGA configured successfully with bitstream "D:/school/sem7/EE365/lab5_fresh/lab5_fresh.sdk/design_1_wrapper_hw_platform_0/design_1_wrapper.bit"
17:20:14 INFO  : 'targets -set -filter {jtag_cable_name =~ "JTAG-ONB4 251633007573A" && level==0} -index 1' command is executed.
17:20:14 INFO  : 'fpga -state' command is executed.
17:20:14 INFO  : Connected to target on host '127.0.0.1' and port '3121'.
17:20:14 INFO  : Jtag cable 'JTAG-ONB4 251633007573A' is selected.
17:20:14 INFO  : 'jtag frequency' command is executed.
17:20:14 INFO  : Sourcing of 'D:/school/sem7/EE365/lab5_fresh/lab5_fresh.sdk/design_1_wrapper_hw_platform_0/ps7_init.tcl' is done.
17:20:14 INFO  : Context for 'APU' is selected.
17:20:14 INFO  : Hardware design information is loaded from 'D:/school/sem7/EE365/lab5_fresh/lab5_fresh.sdk/design_1_wrapper_hw_platform_0/system.hdf'.
17:20:14 INFO  : 'configparams force-mem-access 1' command is executed.
17:20:14 INFO  : Context for 'APU' is selected.
17:20:14 INFO  : 'stop' command is executed.
17:20:15 INFO  : 'ps7_init' command is executed.
17:20:15 INFO  : 'ps7_post_config' command is executed.
17:20:15 INFO  : Context for processor 'ps7_cortexa9_0' is selected.
17:20:15 INFO  : Processor reset is completed for 'ps7_cortexa9_0'.
17:20:15 INFO  : Context for processor 'ps7_cortexa9_0' is selected.
17:20:15 INFO  : The application 'D:/school/sem7/EE365/lab5_fresh/lab5_fresh.sdk/hw/Debug/hw.elf' is downloaded to processor 'ps7_cortexa9_0'.
17:20:15 INFO  : 'configparams force-mem-access 0' command is executed.
17:20:15 INFO  : ----------------XSDB Script----------------
connect -url tcp:127.0.0.1:3121
source D:/school/sem7/EE365/lab5_fresh/lab5_fresh.sdk/design_1_wrapper_hw_platform_0/ps7_init.tcl
targets -set -nocase -filter {name =~"APU*" && jtag_cable_name =~ "JTAG-ONB4 251633007573A"} -index 0
loadhw -hw D:/school/sem7/EE365/lab5_fresh/lab5_fresh.sdk/design_1_wrapper_hw_platform_0/system.hdf -mem-ranges [list {0x40000000 0xbfffffff}]
configparams force-mem-access 1
targets -set -nocase -filter {name =~"APU*" && jtag_cable_name =~ "JTAG-ONB4 251633007573A"} -index 0
stop
ps7_init
ps7_post_config
targets -set -nocase -filter {name =~ "ARM*#0" && jtag_cable_name =~ "JTAG-ONB4 251633007573A"} -index 0
rst -processor
targets -set -nocase -filter {name =~ "ARM*#0" && jtag_cable_name =~ "JTAG-ONB4 251633007573A"} -index 0
dow D:/school/sem7/EE365/lab5_fresh/lab5_fresh.sdk/hw/Debug/hw.elf
configparams force-mem-access 0
----------------End of Script----------------

17:20:15 INFO  : Memory regions updated for context APU
17:20:15 INFO  : Context for processor 'ps7_cortexa9_0' is selected.
17:20:15 INFO  : 'con' command is executed.
17:20:15 INFO  : ----------------XSDB Script (After Launch)----------------
targets -set -nocase -filter {name =~ "ARM*#0" && jtag_cable_name =~ "JTAG-ONB4 251633007573A"} -index 0
con
----------------End of Script----------------

17:20:15 INFO  : Launch script is exported to file 'D:\school\sem7\EE365\lab5_fresh\lab5_fresh.sdk\.sdk\launch_scripts\xilinx_c-c++_application_(system_debugger)\system_debugger_using_debug_hw.elf_on_local.tcl'
19:57:03 INFO  : Launching XSCT server: xsct.bat -interactive D:\school\sem7\EE365\lab5_fresh\lab5_fresh.sdk\temp_xsdb_launch_script.tcl
04:41:59 INFO  : Launching XSCT server: xsct.bat -interactive D:\school\sem7\EE365\lab5_fresh\lab5_fresh.sdk\temp_xsdb_launch_script.tcl
04:42:03 INFO  : XSCT server has started successfully.
04:42:03 INFO  : Successfully done setting XSCT server connection channel  
04:42:04 INFO  : Successfully done setting SDK workspace  
04:42:11 INFO  : Registering command handlers for SDK TCF services
04:42:11 INFO  : Processing command line option -hwspec D:/school/sem7/EE365/lab5_fresh/lab5_fresh.sdk/design_1_wrapper.hdf.
04:42:12 INFO  : Checking for hwspec changes in the project design_1_wrapper_hw_platform_0.
04:42:41 INFO  : Connected to target on host '127.0.0.1' and port '3121'.
04:42:42 INFO  : 'targets -set -filter {jtag_cable_name =~ "JTAG-ONB4 251633007573A" && level==0} -index 1' command is executed.
04:42:43 INFO  : FPGA configured successfully with bitstream "D:/school/sem7/EE365/lab5_fresh/lab5_fresh.sdk/design_1_wrapper_hw_platform_0/design_1_wrapper.bit"
04:42:55 INFO  : 'targets -set -filter {jtag_cable_name =~ "JTAG-ONB4 251633007573A" && level==0} -index 1' command is executed.
04:42:55 INFO  : 'fpga -state' command is executed.
04:42:55 INFO  : Connected to target on host '127.0.0.1' and port '3121'.
04:42:55 INFO  : Jtag cable 'JTAG-ONB4 251633007573A' is selected.
04:42:55 INFO  : 'jtag frequency' command is executed.
04:42:55 INFO  : Sourcing of 'D:/school/sem7/EE365/lab5_fresh/lab5_fresh.sdk/design_1_wrapper_hw_platform_0/ps7_init.tcl' is done.
04:42:55 INFO  : Context for 'APU' is selected.
04:42:55 INFO  : Hardware design information is loaded from 'D:/school/sem7/EE365/lab5_fresh/lab5_fresh.sdk/design_1_wrapper_hw_platform_0/system.hdf'.
04:42:55 INFO  : 'configparams force-mem-access 1' command is executed.
04:42:55 INFO  : Context for 'APU' is selected.
04:42:55 INFO  : 'stop' command is executed.
04:42:55 INFO  : 'ps7_init' command is executed.
04:42:55 INFO  : 'ps7_post_config' command is executed.
04:42:55 INFO  : Context for processor 'ps7_cortexa9_0' is selected.
04:42:55 INFO  : Processor reset is completed for 'ps7_cortexa9_0'.
04:42:55 INFO  : Context for processor 'ps7_cortexa9_0' is selected.
04:42:55 INFO  : The application 'D:/school/sem7/EE365/lab5_fresh/lab5_fresh.sdk/hw/Debug/hw.elf' is downloaded to processor 'ps7_cortexa9_0'.
04:42:55 INFO  : 'configparams force-mem-access 0' command is executed.
04:42:55 INFO  : ----------------XSDB Script----------------
connect -url tcp:127.0.0.1:3121
source D:/school/sem7/EE365/lab5_fresh/lab5_fresh.sdk/design_1_wrapper_hw_platform_0/ps7_init.tcl
targets -set -nocase -filter {name =~"APU*" && jtag_cable_name =~ "JTAG-ONB4 251633007573A"} -index 0
loadhw -hw D:/school/sem7/EE365/lab5_fresh/lab5_fresh.sdk/design_1_wrapper_hw_platform_0/system.hdf -mem-ranges [list {0x40000000 0xbfffffff}]
configparams force-mem-access 1
targets -set -nocase -filter {name =~"APU*" && jtag_cable_name =~ "JTAG-ONB4 251633007573A"} -index 0
stop
ps7_init
ps7_post_config
targets -set -nocase -filter {name =~ "ARM*#0" && jtag_cable_name =~ "JTAG-ONB4 251633007573A"} -index 0
rst -processor
targets -set -nocase -filter {name =~ "ARM*#0" && jtag_cable_name =~ "JTAG-ONB4 251633007573A"} -index 0
dow D:/school/sem7/EE365/lab5_fresh/lab5_fresh.sdk/hw/Debug/hw.elf
configparams force-mem-access 0
----------------End of Script----------------

04:42:56 INFO  : Memory regions updated for context APU
04:42:56 INFO  : Context for processor 'ps7_cortexa9_0' is selected.
04:42:56 INFO  : 'con' command is executed.
04:42:56 INFO  : ----------------XSDB Script (After Launch)----------------
targets -set -nocase -filter {name =~ "ARM*#0" && jtag_cable_name =~ "JTAG-ONB4 251633007573A"} -index 0
con
----------------End of Script----------------

04:42:56 INFO  : Launch script is exported to file 'D:\school\sem7\EE365\lab5_fresh\lab5_fresh.sdk\.sdk\launch_scripts\xilinx_c-c++_application_(system_debugger)\system_debugger_using_debug_hw.elf_on_local.tcl'
04:52:37 INFO  : Connected to target on host '127.0.0.1' and port '3121'.
04:52:37 INFO  : 'targets -set -filter {jtag_cable_name =~ "JTAG-ONB4 251633007573A" && level==0} -index 1' command is executed.
04:52:38 INFO  : FPGA configured successfully with bitstream "D:/school/sem7/EE365/lab5_fresh/lab5_fresh.sdk/design_1_wrapper_hw_platform_0/design_1_wrapper.bit"
04:52:54 INFO  : Disconnected from the channel tcfchan#1.
04:52:55 INFO  : 'targets -set -filter {jtag_cable_name =~ "JTAG-ONB4 251633007573A" && level==0} -index 1' command is executed.
04:52:55 INFO  : 'fpga -state' command is executed.
04:52:55 INFO  : Connected to target on host '127.0.0.1' and port '3121'.
04:52:56 INFO  : Jtag cable 'JTAG-ONB4 251633007573A' is selected.
04:52:56 INFO  : 'jtag frequency' command is executed.
04:52:56 INFO  : Sourcing of 'D:/school/sem7/EE365/lab5_fresh/lab5_fresh.sdk/design_1_wrapper_hw_platform_0/ps7_init.tcl' is done.
04:52:56 INFO  : Context for 'APU' is selected.
04:52:57 INFO  : Hardware design information is loaded from 'D:/school/sem7/EE365/lab5_fresh/lab5_fresh.sdk/design_1_wrapper_hw_platform_0/system.hdf'.
04:52:57 INFO  : 'configparams force-mem-access 1' command is executed.
04:52:57 INFO  : Context for 'APU' is selected.
04:52:57 INFO  : 'stop' command is executed.
04:52:57 INFO  : 'ps7_init' command is executed.
04:52:57 INFO  : 'ps7_post_config' command is executed.
04:52:57 INFO  : Context for processor 'ps7_cortexa9_0' is selected.
04:52:57 INFO  : Processor reset is completed for 'ps7_cortexa9_0'.
04:52:57 INFO  : Context for processor 'ps7_cortexa9_0' is selected.
04:52:57 INFO  : The application 'D:/school/sem7/EE365/lab5_fresh/lab5_fresh.sdk/hw/Debug/hw.elf' is downloaded to processor 'ps7_cortexa9_0'.
04:52:57 INFO  : 'configparams force-mem-access 0' command is executed.
04:52:57 INFO  : ----------------XSDB Script----------------
connect -url tcp:127.0.0.1:3121
source D:/school/sem7/EE365/lab5_fresh/lab5_fresh.sdk/design_1_wrapper_hw_platform_0/ps7_init.tcl
targets -set -nocase -filter {name =~"APU*" && jtag_cable_name =~ "JTAG-ONB4 251633007573A"} -index 0
loadhw -hw D:/school/sem7/EE365/lab5_fresh/lab5_fresh.sdk/design_1_wrapper_hw_platform_0/system.hdf -mem-ranges [list {0x40000000 0xbfffffff}]
configparams force-mem-access 1
targets -set -nocase -filter {name =~"APU*" && jtag_cable_name =~ "JTAG-ONB4 251633007573A"} -index 0
stop
ps7_init
ps7_post_config
targets -set -nocase -filter {name =~ "ARM*#0" && jtag_cable_name =~ "JTAG-ONB4 251633007573A"} -index 0
rst -processor
targets -set -nocase -filter {name =~ "ARM*#0" && jtag_cable_name =~ "JTAG-ONB4 251633007573A"} -index 0
dow D:/school/sem7/EE365/lab5_fresh/lab5_fresh.sdk/hw/Debug/hw.elf
configparams force-mem-access 0
----------------End of Script----------------

04:52:57 INFO  : Memory regions updated for context APU
04:52:57 INFO  : Context for processor 'ps7_cortexa9_0' is selected.
04:52:57 INFO  : 'con' command is executed.
04:52:57 INFO  : ----------------XSDB Script (After Launch)----------------
targets -set -nocase -filter {name =~ "ARM*#0" && jtag_cable_name =~ "JTAG-ONB4 251633007573A"} -index 0
con
----------------End of Script----------------

04:52:57 INFO  : Launch script is exported to file 'D:\school\sem7\EE365\lab5_fresh\lab5_fresh.sdk\.sdk\launch_scripts\xilinx_c-c++_application_(system_debugger)\system_debugger_using_debug_hw.elf_on_local.tcl'
06:06:53 INFO  : Connected to target on host '127.0.0.1' and port '3121'.
06:06:53 INFO  : 'targets -set -filter {jtag_cable_name =~ "JTAG-ONB4 251633007573A" && level==0} -index 1' command is executed.
06:06:54 INFO  : FPGA configured successfully with bitstream "D:/school/sem7/EE365/lab5_fresh/lab5_fresh.sdk/design_1_wrapper_hw_platform_0/design_1_wrapper.bit"
06:07:06 INFO  : Disconnected from the channel tcfchan#2.
06:07:07 INFO  : 'targets -set -filter {jtag_cable_name =~ "JTAG-ONB4 251633007573A" && level==0} -index 1' command is executed.
06:07:07 INFO  : 'fpga -state' command is executed.
06:07:07 INFO  : Connected to target on host '127.0.0.1' and port '3121'.
06:07:07 INFO  : Jtag cable 'JTAG-ONB4 251633007573A' is selected.
06:07:07 INFO  : 'jtag frequency' command is executed.
06:07:07 INFO  : Sourcing of 'D:/school/sem7/EE365/lab5_fresh/lab5_fresh.sdk/design_1_wrapper_hw_platform_0/ps7_init.tcl' is done.
06:07:07 INFO  : Context for 'APU' is selected.
06:07:08 INFO  : Hardware design information is loaded from 'D:/school/sem7/EE365/lab5_fresh/lab5_fresh.sdk/design_1_wrapper_hw_platform_0/system.hdf'.
06:07:08 INFO  : 'configparams force-mem-access 1' command is executed.
06:07:08 INFO  : Context for 'APU' is selected.
06:07:08 INFO  : 'stop' command is executed.
06:07:08 INFO  : 'ps7_init' command is executed.
06:07:08 INFO  : 'ps7_post_config' command is executed.
06:07:09 INFO  : Context for processor 'ps7_cortexa9_0' is selected.
06:07:09 INFO  : Processor reset is completed for 'ps7_cortexa9_0'.
06:07:09 INFO  : Context for processor 'ps7_cortexa9_0' is selected.
06:07:09 INFO  : The application 'D:/school/sem7/EE365/lab5_fresh/lab5_fresh.sdk/hw/Debug/hw.elf' is downloaded to processor 'ps7_cortexa9_0'.
06:07:09 INFO  : 'configparams force-mem-access 0' command is executed.
06:07:09 INFO  : ----------------XSDB Script----------------
connect -url tcp:127.0.0.1:3121
source D:/school/sem7/EE365/lab5_fresh/lab5_fresh.sdk/design_1_wrapper_hw_platform_0/ps7_init.tcl
targets -set -nocase -filter {name =~"APU*" && jtag_cable_name =~ "JTAG-ONB4 251633007573A"} -index 0
loadhw -hw D:/school/sem7/EE365/lab5_fresh/lab5_fresh.sdk/design_1_wrapper_hw_platform_0/system.hdf -mem-ranges [list {0x40000000 0xbfffffff}]
configparams force-mem-access 1
targets -set -nocase -filter {name =~"APU*" && jtag_cable_name =~ "JTAG-ONB4 251633007573A"} -index 0
stop
ps7_init
ps7_post_config
targets -set -nocase -filter {name =~ "ARM*#0" && jtag_cable_name =~ "JTAG-ONB4 251633007573A"} -index 0
rst -processor
targets -set -nocase -filter {name =~ "ARM*#0" && jtag_cable_name =~ "JTAG-ONB4 251633007573A"} -index 0
dow D:/school/sem7/EE365/lab5_fresh/lab5_fresh.sdk/hw/Debug/hw.elf
configparams force-mem-access 0
----------------End of Script----------------

06:07:09 INFO  : Memory regions updated for context APU
06:07:09 INFO  : Context for processor 'ps7_cortexa9_0' is selected.
06:07:09 INFO  : 'con' command is executed.
06:07:09 INFO  : ----------------XSDB Script (After Launch)----------------
targets -set -nocase -filter {name =~ "ARM*#0" && jtag_cable_name =~ "JTAG-ONB4 251633007573A"} -index 0
con
----------------End of Script----------------

06:07:09 INFO  : Launch script is exported to file 'D:\school\sem7\EE365\lab5_fresh\lab5_fresh.sdk\.sdk\launch_scripts\xilinx_c-c++_application_(system_debugger)\system_debugger_using_debug_hw.elf_on_local.tcl'
06:46:06 INFO  : Connected to target on host '127.0.0.1' and port '3121'.
06:46:06 INFO  : 'targets -set -filter {jtag_cable_name =~ "JTAG-ONB4 251633007573A" && level==0} -index 1' command is executed.
06:46:07 INFO  : FPGA configured successfully with bitstream "D:/school/sem7/EE365/lab5_fresh/lab5_fresh.sdk/design_1_wrapper_hw_platform_0/design_1_wrapper.bit"
06:46:18 INFO  : Disconnected from the channel tcfchan#3.
06:46:19 INFO  : 'targets -set -filter {jtag_cable_name =~ "JTAG-ONB4 251633007573A" && level==0} -index 1' command is executed.
06:46:19 INFO  : 'fpga -state' command is executed.
06:46:19 INFO  : Connected to target on host '127.0.0.1' and port '3121'.
06:46:19 INFO  : Jtag cable 'JTAG-ONB4 251633007573A' is selected.
06:46:19 INFO  : 'jtag frequency' command is executed.
06:46:19 INFO  : Sourcing of 'D:/school/sem7/EE365/lab5_fresh/lab5_fresh.sdk/design_1_wrapper_hw_platform_0/ps7_init.tcl' is done.
06:46:19 INFO  : Context for 'APU' is selected.
06:46:21 INFO  : Hardware design information is loaded from 'D:/school/sem7/EE365/lab5_fresh/lab5_fresh.sdk/design_1_wrapper_hw_platform_0/system.hdf'.
06:46:21 INFO  : 'configparams force-mem-access 1' command is executed.
06:46:21 INFO  : Context for 'APU' is selected.
06:46:21 INFO  : 'stop' command is executed.
06:46:21 INFO  : 'ps7_init' command is executed.
06:46:21 INFO  : 'ps7_post_config' command is executed.
06:46:21 INFO  : Context for processor 'ps7_cortexa9_0' is selected.
06:46:21 INFO  : Processor reset is completed for 'ps7_cortexa9_0'.
06:46:21 INFO  : Context for processor 'ps7_cortexa9_0' is selected.
06:46:21 INFO  : The application 'D:/school/sem7/EE365/lab5_fresh/lab5_fresh.sdk/hw/Debug/hw.elf' is downloaded to processor 'ps7_cortexa9_0'.
06:46:21 INFO  : 'configparams force-mem-access 0' command is executed.
06:46:21 INFO  : ----------------XSDB Script----------------
connect -url tcp:127.0.0.1:3121
source D:/school/sem7/EE365/lab5_fresh/lab5_fresh.sdk/design_1_wrapper_hw_platform_0/ps7_init.tcl
targets -set -nocase -filter {name =~"APU*" && jtag_cable_name =~ "JTAG-ONB4 251633007573A"} -index 0
loadhw -hw D:/school/sem7/EE365/lab5_fresh/lab5_fresh.sdk/design_1_wrapper_hw_platform_0/system.hdf -mem-ranges [list {0x40000000 0xbfffffff}]
configparams force-mem-access 1
targets -set -nocase -filter {name =~"APU*" && jtag_cable_name =~ "JTAG-ONB4 251633007573A"} -index 0
stop
ps7_init
ps7_post_config
targets -set -nocase -filter {name =~ "ARM*#0" && jtag_cable_name =~ "JTAG-ONB4 251633007573A"} -index 0
rst -processor
targets -set -nocase -filter {name =~ "ARM*#0" && jtag_cable_name =~ "JTAG-ONB4 251633007573A"} -index 0
dow D:/school/sem7/EE365/lab5_fresh/lab5_fresh.sdk/hw/Debug/hw.elf
configparams force-mem-access 0
----------------End of Script----------------

06:46:21 INFO  : Memory regions updated for context APU
06:46:22 INFO  : Context for processor 'ps7_cortexa9_0' is selected.
06:46:22 INFO  : 'con' command is executed.
06:46:22 INFO  : ----------------XSDB Script (After Launch)----------------
targets -set -nocase -filter {name =~ "ARM*#0" && jtag_cable_name =~ "JTAG-ONB4 251633007573A"} -index 0
con
----------------End of Script----------------

06:46:22 INFO  : Launch script is exported to file 'D:\school\sem7\EE365\lab5_fresh\lab5_fresh.sdk\.sdk\launch_scripts\xilinx_c-c++_application_(system_debugger)\system_debugger_using_debug_hw.elf_on_local.tcl'
06:52:11 INFO  : Disconnected from the channel tcfchan#4.
12:40:30 INFO  : Launching XSCT server: xsct.bat -interactive D:\school\sem7\EE365\lab5_fresh\lab5_fresh.sdk\temp_xsdb_launch_script.tcl
12:40:34 INFO  : XSCT server has started successfully.
12:40:34 INFO  : Successfully done setting XSCT server connection channel  
12:40:35 INFO  : Successfully done setting SDK workspace  
12:40:42 INFO  : Registering command handlers for SDK TCF services
12:40:42 INFO  : Processing command line option -hwspec D:/school/sem7/EE365/lab5_fresh/lab5_fresh.sdk/design_1_wrapper.hdf.
12:40:43 INFO  : Checking for hwspec changes in the project design_1_wrapper_hw_platform_0.
12:40:56 INFO  : Connected to target on host '127.0.0.1' and port '3121'.
12:40:57 INFO  : 'targets -set -filter {jtag_cable_name =~ "JTAG-ONB4 251633007573A" && level==0} -index 1' command is executed.
12:40:58 INFO  : FPGA configured successfully with bitstream "D:/school/sem7/EE365/lab5_fresh/lab5_fresh.sdk/design_1_wrapper_hw_platform_0/design_1_wrapper.bit"
12:41:19 INFO  : 'targets -set -filter {jtag_cable_name =~ "JTAG-ONB4 251633007573A" && level==0} -index 1' command is executed.
12:41:19 INFO  : 'fpga -state' command is executed.
12:41:19 INFO  : Connected to target on host '127.0.0.1' and port '3121'.
12:41:19 INFO  : Jtag cable 'JTAG-ONB4 251633007573A' is selected.
12:41:19 INFO  : 'jtag frequency' command is executed.
12:41:19 INFO  : Sourcing of 'D:/school/sem7/EE365/lab5_fresh/lab5_fresh.sdk/design_1_wrapper_hw_platform_0/ps7_init.tcl' is done.
12:41:19 INFO  : Context for 'APU' is selected.
12:41:19 INFO  : Hardware design information is loaded from 'D:/school/sem7/EE365/lab5_fresh/lab5_fresh.sdk/design_1_wrapper_hw_platform_0/system.hdf'.
12:41:19 INFO  : 'configparams force-mem-access 1' command is executed.
12:41:19 INFO  : Context for 'APU' is selected.
12:41:19 INFO  : 'stop' command is executed.
12:41:19 INFO  : 'ps7_init' command is executed.
12:41:19 INFO  : 'ps7_post_config' command is executed.
12:41:19 INFO  : Context for processor 'ps7_cortexa9_0' is selected.
12:41:20 INFO  : Processor reset is completed for 'ps7_cortexa9_0'.
12:41:20 INFO  : Context for processor 'ps7_cortexa9_0' is selected.
12:41:20 INFO  : The application 'D:/school/sem7/EE365/lab5_fresh/lab5_fresh.sdk/hw/Debug/hw.elf' is downloaded to processor 'ps7_cortexa9_0'.
12:41:20 INFO  : 'configparams force-mem-access 0' command is executed.
12:41:20 INFO  : ----------------XSDB Script----------------
connect -url tcp:127.0.0.1:3121
source D:/school/sem7/EE365/lab5_fresh/lab5_fresh.sdk/design_1_wrapper_hw_platform_0/ps7_init.tcl
targets -set -nocase -filter {name =~"APU*" && jtag_cable_name =~ "JTAG-ONB4 251633007573A"} -index 0
loadhw -hw D:/school/sem7/EE365/lab5_fresh/lab5_fresh.sdk/design_1_wrapper_hw_platform_0/system.hdf -mem-ranges [list {0x40000000 0xbfffffff}]
configparams force-mem-access 1
targets -set -nocase -filter {name =~"APU*" && jtag_cable_name =~ "JTAG-ONB4 251633007573A"} -index 0
stop
ps7_init
ps7_post_config
targets -set -nocase -filter {name =~ "ARM*#0" && jtag_cable_name =~ "JTAG-ONB4 251633007573A"} -index 0
rst -processor
targets -set -nocase -filter {name =~ "ARM*#0" && jtag_cable_name =~ "JTAG-ONB4 251633007573A"} -index 0
dow D:/school/sem7/EE365/lab5_fresh/lab5_fresh.sdk/hw/Debug/hw.elf
configparams force-mem-access 0
----------------End of Script----------------

12:41:20 INFO  : Memory regions updated for context APU
12:41:20 INFO  : Context for processor 'ps7_cortexa9_0' is selected.
12:41:20 INFO  : 'con' command is executed.
12:41:20 INFO  : ----------------XSDB Script (After Launch)----------------
targets -set -nocase -filter {name =~ "ARM*#0" && jtag_cable_name =~ "JTAG-ONB4 251633007573A"} -index 0
con
----------------End of Script----------------

12:41:20 INFO  : Launch script is exported to file 'D:\school\sem7\EE365\lab5_fresh\lab5_fresh.sdk\.sdk\launch_scripts\xilinx_c-c++_application_(system_debugger)\system_debugger_using_debug_hw.elf_on_local.tcl'
12:44:05 INFO  : Connected to target on host '127.0.0.1' and port '3121'.
12:44:05 INFO  : 'targets -set -filter {jtag_cable_name =~ "JTAG-ONB4 251633007573A" && level==0} -index 1' command is executed.
12:44:06 INFO  : FPGA configured successfully with bitstream "D:/school/sem7/EE365/lab5_fresh/lab5_fresh.sdk/design_1_wrapper_hw_platform_0/design_1_wrapper.bit"
12:44:16 INFO  : Disconnected from the channel tcfchan#1.
12:44:17 INFO  : 'targets -set -filter {jtag_cable_name =~ "JTAG-ONB4 251633007573A" && level==0} -index 1' command is executed.
12:44:17 INFO  : 'fpga -state' command is executed.
12:44:17 INFO  : Connected to target on host '127.0.0.1' and port '3121'.
12:44:17 INFO  : Jtag cable 'JTAG-ONB4 251633007573A' is selected.
12:44:17 INFO  : 'jtag frequency' command is executed.
12:44:17 INFO  : Sourcing of 'D:/school/sem7/EE365/lab5_fresh/lab5_fresh.sdk/design_1_wrapper_hw_platform_0/ps7_init.tcl' is done.
12:44:17 INFO  : Context for 'APU' is selected.
12:44:19 INFO  : Hardware design information is loaded from 'D:/school/sem7/EE365/lab5_fresh/lab5_fresh.sdk/design_1_wrapper_hw_platform_0/system.hdf'.
12:44:19 INFO  : 'configparams force-mem-access 1' command is executed.
12:44:19 INFO  : Context for 'APU' is selected.
12:44:19 INFO  : 'stop' command is executed.
12:44:19 INFO  : 'ps7_init' command is executed.
12:44:19 INFO  : 'ps7_post_config' command is executed.
12:44:19 INFO  : Context for processor 'ps7_cortexa9_0' is selected.
12:44:19 INFO  : Processor reset is completed for 'ps7_cortexa9_0'.
12:44:19 INFO  : Context for processor 'ps7_cortexa9_0' is selected.
12:44:19 INFO  : The application 'D:/school/sem7/EE365/lab5_fresh/lab5_fresh.sdk/hw/Debug/hw.elf' is downloaded to processor 'ps7_cortexa9_0'.
12:44:19 INFO  : 'configparams force-mem-access 0' command is executed.
12:44:19 INFO  : ----------------XSDB Script----------------
connect -url tcp:127.0.0.1:3121
source D:/school/sem7/EE365/lab5_fresh/lab5_fresh.sdk/design_1_wrapper_hw_platform_0/ps7_init.tcl
targets -set -nocase -filter {name =~"APU*" && jtag_cable_name =~ "JTAG-ONB4 251633007573A"} -index 0
loadhw -hw D:/school/sem7/EE365/lab5_fresh/lab5_fresh.sdk/design_1_wrapper_hw_platform_0/system.hdf -mem-ranges [list {0x40000000 0xbfffffff}]
configparams force-mem-access 1
targets -set -nocase -filter {name =~"APU*" && jtag_cable_name =~ "JTAG-ONB4 251633007573A"} -index 0
stop
ps7_init
ps7_post_config
targets -set -nocase -filter {name =~ "ARM*#0" && jtag_cable_name =~ "JTAG-ONB4 251633007573A"} -index 0
rst -processor
targets -set -nocase -filter {name =~ "ARM*#0" && jtag_cable_name =~ "JTAG-ONB4 251633007573A"} -index 0
dow D:/school/sem7/EE365/lab5_fresh/lab5_fresh.sdk/hw/Debug/hw.elf
configparams force-mem-access 0
----------------End of Script----------------

12:44:20 INFO  : Memory regions updated for context APU
12:44:20 INFO  : Context for processor 'ps7_cortexa9_0' is selected.
12:44:20 INFO  : 'con' command is executed.
12:44:20 INFO  : ----------------XSDB Script (After Launch)----------------
targets -set -nocase -filter {name =~ "ARM*#0" && jtag_cable_name =~ "JTAG-ONB4 251633007573A"} -index 0
con
----------------End of Script----------------

12:44:20 INFO  : Launch script is exported to file 'D:\school\sem7\EE365\lab5_fresh\lab5_fresh.sdk\.sdk\launch_scripts\xilinx_c-c++_application_(system_debugger)\system_debugger_using_debug_hw.elf_on_local.tcl'
14:36:56 INFO  : Disconnected from the channel tcfchan#2.
18:49:08 INFO  : Launching XSCT server: xsct.bat -interactive D:\school\sem7\EE365\lab5_fresh\lab5_fresh.sdk\temp_xsdb_launch_script.tcl
18:49:12 INFO  : XSCT server has started successfully.
18:49:12 INFO  : Successfully done setting XSCT server connection channel  
18:49:13 INFO  : Successfully done setting SDK workspace  
18:49:21 INFO  : Registering command handlers for SDK TCF services
18:49:21 INFO  : Processing command line option -hwspec D:/school/sem7/EE365/lab5_fresh/lab5_fresh.sdk/design_1_wrapper.hdf.
18:49:21 INFO  : Checking for hwspec changes in the project design_1_wrapper_hw_platform_0.
18:49:32 INFO  : Connected to target on host '127.0.0.1' and port '3121'.
18:49:32 INFO  : 'targets -set -filter {jtag_cable_name =~ "JTAG-ONB4 251633007573A" && level==0} -index 1' command is executed.
18:49:33 INFO  : FPGA configured successfully with bitstream "D:/school/sem7/EE365/lab5_fresh/lab5_fresh.sdk/design_1_wrapper_hw_platform_0/design_1_wrapper.bit"
18:49:46 INFO  : 'targets -set -filter {jtag_cable_name =~ "JTAG-ONB4 251633007573A" && level==0} -index 1' command is executed.
18:49:46 INFO  : 'fpga -state' command is executed.
18:49:46 INFO  : Connected to target on host '127.0.0.1' and port '3121'.
18:49:46 INFO  : Jtag cable 'JTAG-ONB4 251633007573A' is selected.
18:49:46 INFO  : 'jtag frequency' command is executed.
18:49:46 INFO  : Sourcing of 'D:/school/sem7/EE365/lab5_fresh/lab5_fresh.sdk/design_1_wrapper_hw_platform_0/ps7_init.tcl' is done.
18:49:46 INFO  : Context for 'APU' is selected.
18:49:46 INFO  : Hardware design information is loaded from 'D:/school/sem7/EE365/lab5_fresh/lab5_fresh.sdk/design_1_wrapper_hw_platform_0/system.hdf'.
18:49:46 INFO  : 'configparams force-mem-access 1' command is executed.
18:49:46 INFO  : Context for 'APU' is selected.
18:49:47 INFO  : 'stop' command is executed.
18:49:47 INFO  : 'ps7_init' command is executed.
18:49:47 INFO  : 'ps7_post_config' command is executed.
18:49:47 INFO  : Context for processor 'ps7_cortexa9_0' is selected.
18:49:47 INFO  : Processor reset is completed for 'ps7_cortexa9_0'.
18:49:47 INFO  : Context for processor 'ps7_cortexa9_0' is selected.
18:49:47 INFO  : The application 'D:/school/sem7/EE365/lab5_fresh/lab5_fresh.sdk/hw/Debug/hw.elf' is downloaded to processor 'ps7_cortexa9_0'.
18:49:47 INFO  : 'configparams force-mem-access 0' command is executed.
18:49:47 INFO  : ----------------XSDB Script----------------
connect -url tcp:127.0.0.1:3121
source D:/school/sem7/EE365/lab5_fresh/lab5_fresh.sdk/design_1_wrapper_hw_platform_0/ps7_init.tcl
targets -set -nocase -filter {name =~"APU*" && jtag_cable_name =~ "JTAG-ONB4 251633007573A"} -index 0
loadhw -hw D:/school/sem7/EE365/lab5_fresh/lab5_fresh.sdk/design_1_wrapper_hw_platform_0/system.hdf -mem-ranges [list {0x40000000 0xbfffffff}]
configparams force-mem-access 1
targets -set -nocase -filter {name =~"APU*" && jtag_cable_name =~ "JTAG-ONB4 251633007573A"} -index 0
stop
ps7_init
ps7_post_config
targets -set -nocase -filter {name =~ "ARM*#0" && jtag_cable_name =~ "JTAG-ONB4 251633007573A"} -index 0
rst -processor
targets -set -nocase -filter {name =~ "ARM*#0" && jtag_cable_name =~ "JTAG-ONB4 251633007573A"} -index 0
dow D:/school/sem7/EE365/lab5_fresh/lab5_fresh.sdk/hw/Debug/hw.elf
configparams force-mem-access 0
----------------End of Script----------------

18:49:47 INFO  : Memory regions updated for context APU
18:49:47 INFO  : Context for processor 'ps7_cortexa9_0' is selected.
18:49:47 INFO  : 'con' command is executed.
18:49:47 INFO  : ----------------XSDB Script (After Launch)----------------
targets -set -nocase -filter {name =~ "ARM*#0" && jtag_cable_name =~ "JTAG-ONB4 251633007573A"} -index 0
con
----------------End of Script----------------

18:49:47 INFO  : Launch script is exported to file 'D:\school\sem7\EE365\lab5_fresh\lab5_fresh.sdk\.sdk\launch_scripts\xilinx_c-c++_application_(system_debugger)\system_debugger_using_debug_hw.elf_on_local.tcl'
19:00:18 INFO  : Connected to target on host '127.0.0.1' and port '3121'.
19:00:18 INFO  : 'targets -set -filter {jtag_cable_name =~ "JTAG-ONB4 251633007573A" && level==0} -index 1' command is executed.
19:00:20 INFO  : FPGA configured successfully with bitstream "D:/school/sem7/EE365/lab5_fresh/lab5_fresh.sdk/design_1_wrapper_hw_platform_0/design_1_wrapper.bit"
19:00:33 INFO  : Disconnected from the channel tcfchan#1.
19:00:34 INFO  : 'targets -set -filter {jtag_cable_name =~ "JTAG-ONB4 251633007573A" && level==0} -index 1' command is executed.
19:00:34 INFO  : 'fpga -state' command is executed.
19:00:34 INFO  : Connected to target on host '127.0.0.1' and port '3121'.
19:00:34 INFO  : Jtag cable 'JTAG-ONB4 251633007573A' is selected.
19:00:34 INFO  : 'jtag frequency' command is executed.
19:00:34 INFO  : Sourcing of 'D:/school/sem7/EE365/lab5_fresh/lab5_fresh.sdk/design_1_wrapper_hw_platform_0/ps7_init.tcl' is done.
19:00:34 INFO  : Context for 'APU' is selected.
19:00:35 INFO  : Hardware design information is loaded from 'D:/school/sem7/EE365/lab5_fresh/lab5_fresh.sdk/design_1_wrapper_hw_platform_0/system.hdf'.
19:00:35 INFO  : 'configparams force-mem-access 1' command is executed.
19:00:35 INFO  : Context for 'APU' is selected.
19:00:35 INFO  : 'stop' command is executed.
19:00:36 INFO  : 'ps7_init' command is executed.
19:00:36 INFO  : 'ps7_post_config' command is executed.
19:00:36 INFO  : Context for processor 'ps7_cortexa9_0' is selected.
19:00:36 INFO  : Processor reset is completed for 'ps7_cortexa9_0'.
19:00:36 INFO  : Context for processor 'ps7_cortexa9_0' is selected.
19:00:36 INFO  : The application 'D:/school/sem7/EE365/lab5_fresh/lab5_fresh.sdk/hw/Debug/hw.elf' is downloaded to processor 'ps7_cortexa9_0'.
19:00:36 INFO  : 'configparams force-mem-access 0' command is executed.
19:00:36 INFO  : ----------------XSDB Script----------------
connect -url tcp:127.0.0.1:3121
source D:/school/sem7/EE365/lab5_fresh/lab5_fresh.sdk/design_1_wrapper_hw_platform_0/ps7_init.tcl
targets -set -nocase -filter {name =~"APU*" && jtag_cable_name =~ "JTAG-ONB4 251633007573A"} -index 0
loadhw -hw D:/school/sem7/EE365/lab5_fresh/lab5_fresh.sdk/design_1_wrapper_hw_platform_0/system.hdf -mem-ranges [list {0x40000000 0xbfffffff}]
configparams force-mem-access 1
targets -set -nocase -filter {name =~"APU*" && jtag_cable_name =~ "JTAG-ONB4 251633007573A"} -index 0
stop
ps7_init
ps7_post_config
targets -set -nocase -filter {name =~ "ARM*#0" && jtag_cable_name =~ "JTAG-ONB4 251633007573A"} -index 0
rst -processor
targets -set -nocase -filter {name =~ "ARM*#0" && jtag_cable_name =~ "JTAG-ONB4 251633007573A"} -index 0
dow D:/school/sem7/EE365/lab5_fresh/lab5_fresh.sdk/hw/Debug/hw.elf
configparams force-mem-access 0
----------------End of Script----------------

19:00:36 INFO  : Memory regions updated for context APU
19:00:36 INFO  : Context for processor 'ps7_cortexa9_0' is selected.
19:00:36 INFO  : 'con' command is executed.
19:00:36 INFO  : ----------------XSDB Script (After Launch)----------------
targets -set -nocase -filter {name =~ "ARM*#0" && jtag_cable_name =~ "JTAG-ONB4 251633007573A"} -index 0
con
----------------End of Script----------------

19:00:36 INFO  : Launch script is exported to file 'D:\school\sem7\EE365\lab5_fresh\lab5_fresh.sdk\.sdk\launch_scripts\xilinx_c-c++_application_(system_debugger)\system_debugger_using_debug_hw.elf_on_local.tcl'
19:43:09 INFO  : Disconnected from the channel tcfchan#2.
02:34:10 INFO  : Launching XSCT server: xsct.bat -interactive D:\My_DevOps\Fall_2022\EE365\EE365_Labs\lab5_fresh\lab5_fresh.sdk\temp_xsdb_launch_script.tcl
02:34:13 INFO  : XSCT server has started successfully.
02:34:16 INFO  : Successfully done setting XSCT server connection channel  
02:34:16 INFO  : Successfully done setting SDK workspace  
02:34:24 INFO  : Registering command handlers for SDK TCF services
02:34:24 INFO  : Processing command line option -hwspec D:/My_DevOps/Fall_2022/EE365/EE365_Labs/lab5_fresh/lab5_fresh.sdk/design_1_wrapper.hdf.
02:34:58 INFO  : Connected to target on host '127.0.0.1' and port '3121'.
02:34:59 INFO  : 'targets -set -filter {jtag_cable_name =~ "JTAG-ONB4 251633007573A" && level==0} -index 1' command is executed.
02:35:00 INFO  : FPGA configured successfully with bitstream "D:/My_DevOps/Fall_2022/EE365/EE365_Labs/lab5_fresh/lab5_fresh.sdk/design_1_wrapper_hw_platform_0/design_1_wrapper.bit"
02:35:13 INFO  : 'targets -set -filter {jtag_cable_name =~ "JTAG-ONB4 251633007573A" && level==0} -index 1' command is executed.
02:35:13 INFO  : 'fpga -state' command is executed.
02:35:13 INFO  : Connected to target on host '127.0.0.1' and port '3121'.
02:35:13 INFO  : Jtag cable 'JTAG-ONB4 251633007573A' is selected.
02:35:13 INFO  : 'jtag frequency' command is executed.
02:35:13 INFO  : Sourcing of 'D:/My_DevOps/Fall_2022/EE365/EE365_Labs/lab5_fresh/lab5_fresh.sdk/design_1_wrapper_hw_platform_0/ps7_init.tcl' is done.
02:35:13 INFO  : Context for 'APU' is selected.
02:35:13 INFO  : Hardware design information is loaded from 'D:/My_DevOps/Fall_2022/EE365/EE365_Labs/lab5_fresh/lab5_fresh.sdk/design_1_wrapper_hw_platform_0/system.hdf'.
02:35:13 INFO  : 'configparams force-mem-access 1' command is executed.
02:35:14 INFO  : Context for 'APU' is selected.
02:35:14 INFO  : 'stop' command is executed.
02:35:14 INFO  : 'ps7_init' command is executed.
02:35:14 INFO  : 'ps7_post_config' command is executed.
02:35:14 INFO  : Context for processor 'ps7_cortexa9_0' is selected.
02:35:14 INFO  : Processor reset is completed for 'ps7_cortexa9_0'.
02:35:14 INFO  : Context for processor 'ps7_cortexa9_0' is selected.
02:35:14 INFO  : The application 'D:/My_DevOps/Fall_2022/EE365/EE365_Labs/lab5_fresh/lab5_fresh.sdk/hw/Debug/hw.elf' is downloaded to processor 'ps7_cortexa9_0'.
02:35:14 INFO  : 'configparams force-mem-access 0' command is executed.
02:35:14 INFO  : ----------------XSDB Script----------------
connect -url tcp:127.0.0.1:3121
source D:/My_DevOps/Fall_2022/EE365/EE365_Labs/lab5_fresh/lab5_fresh.sdk/design_1_wrapper_hw_platform_0/ps7_init.tcl
targets -set -nocase -filter {name =~"APU*" && jtag_cable_name =~ "JTAG-ONB4 251633007573A"} -index 0
loadhw -hw D:/My_DevOps/Fall_2022/EE365/EE365_Labs/lab5_fresh/lab5_fresh.sdk/design_1_wrapper_hw_platform_0/system.hdf -mem-ranges [list {0x40000000 0xbfffffff}]
configparams force-mem-access 1
targets -set -nocase -filter {name =~"APU*" && jtag_cable_name =~ "JTAG-ONB4 251633007573A"} -index 0
stop
ps7_init
ps7_post_config
targets -set -nocase -filter {name =~ "ARM*#0" && jtag_cable_name =~ "JTAG-ONB4 251633007573A"} -index 0
rst -processor
targets -set -nocase -filter {name =~ "ARM*#0" && jtag_cable_name =~ "JTAG-ONB4 251633007573A"} -index 0
dow D:/My_DevOps/Fall_2022/EE365/EE365_Labs/lab5_fresh/lab5_fresh.sdk/hw/Debug/hw.elf
configparams force-mem-access 0
----------------End of Script----------------

02:35:14 INFO  : Memory regions updated for context APU
02:35:14 INFO  : Context for processor 'ps7_cortexa9_0' is selected.
02:35:15 INFO  : 'con' command is executed.
02:35:15 INFO  : ----------------XSDB Script (After Launch)----------------
targets -set -nocase -filter {name =~ "ARM*#0" && jtag_cable_name =~ "JTAG-ONB4 251633007573A"} -index 0
con
----------------End of Script----------------

02:35:15 INFO  : Launch script is exported to file 'D:\My_DevOps\Fall_2022\EE365\EE365_Labs\lab5_fresh\lab5_fresh.sdk\.sdk\launch_scripts\xilinx_c-c++_application_(system_debugger)\system_debugger_using_debug_hw.elf_on_local.tcl'
02:51:34 INFO  : Disconnected from the channel tcfchan#1.
02:51:35 INFO  : 'targets -set -filter {jtag_cable_name =~ "JTAG-ONB4 251633007573A" && level==0} -index 1' command is executed.
02:51:35 INFO  : 'fpga -state' command is executed.
02:51:41 INFO  : Connected to target on host '127.0.0.1' and port '3121'.
02:51:41 INFO  : Jtag cable 'JTAG-ONB4 251633007573A' is selected.
02:51:41 INFO  : 'jtag frequency' command is executed.
02:51:41 INFO  : Sourcing of 'D:/My_DevOps/Fall_2022/EE365/EE365_Labs/lab5_fresh/lab5_fresh.sdk/design_1_wrapper_hw_platform_0/ps7_init.tcl' is done.
02:51:41 INFO  : Context for 'APU' is selected.
02:51:42 INFO  : Hardware design information is loaded from 'D:/My_DevOps/Fall_2022/EE365/EE365_Labs/lab5_fresh/lab5_fresh.sdk/design_1_wrapper_hw_platform_0/system.hdf'.
02:51:42 INFO  : 'configparams force-mem-access 1' command is executed.
02:51:42 INFO  : Context for 'APU' is selected.
02:51:42 INFO  : 'stop' command is executed.
02:51:43 INFO  : 'ps7_init' command is executed.
02:51:43 INFO  : 'ps7_post_config' command is executed.
02:51:43 INFO  : Context for processor 'ps7_cortexa9_0' is selected.
02:51:43 INFO  : Processor reset is completed for 'ps7_cortexa9_0'.
02:51:43 INFO  : Context for processor 'ps7_cortexa9_0' is selected.
02:51:43 INFO  : The application 'D:/My_DevOps/Fall_2022/EE365/EE365_Labs/lab5_fresh/lab5_fresh.sdk/hw/Debug/hw.elf' is downloaded to processor 'ps7_cortexa9_0'.
02:51:43 INFO  : 'configparams force-mem-access 0' command is executed.
02:51:43 INFO  : ----------------XSDB Script----------------
connect -url tcp:127.0.0.1:3121
source D:/My_DevOps/Fall_2022/EE365/EE365_Labs/lab5_fresh/lab5_fresh.sdk/design_1_wrapper_hw_platform_0/ps7_init.tcl
targets -set -nocase -filter {name =~"APU*" && jtag_cable_name =~ "JTAG-ONB4 251633007573A"} -index 0
loadhw -hw D:/My_DevOps/Fall_2022/EE365/EE365_Labs/lab5_fresh/lab5_fresh.sdk/design_1_wrapper_hw_platform_0/system.hdf -mem-ranges [list {0x40000000 0xbfffffff}]
configparams force-mem-access 1
targets -set -nocase -filter {name =~"APU*" && jtag_cable_name =~ "JTAG-ONB4 251633007573A"} -index 0
stop
ps7_init
ps7_post_config
targets -set -nocase -filter {name =~ "ARM*#0" && jtag_cable_name =~ "JTAG-ONB4 251633007573A"} -index 0
rst -processor
targets -set -nocase -filter {name =~ "ARM*#0" && jtag_cable_name =~ "JTAG-ONB4 251633007573A"} -index 0
dow D:/My_DevOps/Fall_2022/EE365/EE365_Labs/lab5_fresh/lab5_fresh.sdk/hw/Debug/hw.elf
configparams force-mem-access 0
----------------End of Script----------------

02:51:43 INFO  : Memory regions updated for context APU
02:51:43 INFO  : Context for processor 'ps7_cortexa9_0' is selected.
02:51:43 INFO  : 'con' command is executed.
02:51:43 INFO  : ----------------XSDB Script (After Launch)----------------
targets -set -nocase -filter {name =~ "ARM*#0" && jtag_cable_name =~ "JTAG-ONB4 251633007573A"} -index 0
con
----------------End of Script----------------

02:51:43 INFO  : Launch script is exported to file 'D:\My_DevOps\Fall_2022\EE365\EE365_Labs\lab5_fresh\lab5_fresh.sdk\.sdk\launch_scripts\xilinx_c-c++_application_(system_debugger)\system_debugger_using_debug_hw.elf_on_local.tcl'
05:57:59 INFO  : Disconnected from the channel tcfchan#2.
05:58:01 INFO  : 'targets -set -filter {jtag_cable_name =~ "JTAG-ONB4 251633007573A" && level==0} -index 1' command is executed.
05:58:01 INFO  : 'fpga -state' command is executed.
05:58:02 INFO  : Connected to target on host '127.0.0.1' and port '3121'.
05:58:02 INFO  : Jtag cable 'JTAG-ONB4 251633007573A' is selected.
05:58:02 INFO  : 'jtag frequency' command is executed.
05:58:02 INFO  : Sourcing of 'D:/My_DevOps/Fall_2022/EE365/EE365_Labs/lab5_fresh/lab5_fresh.sdk/design_1_wrapper_hw_platform_0/ps7_init.tcl' is done.
05:58:02 INFO  : Context for 'APU' is selected.
05:58:02 INFO  : Hardware design information is loaded from 'D:/My_DevOps/Fall_2022/EE365/EE365_Labs/lab5_fresh/lab5_fresh.sdk/design_1_wrapper_hw_platform_0/system.hdf'.
05:58:02 INFO  : 'configparams force-mem-access 1' command is executed.
05:58:02 INFO  : Context for 'APU' is selected.
05:58:02 INFO  : 'stop' command is executed.
05:58:03 INFO  : 'ps7_init' command is executed.
05:58:03 INFO  : 'ps7_post_config' command is executed.
05:58:03 INFO  : Context for processor 'ps7_cortexa9_0' is selected.
05:58:03 INFO  : Processor reset is completed for 'ps7_cortexa9_0'.
05:58:03 INFO  : Context for processor 'ps7_cortexa9_0' is selected.
05:58:03 INFO  : The application 'D:/My_DevOps/Fall_2022/EE365/EE365_Labs/lab5_fresh/lab5_fresh.sdk/hw/Debug/hw.elf' is downloaded to processor 'ps7_cortexa9_0'.
05:58:03 INFO  : 'configparams force-mem-access 0' command is executed.
05:58:03 INFO  : ----------------XSDB Script----------------
connect -url tcp:127.0.0.1:3121
source D:/My_DevOps/Fall_2022/EE365/EE365_Labs/lab5_fresh/lab5_fresh.sdk/design_1_wrapper_hw_platform_0/ps7_init.tcl
targets -set -nocase -filter {name =~"APU*" && jtag_cable_name =~ "JTAG-ONB4 251633007573A"} -index 0
loadhw -hw D:/My_DevOps/Fall_2022/EE365/EE365_Labs/lab5_fresh/lab5_fresh.sdk/design_1_wrapper_hw_platform_0/system.hdf -mem-ranges [list {0x40000000 0xbfffffff}]
configparams force-mem-access 1
targets -set -nocase -filter {name =~"APU*" && jtag_cable_name =~ "JTAG-ONB4 251633007573A"} -index 0
stop
ps7_init
ps7_post_config
targets -set -nocase -filter {name =~ "ARM*#0" && jtag_cable_name =~ "JTAG-ONB4 251633007573A"} -index 0
rst -processor
targets -set -nocase -filter {name =~ "ARM*#0" && jtag_cable_name =~ "JTAG-ONB4 251633007573A"} -index 0
dow D:/My_DevOps/Fall_2022/EE365/EE365_Labs/lab5_fresh/lab5_fresh.sdk/hw/Debug/hw.elf
configparams force-mem-access 0
----------------End of Script----------------

05:58:03 INFO  : Memory regions updated for context APU
05:58:03 INFO  : Context for processor 'ps7_cortexa9_0' is selected.
05:58:03 INFO  : 'con' command is executed.
05:58:03 INFO  : ----------------XSDB Script (After Launch)----------------
targets -set -nocase -filter {name =~ "ARM*#0" && jtag_cable_name =~ "JTAG-ONB4 251633007573A"} -index 0
con
----------------End of Script----------------

05:58:03 INFO  : Launch script is exported to file 'D:\My_DevOps\Fall_2022\EE365\EE365_Labs\lab5_fresh\lab5_fresh.sdk\.sdk\launch_scripts\xilinx_c-c++_application_(system_debugger)\system_debugger_using_debug_hw.elf_on_local.tcl'
14:52:06 INFO  : Disconnected from the channel tcfchan#3.
15:40:23 INFO  : Launching XSCT server: xsct.bat -interactive D:\My_DevOps\Fall_2022\EE365\EE365_Labs\lab5_fresh\lab5_fresh.sdk\temp_xsdb_launch_script.tcl
15:40:26 INFO  : XSCT server has started successfully.
15:40:34 INFO  : Successfully done setting XSCT server connection channel  
15:40:34 INFO  : Successfully done setting SDK workspace  
15:40:35 INFO  : Registering command handlers for SDK TCF services
15:40:36 INFO  : Processing command line option -hwspec D:/My_DevOps/Fall_2022/EE365/EE365_Labs/lab5_fresh/lab5_fresh.sdk/design_1_wrapper.hdf.
15:40:36 INFO  : Checking for hwspec changes in the project design_1_wrapper_hw_platform_1.
15:40:53 INFO  : Connected to target on host '127.0.0.1' and port '3121'.
15:40:53 INFO  : 'targets -set -filter {jtag_cable_name =~ "JTAG-ONB4 251633007573A" && level==0} -index 1' command is executed.
15:40:55 INFO  : FPGA configured successfully with bitstream "D:/My_DevOps/Fall_2022/EE365/EE365_Labs/lab5_fresh/lab5_fresh.sdk/design_1_wrapper_hw_platform_0/design_1_wrapper.bit"
15:41:04 INFO  : 'targets -set -filter {jtag_cable_name =~ "JTAG-ONB4 251633007573A" && level==0} -index 1' command is executed.
15:41:04 INFO  : 'fpga -state' command is executed.
15:41:04 INFO  : Connected to target on host '127.0.0.1' and port '3121'.
15:41:05 INFO  : Jtag cable 'JTAG-ONB4 251633007573A' is selected.
15:41:05 INFO  : 'jtag frequency' command is executed.
15:41:05 INFO  : Sourcing of 'D:/My_DevOps/Fall_2022/EE365/EE365_Labs/lab5_fresh/lab5_fresh.sdk/design_1_wrapper_hw_platform_0/ps7_init.tcl' is done.
15:41:05 INFO  : Context for 'APU' is selected.
15:41:05 INFO  : Hardware design information is loaded from 'D:/My_DevOps/Fall_2022/EE365/EE365_Labs/lab5_fresh/lab5_fresh.sdk/design_1_wrapper_hw_platform_0/system.hdf'.
15:41:05 INFO  : 'configparams force-mem-access 1' command is executed.
15:41:05 INFO  : Context for 'APU' is selected.
15:41:05 INFO  : 'stop' command is executed.
15:41:05 INFO  : 'ps7_init' command is executed.
15:41:05 INFO  : 'ps7_post_config' command is executed.
15:41:05 INFO  : Context for processor 'ps7_cortexa9_0' is selected.
15:41:05 INFO  : Processor reset is completed for 'ps7_cortexa9_0'.
15:41:05 INFO  : Context for processor 'ps7_cortexa9_0' is selected.
15:41:05 INFO  : The application 'D:/My_DevOps/Fall_2022/EE365/EE365_Labs/lab5_fresh/lab5_fresh.sdk/hw/Debug/hw.elf' is downloaded to processor 'ps7_cortexa9_0'.
15:41:05 INFO  : 'configparams force-mem-access 0' command is executed.
15:41:05 INFO  : ----------------XSDB Script----------------
connect -url tcp:127.0.0.1:3121
source D:/My_DevOps/Fall_2022/EE365/EE365_Labs/lab5_fresh/lab5_fresh.sdk/design_1_wrapper_hw_platform_0/ps7_init.tcl
targets -set -nocase -filter {name =~"APU*" && jtag_cable_name =~ "JTAG-ONB4 251633007573A"} -index 0
loadhw -hw D:/My_DevOps/Fall_2022/EE365/EE365_Labs/lab5_fresh/lab5_fresh.sdk/design_1_wrapper_hw_platform_0/system.hdf -mem-ranges [list {0x40000000 0xbfffffff}]
configparams force-mem-access 1
targets -set -nocase -filter {name =~"APU*" && jtag_cable_name =~ "JTAG-ONB4 251633007573A"} -index 0
stop
ps7_init
ps7_post_config
targets -set -nocase -filter {name =~ "ARM*#0" && jtag_cable_name =~ "JTAG-ONB4 251633007573A"} -index 0
rst -processor
targets -set -nocase -filter {name =~ "ARM*#0" && jtag_cable_name =~ "JTAG-ONB4 251633007573A"} -index 0
dow D:/My_DevOps/Fall_2022/EE365/EE365_Labs/lab5_fresh/lab5_fresh.sdk/hw/Debug/hw.elf
configparams force-mem-access 0
----------------End of Script----------------

15:41:06 INFO  : Memory regions updated for context APU
15:41:06 INFO  : Context for processor 'ps7_cortexa9_0' is selected.
15:41:06 INFO  : 'con' command is executed.
15:41:06 INFO  : ----------------XSDB Script (After Launch)----------------
targets -set -nocase -filter {name =~ "ARM*#0" && jtag_cable_name =~ "JTAG-ONB4 251633007573A"} -index 0
con
----------------End of Script----------------

15:41:06 INFO  : Launch script is exported to file 'D:\My_DevOps\Fall_2022\EE365\EE365_Labs\lab5_fresh\lab5_fresh.sdk\.sdk\launch_scripts\xilinx_c-c++_application_(system_debugger)\system_debugger_using_debug_hw.elf_on_local.tcl'
22:04:10 INFO  : Disconnected from the channel tcfchan#1.
22:04:11 INFO  : 'targets -set -filter {jtag_cable_name =~ "JTAG-ONB4 251633007573A" && level==0} -index 1' command is executed.
22:04:11 INFO  : 'fpga -state' command is executed.
22:04:14 INFO  : Connected to target on host '127.0.0.1' and port '3121'.
22:04:15 INFO  : Jtag cable 'JTAG-ONB4 251633007573A' is selected.
22:04:15 INFO  : 'jtag frequency' command is executed.
22:04:15 INFO  : Sourcing of 'D:/My_DevOps/Fall_2022/EE365/EE365_Labs/lab5_fresh/lab5_fresh.sdk/design_1_wrapper_hw_platform_0/ps7_init.tcl' is done.
22:04:15 INFO  : Context for 'APU' is selected.
22:04:15 INFO  : Hardware design information is loaded from 'D:/My_DevOps/Fall_2022/EE365/EE365_Labs/lab5_fresh/lab5_fresh.sdk/design_1_wrapper_hw_platform_0/system.hdf'.
22:04:15 INFO  : 'configparams force-mem-access 1' command is executed.
22:04:15 INFO  : Context for 'APU' is selected.
22:04:15 INFO  : 'stop' command is executed.
22:04:15 ERROR : Memory read error at 0xF8007080. AHB AP transaction error, DAP status f0000021
22:04:15 INFO  : ----------------XSDB Script----------------
connect -url tcp:127.0.0.1:3121
source D:/My_DevOps/Fall_2022/EE365/EE365_Labs/lab5_fresh/lab5_fresh.sdk/design_1_wrapper_hw_platform_0/ps7_init.tcl
targets -set -nocase -filter {name =~"APU*" && jtag_cable_name =~ "JTAG-ONB4 251633007573A"} -index 0
loadhw -hw D:/My_DevOps/Fall_2022/EE365/EE365_Labs/lab5_fresh/lab5_fresh.sdk/design_1_wrapper_hw_platform_0/system.hdf -mem-ranges [list {0x40000000 0xbfffffff}]
configparams force-mem-access 1
targets -set -nocase -filter {name =~"APU*" && jtag_cable_name =~ "JTAG-ONB4 251633007573A"} -index 0
stop
ps7_init
----------------End of Script----------------

22:04:31 INFO  : 'targets -set -filter {jtag_cable_name =~ "JTAG-ONB4 251633007573A" && level==0} -index 1' command is executed.
22:04:31 INFO  : 'fpga -state' command is executed.
22:04:33 INFO  : Connected to target on host '127.0.0.1' and port '3121'.
22:04:33 INFO  : Jtag cable 'JTAG-ONB4 251633007573A' is selected.
22:04:33 INFO  : 'jtag frequency' command is executed.
22:04:33 INFO  : Sourcing of 'D:/My_DevOps/Fall_2022/EE365/EE365_Labs/lab5_fresh/lab5_fresh.sdk/design_1_wrapper_hw_platform_0/ps7_init.tcl' is done.
22:04:33 INFO  : Context for 'APU' is selected.
22:04:33 INFO  : Hardware design information is loaded from 'D:/My_DevOps/Fall_2022/EE365/EE365_Labs/lab5_fresh/lab5_fresh.sdk/design_1_wrapper_hw_platform_0/system.hdf'.
22:04:33 INFO  : 'configparams force-mem-access 1' command is executed.
22:04:33 INFO  : Context for 'APU' is selected.
22:04:33 INFO  : 'stop' command is executed.
22:04:34 INFO  : 'ps7_init' command is executed.
22:04:34 INFO  : 'ps7_post_config' command is executed.
22:04:34 INFO  : Context for processor 'ps7_cortexa9_0' is selected.
22:04:34 INFO  : Processor reset is completed for 'ps7_cortexa9_0'.
22:04:34 INFO  : Context for processor 'ps7_cortexa9_0' is selected.
22:04:34 INFO  : The application 'D:/My_DevOps/Fall_2022/EE365/EE365_Labs/lab5_fresh/lab5_fresh.sdk/hw/Debug/hw.elf' is downloaded to processor 'ps7_cortexa9_0'.
22:04:34 INFO  : 'configparams force-mem-access 0' command is executed.
22:04:34 INFO  : ----------------XSDB Script----------------
connect -url tcp:127.0.0.1:3121
source D:/My_DevOps/Fall_2022/EE365/EE365_Labs/lab5_fresh/lab5_fresh.sdk/design_1_wrapper_hw_platform_0/ps7_init.tcl
targets -set -nocase -filter {name =~"APU*" && jtag_cable_name =~ "JTAG-ONB4 251633007573A"} -index 0
loadhw -hw D:/My_DevOps/Fall_2022/EE365/EE365_Labs/lab5_fresh/lab5_fresh.sdk/design_1_wrapper_hw_platform_0/system.hdf -mem-ranges [list {0x40000000 0xbfffffff}]
configparams force-mem-access 1
targets -set -nocase -filter {name =~"APU*" && jtag_cable_name =~ "JTAG-ONB4 251633007573A"} -index 0
stop
ps7_init
ps7_post_config
targets -set -nocase -filter {name =~ "ARM*#0" && jtag_cable_name =~ "JTAG-ONB4 251633007573A"} -index 0
rst -processor
targets -set -nocase -filter {name =~ "ARM*#0" && jtag_cable_name =~ "JTAG-ONB4 251633007573A"} -index 0
dow D:/My_DevOps/Fall_2022/EE365/EE365_Labs/lab5_fresh/lab5_fresh.sdk/hw/Debug/hw.elf
configparams force-mem-access 0
----------------End of Script----------------

22:04:34 INFO  : Memory regions updated for context APU
22:04:34 INFO  : Context for processor 'ps7_cortexa9_0' is selected.
22:04:34 INFO  : 'con' command is executed.
22:04:34 INFO  : ----------------XSDB Script (After Launch)----------------
targets -set -nocase -filter {name =~ "ARM*#0" && jtag_cable_name =~ "JTAG-ONB4 251633007573A"} -index 0
con
----------------End of Script----------------

22:04:34 INFO  : Launch script is exported to file 'D:\My_DevOps\Fall_2022\EE365\EE365_Labs\lab5_fresh\lab5_fresh.sdk\.sdk\launch_scripts\xilinx_c-c++_application_(system_debugger)\system_debugger_using_debug_hw.elf_on_local.tcl'
22:10:52 INFO  : Disconnected from the channel tcfchan#2.
