
*** Running vivado
    with args -log FINAL_DIAGRAM_wrapper.vdi -applog -m64 -product Vivado -messageDb vivado.pb -mode batch -source FINAL_DIAGRAM_wrapper.tcl -notrace


****** Vivado v2019.1 (64-bit)
  **** SW Build 2552052 on Fri May 24 14:49:42 MDT 2019
  **** IP Build 2548770 on Fri May 24 18:01:18 MDT 2019
    ** Copyright 1986-2019 Xilinx, Inc. All Rights Reserved.

source FINAL_DIAGRAM_wrapper.tcl -notrace
INFO: [IP_Flow 19-234] Refreshing IP repositories
INFO: [IP_Flow 19-1704] No user IP repositories specified
INFO: [IP_Flow 19-2313] Loaded Vivado IP repository 'C:/Xilinx/Vivado/2019.1/data/ip'.
Command: link_design -top FINAL_DIAGRAM_wrapper -part xc7z010clg225-1
Design is defaulting to srcset: sources_1
Design is defaulting to constrset: constrs_1
INFO: [Device 21-403] Loading part xc7z010clg225-1
INFO: [Project 1-454] Reading design checkpoint 'd:/My_DevOps/Fall_2022/EE365/EE365_Labs/Lab5/Lab_5_7_Segment_Display.srcs/sources_1/bd/FINAL_DIAGRAM/ip/FINAL_DIAGRAM_Counter_Loader_0_0/FINAL_DIAGRAM_Counter_Loader_0_0.dcp' for cell 'FINAL_DIAGRAM_i/Counter_Loader_0'
INFO: [Project 1-454] Reading design checkpoint 'd:/My_DevOps/Fall_2022/EE365/EE365_Labs/Lab5/Lab_5_7_Segment_Display.srcs/sources_1/bd/FINAL_DIAGRAM/ip/FINAL_DIAGRAM_Reset_Delay_0_0/FINAL_DIAGRAM_Reset_Delay_0_0.dcp' for cell 'FINAL_DIAGRAM_i/Reset_Delay_0'
INFO: [Project 1-454] Reading design checkpoint 'd:/My_DevOps/Fall_2022/EE365/EE365_Labs/Lab5/Lab_5_7_Segment_Display.srcs/sources_1/bd/FINAL_DIAGRAM/ip/FINAL_DIAGRAM_TTL_Serial_user_logic_0_0/FINAL_DIAGRAM_TTL_Serial_user_logic_0_0.dcp' for cell 'FINAL_DIAGRAM_i/TTL_Serial_user_logic_0'
INFO: [Project 1-454] Reading design checkpoint 'd:/My_DevOps/Fall_2022/EE365/EE365_Labs/Lab5/Lab_5_7_Segment_Display.srcs/sources_1/bd/FINAL_DIAGRAM/ip/FINAL_DIAGRAM_btn_debounce_toggle_0_0/FINAL_DIAGRAM_btn_debounce_toggle_0_0.dcp' for cell 'FINAL_DIAGRAM_i/btn_debounce_toggle_0'
INFO: [Project 1-454] Reading design checkpoint 'd:/My_DevOps/Fall_2022/EE365/EE365_Labs/Lab5/Lab_5_7_Segment_Display.srcs/sources_1/bd/FINAL_DIAGRAM/ip/FINAL_DIAGRAM_btn_debounce_toggle_1_0/FINAL_DIAGRAM_btn_debounce_toggle_1_0.dcp' for cell 'FINAL_DIAGRAM_i/btn_debounce_toggle_1'
INFO: [Project 1-454] Reading design checkpoint 'd:/My_DevOps/Fall_2022/EE365/EE365_Labs/Lab5/Lab_5_7_Segment_Display.srcs/sources_1/bd/FINAL_DIAGRAM/ip/FINAL_DIAGRAM_btn_debounce_toggle_2_0/FINAL_DIAGRAM_btn_debounce_toggle_2_0.dcp' for cell 'FINAL_DIAGRAM_i/btn_debounce_toggle_2'
INFO: [Project 1-454] Reading design checkpoint 'd:/My_DevOps/Fall_2022/EE365/EE365_Labs/Lab5/Lab_5_7_Segment_Display.srcs/sources_1/bd/FINAL_DIAGRAM/ip/FINAL_DIAGRAM_out_LTU_0_0/FINAL_DIAGRAM_out_LTU_0_0.dcp' for cell 'FINAL_DIAGRAM_i/out_LTU_0'
INFO: [Project 1-454] Reading design checkpoint 'd:/My_DevOps/Fall_2022/EE365/EE365_Labs/Lab5/Lab_5_7_Segment_Display.srcs/sources_1/bd/FINAL_DIAGRAM/ip/FINAL_DIAGRAM_processing_system7_0_0/FINAL_DIAGRAM_processing_system7_0_0.dcp' for cell 'FINAL_DIAGRAM_i/processing_system7_0'
INFO: [Project 1-454] Reading design checkpoint 'd:/My_DevOps/Fall_2022/EE365/EE365_Labs/Lab5/Lab_5_7_Segment_Display.srcs/sources_1/bd/FINAL_DIAGRAM/ip/FINAL_DIAGRAM_univ_bin_counter_0_0/FINAL_DIAGRAM_univ_bin_counter_0_0.dcp' for cell 'FINAL_DIAGRAM_i/univ_bin_counter_0'
INFO: [Netlist 29-17] Analyzing 46 Unisim elements for replacement
INFO: [Netlist 29-28] Unisim Transformation completed in 0 CPU seconds
INFO: [Project 1-479] Netlist was created with Vivado 2019.1
INFO: [Project 1-570] Preparing netlist for logic optimization
Parsing XDC File [d:/My_DevOps/Fall_2022/EE365/EE365_Labs/Lab5/Lab_5_7_Segment_Display.srcs/sources_1/bd/FINAL_DIAGRAM/ip/FINAL_DIAGRAM_processing_system7_0_0/FINAL_DIAGRAM_processing_system7_0_0.xdc] for cell 'FINAL_DIAGRAM_i/processing_system7_0/inst'
Finished Parsing XDC File [d:/My_DevOps/Fall_2022/EE365/EE365_Labs/Lab5/Lab_5_7_Segment_Display.srcs/sources_1/bd/FINAL_DIAGRAM/ip/FINAL_DIAGRAM_processing_system7_0_0/FINAL_DIAGRAM_processing_system7_0_0.xdc] for cell 'FINAL_DIAGRAM_i/processing_system7_0/inst'
Parsing XDC File [D:/My_DevOps/Fall_2022/EE365/EE365_Labs/Lab5/Lab_5_7_Segment_Display.srcs/constrs_1/new/TE0726.xdc]
Finished Parsing XDC File [D:/My_DevOps/Fall_2022/EE365/EE365_Labs/Lab5/Lab_5_7_Segment_Display.srcs/constrs_1/new/TE0726.xdc]
INFO: [Opt 31-138] Pushed 0 inverter(s) to 0 load pin(s).
Netlist sorting complete. Time (s): cpu = 00:00:00 ; elapsed = 00:00:00 . Memory (MB): peak = 700.090 ; gain = 0.000
INFO: [Project 1-111] Unisim Transformation Summary:
No Unisim elements were transformed.

19 Infos, 0 Warnings, 0 Critical Warnings and 0 Errors encountered.
link_design completed successfully
link_design: Time (s): cpu = 00:00:04 ; elapsed = 00:00:15 . Memory (MB): peak = 700.090 ; gain = 399.598
Command: opt_design
Attempting to get a license for feature 'Implementation' and/or device 'xc7z010'
INFO: [Common 17-349] Got license for feature 'Implementation' and/or device 'xc7z010'
Running DRC as a precondition to command opt_design

Starting DRC Task
INFO: [DRC 23-27] Running DRC with 2 threads
INFO: [Project 1-461] DRC finished with 0 Errors
INFO: [Project 1-462] Please refer to the DRC report (report_drc) for more information.

Time (s): cpu = 00:00:01 ; elapsed = 00:00:00.593 . Memory (MB): peak = 723.012 ; gain = 22.922

Starting Cache Timing Information Task
INFO: [Timing 38-35] Done setting XDC timing constraints.
Ending Cache Timing Information Task | Checksum: 18a15318b

Time (s): cpu = 00:00:06 ; elapsed = 00:00:09 . Memory (MB): peak = 1230.375 ; gain = 507.363

Starting Logic Optimization Task

Phase 1 Retarget
INFO: [Opt 31-138] Pushed 0 inverter(s) to 0 load pin(s).
INFO: [Opt 31-49] Retargeted 0 cell(s).
Phase 1 Retarget | Checksum: 23d647651

Time (s): cpu = 00:00:00 ; elapsed = 00:00:00.053 . Memory (MB): peak = 1376.809 ; gain = 0.000
INFO: [Opt 31-389] Phase Retarget created 7 cells and removed 31 cells

Phase 2 Constant propagation
INFO: [Opt 31-138] Pushed 0 inverter(s) to 0 load pin(s).
Phase 2 Constant propagation | Checksum: 23d647651

Time (s): cpu = 00:00:00 ; elapsed = 00:00:00.063 . Memory (MB): peak = 1376.809 ; gain = 0.000
INFO: [Opt 31-389] Phase Constant propagation created 0 cells and removed 0 cells

Phase 3 Sweep
Phase 3 Sweep | Checksum: 209f95ebc

Time (s): cpu = 00:00:00 ; elapsed = 00:00:00.247 . Memory (MB): peak = 1376.809 ; gain = 0.000
INFO: [Opt 31-389] Phase Sweep created 0 cells and removed 94 cells

Phase 4 BUFG optimization
Phase 4 BUFG optimization | Checksum: 209f95ebc

Time (s): cpu = 00:00:00 ; elapsed = 00:00:00.261 . Memory (MB): peak = 1376.809 ; gain = 0.000
INFO: [Opt 31-662] Phase BUFG optimization created 0 cells of which 0 are BUFGs and removed 0 cells.

Phase 5 Shift Register Optimization
INFO: [Opt 31-1064] SRL Remap converted 0 SRLs to 0 registers and converted 0 registers of register chains to 0 SRLs
Phase 5 Shift Register Optimization | Checksum: 209f95ebc

Time (s): cpu = 00:00:00 ; elapsed = 00:00:00.276 . Memory (MB): peak = 1376.809 ; gain = 0.000
INFO: [Opt 31-389] Phase Shift Register Optimization created 0 cells and removed 0 cells

Phase 6 Post Processing Netlist
Phase 6 Post Processing Netlist | Checksum: 209f95ebc

Time (s): cpu = 00:00:00 ; elapsed = 00:00:00.283 . Memory (MB): peak = 1376.809 ; gain = 0.000
INFO: [Opt 31-389] Phase Post Processing Netlist created 0 cells and removed 0 cells
Opt_design Change Summary
=========================


-------------------------------------------------------------------------------------------------------------------------
|  Phase                        |  #Cells created  |  #Cells Removed  |  #Constrained objects preventing optimizations  |
-------------------------------------------------------------------------------------------------------------------------
|  Retarget                     |               7  |              31  |                                              0  |
|  Constant propagation         |               0  |               0  |                                              0  |
|  Sweep                        |               0  |              94  |                                              0  |
|  BUFG optimization            |               0  |               0  |                                              0  |
|  Shift Register Optimization  |               0  |               0  |                                              0  |
|  Post Processing Netlist      |               0  |               0  |                                              0  |
-------------------------------------------------------------------------------------------------------------------------



Starting Connectivity Check Task

Time (s): cpu = 00:00:00 ; elapsed = 00:00:00.002 . Memory (MB): peak = 1376.809 ; gain = 0.000
Ending Logic Optimization Task | Checksum: 222dba3a0

Time (s): cpu = 00:00:00 ; elapsed = 00:00:00.364 . Memory (MB): peak = 1376.809 ; gain = 0.000

Starting Power Optimization Task
INFO: [Pwropt 34-132] Skipping clock gating for clocks with a period < 2.00 ns.
Ending Power Optimization Task | Checksum: 222dba3a0

Time (s): cpu = 00:00:00 ; elapsed = 00:00:00.007 . Memory (MB): peak = 1376.809 ; gain = 0.000

Starting Final Cleanup Task
Ending Final Cleanup Task | Checksum: 222dba3a0

Time (s): cpu = 00:00:00 ; elapsed = 00:00:00 . Memory (MB): peak = 1376.809 ; gain = 0.000

Starting Netlist Obfuscation Task
Netlist sorting complete. Time (s): cpu = 00:00:00 ; elapsed = 00:00:00 . Memory (MB): peak = 1376.809 ; gain = 0.000
Ending Netlist Obfuscation Task | Checksum: 222dba3a0

Time (s): cpu = 00:00:00 ; elapsed = 00:00:00.001 . Memory (MB): peak = 1376.809 ; gain = 0.000
INFO: [Common 17-83] Releasing license: Implementation
36 Infos, 0 Warnings, 0 Critical Warnings and 0 Errors encountered.
opt_design completed successfully
opt_design: Time (s): cpu = 00:00:08 ; elapsed = 00:00:11 . Memory (MB): peak = 1376.809 ; gain = 676.719
Netlist sorting complete. Time (s): cpu = 00:00:00 ; elapsed = 00:00:00 . Memory (MB): peak = 1376.809 ; gain = 0.000
INFO: [Timing 38-480] Writing timing data to binary archive.
Writing placer database...
Writing XDEF routing.
Writing XDEF routing logical nets.
Writing XDEF routing special nets.
Write XDEF Complete: Time (s): cpu = 00:00:00 ; elapsed = 00:00:00.066 . Memory (MB): peak = 1376.809 ; gain = 0.000
INFO: [Common 17-1381] The checkpoint 'D:/My_DevOps/Fall_2022/EE365/EE365_Labs/Lab5/Lab_5_7_Segment_Display.runs/impl_1/FINAL_DIAGRAM_wrapper_opt.dcp' has been generated.
INFO: [runtcl-4] Executing : report_drc -file FINAL_DIAGRAM_wrapper_drc_opted.rpt -pb FINAL_DIAGRAM_wrapper_drc_opted.pb -rpx FINAL_DIAGRAM_wrapper_drc_opted.rpx
Command: report_drc -file FINAL_DIAGRAM_wrapper_drc_opted.rpt -pb FINAL_DIAGRAM_wrapper_drc_opted.pb -rpx FINAL_DIAGRAM_wrapper_drc_opted.rpx
INFO: [IP_Flow 19-1839] IP Catalog is up to date.
INFO: [DRC 23-27] Running DRC with 2 threads
INFO: [Coretcl 2-168] The results of DRC are in file D:/My_DevOps/Fall_2022/EE365/EE365_Labs/Lab5/Lab_5_7_Segment_Display.runs/impl_1/FINAL_DIAGRAM_wrapper_drc_opted.rpt.
report_drc completed successfully
Command: place_design
Attempting to get a license for feature 'Implementation' and/or device 'xc7z010'
INFO: [Common 17-349] Got license for feature 'Implementation' and/or device 'xc7z010'
INFO: [DRC 23-27] Running DRC with 2 threads
INFO: [Vivado_Tcl 4-198] DRC finished with 0 Errors
INFO: [Vivado_Tcl 4-199] Please refer to the DRC report (report_drc) for more information.
Running DRC as a precondition to command place_design
INFO: [DRC 23-27] Running DRC with 2 threads
INFO: [Vivado_Tcl 4-198] DRC finished with 0 Errors
INFO: [Vivado_Tcl 4-199] Please refer to the DRC report (report_drc) for more information.

Starting Placer Task
INFO: [Place 30-611] Multithreading enabled for place_design using a maximum of 2 CPUs

Phase 1 Placer Initialization

Phase 1.1 Placer Initialization Netlist Sorting
Netlist sorting complete. Time (s): cpu = 00:00:00 ; elapsed = 00:00:00 . Memory (MB): peak = 1376.809 ; gain = 0.000
Phase 1.1 Placer Initialization Netlist Sorting | Checksum: 1bf3eac78

Time (s): cpu = 00:00:00 ; elapsed = 00:00:00.006 . Memory (MB): peak = 1376.809 ; gain = 0.000
Netlist sorting complete. Time (s): cpu = 00:00:00 ; elapsed = 00:00:00.001 . Memory (MB): peak = 1376.809 ; gain = 0.000

Phase 1.2 IO Placement/ Clock Placement/ Build Placer Device
INFO: [Timing 38-35] Done setting XDC timing constraints.
Phase 1.2 IO Placement/ Clock Placement/ Build Placer Device | Checksum: 4c5da7cd

Time (s): cpu = 00:00:00 ; elapsed = 00:00:00.901 . Memory (MB): peak = 1376.809 ; gain = 0.000

Phase 1.3 Build Placer Netlist Model
Phase 1.3 Build Placer Netlist Model | Checksum: 9deeafd2

Time (s): cpu = 00:00:00 ; elapsed = 00:00:01 . Memory (MB): peak = 1376.809 ; gain = 0.000

Phase 1.4 Constrain Clocks/Macros
Phase 1.4 Constrain Clocks/Macros | Checksum: 9deeafd2

Time (s): cpu = 00:00:00 ; elapsed = 00:00:01 . Memory (MB): peak = 1376.809 ; gain = 0.000
Phase 1 Placer Initialization | Checksum: 9deeafd2

Time (s): cpu = 00:00:00 ; elapsed = 00:00:01 . Memory (MB): peak = 1376.809 ; gain = 0.000

Phase 2 Global Placement

Phase 2.1 Floorplanning
Phase 2.1 Floorplanning | Checksum: 133ab1375

Time (s): cpu = 00:00:00 ; elapsed = 00:00:01 . Memory (MB): peak = 1376.809 ; gain = 0.000

Phase 2.2 Global Placement Core

Phase 2.2.1 Physical Synthesis In Placer
INFO: [Physopt 32-65] No nets found for high-fanout optimization.
INFO: [Physopt 32-232] Optimized 0 net. Created 0 new instance.
INFO: [Physopt 32-775] End 1 Pass. Optimized 0 net or cell. Created 0 new cell, deleted 0 existing cell and moved 0 existing cell
INFO: [Physopt 32-670] No setup violation found.  DSP Register Optimization was not performed.
INFO: [Physopt 32-670] No setup violation found.  Shift Register Optimization was not performed.
INFO: [Physopt 32-670] No setup violation found.  BRAM Register Optimization was not performed.
INFO: [Physopt 32-949] No candidate nets found for HD net replication
INFO: [Physopt 32-775] End 1 Pass. Optimized 0 net or cell. Created 0 new cell, deleted 0 existing cell and moved 0 existing cell
Netlist sorting complete. Time (s): cpu = 00:00:00 ; elapsed = 00:00:00 . Memory (MB): peak = 1376.809 ; gain = 0.000

Summary of Physical Synthesis Optimizations
============================================


----------------------------------------------------------------------------------------------------------------------------------------
|  Optimization                  |  Added Cells  |  Removed Cells  |  Optimized Cells/Nets  |  Dont Touch  |  Iterations  |  Elapsed   |
----------------------------------------------------------------------------------------------------------------------------------------
|  Very High Fanout              |            0  |              0  |                     0  |           0  |           1  |  00:00:00  |
|  DSP Register                  |            0  |              0  |                     0  |           0  |           0  |  00:00:00  |
|  Shift Register                |            0  |              0  |                     0  |           0  |           0  |  00:00:00  |
|  BRAM Register                 |            0  |              0  |                     0  |           0  |           0  |  00:00:00  |
|  HD Interface Net Replication  |            0  |              0  |                     0  |           0  |           1  |  00:00:00  |
|  Total                         |            0  |              0  |                     0  |           0  |           2  |  00:00:00  |
----------------------------------------------------------------------------------------------------------------------------------------


Phase 2.2.1 Physical Synthesis In Placer | Checksum: 104e7ff9e

Time (s): cpu = 00:00:01 ; elapsed = 00:00:03 . Memory (MB): peak = 1376.809 ; gain = 0.000
Phase 2.2 Global Placement Core | Checksum: 136926c2e

Time (s): cpu = 00:00:01 ; elapsed = 00:00:03 . Memory (MB): peak = 1376.809 ; gain = 0.000
Phase 2 Global Placement | Checksum: 136926c2e

Time (s): cpu = 00:00:01 ; elapsed = 00:00:03 . Memory (MB): peak = 1376.809 ; gain = 0.000

Phase 3 Detail Placement

Phase 3.1 Commit Multi Column Macros
Phase 3.1 Commit Multi Column Macros | Checksum: 12a58f16c

Time (s): cpu = 00:00:01 ; elapsed = 00:00:03 . Memory (MB): peak = 1376.809 ; gain = 0.000

Phase 3.2 Commit Most Macros & LUTRAMs
Phase 3.2 Commit Most Macros & LUTRAMs | Checksum: c5674e19

Time (s): cpu = 00:00:01 ; elapsed = 00:00:03 . Memory (MB): peak = 1376.809 ; gain = 0.000

Phase 3.3 Area Swap Optimization
Phase 3.3 Area Swap Optimization | Checksum: 12ab35a96

Time (s): cpu = 00:00:01 ; elapsed = 00:00:03 . Memory (MB): peak = 1376.809 ; gain = 0.000

Phase 3.4 Pipeline Register Optimization
Phase 3.4 Pipeline Register Optimization | Checksum: 1147f4697

Time (s): cpu = 00:00:01 ; elapsed = 00:00:03 . Memory (MB): peak = 1376.809 ; gain = 0.000

Phase 3.5 Small Shape Detail Placement
Phase 3.5 Small Shape Detail Placement | Checksum: 1a587a6f8

Time (s): cpu = 00:00:01 ; elapsed = 00:00:03 . Memory (MB): peak = 1376.809 ; gain = 0.000

Phase 3.6 Re-assign LUT pins
Phase 3.6 Re-assign LUT pins | Checksum: 17140f40f

Time (s): cpu = 00:00:01 ; elapsed = 00:00:03 . Memory (MB): peak = 1376.809 ; gain = 0.000

Phase 3.7 Pipeline Register Optimization
Phase 3.7 Pipeline Register Optimization | Checksum: 163050010

Time (s): cpu = 00:00:01 ; elapsed = 00:00:03 . Memory (MB): peak = 1376.809 ; gain = 0.000
Phase 3 Detail Placement | Checksum: 163050010

Time (s): cpu = 00:00:01 ; elapsed = 00:00:03 . Memory (MB): peak = 1376.809 ; gain = 0.000

Phase 4 Post Placement Optimization and Clean-Up

Phase 4.1 Post Commit Optimization
INFO: [Timing 38-35] Done setting XDC timing constraints.

Phase 4.1.1 Post Placement Optimization
Post Placement Optimization Initialization | Checksum: 124e9b6b0

Phase 4.1.1.1 BUFG Insertion
INFO: [Place 46-56] BUFG insertion identified 0 candidate nets. Inserted BUFG: 0, Replicated BUFG Driver: 0, Skipped due to Placement/Routing Conflicts: 0, Skipped due to Timing Degradation: 0, Skipped due to Illegal Netlist: 0.
Phase 4.1.1.1 BUFG Insertion | Checksum: 124e9b6b0

Time (s): cpu = 00:00:01 ; elapsed = 00:00:03 . Memory (MB): peak = 1382.543 ; gain = 5.734
INFO: [Place 30-746] Post Placement Timing Summary WNS=14.682. For the most accurate timing information please run report_timing.
Phase 4.1.1 Post Placement Optimization | Checksum: 16153968d

Time (s): cpu = 00:00:01 ; elapsed = 00:00:03 . Memory (MB): peak = 1382.543 ; gain = 5.734
Phase 4.1 Post Commit Optimization | Checksum: 16153968d

Time (s): cpu = 00:00:01 ; elapsed = 00:00:03 . Memory (MB): peak = 1382.543 ; gain = 5.734

Phase 4.2 Post Placement Cleanup
Phase 4.2 Post Placement Cleanup | Checksum: 16153968d

Time (s): cpu = 00:00:01 ; elapsed = 00:00:03 . Memory (MB): peak = 1382.543 ; gain = 5.734

Phase 4.3 Placer Reporting
Phase 4.3 Placer Reporting | Checksum: 16153968d

Time (s): cpu = 00:00:01 ; elapsed = 00:00:03 . Memory (MB): peak = 1382.543 ; gain = 5.734

Phase 4.4 Final Placement Cleanup
Netlist sorting complete. Time (s): cpu = 00:00:00 ; elapsed = 00:00:00 . Memory (MB): peak = 1382.543 ; gain = 0.000
Phase 4.4 Final Placement Cleanup | Checksum: 13e438a70

Time (s): cpu = 00:00:01 ; elapsed = 00:00:03 . Memory (MB): peak = 1382.543 ; gain = 5.734
Phase 4 Post Placement Optimization and Clean-Up | Checksum: 13e438a70

Time (s): cpu = 00:00:01 ; elapsed = 00:00:03 . Memory (MB): peak = 1382.543 ; gain = 5.734
Ending Placer Task | Checksum: 6795e94a

Time (s): cpu = 00:00:01 ; elapsed = 00:00:03 . Memory (MB): peak = 1382.543 ; gain = 5.734
INFO: [Common 17-83] Releasing license: Implementation
63 Infos, 0 Warnings, 0 Critical Warnings and 0 Errors encountered.
place_design completed successfully
Netlist sorting complete. Time (s): cpu = 00:00:00 ; elapsed = 00:00:00.001 . Memory (MB): peak = 1382.543 ; gain = 0.000
INFO: [Timing 38-480] Writing timing data to binary archive.
Writing placer database...
Writing XDEF routing.
Writing XDEF routing logical nets.
Writing XDEF routing special nets.
Write XDEF Complete: Time (s): cpu = 00:00:01 ; elapsed = 00:00:00.126 . Memory (MB): peak = 1383.574 ; gain = 1.031
INFO: [Common 17-1381] The checkpoint 'D:/My_DevOps/Fall_2022/EE365/EE365_Labs/Lab5/Lab_5_7_Segment_Display.runs/impl_1/FINAL_DIAGRAM_wrapper_placed.dcp' has been generated.
INFO: [runtcl-4] Executing : report_io -file FINAL_DIAGRAM_wrapper_io_placed.rpt
report_io: Time (s): cpu = 00:00:00 ; elapsed = 00:00:00.029 . Memory (MB): peak = 1383.574 ; gain = 0.000
INFO: [runtcl-4] Executing : report_utilization -file FINAL_DIAGRAM_wrapper_utilization_placed.rpt -pb FINAL_DIAGRAM_wrapper_utilization_placed.pb
INFO: [runtcl-4] Executing : report_control_sets -verbose -file FINAL_DIAGRAM_wrapper_control_sets_placed.rpt
report_control_sets: Time (s): cpu = 00:00:00 ; elapsed = 00:00:00.008 . Memory (MB): peak = 1383.574 ; gain = 0.000
Command: route_design
Attempting to get a license for feature 'Implementation' and/or device 'xc7z010'
INFO: [Common 17-349] Got license for feature 'Implementation' and/or device 'xc7z010'
Running DRC as a precondition to command route_design
INFO: [DRC 23-27] Running DRC with 2 threads
INFO: [Vivado_Tcl 4-198] DRC finished with 0 Errors
INFO: [Vivado_Tcl 4-199] Please refer to the DRC report (report_drc) for more information.


Starting Routing Task
INFO: [Route 35-254] Multithreading enabled for route_design using a maximum of 2 CPUs
Checksum: PlaceDB: 5729f33d ConstDB: 0 ShapeSum: 106bf60d RouteDB: 0

Phase 1 Build RT Design
Phase 1 Build RT Design | Checksum: 6623a6a9

Time (s): cpu = 00:00:08 ; elapsed = 00:00:12 . Memory (MB): peak = 1430.387 ; gain = 34.266
Post Restoration Checksum: NetGraph: 79ae3d7 NumContArr: 5e88c2d2 Constraints: 0 Timing: 0

Phase 2 Router Initialization

Phase 2.1 Create Timer
Phase 2.1 Create Timer | Checksum: 6623a6a9

Time (s): cpu = 00:00:08 ; elapsed = 00:00:12 . Memory (MB): peak = 1450.574 ; gain = 54.453

Phase 2.2 Fix Topology Constraints
Phase 2.2 Fix Topology Constraints | Checksum: 6623a6a9

Time (s): cpu = 00:00:08 ; elapsed = 00:00:12 . Memory (MB): peak = 1456.605 ; gain = 60.484

Phase 2.3 Pre Route Cleanup
Phase 2.3 Pre Route Cleanup | Checksum: 6623a6a9

Time (s): cpu = 00:00:08 ; elapsed = 00:00:12 . Memory (MB): peak = 1456.605 ; gain = 60.484
 Number of Nodes with overlaps = 0

Phase 2.4 Update Timing
Phase 2.4 Update Timing | Checksum: 1207ec8e3

Time (s): cpu = 00:00:09 ; elapsed = 00:00:12 . Memory (MB): peak = 1459.836 ; gain = 63.715
INFO: [Route 35-416] Intermediate Timing Summary | WNS=14.695 | TNS=0.000  | WHS=-0.130 | THS=-1.963 |

Phase 2 Router Initialization | Checksum: 172ec24be

Time (s): cpu = 00:00:09 ; elapsed = 00:00:13 . Memory (MB): peak = 1463.258 ; gain = 67.137

Router Utilization Summary
  Global Vertical Routing Utilization    = 0 %
  Global Horizontal Routing Utilization  = 0 %
  Routable Net Status*
  *Does not include unroutable nets such as driverless and loadless.
  Run report_route_status for detailed report.
  Number of Failed Nets               = 461
    (Failed Nets is the sum of unrouted and partially routed nets)
  Number of Unrouted Nets             = 461
  Number of Partially Routed Nets     = 0
  Number of Node Overlaps             = 0


Phase 3 Initial Routing
Phase 3 Initial Routing | Checksum: cc27a1bd

Time (s): cpu = 00:00:09 ; elapsed = 00:00:13 . Memory (MB): peak = 1463.727 ; gain = 67.605

Phase 4 Rip-up And Reroute

Phase 4.1 Global Iteration 0
 Number of Nodes with overlaps = 5
 Number of Nodes with overlaps = 0
INFO: [Route 35-416] Intermediate Timing Summary | WNS=13.678 | TNS=0.000  | WHS=N/A    | THS=N/A    |

Phase 4.1 Global Iteration 0 | Checksum: 1e2e7ca39

Time (s): cpu = 00:00:09 ; elapsed = 00:00:13 . Memory (MB): peak = 1463.727 ; gain = 67.605

Phase 4.2 Global Iteration 1
 Number of Nodes with overlaps = 0
INFO: [Route 35-416] Intermediate Timing Summary | WNS=13.678 | TNS=0.000  | WHS=N/A    | THS=N/A    |

Phase 4.2 Global Iteration 1 | Checksum: 1ba3ec71c

Time (s): cpu = 00:00:09 ; elapsed = 00:00:13 . Memory (MB): peak = 1463.727 ; gain = 67.605
Phase 4 Rip-up And Reroute | Checksum: 1ba3ec71c

Time (s): cpu = 00:00:09 ; elapsed = 00:00:13 . Memory (MB): peak = 1463.727 ; gain = 67.605

Phase 5 Delay and Skew Optimization

Phase 5.1 Delay CleanUp

Phase 5.1.1 Update Timing
Phase 5.1.1 Update Timing | Checksum: de9ba3f8

Time (s): cpu = 00:00:09 ; elapsed = 00:00:13 . Memory (MB): peak = 1463.727 ; gain = 67.605
INFO: [Route 35-416] Intermediate Timing Summary | WNS=13.806 | TNS=0.000  | WHS=N/A    | THS=N/A    |

Phase 5.1 Delay CleanUp | Checksum: de9ba3f8

Time (s): cpu = 00:00:09 ; elapsed = 00:00:13 . Memory (MB): peak = 1463.727 ; gain = 67.605

Phase 5.2 Clock Skew Optimization
Phase 5.2 Clock Skew Optimization | Checksum: de9ba3f8

Time (s): cpu = 00:00:09 ; elapsed = 00:00:13 . Memory (MB): peak = 1463.727 ; gain = 67.605
Phase 5 Delay and Skew Optimization | Checksum: de9ba3f8

Time (s): cpu = 00:00:09 ; elapsed = 00:00:13 . Memory (MB): peak = 1463.727 ; gain = 67.605

Phase 6 Post Hold Fix

Phase 6.1 Hold Fix Iter

Phase 6.1.1 Update Timing
Phase 6.1.1 Update Timing | Checksum: 1c46dcf4f

Time (s): cpu = 00:00:09 ; elapsed = 00:00:13 . Memory (MB): peak = 1463.727 ; gain = 67.605
INFO: [Route 35-416] Intermediate Timing Summary | WNS=13.806 | TNS=0.000  | WHS=0.130  | THS=0.000  |

Phase 6.1 Hold Fix Iter | Checksum: 172bd398d

Time (s): cpu = 00:00:09 ; elapsed = 00:00:13 . Memory (MB): peak = 1463.727 ; gain = 67.605
Phase 6 Post Hold Fix | Checksum: 172bd398d

Time (s): cpu = 00:00:09 ; elapsed = 00:00:13 . Memory (MB): peak = 1463.727 ; gain = 67.605

Phase 7 Route finalize

Router Utilization Summary
  Global Vertical Routing Utilization    = 0.0692568 %
  Global Horizontal Routing Utilization  = 0.0533088 %
  Routable Net Status*
  *Does not include unroutable nets such as driverless and loadless.
  Run report_route_status for detailed report.
  Number of Failed Nets               = 0
    (Failed Nets is the sum of unrouted and partially routed nets)
  Number of Unrouted Nets             = 0
  Number of Partially Routed Nets     = 0
  Number of Node Overlaps             = 0

Phase 7 Route finalize | Checksum: 1c784ff70

Time (s): cpu = 00:00:09 ; elapsed = 00:00:13 . Memory (MB): peak = 1463.727 ; gain = 67.605

Phase 8 Verifying routed nets

 Verification completed successfully
Phase 8 Verifying routed nets | Checksum: 1c784ff70

Time (s): cpu = 00:00:09 ; elapsed = 00:00:13 . Memory (MB): peak = 1465.742 ; gain = 69.621

Phase 9 Depositing Routes
Phase 9 Depositing Routes | Checksum: 1737d3a75

Time (s): cpu = 00:00:09 ; elapsed = 00:00:13 . Memory (MB): peak = 1465.742 ; gain = 69.621

Phase 10 Post Router Timing
INFO: [Route 35-57] Estimated Timing Summary | WNS=13.806 | TNS=0.000  | WHS=0.130  | THS=0.000  |

INFO: [Route 35-327] The final timing numbers are based on the router estimated timing analysis. For a complete and accurate timing signoff, please run report_timing_summary.
Phase 10 Post Router Timing | Checksum: 1737d3a75

Time (s): cpu = 00:00:09 ; elapsed = 00:00:13 . Memory (MB): peak = 1465.742 ; gain = 69.621
INFO: [Route 35-16] Router Completed Successfully

Time (s): cpu = 00:00:09 ; elapsed = 00:00:13 . Memory (MB): peak = 1465.742 ; gain = 69.621

Routing Is Done.
INFO: [Common 17-83] Releasing license: Implementation
82 Infos, 0 Warnings, 0 Critical Warnings and 0 Errors encountered.
route_design completed successfully
route_design: Time (s): cpu = 00:00:10 ; elapsed = 00:00:14 . Memory (MB): peak = 1465.742 ; gain = 82.168
Netlist sorting complete. Time (s): cpu = 00:00:00 ; elapsed = 00:00:00.001 . Memory (MB): peak = 1465.742 ; gain = 0.000
INFO: [Timing 38-480] Writing timing data to binary archive.
Writing placer database...
Writing XDEF routing.
Writing XDEF routing logical nets.
Writing XDEF routing special nets.
Write XDEF Complete: Time (s): cpu = 00:00:00 ; elapsed = 00:00:00.127 . Memory (MB): peak = 1475.641 ; gain = 9.898
INFO: [Common 17-1381] The checkpoint 'D:/My_DevOps/Fall_2022/EE365/EE365_Labs/Lab5/Lab_5_7_Segment_Display.runs/impl_1/FINAL_DIAGRAM_wrapper_routed.dcp' has been generated.
INFO: [runtcl-4] Executing : report_drc -file FINAL_DIAGRAM_wrapper_drc_routed.rpt -pb FINAL_DIAGRAM_wrapper_drc_routed.pb -rpx FINAL_DIAGRAM_wrapper_drc_routed.rpx
Command: report_drc -file FINAL_DIAGRAM_wrapper_drc_routed.rpt -pb FINAL_DIAGRAM_wrapper_drc_routed.pb -rpx FINAL_DIAGRAM_wrapper_drc_routed.rpx
INFO: [IP_Flow 19-1839] IP Catalog is up to date.
INFO: [DRC 23-27] Running DRC with 2 threads
INFO: [Coretcl 2-168] The results of DRC are in file D:/My_DevOps/Fall_2022/EE365/EE365_Labs/Lab5/Lab_5_7_Segment_Display.runs/impl_1/FINAL_DIAGRAM_wrapper_drc_routed.rpt.
report_drc completed successfully
INFO: [runtcl-4] Executing : report_methodology -file FINAL_DIAGRAM_wrapper_methodology_drc_routed.rpt -pb FINAL_DIAGRAM_wrapper_methodology_drc_routed.pb -rpx FINAL_DIAGRAM_wrapper_methodology_drc_routed.rpx
Command: report_methodology -file FINAL_DIAGRAM_wrapper_methodology_drc_routed.rpt -pb FINAL_DIAGRAM_wrapper_methodology_drc_routed.pb -rpx FINAL_DIAGRAM_wrapper_methodology_drc_routed.rpx
INFO: [Timing 38-35] Done setting XDC timing constraints.
INFO: [DRC 23-133] Running Methodology with 2 threads
INFO: [Coretcl 2-1520] The results of Report Methodology are in file D:/My_DevOps/Fall_2022/EE365/EE365_Labs/Lab5/Lab_5_7_Segment_Display.runs/impl_1/FINAL_DIAGRAM_wrapper_methodology_drc_routed.rpt.
report_methodology completed successfully
INFO: [runtcl-4] Executing : report_power -file FINAL_DIAGRAM_wrapper_power_routed.rpt -pb FINAL_DIAGRAM_wrapper_power_summary_routed.pb -rpx FINAL_DIAGRAM_wrapper_power_routed.rpx
Command: report_power -file FINAL_DIAGRAM_wrapper_power_routed.rpt -pb FINAL_DIAGRAM_wrapper_power_summary_routed.pb -rpx FINAL_DIAGRAM_wrapper_power_routed.rpx
INFO: [Timing 38-35] Done setting XDC timing constraints.
Running Vector-less Activity Propagation...

Finished Running Vector-less Activity Propagation
94 Infos, 0 Warnings, 0 Critical Warnings and 0 Errors encountered.
report_power completed successfully
INFO: [runtcl-4] Executing : report_route_status -file FINAL_DIAGRAM_wrapper_route_status.rpt -pb FINAL_DIAGRAM_wrapper_route_status.pb
INFO: [runtcl-4] Executing : report_timing_summary -max_paths 10 -file FINAL_DIAGRAM_wrapper_timing_summary_routed.rpt -pb FINAL_DIAGRAM_wrapper_timing_summary_routed.pb -rpx FINAL_DIAGRAM_wrapper_timing_summary_routed.rpx -warn_on_violation 
INFO: [Timing 38-91] UpdateTimingParams: Speed grade: -1, Delay Type: min_max.
INFO: [Timing 38-191] Multithreading enabled for timing update using a maximum of 2 CPUs
INFO: [runtcl-4] Executing : report_incremental_reuse -file FINAL_DIAGRAM_wrapper_incremental_reuse_routed.rpt
INFO: [Vivado_Tcl 4-1062] Incremental flow is disabled. No incremental reuse Info to report.
INFO: [runtcl-4] Executing : report_clock_utilization -file FINAL_DIAGRAM_wrapper_clock_utilization_routed.rpt
INFO: [runtcl-4] Executing : report_bus_skew -warn_on_violation -file FINAL_DIAGRAM_wrapper_bus_skew_routed.rpt -pb FINAL_DIAGRAM_wrapper_bus_skew_routed.pb -rpx FINAL_DIAGRAM_wrapper_bus_skew_routed.rpx
INFO: [Timing 38-91] UpdateTimingParams: Speed grade: -1, Delay Type: min_max.
INFO: [Timing 38-191] Multithreading enabled for timing update using a maximum of 2 CPUs
INFO: [Common 17-206] Exiting Vivado at Tue Nov  8 23:16:49 2022...

*** Running vivado
    with args -log FINAL_DIAGRAM_wrapper.vdi -applog -m64 -product Vivado -messageDb vivado.pb -mode batch -source FINAL_DIAGRAM_wrapper.tcl -notrace


****** Vivado v2019.1 (64-bit)
  **** SW Build 2552052 on Fri May 24 14:49:42 MDT 2019
  **** IP Build 2548770 on Fri May 24 18:01:18 MDT 2019
    ** Copyright 1986-2019 Xilinx, Inc. All Rights Reserved.

source FINAL_DIAGRAM_wrapper.tcl -notrace
Command: open_checkpoint FINAL_DIAGRAM_wrapper_routed.dcp

Starting open_checkpoint Task

Time (s): cpu = 00:00:00 ; elapsed = 00:00:00.035 . Memory (MB): peak = 299.707 ; gain = 0.000
INFO: [Device 21-403] Loading part xc7z010clg225-1
INFO: [Netlist 29-17] Analyzing 45 Unisim elements for replacement
INFO: [Netlist 29-28] Unisim Transformation completed in 0 CPU seconds
INFO: [Project 1-479] Netlist was created with Vivado 2019.1
INFO: [Project 1-570] Preparing netlist for logic optimization
INFO: [Timing 38-478] Restoring timing data from binary archive.
INFO: [Timing 38-479] Binary timing data restore complete.
INFO: [Project 1-856] Restoring constraints from binary archive.
INFO: [Project 1-853] Binary constraint restore complete.
Reading XDEF placement.
Reading placer database...
Reading XDEF routing.
Read XDEF File: Time (s): cpu = 00:00:00 ; elapsed = 00:00:00.312 . Memory (MB): peak = 1182.738 ; gain = 5.008
Restored from archive | CPU: 0.000000 secs | Memory: 0.000000 MB |
Finished XDEF File Restore: Time (s): cpu = 00:00:00 ; elapsed = 00:00:00.312 . Memory (MB): peak = 1182.738 ; gain = 5.008
Netlist sorting complete. Time (s): cpu = 00:00:00 ; elapsed = 00:00:00 . Memory (MB): peak = 1182.738 ; gain = 0.000
INFO: [Project 1-111] Unisim Transformation Summary:
No Unisim elements were transformed.

INFO: [Project 1-604] Checkpoint was created with Vivado v2019.1 (64-bit) build 2552052
open_checkpoint: Time (s): cpu = 00:00:10 ; elapsed = 00:00:16 . Memory (MB): peak = 1182.738 ; gain = 883.031
Command: write_bitstream -force FINAL_DIAGRAM_wrapper.bit
Attempting to get a license for feature 'Implementation' and/or device 'xc7z010'
INFO: [Common 17-349] Got license for feature 'Implementation' and/or device 'xc7z010'
Running DRC as a precondition to command write_bitstream
INFO: [IP_Flow 19-234] Refreshing IP repositories
INFO: [IP_Flow 19-1704] No user IP repositories specified
INFO: [IP_Flow 19-2313] Loaded Vivado IP repository 'C:/Xilinx/Vivado/2019.1/data/ip'.
INFO: [DRC 23-27] Running DRC with 2 threads
INFO: [Vivado 12-3199] DRC finished with 0 Errors
INFO: [Vivado 12-3200] Please refer to the DRC report (report_drc) for more information.
INFO: [Designutils 20-2272] Running write_bitstream with 2 threads.
Loading data files...
Loading site data...
Loading route data...
Processing options...
Creating bitmap...
Creating bitstream...
Writing bitstream ./FINAL_DIAGRAM_wrapper.bit...
INFO: [Vivado 12-1842] Bitgen Completed Successfully.
INFO: [Project 1-120] WebTalk data collection is mandatory when using a WebPACK part without a full Vivado license. To see the specific WebTalk data collected for your design, open the usage_statistics_webtalk.html or usage_statistics_webtalk.xml file in the implementation directory.
INFO: [Common 17-186] 'D:/My_DevOps/Fall_2022/EE365/EE365_Labs/Lab5/Lab_5_7_Segment_Display.runs/impl_1/usage_statistics_webtalk.xml' has been successfully sent to Xilinx on Tue Nov  8 23:17:40 2022. For additional details about this file, please refer to the WebTalk help file at C:/Xilinx/Vivado/2019.1/doc/webtalk_introduction.html.
INFO: [Common 17-83] Releasing license: Implementation
23 Infos, 0 Warnings, 0 Critical Warnings and 0 Errors encountered.
write_bitstream completed successfully
write_bitstream: Time (s): cpu = 00:00:08 ; elapsed = 00:00:13 . Memory (MB): peak = 1632.816 ; gain = 450.078
INFO: [Common 17-206] Exiting Vivado at Tue Nov  8 23:17:41 2022...

*** Running vivado
    with args -log FINAL_DIAGRAM_wrapper.vdi -applog -m64 -product Vivado -messageDb vivado.pb -mode batch -source FINAL_DIAGRAM_wrapper.tcl -notrace


****** Vivado v2019.1 (64-bit)
  **** SW Build 2552052 on Fri May 24 14:49:42 MDT 2019
  **** IP Build 2548770 on Fri May 24 18:01:18 MDT 2019
    ** Copyright 1986-2019 Xilinx, Inc. All Rights Reserved.

source FINAL_DIAGRAM_wrapper.tcl -notrace
Command: open_checkpoint FINAL_DIAGRAM_wrapper_routed.dcp

Starting open_checkpoint Task

Time (s): cpu = 00:00:00 ; elapsed = 00:00:00.034 . Memory (MB): peak = 290.551 ; gain = 0.000
INFO: [Device 21-403] Loading part xc7z010clg225-1
INFO: [Netlist 29-17] Analyzing 45 Unisim elements for replacement
INFO: [Netlist 29-28] Unisim Transformation completed in 0 CPU seconds
INFO: [Project 1-479] Netlist was created with Vivado 2019.1
INFO: [Project 1-570] Preparing netlist for logic optimization
INFO: [Timing 38-478] Restoring timing data from binary archive.
INFO: [Timing 38-479] Binary timing data restore complete.
INFO: [Project 1-856] Restoring constraints from binary archive.
INFO: [Project 1-853] Binary constraint restore complete.
Reading XDEF placement.
Reading placer database...
Reading XDEF routing.
Read XDEF File: Time (s): cpu = 00:00:00 ; elapsed = 00:00:00.319 . Memory (MB): peak = 1182.938 ; gain = 8.684
Restored from archive | CPU: 0.000000 secs | Memory: 0.000000 MB |
Finished XDEF File Restore: Time (s): cpu = 00:00:00 ; elapsed = 00:00:00.319 . Memory (MB): peak = 1182.938 ; gain = 8.684
Netlist sorting complete. Time (s): cpu = 00:00:00 ; elapsed = 00:00:00 . Memory (MB): peak = 1182.938 ; gain = 0.000
INFO: [Project 1-111] Unisim Transformation Summary:
No Unisim elements were transformed.

INFO: [Project 1-604] Checkpoint was created with Vivado v2019.1 (64-bit) build 2552052
open_checkpoint: Time (s): cpu = 00:00:08 ; elapsed = 00:00:16 . Memory (MB): peak = 1182.938 ; gain = 892.387
Command: write_bitstream -force FINAL_DIAGRAM_wrapper.bit
Attempting to get a license for feature 'Implementation' and/or device 'xc7z010'
INFO: [Common 17-349] Got license for feature 'Implementation' and/or device 'xc7z010'
Running DRC as a precondition to command write_bitstream
INFO: [IP_Flow 19-234] Refreshing IP repositories
INFO: [IP_Flow 19-1704] No user IP repositories specified
INFO: [IP_Flow 19-2313] Loaded Vivado IP repository 'C:/Xilinx/Vivado/2019.1/data/ip'.
INFO: [DRC 23-27] Running DRC with 2 threads
INFO: [Vivado 12-3199] DRC finished with 0 Errors
INFO: [Vivado 12-3200] Please refer to the DRC report (report_drc) for more information.
INFO: [Designutils 20-2272] Running write_bitstream with 2 threads.
Loading data files...
Loading site data...
Loading route data...
Processing options...
Creating bitmap...
Creating bitstream...
Writing bitstream ./FINAL_DIAGRAM_wrapper.bit...
INFO: [Vivado 12-1842] Bitgen Completed Successfully.
INFO: [Project 1-120] WebTalk data collection is mandatory when using a WebPACK part without a full Vivado license. To see the specific WebTalk data collected for your design, open the usage_statistics_webtalk.html or usage_statistics_webtalk.xml file in the implementation directory.
INFO: [Common 17-186] 'D:/My_DevOps/Fall_2022/EE365/EE365_Labs/Lab5/Lab_5_7_Segment_Display.runs/impl_1/usage_statistics_webtalk.xml' has been successfully sent to Xilinx on Tue Nov  8 23:34:23 2022. For additional details about this file, please refer to the WebTalk help file at C:/Xilinx/Vivado/2019.1/doc/webtalk_introduction.html.
INFO: [Common 17-83] Releasing license: Implementation
23 Infos, 0 Warnings, 0 Critical Warnings and 0 Errors encountered.
write_bitstream completed successfully
write_bitstream: Time (s): cpu = 00:00:08 ; elapsed = 00:00:14 . Memory (MB): peak = 1627.309 ; gain = 444.371
INFO: [Common 17-206] Exiting Vivado at Tue Nov  8 23:34:23 2022...
