#-----------------------------------------------------------
# Vivado v2019.1 (64-bit)
# SW Build 2552052 on Fri May 24 14:49:42 MDT 2019
# IP Build 2548770 on Fri May 24 18:01:18 MDT 2019
# Start of session at: Tue Dec 13 22:18:00 2022
# Process ID: 15580
# Current directory: D:/My_DevOps/Fall_2022/EE365/Final_Project/Final/Final.tmp/lcd_ip_v1_0_project
# Command line: vivado.exe -gui_launcher_event rodinguilauncherevent14324 D:\My_DevOps\Fall_2022\EE365\Final_Project\Final\Final.tmp\lcd_ip_v1_0_project\LCD_ip_v1_0_project.xpr
# Log file: D:/My_DevOps/Fall_2022/EE365/Final_Project/Final/Final.tmp/lcd_ip_v1_0_project/vivado.log
# Journal file: D:/My_DevOps/Fall_2022/EE365/Final_Project/Final/Final.tmp/lcd_ip_v1_0_project\vivado.jou
#-----------------------------------------------------------
start_gui
open_project D:/My_DevOps/Fall_2022/EE365/Final_Project/Final/Final.tmp/lcd_ip_v1_0_project/LCD_ip_v1_0_project.xpr
INFO: [Project 1-313] Project file moved from 'c:/users/schumae/documents/my_devops/fall_2022/ee365/final_project/final/final.tmp/lcd_ip_v1_0_project' since last save.
CRITICAL WARNING: [Project 1-311] Could not find the file 'D:/../../../Users/schumae/Documents/My_DevOps/Fall_2022/EE365/Final_Project/ip_repo/myipLCD_ip_1.0/src/HEX2Ascii.vhd', nor could it be found using path 'c:/Users/schumae/Documents/My_DevOps/Fall_2022/EE365/Final_Project/ip_repo/myipLCD_ip_1.0/src/HEX2Ascii.vhd'.
CRITICAL WARNING: [Project 1-311] Could not find the file 'D:/../../../Users/schumae/Documents/My_DevOps/Fall_2022/EE365/Final_Project/ip_repo/myipLCD_ip_1.0/src/LCD_Master.vhd', nor could it be found using path 'c:/Users/schumae/Documents/My_DevOps/Fall_2022/EE365/Final_Project/ip_repo/myipLCD_ip_1.0/src/LCD_Master.vhd'.
CRITICAL WARNING: [Project 1-311] Could not find the file 'D:/../../../Users/schumae/Documents/My_DevOps/Fall_2022/EE365/Final_Project/ip_repo/myipLCD_ip_1.0/src/LCD_USER_LOGIC.vhd', nor could it be found using path 'c:/Users/schumae/Documents/My_DevOps/Fall_2022/EE365/Final_Project/ip_repo/myipLCD_ip_1.0/src/LCD_USER_LOGIC.vhd'.
CRITICAL WARNING: [Project 1-311] Could not find the file 'D:/../../../Users/schumae/Documents/My_DevOps/Fall_2022/EE365/Final_Project/ip_repo/myipLCD_ip_1.0/hdl/myipLCD_ip_v1_0_S00_AXI.vhd', nor could it be found using path 'c:/Users/schumae/Documents/My_DevOps/Fall_2022/EE365/Final_Project/ip_repo/myipLCD_ip_1.0/hdl/myipLCD_ip_v1_0_S00_AXI.vhd'.
CRITICAL WARNING: [Project 1-311] Could not find the file 'D:/../../../Users/schumae/Documents/My_DevOps/Fall_2022/EE365/Final_Project/ip_repo/myipLCD_ip_1.0/hdl/myipLCD_ip_v1_0.vhd', nor could it be found using path 'c:/Users/schumae/Documents/My_DevOps/Fall_2022/EE365/Final_Project/ip_repo/myipLCD_ip_1.0/hdl/myipLCD_ip_v1_0.vhd'.
CRITICAL WARNING: [Project 1-311] Could not find the file 'D:/../../../Users/schumae/Documents/My_DevOps/Fall_2022/EE365/Final_Project/ip_repo/myipLCD_ip_1.0/component.xml', nor could it be found using path 'c:/Users/schumae/Documents/My_DevOps/Fall_2022/EE365/Final_Project/ip_repo/myipLCD_ip_1.0/component.xml'.
Scanning sources...
Finished scanning sources
WARNING: [filemgmt 56-2] IP Repository Path: Could not find the directory 'D:/../../../Users/schumae/Documents/My_DevOps/Fall_2022/EE365/Final_Project/ip_repo/myipLCD_ip_1.0', nor could it be found using path 'c:/Users/schumae/Documents/My_DevOps/Fall_2022/EE365/Final_Project/ip_repo/myipLCD_ip_1.0'.
WARNING: [filemgmt 56-2] IP Repository Path: Could not find the directory 'D:/../../../Users/schumae/Documents/My_DevOps/Fall_2022/EE365/Final_Project/ip_repo/Serial_7seg_1.0', nor could it be found using path 'c:/Users/schumae/Documents/My_DevOps/Fall_2022/EE365/Final_Project/ip_repo/Serial_7seg_1.0'.
WARNING: [filemgmt 56-2] IPUserFilesDir: Could not find the directory 'D:/My_DevOps/Fall_2022/EE365/Final_Project/Final/Final.tmp/lcd_ip_v1_0_project/LCD_ip_v1_0_project.ip_user_files', nor could it be found using path 'c:/users/schumae/documents/my_devops/fall_2022/ee365/final_project/final/final.tmp/lcd_ip_v1_0_project/LCD_ip_v1_0_project.ip_user_files'.
INFO: [IP_Flow 19-234] Refreshing IP repositories
WARNING: [IP_Flow 19-2248] Failed to load user IP repository 'd:/My_DevOps/Fall_2022/EE365/Final_Project/Final/Final.tmp/Users/schumae/Documents/My_DevOps/Fall_2022/EE365/Final_Project/ip_repo/myipLCD_ip_1.0'; Can't find the specified path.
If this directory should no longer be in your list of user repositories, go to the IP Settings dialog and remove it.
WARNING: [IP_Flow 19-2248] Failed to load user IP repository 'd:/My_DevOps/Fall_2022/EE365/Final_Project/Final/Final.tmp/Users/schumae/Documents/My_DevOps/Fall_2022/EE365/Final_Project/ip_repo/Serial_7seg_1.0'; Can't find the specified path.
If this directory should no longer be in your list of user repositories, go to the IP Settings dialog and remove it.
INFO: [IP_Flow 19-2313] Loaded Vivado IP repository 'C:/Xilinx/Vivado/2019.1/data/ip'.
update_compile_order -fileset sources_1
exit
INFO: [Common 17-206] Exiting Vivado at Tue Dec 13 22:19:11 2022...
