
*** Running vivado
    with args -log Diagram_7_Segment_Display_Display_Initializer_0_0.vds -m64 -product Vivado -mode batch -messageDb vivado.pb -notrace -source Diagram_7_Segment_Display_Display_Initializer_0_0.tcl


****** Vivado v2019.1 (64-bit)
  **** SW Build 2552052 on Fri May 24 14:49:42 MDT 2019
  **** IP Build 2548770 on Fri May 24 18:01:18 MDT 2019
    ** Copyright 1986-2019 Xilinx, Inc. All Rights Reserved.

source Diagram_7_Segment_Display_Display_Initializer_0_0.tcl -notrace
Command: synth_design -top Diagram_7_Segment_Display_Display_Initializer_0_0 -part xc7z010clg225-1 -mode out_of_context
Starting synth_design
WARNING: [Vivado_Tcl 4-393] The 'Synthesis' target of the following IPs are stale, please generate the output products using the generate_target or synth_ip command before running synth_design.
D:/My_DevOps/Fall_2022/EE365/EE365_Labs/Lab5/7_Segment_Display.srcs/sources_1/bd/Diagram_7_Segment_Display/ip/Diagram_7_Segment_Display_Display_Initializer_0_0/Diagram_7_Segment_Display_Display_Initializer_0_0.xci

WARNING: [IP_Flow 19-3571] IP 'Diagram_7_Segment_Display_Display_Initializer_0_0' is restricted:
* Module reference is stale and needs refreshing.
Attempting to get a license for feature 'Synthesis' and/or device 'xc7z010'
INFO: [Common 17-349] Got license for feature 'Synthesis' and/or device 'xc7z010'
INFO: [Device 21-403] Loading part xc7z010clg225-1
INFO: Launching helper process for spawning children vivado processes
INFO: Helper process launched with PID 15752 
---------------------------------------------------------------------------------
Starting RTL Elaboration : Time (s): cpu = 00:00:06 ; elapsed = 00:00:08 . Memory (MB): peak = 711.395 ; gain = 177.297
---------------------------------------------------------------------------------
INFO: [Synth 8-638] synthesizing module 'Diagram_7_Segment_Display_Display_Initializer_0_0' [d:/My_DevOps/Fall_2022/EE365/EE365_Labs/Lab5/7_Segment_Display.srcs/sources_1/bd/Diagram_7_Segment_Display/ip/Diagram_7_Segment_Display_Display_Initializer_0_0/synth/Diagram_7_Segment_Display_Display_Initializer_0_0.vhd:66]
	Parameter N_i bound to: 16 - type: integer 
	Parameter N_o bound to: 8 - type: integer 
INFO: [Synth 8-3491] module 'Display_Initializer' declared at 'D:/My_DevOps/Fall_2022/EE365/EE365_Labs/Lab5/7_Segment_Display.srcs/sources_1/new/Display_Initializer.vhd:34' bound to instance 'U0' of component 'Display_Initializer' [d:/My_DevOps/Fall_2022/EE365/EE365_Labs/Lab5/7_Segment_Display.srcs/sources_1/bd/Diagram_7_Segment_Display/ip/Diagram_7_Segment_Display_Display_Initializer_0_0/synth/Diagram_7_Segment_Display_Display_Initializer_0_0.vhd:97]
INFO: [Synth 8-638] synthesizing module 'Display_Initializer' [D:/My_DevOps/Fall_2022/EE365/EE365_Labs/Lab5/7_Segment_Display.srcs/sources_1/new/Display_Initializer.vhd:45]
	Parameter N_i bound to: 16 - type: integer 
	Parameter N_o bound to: 8 - type: integer 
WARNING: [Synth 8-614] signal 'reset_was_high' is read in the process but is not in the sensitivity list [D:/My_DevOps/Fall_2022/EE365/EE365_Labs/Lab5/7_Segment_Display.srcs/sources_1/new/Display_Initializer.vhd:73]
WARNING: [Synth 8-614] signal 'TTL_busy' is read in the process but is not in the sensitivity list [D:/My_DevOps/Fall_2022/EE365/EE365_Labs/Lab5/7_Segment_Display.srcs/sources_1/new/Display_Initializer.vhd:73]
WARNING: [Synth 8-614] signal 'current_signal' is read in the process but is not in the sensitivity list [D:/My_DevOps/Fall_2022/EE365/EE365_Labs/Lab5/7_Segment_Display.srcs/sources_1/new/Display_Initializer.vhd:73]
WARNING: [Synth 8-614] signal 'init_counter' is read in the process but is not in the sensitivity list [D:/My_DevOps/Fall_2022/EE365/EE365_Labs/Lab5/7_Segment_Display.srcs/sources_1/new/Display_Initializer.vhd:73]
INFO: [Synth 8-226] default block is never used [D:/My_DevOps/Fall_2022/EE365/EE365_Labs/Lab5/7_Segment_Display.srcs/sources_1/new/Display_Initializer.vhd:103]
INFO: [Synth 8-256] done synthesizing module 'Display_Initializer' (1#1) [D:/My_DevOps/Fall_2022/EE365/EE365_Labs/Lab5/7_Segment_Display.srcs/sources_1/new/Display_Initializer.vhd:45]
INFO: [Synth 8-256] done synthesizing module 'Diagram_7_Segment_Display_Display_Initializer_0_0' (2#1) [d:/My_DevOps/Fall_2022/EE365/EE365_Labs/Lab5/7_Segment_Display.srcs/sources_1/bd/Diagram_7_Segment_Display/ip/Diagram_7_Segment_Display_Display_Initializer_0_0/synth/Diagram_7_Segment_Display_Display_Initializer_0_0.vhd:66]
---------------------------------------------------------------------------------
Finished RTL Elaboration : Time (s): cpu = 00:00:08 ; elapsed = 00:00:10 . Memory (MB): peak = 778.199 ; gain = 244.102
---------------------------------------------------------------------------------

Report Check Netlist: 
+------+------------------+-------+---------+-------+------------------+
|      |Item              |Errors |Warnings |Status |Description       |
+------+------------------+-------+---------+-------+------------------+
|1     |multi_driven_nets |      0|        0|Passed |Multi driven nets |
+------+------------------+-------+---------+-------+------------------+
---------------------------------------------------------------------------------
Start Handling Custom Attributes
---------------------------------------------------------------------------------
---------------------------------------------------------------------------------
Finished Handling Custom Attributes : Time (s): cpu = 00:00:08 ; elapsed = 00:00:11 . Memory (MB): peak = 778.199 ; gain = 244.102
---------------------------------------------------------------------------------
---------------------------------------------------------------------------------
Finished RTL Optimization Phase 1 : Time (s): cpu = 00:00:08 ; elapsed = 00:00:11 . Memory (MB): peak = 778.199 ; gain = 244.102
---------------------------------------------------------------------------------
INFO: [Project 1-570] Preparing netlist for logic optimization

Processing XDC Constraints
Initializing timing engine
Completed Processing XDC Constraints

Netlist sorting complete. Time (s): cpu = 00:00:00 ; elapsed = 00:00:00 . Memory (MB): peak = 866.262 ; gain = 0.000
INFO: [Project 1-111] Unisim Transformation Summary:
No Unisim elements were transformed.

WARNING: [Constraints 18-5210] No constraints selected for write.
Resolution: This message can indicate that there are no constraints for the design, or it can indicate that the used_in flags are set such that the constraints are ignored. This later case is used when running synth_design to not write synthesis constraints to the resulting checkpoint. Instead, project constraints are read when the synthesized design is opened.
Constraint Validation Runtime : Time (s): cpu = 00:00:00 ; elapsed = 00:00:00.112 . Memory (MB): peak = 867.238 ; gain = 0.977
---------------------------------------------------------------------------------
Finished Constraint Validation : Time (s): cpu = 00:00:17 ; elapsed = 00:00:22 . Memory (MB): peak = 867.238 ; gain = 333.141
---------------------------------------------------------------------------------
---------------------------------------------------------------------------------
Start Loading Part and Timing Information
---------------------------------------------------------------------------------
Loading part: xc7z010clg225-1
---------------------------------------------------------------------------------
Finished Loading Part and Timing Information : Time (s): cpu = 00:00:17 ; elapsed = 00:00:22 . Memory (MB): peak = 867.238 ; gain = 333.141
---------------------------------------------------------------------------------
---------------------------------------------------------------------------------
Start Applying 'set_property' XDC Constraints
---------------------------------------------------------------------------------
---------------------------------------------------------------------------------
Finished applying 'set_property' XDC Constraints : Time (s): cpu = 00:00:17 ; elapsed = 00:00:22 . Memory (MB): peak = 867.238 ; gain = 333.141
---------------------------------------------------------------------------------
INFO: [Synth 8-802] inferred FSM for state register 'sendState_reg' in module 'Display_Initializer'
---------------------------------------------------------------------------------------------------
                   State |                     New Encoding |                Previous Encoding 
---------------------------------------------------------------------------------------------------
               sendfirst |                               00 |                               00
               wait_busy |                               01 |                               01
              sendsecond |                               10 |                               10
---------------------------------------------------------------------------------------------------
INFO: [Synth 8-3354] encoded FSM with state register 'sendState_reg' using encoding 'sequential' in module 'Display_Initializer'
WARNING: [Synth 8-327] inferring latch for variable 'init_display_singal_reg' [D:/My_DevOps/Fall_2022/EE365/EE365_Labs/Lab5/7_Segment_Display.srcs/sources_1/new/Display_Initializer.vhd:80]
WARNING: [Synth 8-327] inferring latch for variable 'init_counter_reg' [D:/My_DevOps/Fall_2022/EE365/EE365_Labs/Lab5/7_Segment_Display.srcs/sources_1/new/Display_Initializer.vhd:81]
WARNING: [Synth 8-327] inferring latch for variable 'reset_was_high_reg' [D:/My_DevOps/Fall_2022/EE365/EE365_Labs/Lab5/7_Segment_Display.srcs/sources_1/new/Display_Initializer.vhd:75]
---------------------------------------------------------------------------------
Finished RTL Optimization Phase 2 : Time (s): cpu = 00:00:18 ; elapsed = 00:00:23 . Memory (MB): peak = 867.238 ; gain = 333.141
---------------------------------------------------------------------------------

Report RTL Partitions: 
+-+--------------+------------+----------+
| |RTL Partition |Replication |Instances |
+-+--------------+------------+----------+
+-+--------------+------------+----------+
---------------------------------------------------------------------------------
Start RTL Component Statistics 
---------------------------------------------------------------------------------
Detailed RTL Component Info : 
+---Adders : 
	   2 Input     32 Bit       Adders := 1     
+---Registers : 
	                8 Bit    Registers := 3     
	                1 Bit    Registers := 1     
+---Muxes : 
	   2 Input     32 Bit        Muxes := 1     
	   3 Input      8 Bit        Muxes := 1     
	   2 Input      8 Bit        Muxes := 1     
	   3 Input      7 Bit        Muxes := 1     
	   3 Input      2 Bit        Muxes := 1     
	   2 Input      2 Bit        Muxes := 3     
	   6 Input      2 Bit        Muxes := 1     
	   2 Input      1 Bit        Muxes := 7     
	   3 Input      1 Bit        Muxes := 2     
---------------------------------------------------------------------------------
Finished RTL Component Statistics 
---------------------------------------------------------------------------------
---------------------------------------------------------------------------------
Start RTL Hierarchical Component Statistics 
---------------------------------------------------------------------------------
Hierarchical RTL Component report 
Module Display_Initializer 
Detailed RTL Component Info : 
+---Adders : 
	   2 Input     32 Bit       Adders := 1     
+---Registers : 
	                8 Bit    Registers := 3     
	                1 Bit    Registers := 1     
+---Muxes : 
	   2 Input     32 Bit        Muxes := 1     
	   3 Input      8 Bit        Muxes := 1     
	   2 Input      8 Bit        Muxes := 1     
	   3 Input      7 Bit        Muxes := 1     
	   3 Input      2 Bit        Muxes := 1     
	   2 Input      2 Bit        Muxes := 3     
	   6 Input      2 Bit        Muxes := 1     
	   2 Input      1 Bit        Muxes := 7     
	   3 Input      1 Bit        Muxes := 2     
---------------------------------------------------------------------------------
Finished RTL Hierarchical Component Statistics
---------------------------------------------------------------------------------
---------------------------------------------------------------------------------
Start Part Resource Summary
---------------------------------------------------------------------------------
Part Resources:
DSPs: 80 (col length:40)
BRAMs: 120 (col length: RAMB18 40 RAMB36 20)
---------------------------------------------------------------------------------
Finished Part Resource Summary
---------------------------------------------------------------------------------
---------------------------------------------------------------------------------
Start Cross Boundary and Area Optimization
---------------------------------------------------------------------------------
Warning: Parallel synthesis criteria is not met 
INFO: [Synth 8-5545] ROM "U0/current_signal" won't be mapped to RAM because address size (32) is larger than maximum supported(25)
INFO: [Synth 8-3886] merging instance 'U0/init_display_singal_reg[1]' (LD) to 'U0/init_display_singal_reg[6]'
INFO: [Synth 8-3886] merging instance 'U0/init_display_singal_reg[4]' (LD) to 'U0/init_display_singal_reg[5]'
INFO: [Synth 8-3333] propagating constant 0 across sequential element (\U0/init_display_singal_reg[7] )
INFO: [Synth 8-3332] Sequential element (U0/init_display_singal_reg[7]) is unused and will be removed from module Diagram_7_Segment_Display_Display_Initializer_0_0.
INFO: [Synth 8-3333] propagating constant 1 across sequential element (\U0/init_display_singal_reg[6] )
INFO: [Synth 8-3332] Sequential element (U0/init_display_singal_reg[6]) is unused and will be removed from module Diagram_7_Segment_Display_Display_Initializer_0_0.
---------------------------------------------------------------------------------
Finished Cross Boundary and Area Optimization : Time (s): cpu = 00:00:20 ; elapsed = 00:00:26 . Memory (MB): peak = 867.238 ; gain = 333.141
---------------------------------------------------------------------------------

Report RTL Partitions: 
+-+--------------+------------+----------+
| |RTL Partition |Replication |Instances |
+-+--------------+------------+----------+
+-+--------------+------------+----------+
---------------------------------------------------------------------------------
Start Applying XDC Timing Constraints
---------------------------------------------------------------------------------
---------------------------------------------------------------------------------
Finished Applying XDC Timing Constraints : Time (s): cpu = 00:00:30 ; elapsed = 00:00:41 . Memory (MB): peak = 869.848 ; gain = 335.750
---------------------------------------------------------------------------------
---------------------------------------------------------------------------------
Start Timing Optimization
---------------------------------------------------------------------------------
---------------------------------------------------------------------------------
Finished Timing Optimization : Time (s): cpu = 00:00:30 ; elapsed = 00:00:41 . Memory (MB): peak = 869.996 ; gain = 335.898
---------------------------------------------------------------------------------

Report RTL Partitions: 
+-+--------------+------------+----------+
| |RTL Partition |Replication |Instances |
+-+--------------+------------+----------+
+-+--------------+------------+----------+
---------------------------------------------------------------------------------
Start Technology Mapping
---------------------------------------------------------------------------------
---------------------------------------------------------------------------------
Finished Technology Mapping : Time (s): cpu = 00:00:30 ; elapsed = 00:00:41 . Memory (MB): peak = 880.062 ; gain = 345.965
---------------------------------------------------------------------------------

Report RTL Partitions: 
+-+--------------+------------+----------+
| |RTL Partition |Replication |Instances |
+-+--------------+------------+----------+
+-+--------------+------------+----------+
---------------------------------------------------------------------------------
Start IO Insertion
---------------------------------------------------------------------------------
---------------------------------------------------------------------------------
Start Flattening Before IO Insertion
---------------------------------------------------------------------------------
---------------------------------------------------------------------------------
Finished Flattening Before IO Insertion
---------------------------------------------------------------------------------
---------------------------------------------------------------------------------
Start Final Netlist Cleanup
---------------------------------------------------------------------------------
INFO: [Synth 8-5365] Flop U0/transmiting_reg is being inverted and renamed to U0/transmiting_reg_inv.
---------------------------------------------------------------------------------
Finished Final Netlist Cleanup
---------------------------------------------------------------------------------
---------------------------------------------------------------------------------
Finished IO Insertion : Time (s): cpu = 00:00:31 ; elapsed = 00:00:44 . Memory (MB): peak = 894.879 ; gain = 360.781
---------------------------------------------------------------------------------

Report Check Netlist: 
+------+------------------+-------+---------+-------+------------------+
|      |Item              |Errors |Warnings |Status |Description       |
+------+------------------+-------+---------+-------+------------------+
|1     |multi_driven_nets |      0|        0|Passed |Multi driven nets |
+------+------------------+-------+---------+-------+------------------+
---------------------------------------------------------------------------------
Start Renaming Generated Instances
---------------------------------------------------------------------------------
---------------------------------------------------------------------------------
Finished Renaming Generated Instances : Time (s): cpu = 00:00:31 ; elapsed = 00:00:44 . Memory (MB): peak = 894.879 ; gain = 360.781
---------------------------------------------------------------------------------

Report RTL Partitions: 
+-+--------------+------------+----------+
| |RTL Partition |Replication |Instances |
+-+--------------+------------+----------+
+-+--------------+------------+----------+
---------------------------------------------------------------------------------
Start Rebuilding User Hierarchy
---------------------------------------------------------------------------------
---------------------------------------------------------------------------------
Finished Rebuilding User Hierarchy : Time (s): cpu = 00:00:31 ; elapsed = 00:00:44 . Memory (MB): peak = 894.879 ; gain = 360.781
---------------------------------------------------------------------------------
---------------------------------------------------------------------------------
Start Renaming Generated Ports
---------------------------------------------------------------------------------
---------------------------------------------------------------------------------
Finished Renaming Generated Ports : Time (s): cpu = 00:00:31 ; elapsed = 00:00:44 . Memory (MB): peak = 894.879 ; gain = 360.781
---------------------------------------------------------------------------------
---------------------------------------------------------------------------------
Start Handling Custom Attributes
---------------------------------------------------------------------------------
---------------------------------------------------------------------------------
Finished Handling Custom Attributes : Time (s): cpu = 00:00:31 ; elapsed = 00:00:44 . Memory (MB): peak = 894.879 ; gain = 360.781
---------------------------------------------------------------------------------
---------------------------------------------------------------------------------
Start Renaming Generated Nets
---------------------------------------------------------------------------------
---------------------------------------------------------------------------------
Finished Renaming Generated Nets : Time (s): cpu = 00:00:31 ; elapsed = 00:00:44 . Memory (MB): peak = 894.879 ; gain = 360.781
---------------------------------------------------------------------------------
---------------------------------------------------------------------------------
Start Writing Synthesis Report
---------------------------------------------------------------------------------

Report BlackBoxes: 
+-+--------------+----------+
| |BlackBox name |Instances |
+-+--------------+----------+
+-+--------------+----------+

Report Cell Usage: 
+------+-------+------+
|      |Cell   |Count |
+------+-------+------+
|1     |CARRY4 |     8|
|2     |LUT1   |     1|
|3     |LUT2   |     5|
|4     |LUT3   |    16|
|5     |LUT4   |     7|
|6     |LUT5   |    31|
|7     |LUT6   |     8|
|8     |FDRE   |    27|
|9     |LD     |    37|
+------+-------+------+

Report Instance Areas: 
+------+---------+--------------------+------+
|      |Instance |Module              |Cells |
+------+---------+--------------------+------+
|1     |top      |                    |   140|
|2     |  U0     |Display_Initializer |   140|
+------+---------+--------------------+------+
---------------------------------------------------------------------------------
Finished Writing Synthesis Report : Time (s): cpu = 00:00:31 ; elapsed = 00:00:44 . Memory (MB): peak = 894.879 ; gain = 360.781
---------------------------------------------------------------------------------
Synthesis finished with 0 errors, 0 critical warnings and 3 warnings.
Synthesis Optimization Runtime : Time (s): cpu = 00:00:21 ; elapsed = 00:00:40 . Memory (MB): peak = 894.879 ; gain = 271.742
Synthesis Optimization Complete : Time (s): cpu = 00:00:32 ; elapsed = 00:00:44 . Memory (MB): peak = 894.879 ; gain = 360.781
INFO: [Project 1-571] Translating synthesized netlist
INFO: [Netlist 29-17] Analyzing 45 Unisim elements for replacement
INFO: [Netlist 29-28] Unisim Transformation completed in 0 CPU seconds
INFO: [Project 1-570] Preparing netlist for logic optimization
INFO: [Opt 31-138] Pushed 0 inverter(s) to 0 load pin(s).
Netlist sorting complete. Time (s): cpu = 00:00:00 ; elapsed = 00:00:00 . Memory (MB): peak = 914.625 ; gain = 0.000
INFO: [Project 1-111] Unisim Transformation Summary:
  A total of 37 instances were transformed.
  LD => LDCE: 37 instances

INFO: [Common 17-83] Releasing license: Synthesis
27 Infos, 10 Warnings, 0 Critical Warnings and 0 Errors encountered.
synth_design completed successfully
synth_design: Time (s): cpu = 00:00:39 ; elapsed = 00:00:57 . Memory (MB): peak = 914.625 ; gain = 620.020
Netlist sorting complete. Time (s): cpu = 00:00:00 ; elapsed = 00:00:00 . Memory (MB): peak = 914.625 ; gain = 0.000
WARNING: [Constraints 18-5210] No constraints selected for write.
Resolution: This message can indicate that there are no constraints for the design, or it can indicate that the used_in flags are set such that the constraints are ignored. This later case is used when running synth_design to not write synthesis constraints to the resulting checkpoint. Instead, project constraints are read when the synthesized design is opened.
INFO: [Common 17-1381] The checkpoint 'D:/My_DevOps/Fall_2022/EE365/EE365_Labs/Lab5/7_Segment_Display.runs/Diagram_7_Segment_Display_Display_Initializer_0_0_synth_1/Diagram_7_Segment_Display_Display_Initializer_0_0.dcp' has been generated.
WARNING: [Common 17-576] 'use_project_ipc' is deprecated. This option is deprecated and no longer used.
Netlist sorting complete. Time (s): cpu = 00:00:00 ; elapsed = 00:00:00 . Memory (MB): peak = 914.625 ; gain = 0.000
WARNING: [Constraints 18-5210] No constraints selected for write.
Resolution: This message can indicate that there are no constraints for the design, or it can indicate that the used_in flags are set such that the constraints are ignored. This later case is used when running synth_design to not write synthesis constraints to the resulting checkpoint. Instead, project constraints are read when the synthesized design is opened.
INFO: [Common 17-1381] The checkpoint 'D:/My_DevOps/Fall_2022/EE365/EE365_Labs/Lab5/7_Segment_Display.runs/Diagram_7_Segment_Display_Display_Initializer_0_0_synth_1/Diagram_7_Segment_Display_Display_Initializer_0_0.dcp' has been generated.
INFO: [runtcl-4] Executing : report_utilization -file Diagram_7_Segment_Display_Display_Initializer_0_0_utilization_synth.rpt -pb Diagram_7_Segment_Display_Display_Initializer_0_0_utilization_synth.pb
INFO: [Common 17-206] Exiting Vivado at Sat Nov  5 21:02:30 2022...
