Copyright 1986-2019 Xilinx, Inc. All Rights Reserved.
------------------------------------------------------------------------------------------------------------------------------------------------------------------------------------------
| Tool Version : Vivado v.2019.1 (win64) Build 2552052 Fri May 24 14:49:42 MDT 2019
| Date         : Sat Nov  5 21:06:52 2022
| Host         : ALIENWARE running 64-bit major release  (build 9200)
| Command      : report_drc -file Diagram_7_Segment_Display_wrapper_drc_opted.rpt -pb Diagram_7_Segment_Display_wrapper_drc_opted.pb -rpx Diagram_7_Segment_Display_wrapper_drc_opted.rpx
| Design       : Diagram_7_Segment_Display_wrapper
| Device       : xc7z010clg225-1
| Speed File   : -1
| Design State : Synthesized
------------------------------------------------------------------------------------------------------------------------------------------------------------------------------------------

Report DRC

Table of Contents
-----------------
1. REPORT SUMMARY
2. REPORT DETAILS

1. REPORT SUMMARY
-----------------
            Netlist: netlist
          Floorplan: design_1
      Design limits: <entire design considered>
           Ruledeck: default
             Max violations: <unlimited>
             Violations found: 1
+--------+------------------+--------------------------+------------+
| Rule   | Severity         | Description              | Violations |
+--------+------------------+--------------------------+------------+
| NSTD-1 | Critical Warning | Unspecified I/O Standard | 1          |
+--------+------------------+--------------------------+------------+

2. REPORT DETAILS
-----------------
NSTD-1#1 Critical Warning
Unspecified I/O Standard  
4 out of 90 logical ports use I/O standard (IOSTANDARD) value 'DEFAULT', instead of a user assigned specific value. This may cause I/O contention or incompatibility with the board power or connectivity affecting performance, signal integrity or in extreme cases cause damage to the device or the components to which it is connected. To correct this violation, specify all I/O standards. This design will fail to generate a bitstream unless all logical ports have a user specified I/O standard value defined. To allow bitstream creation with unspecified I/O standard values (not recommended), use this command: set_property SEVERITY {Warning} [get_drc_checks NSTD-1].  NOTE: When using the Vivado Runs infrastructure (e.g. launch_runs Tcl command), add this command to a .tcl file and add that file as a pre-hook for write_bitstream step for the implementation run. Problem ports: BTN_0, BTN_1, BTN_2, TX.
Related violations: <none>


