#-----------------------------------------------------------
# Vivado v2019.1 (64-bit)
# SW Build 2552052 on Fri May 24 14:49:42 MDT 2019
# IP Build 2548770 on Fri May 24 18:01:18 MDT 2019
# Start of session at: Sun Dec 11 18:19:03 2022
# Process ID: 16816
# Current directory: D:/school/sem7/EE365/Exams/ip_repo
# Command line: vivado.exe -gui_launcher_event rodinguilauncherevent12120 D:\school\sem7\EE365\Exams\ip_repo\edit_Serial_7seg_v1_0.xpr
# Log file: D:/school/sem7/EE365/Exams/ip_repo/vivado.log
# Journal file: D:/school/sem7/EE365/Exams/ip_repo\vivado.jou
#-----------------------------------------------------------
start_gui
open_project D:/school/sem7/EE365/Exams/ip_repo/edit_Serial_7seg_v1_0.xpr
Scanning sources...
Finished scanning sources
INFO: [IP_Flow 19-234] Refreshing IP repositories
INFO: [IP_Flow 19-1700] Loaded user IP repository 'd:/school/sem7/EE365/Exams/ip_repo/myipLCD_ip_1.0'.
INFO: [IP_Flow 19-1700] Loaded user IP repository 'd:/school/sem7/EE365/Exams/ip_repo/Serial_7seg_1.0'.
INFO: [IP_Flow 19-2313] Loaded Vivado IP repository 'C:/Xilinx/Vivado/2019.1/data/ip'.
open_project: Time (s): cpu = 00:00:15 ; elapsed = 00:00:07 . Memory (MB): peak = 734.859 ; gain = 109.191
update_compile_order -fileset sources_1
exit
INFO: [Common 17-206] Exiting Vivado at Sun Dec 11 20:07:39 2022...
