Copyright 1986-2019 Xilinx, Inc. All Rights Reserved.
------------------------------------------------------------------------------------
| Tool Version : Vivado v.2019.1 (win64) Build 2552052 Fri May 24 14:49:42 MDT 2019
| Date         : Sun Dec 11 18:21:33 2022
| Host         : NICK-PC running 64-bit major release  (build 9200)
| Command      : upgrade_ip
| Device       : xc7z010clg225-1
------------------------------------------------------------------------------------

Upgrade Log for IP 'design_1_Serial_7seg_0_3'

1. Summary
----------

SUCCESS in the upgrade of design_1_Serial_7seg_0_3 (xilinx.com:user:Serial_7seg:1.0) from (Rev. 9) to (Rev. 10)






Copyright 1986-2019 Xilinx, Inc. All Rights Reserved.
------------------------------------------------------------------------------------
| Tool Version : Vivado v.2019.1 (win64) Build 2552052 Fri May 24 14:49:42 MDT 2019
| Date         : Sun Dec 11 18:09:54 2022
| Host         : NICK-PC running 64-bit major release  (build 9200)
| Command      : upgrade_ip
| Device       : xc7z010clg225-1
------------------------------------------------------------------------------------

Upgrade Log for IP 'design_1_Serial_7seg_0_3'

1. Summary
----------

SUCCESS in the upgrade of design_1_Serial_7seg_0_3 (xilinx.com:user:Serial_7seg:1.0) from (Rev. 8) to (Rev. 9)

