INFO: [VRFC 10-2263] Analyzing Verilog file "D:/My_DevOps/Fall_2022/EE365/EE365_Labs/Lab5/7_Segment_Display.ip_user_files/bd/Diagram_7_Segment_Display/ip/Diagram_7_Segment_Display_processing_system7_0_0/sim/Diagram_7_Segment_Display_processing_system7_0_0.v" into library xil_defaultlib
INFO: [VRFC 10-311] analyzing module Diagram_7_Segment_Display_processing_system7_0_0
INFO: [VRFC 10-2263] Analyzing Verilog file "D:/My_DevOps/Fall_2022/EE365/EE365_Labs/Lab5/7_Segment_Display.ip_user_files/bd/Diagram_7_Segment_Display/ip/Diagram_7_Segment_Display_btn_debounce_toggle_0_0/sim/Diagram_7_Segment_Display_btn_debounce_toggle_0_0.v" into library xil_defaultlib
INFO: [VRFC 10-311] analyzing module Diagram_7_Segment_Display_btn_debounce_toggle_0_0
INFO: [VRFC 10-2263] Analyzing Verilog file "D:/My_DevOps/Fall_2022/EE365/EE365_Labs/Lab5/7_Segment_Display.ip_user_files/bd/Diagram_7_Segment_Display/ip/Diagram_7_Segment_Display_btn_debounce_toggle_1_0/sim/Diagram_7_Segment_Display_btn_debounce_toggle_1_0.v" into library xil_defaultlib
INFO: [VRFC 10-311] analyzing module Diagram_7_Segment_Display_btn_debounce_toggle_1_0
INFO: [VRFC 10-2263] Analyzing Verilog file "D:/My_DevOps/Fall_2022/EE365/EE365_Labs/Lab5/7_Segment_Display.ip_user_files/bd/Diagram_7_Segment_Display/ip/Diagram_7_Segment_Display_btn_debounce_toggle_2_0/sim/Diagram_7_Segment_Display_btn_debounce_toggle_2_0.v" into library xil_defaultlib
INFO: [VRFC 10-311] analyzing module Diagram_7_Segment_Display_btn_debounce_toggle_2_0
INFO: [VRFC 10-2263] Analyzing Verilog file "D:/My_DevOps/Fall_2022/EE365/EE365_Labs/Lab5/7_Segment_Display.ip_user_files/bd/Diagram_7_Segment_Display/ip/Diagram_7_Segment_Display_univ_bin_counter_0_0/sim/Diagram_7_Segment_Display_univ_bin_counter_0_0.v" into library xil_defaultlib
INFO: [VRFC 10-311] analyzing module Diagram_7_Segment_Display_univ_bin_counter_0_0
INFO: [VRFC 10-2263] Analyzing Verilog file "D:/My_DevOps/Fall_2022/EE365/EE365_Labs/Lab5/7_Segment_Display.ip_user_files/bd/Diagram_7_Segment_Display/ip/Diagram_7_Segment_Display_out_LTU_0_0/sim/Diagram_7_Segment_Display_out_LTU_0_0.v" into library xil_defaultlib
INFO: [VRFC 10-311] analyzing module Diagram_7_Segment_Display_out_LTU_0_0
INFO: [VRFC 10-2263] Analyzing Verilog file "D:/My_DevOps/Fall_2022/EE365/EE365_Labs/Lab5/7_Segment_Display.ip_user_files/bd/Diagram_7_Segment_Display/ip/Diagram_7_Segment_Display_count_loader_0_0/sim/Diagram_7_Segment_Display_count_loader_0_0.v" into library xil_defaultlib
INFO: [VRFC 10-311] analyzing module Diagram_7_Segment_Display_count_loader_0_0
INFO: [VRFC 10-2263] Analyzing Verilog file "D:/My_DevOps/Fall_2022/EE365/EE365_Labs/Lab5/7_Segment_Display.ip_user_files/bd/Diagram_7_Segment_Display/ip/Diagram_7_Segment_Display_Reset_Delay_0_0/sim/Diagram_7_Segment_Display_Reset_Delay_0_0.v" into library xil_defaultlib
INFO: [VRFC 10-311] analyzing module Diagram_7_Segment_Display_Reset_Delay_0_0
INFO: [VRFC 10-2263] Analyzing Verilog file "D:/My_DevOps/Fall_2022/EE365/EE365_Labs/Lab5/7_Segment_Display.ip_user_files/bd/Diagram_7_Segment_Display/ip/Diagram_7_Segment_Display_OR_2_0_0/sim/Diagram_7_Segment_Display_OR_2_0_0.v" into library xil_defaultlib
INFO: [VRFC 10-311] analyzing module Diagram_7_Segment_Display_OR_2_0_0
INFO: [VRFC 10-2263] Analyzing Verilog file "D:/My_DevOps/Fall_2022/EE365/EE365_Labs/Lab5/7_Segment_Display.ip_user_files/bd/Diagram_7_Segment_Display/ip/Diagram_7_Segment_Display_TTL_serial_0_0/sim/Diagram_7_Segment_Display_TTL_serial_0_0.v" into library xil_defaultlib
INFO: [VRFC 10-311] analyzing module Diagram_7_Segment_Display_TTL_serial_0_0
INFO: [VRFC 10-2263] Analyzing Verilog file "D:/My_DevOps/Fall_2022/EE365/EE365_Labs/Lab5/7_Segment_Display.ip_user_files/bd/Diagram_7_Segment_Display/ip/Diagram_7_Segment_Display_Not_1_in_0_0/sim/Diagram_7_Segment_Display_Not_1_in_0_0.v" into library xil_defaultlib
INFO: [VRFC 10-311] analyzing module Diagram_7_Segment_Display_Not_1_in_0_0
INFO: [VRFC 10-2263] Analyzing Verilog file "D:/My_DevOps/Fall_2022/EE365/EE365_Labs/Lab5/7_Segment_Display.ip_user_files/bd/Diagram_7_Segment_Display/ip/Diagram_7_Segment_Display_Display_Initializer_0_0/sim/Diagram_7_Segment_Display_Display_Initializer_0_0.v" into library xil_defaultlib
INFO: [VRFC 10-311] analyzing module Diagram_7_Segment_Display_Display_Initializer_0_0
INFO: [VRFC 10-2263] Analyzing Verilog file "D:/My_DevOps/Fall_2022/EE365/EE365_Labs/Lab5/7_Segment_Display.ip_user_files/bd/Diagram_7_Segment_Display/ip/Diagram_7_Segment_Display_Low_Signal_GND_0_0/sim/Diagram_7_Segment_Display_Low_Signal_GND_0_0.v" into library xil_defaultlib
INFO: [VRFC 10-311] analyzing module Diagram_7_Segment_Display_Low_Signal_GND_0_0
INFO: [VRFC 10-2263] Analyzing Verilog file "D:/My_DevOps/Fall_2022/EE365/EE365_Labs/Lab5/7_Segment_Display.ip_user_files/bd/Diagram_7_Segment_Display/ip/Diagram_7_Segment_Display_Not_1_in_0_1/sim/Diagram_7_Segment_Display_Not_1_in_0_1.v" into library xil_defaultlib
INFO: [VRFC 10-311] analyzing module Diagram_7_Segment_Display_Not_1_in_0_1
INFO: [VRFC 10-2263] Analyzing Verilog file "D:/My_DevOps/Fall_2022/EE365/EE365_Labs/Lab5/7_Segment_Display.ip_user_files/bd/Diagram_7_Segment_Display/sim/Diagram_7_Segment_Display.v" into library xil_defaultlib
INFO: [VRFC 10-311] analyzing module Diagram_7_Segment_Display
INFO: [VRFC 10-2263] Analyzing Verilog file "D:/My_DevOps/Fall_2022/EE365/EE365_Labs/Lab5/7_Segment_Display.srcs/sources_1/bd/Diagram_7_Segment_Display/hdl/Diagram_7_Segment_Display_wrapper.v" into library xil_defaultlib
INFO: [VRFC 10-311] analyzing module Diagram_7_Segment_Display_wrapper
