23:08:42 INFO  : Registering command handlers for SDK TCF services
23:08:43 INFO  : Launching XSCT server: xsct.bat -interactive C:\Users\schumae\Documents\GitHub\EE365\Lab4\Vivado_Encoder_Lab4.sdk\temp_xsdb_launch_script.tcl
23:08:46 INFO  : XSCT server has started successfully.
23:08:47 INFO  : Successfully done setting XSCT server connection channel  
23:08:47 INFO  : Successfully done setting SDK workspace  
23:08:47 INFO  : Processing command line option -hwspec C:/Users/schumae/Documents/GitHub/EE365/Lab4/Vivado_Encoder_Lab4.sdk/Vivado_encoder_Lab4_wrapper.hdf.
23:13:38 INFO  : Connected to target on host '127.0.0.1' and port '3121'.
23:13:38 INFO  : 'targets -set -filter {jtag_cable_name =~ "JTAG-ONB4 251633007573A" && level==0} -index 1' command is executed.
23:13:40 INFO  : FPGA configured successfully with bitstream "C:/Users/schumae/Documents/GitHub/EE365/Lab4/Vivado_Encoder_Lab4.sdk/Vivado_encoder_Lab4_wrapper_hw_platform_0/Vivado_encoder_Lab4_wrapper.bit"
23:14:40 INFO  : 'targets -set -filter {jtag_cable_name =~ "JTAG-ONB4 251633007573A" && level==0} -index 1' command is executed.
23:14:40 INFO  : 'fpga -state' command is executed.
23:14:40 INFO  : Connected to target on host '127.0.0.1' and port '3121'.
23:14:40 INFO  : Jtag cable 'JTAG-ONB4 251633007573A' is selected.
23:14:40 INFO  : 'jtag frequency' command is executed.
23:14:40 INFO  : Sourcing of 'C:/Users/schumae/Documents/GitHub/EE365/Lab4/Vivado_Encoder_Lab4.sdk/Vivado_encoder_Lab4_wrapper_hw_platform_0/ps7_init.tcl' is done.
23:14:40 INFO  : Context for 'APU' is selected.
23:14:40 INFO  : Hardware design information is loaded from 'C:/Users/schumae/Documents/GitHub/EE365/Lab4/Vivado_Encoder_Lab4.sdk/Vivado_encoder_Lab4_wrapper_hw_platform_0/system.hdf'.
23:14:40 INFO  : 'configparams force-mem-access 1' command is executed.
23:14:40 INFO  : Context for 'APU' is selected.
23:14:40 INFO  : 'stop' command is executed.
23:14:41 INFO  : 'ps7_init' command is executed.
23:14:41 INFO  : 'ps7_post_config' command is executed.
23:14:41 INFO  : Context for processor 'ps7_cortexa9_0' is selected.
23:14:41 INFO  : Processor reset is completed for 'ps7_cortexa9_0'.
23:14:41 INFO  : Context for processor 'ps7_cortexa9_0' is selected.
23:14:41 INFO  : The application 'C:/Users/schumae/Documents/GitHub/EE365/Lab4/Vivado_Encoder_Lab4.sdk/HelloWorld/Debug/HelloWorld.elf' is downloaded to processor 'ps7_cortexa9_0'.
23:14:41 INFO  : 'configparams force-mem-access 0' command is executed.
23:14:41 INFO  : ----------------XSDB Script----------------
connect -url tcp:127.0.0.1:3121
source C:/Users/schumae/Documents/GitHub/EE365/Lab4/Vivado_Encoder_Lab4.sdk/Vivado_encoder_Lab4_wrapper_hw_platform_0/ps7_init.tcl
targets -set -nocase -filter {name =~"APU*" && jtag_cable_name =~ "JTAG-ONB4 251633007573A"} -index 0
loadhw -hw C:/Users/schumae/Documents/GitHub/EE365/Lab4/Vivado_Encoder_Lab4.sdk/Vivado_encoder_Lab4_wrapper_hw_platform_0/system.hdf -mem-ranges [list {0x40000000 0xbfffffff}]
configparams force-mem-access 1
targets -set -nocase -filter {name =~"APU*" && jtag_cable_name =~ "JTAG-ONB4 251633007573A"} -index 0
stop
ps7_init
ps7_post_config
targets -set -nocase -filter {name =~ "ARM*#0" && jtag_cable_name =~ "JTAG-ONB4 251633007573A"} -index 0
rst -processor
targets -set -nocase -filter {name =~ "ARM*#0" && jtag_cable_name =~ "JTAG-ONB4 251633007573A"} -index 0
dow C:/Users/schumae/Documents/GitHub/EE365/Lab4/Vivado_Encoder_Lab4.sdk/HelloWorld/Debug/HelloWorld.elf
configparams force-mem-access 0
----------------End of Script----------------

23:14:41 INFO  : Memory regions updated for context APU
23:14:41 INFO  : Context for processor 'ps7_cortexa9_0' is selected.
23:14:41 INFO  : 'con' command is executed.
23:14:41 INFO  : ----------------XSDB Script (After Launch)----------------
targets -set -nocase -filter {name =~ "ARM*#0" && jtag_cable_name =~ "JTAG-ONB4 251633007573A"} -index 0
con
----------------End of Script----------------

23:14:41 INFO  : Launch script is exported to file 'C:\Users\schumae\Documents\GitHub\EE365\Lab4\Vivado_Encoder_Lab4.sdk\.sdk\launch_scripts\xilinx_c-c++_application_(system_debugger)\system_debugger_using_debug_helloworld.elf_on_local.tcl'
00:34:50 INFO  : Disconnected from the channel tcfchan#1.
15:43:34 INFO  : Registering command handlers for SDK TCF services
15:43:35 INFO  : Launching XSCT server: xsct.bat -interactive C:\Users\schumae\Desktop\EE365\Lab4\Vivado_Encoder_Lab4.sdk.v1\temp_xsdb_launch_script.tcl
15:43:38 INFO  : XSCT server has started successfully.
15:43:39 INFO  : Successfully done setting XSCT server connection channel  
15:43:39 INFO  : Successfully done setting SDK workspace  
