Vivado Simulator 2019.1
Copyright 1986-1999, 2001-2019 Xilinx, Inc. All Rights Reserved.
Running: C:/Xilinx/Vivado/2019.1/bin/unwrapped/win64.o/xelab.exe -wto 0a60af8b059245528113a446aaf09217 --incr --debug typical --relax --mt 2 -L xil_defaultlib -L xilinx_vip -L secureip -L xpm --snapshot Top_Level_tb_behav xil_defaultlib.Top_Level_tb -log elaborate.log 
Using 2 slave threads.
Starting static elaboration
Completed static elaboration
Starting simulation data flow analysis
Completed simulation data flow analysis
Time Resolution for simulation is 1ps
Compiling package std.standard
Compiling package std.textio
Compiling package ieee.std_logic_1164
Compiling package ieee.std_logic_arith
Compiling package ieee.std_logic_unsigned
Compiling package ieee.numeric_std
Compiling architecture behavioral of entity xil_defaultlib.btn_debounce_toggle [btn_debounce_toggle_default]
Compiling architecture ltu of entity xil_defaultlib.out_LTU [\out_LTU(in_size=4)\]
Compiling architecture arch of entity xil_defaultlib.univ_bin_counter [\univ_bin_counter(n=4)\]
Compiling architecture state_machine of entity xil_defaultlib.TTL_serial [ttl_serial_default]
Compiling architecture user_logic of entity xil_defaultlib.TTL_Serial_user_logic [ttl_serial_user_logic_default]
Compiling architecture behavioral of entity xil_defaultlib.top_level [top_level_default]
Compiling architecture behavioral of entity xil_defaultlib.top_level_tb
Built simulation snapshot Top_Level_tb_behav
