#-----------------------------------------------------------
# Vivado v2019.1 (64-bit)
# SW Build 2552052 on Fri May 24 14:49:42 MDT 2019
# IP Build 2548770 on Fri May 24 18:01:18 MDT 2019
# Start of session at: Mon Nov 14 14:56:38 2022
# Process ID: 36584
# Current directory: D:/My_DevOps/Fall_2022/EE365/EE365_Labs/Lab5_Final
# Command line: vivado.exe -gui_launcher_event rodinguilauncherevent33036 D:\My_DevOps\Fall_2022\EE365\EE365_Labs\Lab5_Final\lab5_fresh.xpr
# Log file: D:/My_DevOps/Fall_2022/EE365/EE365_Labs/Lab5_Final/vivado.log
# Journal file: D:/My_DevOps/Fall_2022/EE365/EE365_Labs/Lab5_Final\vivado.jou
#-----------------------------------------------------------
start_gui
open_project D:/My_DevOps/Fall_2022/EE365/EE365_Labs/Lab5_Final/lab5_fresh.xpr
Scanning sources...
Finished scanning sources
INFO: [IP_Flow 19-234] Refreshing IP repositories
INFO: [IP_Flow 19-1704] No user IP repositories specified
INFO: [IP_Flow 19-2313] Loaded Vivado IP repository 'C:/Xilinx/Vivado/2019.1/data/ip'.
open_project: Time (s): cpu = 00:00:08 ; elapsed = 00:00:05 . Memory (MB): peak = 766.477 ; gain = 123.688
update_compile_order -fileset sources_1
exit
INFO: [Common 17-206] Exiting Vivado at Mon Nov 14 14:57:26 2022...
