20:44:43 INFO  : Registering command handlers for SDK TCF services
20:44:43 INFO  : Launching XSCT server: xsct.bat -interactive D:\My_DevOps\Fall_2022\EE365\EE365_Labs\Lab5\Lab_5_7_Segment.sdk\temp_xsdb_launch_script.tcl
20:44:46 INFO  : XSCT server has started successfully.
20:44:46 INFO  : Successfully done setting XSCT server connection channel  
20:44:46 INFO  : Successfully done setting SDK workspace  
20:44:46 INFO  : Processing command line option -hwspec D:/My_DevOps/Fall_2022/EE365/EE365_Labs/Lab5/Lab_5_7_Segment.sdk/Lab_5_wrapper.hdf.
20:46:56 INFO  : 'targets -set -filter {jtag_cable_name =~ "JTAG-ONB4 251633007573A" && level==0} -index 1' command is executed.
20:46:56 INFO  : 'fpga -state' command is executed.
20:46:56 INFO  : Connected to target on host '127.0.0.1' and port '3121'.
20:46:56 INFO  : Jtag cable 'JTAG-ONB4 251633007573A' is selected.
20:46:56 INFO  : 'jtag frequency' command is executed.
20:46:56 INFO  : Sourcing of 'D:/My_DevOps/Fall_2022/EE365/EE365_Labs/Lab5/Lab_5_7_Segment.sdk/Lab_5_wrapper_hw_platform_0/ps7_init.tcl' is done.
20:46:56 INFO  : Context for 'APU' is selected.
20:46:57 INFO  : Hardware design information is loaded from 'D:/My_DevOps/Fall_2022/EE365/EE365_Labs/Lab5/Lab_5_7_Segment.sdk/Lab_5_wrapper_hw_platform_0/system.hdf'.
20:46:57 INFO  : 'configparams force-mem-access 1' command is executed.
20:46:57 INFO  : Context for 'APU' is selected.
20:46:57 INFO  : 'stop' command is executed.
20:46:57 INFO  : 'ps7_init' command is executed.
20:46:57 INFO  : 'ps7_post_config' command is executed.
20:46:57 INFO  : Context for processor 'ps7_cortexa9_0' is selected.
20:46:57 INFO  : Processor reset is completed for 'ps7_cortexa9_0'.
20:46:57 INFO  : Context for processor 'ps7_cortexa9_0' is selected.
20:46:57 INFO  : The application 'D:/My_DevOps/Fall_2022/EE365/EE365_Labs/Lab5/Lab_5_7_Segment.sdk/Lab5_SDK/Debug/Lab5_SDK.elf' is downloaded to processor 'ps7_cortexa9_0'.
20:46:57 INFO  : 'configparams force-mem-access 0' command is executed.
20:46:57 INFO  : ----------------XSDB Script----------------
connect -url tcp:127.0.0.1:3121
source D:/My_DevOps/Fall_2022/EE365/EE365_Labs/Lab5/Lab_5_7_Segment.sdk/Lab_5_wrapper_hw_platform_0/ps7_init.tcl
targets -set -nocase -filter {name =~"APU*" && jtag_cable_name =~ "JTAG-ONB4 251633007573A"} -index 0
loadhw -hw D:/My_DevOps/Fall_2022/EE365/EE365_Labs/Lab5/Lab_5_7_Segment.sdk/Lab_5_wrapper_hw_platform_0/system.hdf -mem-ranges [list {0x40000000 0xbfffffff}]
configparams force-mem-access 1
targets -set -nocase -filter {name =~"APU*" && jtag_cable_name =~ "JTAG-ONB4 251633007573A"} -index 0
stop
ps7_init
ps7_post_config
targets -set -nocase -filter {name =~ "ARM*#0" && jtag_cable_name =~ "JTAG-ONB4 251633007573A"} -index 0
rst -processor
targets -set -nocase -filter {name =~ "ARM*#0" && jtag_cable_name =~ "JTAG-ONB4 251633007573A"} -index 0
dow D:/My_DevOps/Fall_2022/EE365/EE365_Labs/Lab5/Lab_5_7_Segment.sdk/Lab5_SDK/Debug/Lab5_SDK.elf
configparams force-mem-access 0
----------------End of Script----------------

20:46:57 INFO  : Memory regions updated for context APU
20:46:57 INFO  : Context for processor 'ps7_cortexa9_0' is selected.
20:46:57 INFO  : 'con' command is executed.
20:46:57 INFO  : ----------------XSDB Script (After Launch)----------------
targets -set -nocase -filter {name =~ "ARM*#0" && jtag_cable_name =~ "JTAG-ONB4 251633007573A"} -index 0
con
----------------End of Script----------------

20:46:57 INFO  : Launch script is exported to file 'D:\My_DevOps\Fall_2022\EE365\EE365_Labs\Lab5\Lab_5_7_Segment.sdk\.sdk\launch_scripts\xilinx_c-c++_application_(system_debugger)\system_debugger_using_debug_lab5_sdk.elf_on_local.tcl'
21:42:45 INFO  : Disconnected from the channel tcfchan#1.
22:49:28 INFO  : Launching XSCT server: xsct.bat -interactive D:\My_DevOps\Fall_2022\EE365\EE365_Labs\Lab5\Lab_5_7_Segment.sdk\temp_xsdb_launch_script.tcl
22:49:30 INFO  : XSCT server has started successfully.
22:49:30 INFO  : Successfully done setting XSCT server connection channel  
22:49:31 INFO  : Successfully done setting SDK workspace  
22:49:36 INFO  : Registering command handlers for SDK TCF services
22:49:36 INFO  : Processing command line option -hwspec D:/My_DevOps/Fall_2022/EE365/EE365_Labs/Lab5/Lab_5_7_Segment.sdk/Lab_5_wrapper.hdf.
22:49:37 INFO  : Checking for hwspec changes in the project Lab_5_wrapper_hw_platform_0.
22:49:55 INFO  : 'targets -set -filter {jtag_cable_name =~ "JTAG-ONB4 251633007573A" && level==0} -index 1' command is executed.
22:49:55 INFO  : 'fpga -state' command is executed.
22:49:55 INFO  : Connected to target on host '127.0.0.1' and port '3121'.
22:49:55 INFO  : Jtag cable 'JTAG-ONB4 251633007573A' is selected.
22:49:55 INFO  : 'jtag frequency' command is executed.
22:49:55 INFO  : Sourcing of 'D:/My_DevOps/Fall_2022/EE365/EE365_Labs/Lab5/Lab_5_7_Segment.sdk/Lab_5_wrapper_hw_platform_0/ps7_init.tcl' is done.
22:49:55 INFO  : Context for 'APU' is selected.
22:49:55 INFO  : Hardware design information is loaded from 'D:/My_DevOps/Fall_2022/EE365/EE365_Labs/Lab5/Lab_5_7_Segment.sdk/Lab_5_wrapper_hw_platform_0/system.hdf'.
22:49:55 INFO  : 'configparams force-mem-access 1' command is executed.
22:49:55 INFO  : Context for 'APU' is selected.
22:49:55 INFO  : 'stop' command is executed.
22:49:55 INFO  : 'ps7_init' command is executed.
22:49:55 INFO  : 'ps7_post_config' command is executed.
22:49:55 INFO  : Context for processor 'ps7_cortexa9_0' is selected.
22:49:56 INFO  : Processor reset is completed for 'ps7_cortexa9_0'.
22:49:56 INFO  : Context for processor 'ps7_cortexa9_0' is selected.
22:49:56 INFO  : The application 'D:/My_DevOps/Fall_2022/EE365/EE365_Labs/Lab5/Lab_5_7_Segment.sdk/Lab5_SDK/Debug/Lab5_SDK.elf' is downloaded to processor 'ps7_cortexa9_0'.
22:49:56 INFO  : 'configparams force-mem-access 0' command is executed.
22:49:56 INFO  : ----------------XSDB Script----------------
connect -url tcp:127.0.0.1:3121
source D:/My_DevOps/Fall_2022/EE365/EE365_Labs/Lab5/Lab_5_7_Segment.sdk/Lab_5_wrapper_hw_platform_0/ps7_init.tcl
targets -set -nocase -filter {name =~"APU*" && jtag_cable_name =~ "JTAG-ONB4 251633007573A"} -index 0
loadhw -hw D:/My_DevOps/Fall_2022/EE365/EE365_Labs/Lab5/Lab_5_7_Segment.sdk/Lab_5_wrapper_hw_platform_0/system.hdf -mem-ranges [list {0x40000000 0xbfffffff}]
configparams force-mem-access 1
targets -set -nocase -filter {name =~"APU*" && jtag_cable_name =~ "JTAG-ONB4 251633007573A"} -index 0
stop
ps7_init
ps7_post_config
targets -set -nocase -filter {name =~ "ARM*#0" && jtag_cable_name =~ "JTAG-ONB4 251633007573A"} -index 0
rst -processor
targets -set -nocase -filter {name =~ "ARM*#0" && jtag_cable_name =~ "JTAG-ONB4 251633007573A"} -index 0
dow D:/My_DevOps/Fall_2022/EE365/EE365_Labs/Lab5/Lab_5_7_Segment.sdk/Lab5_SDK/Debug/Lab5_SDK.elf
configparams force-mem-access 0
----------------End of Script----------------

22:49:56 INFO  : Memory regions updated for context APU
22:49:56 INFO  : Context for processor 'ps7_cortexa9_0' is selected.
22:49:56 INFO  : 'con' command is executed.
22:49:56 INFO  : ----------------XSDB Script (After Launch)----------------
targets -set -nocase -filter {name =~ "ARM*#0" && jtag_cable_name =~ "JTAG-ONB4 251633007573A"} -index 0
con
----------------End of Script----------------

22:49:56 INFO  : Launch script is exported to file 'D:\My_DevOps\Fall_2022\EE365\EE365_Labs\Lab5\Lab_5_7_Segment.sdk\.sdk\launch_scripts\xilinx_c-c++_application_(system_debugger)\system_debugger_using_debug_lab5_sdk.elf_on_local.tcl'
23:18:57 INFO  : Disconnected from the channel tcfchan#1.
23:18:58 INFO  : 'targets -set -filter {jtag_cable_name =~ "JTAG-ONB4 251633007573A" && level==0} -index 1' command is executed.
23:18:58 INFO  : 'fpga -state' command is executed.
23:18:58 INFO  : Connected to target on host '127.0.0.1' and port '3121'.
23:18:58 INFO  : Jtag cable 'JTAG-ONB4 251633007573A' is selected.
23:18:58 INFO  : 'jtag frequency' command is executed.
23:18:58 INFO  : Sourcing of 'D:/My_DevOps/Fall_2022/EE365/EE365_Labs/Lab5/Lab_5_7_Segment.sdk/Lab_5_wrapper_hw_platform_0/ps7_init.tcl' is done.
23:18:58 INFO  : Context for 'APU' is selected.
23:18:59 INFO  : Hardware design information is loaded from 'D:/My_DevOps/Fall_2022/EE365/EE365_Labs/Lab5/Lab_5_7_Segment.sdk/Lab_5_wrapper_hw_platform_0/system.hdf'.
23:18:59 INFO  : 'configparams force-mem-access 1' command is executed.
23:18:59 INFO  : Context for 'APU' is selected.
23:18:59 INFO  : 'stop' command is executed.
23:18:59 INFO  : 'ps7_init' command is executed.
23:18:59 INFO  : 'ps7_post_config' command is executed.
23:18:59 INFO  : Context for processor 'ps7_cortexa9_0' is selected.
23:18:59 INFO  : Processor reset is completed for 'ps7_cortexa9_0'.
23:18:59 INFO  : Context for processor 'ps7_cortexa9_0' is selected.
23:19:00 INFO  : The application 'D:/My_DevOps/Fall_2022/EE365/EE365_Labs/Lab5/Lab_5_7_Segment.sdk/Lab5_SDK/Debug/Lab5_SDK.elf' is downloaded to processor 'ps7_cortexa9_0'.
23:19:00 INFO  : 'configparams force-mem-access 0' command is executed.
23:19:00 INFO  : ----------------XSDB Script----------------
connect -url tcp:127.0.0.1:3121
source D:/My_DevOps/Fall_2022/EE365/EE365_Labs/Lab5/Lab_5_7_Segment.sdk/Lab_5_wrapper_hw_platform_0/ps7_init.tcl
targets -set -nocase -filter {name =~"APU*" && jtag_cable_name =~ "JTAG-ONB4 251633007573A"} -index 0
loadhw -hw D:/My_DevOps/Fall_2022/EE365/EE365_Labs/Lab5/Lab_5_7_Segment.sdk/Lab_5_wrapper_hw_platform_0/system.hdf -mem-ranges [list {0x40000000 0xbfffffff}]
configparams force-mem-access 1
targets -set -nocase -filter {name =~"APU*" && jtag_cable_name =~ "JTAG-ONB4 251633007573A"} -index 0
stop
ps7_init
ps7_post_config
targets -set -nocase -filter {name =~ "ARM*#0" && jtag_cable_name =~ "JTAG-ONB4 251633007573A"} -index 0
rst -processor
targets -set -nocase -filter {name =~ "ARM*#0" && jtag_cable_name =~ "JTAG-ONB4 251633007573A"} -index 0
dow D:/My_DevOps/Fall_2022/EE365/EE365_Labs/Lab5/Lab_5_7_Segment.sdk/Lab5_SDK/Debug/Lab5_SDK.elf
configparams force-mem-access 0
----------------End of Script----------------

23:19:00 INFO  : Memory regions updated for context APU
23:19:00 INFO  : Context for processor 'ps7_cortexa9_0' is selected.
23:19:00 INFO  : 'con' command is executed.
23:19:00 INFO  : ----------------XSDB Script (After Launch)----------------
targets -set -nocase -filter {name =~ "ARM*#0" && jtag_cable_name =~ "JTAG-ONB4 251633007573A"} -index 0
con
----------------End of Script----------------

23:19:00 INFO  : Launch script is exported to file 'D:\My_DevOps\Fall_2022\EE365\EE365_Labs\Lab5\Lab_5_7_Segment.sdk\.sdk\launch_scripts\xilinx_c-c++_application_(system_debugger)\system_debugger_using_debug_lab5_sdk.elf_on_local.tcl'
23:20:04 INFO  : Disconnected from the channel tcfchan#2.
23:20:05 INFO  : 'targets -set -filter {jtag_cable_name =~ "JTAG-ONB4 251633007573A" && level==0} -index 1' command is executed.
23:20:05 INFO  : 'fpga -state' command is executed.
23:20:05 INFO  : Connected to target on host '127.0.0.1' and port '3121'.
23:20:06 INFO  : Jtag cable 'JTAG-ONB4 251633007573A' is selected.
23:20:06 INFO  : 'jtag frequency' command is executed.
23:20:06 INFO  : Sourcing of 'D:/My_DevOps/Fall_2022/EE365/EE365_Labs/Lab5/Lab_5_7_Segment.sdk/Lab_5_wrapper_hw_platform_0/ps7_init.tcl' is done.
23:20:06 INFO  : Context for 'APU' is selected.
23:20:07 INFO  : Hardware design information is loaded from 'D:/My_DevOps/Fall_2022/EE365/EE365_Labs/Lab5/Lab_5_7_Segment.sdk/Lab_5_wrapper_hw_platform_0/system.hdf'.
23:20:07 INFO  : 'configparams force-mem-access 1' command is executed.
23:20:07 INFO  : Context for 'APU' is selected.
23:20:07 INFO  : 'stop' command is executed.
23:20:07 INFO  : 'ps7_init' command is executed.
23:20:07 INFO  : 'ps7_post_config' command is executed.
23:20:07 INFO  : Context for processor 'ps7_cortexa9_0' is selected.
23:20:07 INFO  : Processor reset is completed for 'ps7_cortexa9_0'.
23:20:07 INFO  : Context for processor 'ps7_cortexa9_0' is selected.
23:20:07 INFO  : The application 'D:/My_DevOps/Fall_2022/EE365/EE365_Labs/Lab5/Lab_5_7_Segment.sdk/Lab5_SDK/Debug/Lab5_SDK.elf' is downloaded to processor 'ps7_cortexa9_0'.
23:20:07 INFO  : 'configparams force-mem-access 0' command is executed.
23:20:07 INFO  : ----------------XSDB Script----------------
connect -url tcp:127.0.0.1:3121
source D:/My_DevOps/Fall_2022/EE365/EE365_Labs/Lab5/Lab_5_7_Segment.sdk/Lab_5_wrapper_hw_platform_0/ps7_init.tcl
targets -set -nocase -filter {name =~"APU*" && jtag_cable_name =~ "JTAG-ONB4 251633007573A"} -index 0
loadhw -hw D:/My_DevOps/Fall_2022/EE365/EE365_Labs/Lab5/Lab_5_7_Segment.sdk/Lab_5_wrapper_hw_platform_0/system.hdf -mem-ranges [list {0x40000000 0xbfffffff}]
configparams force-mem-access 1
targets -set -nocase -filter {name =~"APU*" && jtag_cable_name =~ "JTAG-ONB4 251633007573A"} -index 0
stop
ps7_init
ps7_post_config
targets -set -nocase -filter {name =~ "ARM*#0" && jtag_cable_name =~ "JTAG-ONB4 251633007573A"} -index 0
rst -processor
targets -set -nocase -filter {name =~ "ARM*#0" && jtag_cable_name =~ "JTAG-ONB4 251633007573A"} -index 0
dow D:/My_DevOps/Fall_2022/EE365/EE365_Labs/Lab5/Lab_5_7_Segment.sdk/Lab5_SDK/Debug/Lab5_SDK.elf
configparams force-mem-access 0
----------------End of Script----------------

23:20:07 INFO  : Memory regions updated for context APU
23:20:07 INFO  : Context for processor 'ps7_cortexa9_0' is selected.
23:20:07 INFO  : 'con' command is executed.
23:20:07 INFO  : ----------------XSDB Script (After Launch)----------------
targets -set -nocase -filter {name =~ "ARM*#0" && jtag_cable_name =~ "JTAG-ONB4 251633007573A"} -index 0
con
----------------End of Script----------------

23:20:07 INFO  : Launch script is exported to file 'D:\My_DevOps\Fall_2022\EE365\EE365_Labs\Lab5\Lab_5_7_Segment.sdk\.sdk\launch_scripts\xilinx_c-c++_application_(system_debugger)\system_debugger_using_debug_lab5_sdk.elf_on_local.tcl'
23:30:06 INFO  : Disconnected from the channel tcfchan#3.
23:30:07 INFO  : 'targets -set -filter {jtag_cable_name =~ "JTAG-ONB4 251633007573A" && level==0} -index 1' command is executed.
23:30:07 INFO  : 'fpga -state' command is executed.
23:30:07 INFO  : Connected to target on host '127.0.0.1' and port '3121'.
23:30:08 INFO  : Jtag cable 'JTAG-ONB4 251633007573A' is selected.
23:30:08 INFO  : 'jtag frequency' command is executed.
23:30:08 INFO  : Sourcing of 'D:/My_DevOps/Fall_2022/EE365/EE365_Labs/Lab5/Lab_5_7_Segment.sdk/Lab_5_wrapper_hw_platform_0/ps7_init.tcl' is done.
23:30:08 INFO  : Context for 'APU' is selected.
23:30:09 INFO  : Hardware design information is loaded from 'D:/My_DevOps/Fall_2022/EE365/EE365_Labs/Lab5/Lab_5_7_Segment.sdk/Lab_5_wrapper_hw_platform_0/system.hdf'.
23:30:09 INFO  : 'configparams force-mem-access 1' command is executed.
23:30:09 INFO  : Context for 'APU' is selected.
23:30:09 INFO  : 'stop' command is executed.
23:30:09 INFO  : 'ps7_init' command is executed.
23:30:09 INFO  : 'ps7_post_config' command is executed.
23:30:09 INFO  : Context for processor 'ps7_cortexa9_0' is selected.
23:30:09 INFO  : Processor reset is completed for 'ps7_cortexa9_0'.
23:30:09 INFO  : Context for processor 'ps7_cortexa9_0' is selected.
23:30:09 INFO  : The application 'D:/My_DevOps/Fall_2022/EE365/EE365_Labs/Lab5/Lab_5_7_Segment.sdk/Lab5_SDK/Debug/Lab5_SDK.elf' is downloaded to processor 'ps7_cortexa9_0'.
23:30:09 INFO  : 'configparams force-mem-access 0' command is executed.
23:30:09 INFO  : ----------------XSDB Script----------------
connect -url tcp:127.0.0.1:3121
source D:/My_DevOps/Fall_2022/EE365/EE365_Labs/Lab5/Lab_5_7_Segment.sdk/Lab_5_wrapper_hw_platform_0/ps7_init.tcl
targets -set -nocase -filter {name =~"APU*" && jtag_cable_name =~ "JTAG-ONB4 251633007573A"} -index 0
loadhw -hw D:/My_DevOps/Fall_2022/EE365/EE365_Labs/Lab5/Lab_5_7_Segment.sdk/Lab_5_wrapper_hw_platform_0/system.hdf -mem-ranges [list {0x40000000 0xbfffffff}]
configparams force-mem-access 1
targets -set -nocase -filter {name =~"APU*" && jtag_cable_name =~ "JTAG-ONB4 251633007573A"} -index 0
stop
ps7_init
ps7_post_config
targets -set -nocase -filter {name =~ "ARM*#0" && jtag_cable_name =~ "JTAG-ONB4 251633007573A"} -index 0
rst -processor
targets -set -nocase -filter {name =~ "ARM*#0" && jtag_cable_name =~ "JTAG-ONB4 251633007573A"} -index 0
dow D:/My_DevOps/Fall_2022/EE365/EE365_Labs/Lab5/Lab_5_7_Segment.sdk/Lab5_SDK/Debug/Lab5_SDK.elf
configparams force-mem-access 0
----------------End of Script----------------

23:30:09 INFO  : Memory regions updated for context APU
23:30:09 INFO  : Context for processor 'ps7_cortexa9_0' is selected.
23:30:10 INFO  : 'con' command is executed.
23:30:10 INFO  : ----------------XSDB Script (After Launch)----------------
targets -set -nocase -filter {name =~ "ARM*#0" && jtag_cable_name =~ "JTAG-ONB4 251633007573A"} -index 0
con
----------------End of Script----------------

23:30:10 INFO  : Launch script is exported to file 'D:\My_DevOps\Fall_2022\EE365\EE365_Labs\Lab5\Lab_5_7_Segment.sdk\.sdk\launch_scripts\xilinx_c-c++_application_(system_debugger)\system_debugger_using_debug_lab5_sdk.elf_on_local.tcl'
23:46:44 INFO  : Disconnected from the channel tcfchan#4.
23:47:16 INFO  : Launching XSCT server: xsct.bat -interactive D:\My_DevOps\Fall_2022\EE365\EE365_Labs\Lab5\Lab_5_7_Segment.sdk\temp_xsdb_launch_script.tcl
23:47:18 INFO  : XSCT server has started successfully.
23:47:18 INFO  : Successfully done setting XSCT server connection channel  
23:47:19 INFO  : Successfully done setting SDK workspace  
23:47:24 INFO  : Registering command handlers for SDK TCF services
23:47:24 INFO  : Processing command line option -hwspec D:/My_DevOps/Fall_2022/EE365/EE365_Labs/Lab5/Lab_5_7_Segment.sdk/Lab_5_wrapper.hdf.
23:47:24 INFO  : Checking for hwspec changes in the project Lab_5_wrapper_hw_platform_0.
23:47:24 INFO  : SDK has detected change in the last modified timestamps for source hardware specification file Source:1668055580762,  Project:1668044531977
23:47:24 INFO  : The hardware specification for project 'Lab_5_wrapper_hw_platform_0' is different from D:/My_DevOps/Fall_2022/EE365/EE365_Labs/Lab5/Lab_5_7_Segment.sdk/Lab_5_wrapper.hdf.
23:47:25 INFO  : Copied contents of D:/My_DevOps/Fall_2022/EE365/EE365_Labs/Lab5/Lab_5_7_Segment.sdk/Lab_5_wrapper.hdf into \Lab_5_wrapper_hw_platform_0\system.hdf.
23:47:27 INFO  : Synchronizing projects in the workspace with the hardware platform specification changes.
23:47:30 INFO  : 
23:47:32 INFO  : Updating hardware inferred compiler options for Lab5_SDK.
23:47:32 INFO  : Clearing existing target manager status.
23:47:32 INFO  : Closing and re-opening the MSS file of ther project Lab5_SDK_bsp
23:47:32 INFO  : Workspace synchronized with the new hardware specification file. Cleaning dependent projects...
23:47:34 WARN  : Linker script will not be updated automatically. Users need to update it manually.
23:47:58 INFO  : Connected to target on host '127.0.0.1' and port '3121'.
23:47:58 INFO  : 'targets -set -filter {jtag_cable_name =~ "JTAG-ONB4 251633007573A" && level==0} -index 1' command is executed.
23:47:59 INFO  : FPGA configured successfully with bitstream "D:/My_DevOps/Fall_2022/EE365/EE365_Labs/Lab5/Lab_5_7_Segment.sdk/Lab_5_wrapper_hw_platform_0/Lab_5_wrapper.bit"
23:48:10 INFO  : 'targets -set -filter {jtag_cable_name =~ "JTAG-ONB4 251633007573A" && level==0} -index 1' command is executed.
23:48:10 INFO  : 'fpga -state' command is executed.
23:48:10 INFO  : Connected to target on host '127.0.0.1' and port '3121'.
23:48:10 INFO  : Jtag cable 'JTAG-ONB4 251633007573A' is selected.
23:48:10 INFO  : 'jtag frequency' command is executed.
23:48:10 INFO  : Sourcing of 'D:/My_DevOps/Fall_2022/EE365/EE365_Labs/Lab5/Lab_5_7_Segment.sdk/Lab_5_wrapper_hw_platform_0/ps7_init.tcl' is done.
23:48:10 INFO  : Context for 'APU' is selected.
23:48:10 INFO  : Hardware design information is loaded from 'D:/My_DevOps/Fall_2022/EE365/EE365_Labs/Lab5/Lab_5_7_Segment.sdk/Lab_5_wrapper_hw_platform_0/system.hdf'.
23:48:10 INFO  : 'configparams force-mem-access 1' command is executed.
23:48:10 INFO  : Context for 'APU' is selected.
23:48:10 INFO  : 'stop' command is executed.
23:48:11 INFO  : 'ps7_init' command is executed.
23:48:11 INFO  : 'ps7_post_config' command is executed.
23:48:11 INFO  : Context for processor 'ps7_cortexa9_0' is selected.
23:48:11 INFO  : Processor reset is completed for 'ps7_cortexa9_0'.
23:48:11 INFO  : Context for processor 'ps7_cortexa9_0' is selected.
23:48:11 INFO  : The application 'D:/My_DevOps/Fall_2022/EE365/EE365_Labs/Lab5/Lab_5_7_Segment.sdk/Lab5_SDK/Debug/Lab5_SDK.elf' is downloaded to processor 'ps7_cortexa9_0'.
23:48:11 INFO  : 'configparams force-mem-access 0' command is executed.
23:48:11 INFO  : ----------------XSDB Script----------------
connect -url tcp:127.0.0.1:3121
source D:/My_DevOps/Fall_2022/EE365/EE365_Labs/Lab5/Lab_5_7_Segment.sdk/Lab_5_wrapper_hw_platform_0/ps7_init.tcl
targets -set -nocase -filter {name =~"APU*" && jtag_cable_name =~ "JTAG-ONB4 251633007573A"} -index 0
loadhw -hw D:/My_DevOps/Fall_2022/EE365/EE365_Labs/Lab5/Lab_5_7_Segment.sdk/Lab_5_wrapper_hw_platform_0/system.hdf -mem-ranges [list {0x40000000 0xbfffffff}]
configparams force-mem-access 1
targets -set -nocase -filter {name =~"APU*" && jtag_cable_name =~ "JTAG-ONB4 251633007573A"} -index 0
stop
ps7_init
ps7_post_config
targets -set -nocase -filter {name =~ "ARM*#0" && jtag_cable_name =~ "JTAG-ONB4 251633007573A"} -index 0
rst -processor
targets -set -nocase -filter {name =~ "ARM*#0" && jtag_cable_name =~ "JTAG-ONB4 251633007573A"} -index 0
dow D:/My_DevOps/Fall_2022/EE365/EE365_Labs/Lab5/Lab_5_7_Segment.sdk/Lab5_SDK/Debug/Lab5_SDK.elf
configparams force-mem-access 0
----------------End of Script----------------

23:48:11 INFO  : Memory regions updated for context APU
23:48:11 INFO  : Context for processor 'ps7_cortexa9_0' is selected.
23:48:11 INFO  : 'con' command is executed.
23:48:11 INFO  : ----------------XSDB Script (After Launch)----------------
targets -set -nocase -filter {name =~ "ARM*#0" && jtag_cable_name =~ "JTAG-ONB4 251633007573A"} -index 0
con
----------------End of Script----------------

23:48:11 INFO  : Launch script is exported to file 'D:\My_DevOps\Fall_2022\EE365\EE365_Labs\Lab5\Lab_5_7_Segment.sdk\.sdk\launch_scripts\xilinx_c-c++_application_(system_debugger)\system_debugger_using_debug_lab5_sdk.elf_on_local.tcl'
00:06:05 INFO  : Connected to target on host '127.0.0.1' and port '3121'.
00:06:05 INFO  : 'targets -set -filter {jtag_cable_name =~ "JTAG-ONB4 251633007573A" && level==0} -index 1' command is executed.
00:06:06 INFO  : FPGA configured successfully with bitstream "D:/My_DevOps/Fall_2022/EE365/EE365_Labs/Lab5/Lab_5_7_Segment.sdk/Lab_5_wrapper_hw_platform_0/Lab_5_wrapper.bit"
00:33:50 INFO  : Disconnected from the channel tcfchan#1.
11:09:49 INFO  : Launching XSCT server: xsct.bat -interactive D:\My_DevOps\Fall_2022\EE365\EE365_Labs\Lab5\Lab_5_7_Segment.sdk\temp_xsdb_launch_script.tcl
11:09:52 INFO  : XSCT server has started successfully.
11:09:52 INFO  : Successfully done setting XSCT server connection channel  
11:09:55 INFO  : Successfully done setting SDK workspace  
11:10:01 INFO  : Registering command handlers for SDK TCF services
11:10:01 INFO  : Processing command line option -hwspec D:/My_DevOps/Fall_2022/EE365/EE365_Labs/Lab5/Lab_5_7_Segment.sdk/Lab_5_wrapper.hdf.
11:10:02 INFO  : Checking for hwspec changes in the project Lab_5_wrapper_hw_platform_0.
11:10:02 INFO  : SDK has detected change in the last modified timestamps for source hardware specification file Source:1668096545873,  Project:1668055580762
11:10:02 INFO  : The hardware specification for project 'Lab_5_wrapper_hw_platform_0' is different from D:/My_DevOps/Fall_2022/EE365/EE365_Labs/Lab5/Lab_5_7_Segment.sdk/Lab_5_wrapper.hdf.
11:10:02 INFO  : Copied contents of D:/My_DevOps/Fall_2022/EE365/EE365_Labs/Lab5/Lab_5_7_Segment.sdk/Lab_5_wrapper.hdf into \Lab_5_wrapper_hw_platform_0\system.hdf.
11:10:04 INFO  : Synchronizing projects in the workspace with the hardware platform specification changes.
11:10:08 INFO  : 
11:10:09 INFO  : Updating hardware inferred compiler options for Lab5_SDK.
11:10:09 INFO  : Clearing existing target manager status.
11:10:09 INFO  : Closing and re-opening the MSS file of ther project Lab5_SDK_bsp
11:10:10 INFO  : Workspace synchronized with the new hardware specification file. Cleaning dependent projects...
11:10:13 WARN  : Linker script will not be updated automatically. Users need to update it manually.
11:10:52 INFO  : Connected to target on host '127.0.0.1' and port '3121'.
11:10:53 INFO  : 'targets -set -filter {jtag_cable_name =~ "JTAG-ONB4 251633007573A" && level==0} -index 1' command is executed.
11:10:54 INFO  : FPGA configured successfully with bitstream "D:/My_DevOps/Fall_2022/EE365/EE365_Labs/Lab5/Lab_5_7_Segment.sdk/Lab_5_wrapper_hw_platform_0/Lab_5_wrapper.bit"
11:11:04 INFO  : 'targets -set -filter {jtag_cable_name =~ "JTAG-ONB4 251633007573A" && level==0} -index 1' command is executed.
11:11:04 INFO  : 'fpga -state' command is executed.
11:11:04 INFO  : Connected to target on host '127.0.0.1' and port '3121'.
11:11:04 INFO  : Jtag cable 'JTAG-ONB4 251633007573A' is selected.
11:11:04 INFO  : 'jtag frequency' command is executed.
11:11:04 INFO  : Sourcing of 'D:/My_DevOps/Fall_2022/EE365/EE365_Labs/Lab5/Lab_5_7_Segment.sdk/Lab_5_wrapper_hw_platform_0/ps7_init.tcl' is done.
11:11:04 INFO  : Context for 'APU' is selected.
11:11:04 INFO  : Hardware design information is loaded from 'D:/My_DevOps/Fall_2022/EE365/EE365_Labs/Lab5/Lab_5_7_Segment.sdk/Lab_5_wrapper_hw_platform_0/system.hdf'.
11:11:04 INFO  : 'configparams force-mem-access 1' command is executed.
11:11:05 INFO  : Context for 'APU' is selected.
11:11:05 INFO  : 'stop' command is executed.
11:11:05 INFO  : 'ps7_init' command is executed.
11:11:05 INFO  : 'ps7_post_config' command is executed.
11:11:05 INFO  : Context for processor 'ps7_cortexa9_0' is selected.
11:11:05 INFO  : Processor reset is completed for 'ps7_cortexa9_0'.
11:11:05 INFO  : Context for processor 'ps7_cortexa9_0' is selected.
11:11:05 INFO  : The application 'D:/My_DevOps/Fall_2022/EE365/EE365_Labs/Lab5/Lab_5_7_Segment.sdk/Lab5_SDK/Debug/Lab5_SDK.elf' is downloaded to processor 'ps7_cortexa9_0'.
11:11:05 INFO  : 'configparams force-mem-access 0' command is executed.
11:11:05 INFO  : ----------------XSDB Script----------------
connect -url tcp:127.0.0.1:3121
source D:/My_DevOps/Fall_2022/EE365/EE365_Labs/Lab5/Lab_5_7_Segment.sdk/Lab_5_wrapper_hw_platform_0/ps7_init.tcl
targets -set -nocase -filter {name =~"APU*" && jtag_cable_name =~ "JTAG-ONB4 251633007573A"} -index 0
loadhw -hw D:/My_DevOps/Fall_2022/EE365/EE365_Labs/Lab5/Lab_5_7_Segment.sdk/Lab_5_wrapper_hw_platform_0/system.hdf -mem-ranges [list {0x40000000 0xbfffffff}]
configparams force-mem-access 1
targets -set -nocase -filter {name =~"APU*" && jtag_cable_name =~ "JTAG-ONB4 251633007573A"} -index 0
stop
ps7_init
ps7_post_config
targets -set -nocase -filter {name =~ "ARM*#0" && jtag_cable_name =~ "JTAG-ONB4 251633007573A"} -index 0
rst -processor
targets -set -nocase -filter {name =~ "ARM*#0" && jtag_cable_name =~ "JTAG-ONB4 251633007573A"} -index 0
dow D:/My_DevOps/Fall_2022/EE365/EE365_Labs/Lab5/Lab_5_7_Segment.sdk/Lab5_SDK/Debug/Lab5_SDK.elf
configparams force-mem-access 0
----------------End of Script----------------

11:11:05 INFO  : Memory regions updated for context APU
11:11:05 INFO  : Context for processor 'ps7_cortexa9_0' is selected.
11:11:05 INFO  : 'con' command is executed.
11:11:05 INFO  : ----------------XSDB Script (After Launch)----------------
targets -set -nocase -filter {name =~ "ARM*#0" && jtag_cable_name =~ "JTAG-ONB4 251633007573A"} -index 0
con
----------------End of Script----------------

11:11:05 INFO  : Launch script is exported to file 'D:\My_DevOps\Fall_2022\EE365\EE365_Labs\Lab5\Lab_5_7_Segment.sdk\.sdk\launch_scripts\xilinx_c-c++_application_(system_debugger)\system_debugger_using_debug_lab5_sdk.elf_on_local.tcl'
11:12:54 INFO  : Disconnected from the channel tcfchan#1.
