Flow report for Tutorial_6_DE2
Mon Sep 12 23:25:01 2022
Quartus II 64-Bit Version 13.0.1 Build 232 06/12/2013 Service Pack 1 SJ Full Version


---------------------
; Table of Contents ;
---------------------
  1. Legal Notice
  2. Flow Summary
  3. Flow Settings
  4. Flow Non-Default Global Settings
  5. Flow Elapsed Time
  6. Flow OS Summary
  7. Flow Log
  8. Flow Messages
  9. Flow Suppressed Messages



----------------
; Legal Notice ;
----------------
Copyright (C) 1991-2013 Altera Corporation
Your use of Altera Corporation's design tools, logic functions 
and other software and tools, and its AMPP partner logic 
functions, and any output files from any of the foregoing 
(including device programming or simulation files), and any 
associated documentation or information are expressly subject 
to the terms and conditions of the Altera Program License 
Subscription Agreement, Altera MegaCore Function License 
Agreement, or other applicable license agreement, including, 
without limitation, that your use is for the sole purpose of 
programming logic devices manufactured by Altera and sold by 
Altera or its authorized distributors.  Please refer to the 
applicable agreement for further details.



+---------------------------------------------------------------------------------------+
; Flow Summary                                                                          ;
+------------------------------------+--------------------------------------------------+
; Flow Status                        ; Successful - Mon Sep 12 23:24:59 2022            ;
; Quartus II 64-Bit Version          ; 13.0.1 Build 232 06/12/2013 SP 1 SJ Full Version ;
; Revision Name                      ; Tutorial_6_DE2                                   ;
; Top-level Entity Name              ; reaction_tester                                  ;
; Family                             ; Cyclone II                                       ;
; Device                             ; EP2C35F672C6                                     ;
; Timing Models                      ; Final                                            ;
; Total logic elements               ; 134 / 33,216 ( < 1 % )                           ;
;     Total combinational functions  ; 133 / 33,216 ( < 1 % )                           ;
;     Dedicated logic registers      ; 66 / 33,216 ( < 1 % )                            ;
; Total registers                    ; 66                                               ;
; Total pins                         ; 33 / 475 ( 7 % )                                 ;
; Total virtual pins                 ; 0                                                ;
; Total memory bits                  ; 0 / 483,840 ( 0 % )                              ;
; Embedded Multiplier 9-bit elements ; 0 / 70 ( 0 % )                                   ;
; Total PLLs                         ; 0 / 4 ( 0 % )                                    ;
+------------------------------------+--------------------------------------------------+


+-----------------------------------------+
; Flow Settings                           ;
+-------------------+---------------------+
; Option            ; Setting             ;
+-------------------+---------------------+
; Start date & time ; 09/12/2022 23:24:51 ;
; Main task         ; Compilation         ;
; Revision Name     ; Tutorial_6_DE2      ;
+-------------------+---------------------+


+---------------------------------------------------------------------------------------------------------------------------------------------------------------------------------+
; Flow Non-Default Global Settings                                                                                                                                                ;
+-------------------------------------+-------------------------------------------------------------------------------------------+----------------+-----------------+------------+
; Assignment Name                     ; Value                                                                                     ; Default Value  ; Entity Name     ; Section Id ;
+-------------------------------------+-------------------------------------------------------------------------------------------+----------------+-----------------+------------+
; COMPILER_SIGNATURE_ID               ; 194042950538081.166303949005388                                                           ; --             ; --              ; --         ;
; ENABLE_SIGNALTAP                    ; On                                                                                        ; --             ; --              ; --         ;
; MAX_CORE_JUNCTION_TEMP              ; 85                                                                                        ; --             ; --              ; --         ;
; MIN_CORE_JUNCTION_TEMP              ; 0                                                                                         ; --             ; --              ; --         ;
; PARTITION_COLOR                     ; 16764057                                                                                  ; --             ; reaction_tester ; Top        ;
; PARTITION_FITTER_PRESERVATION_LEVEL ; PLACEMENT_AND_ROUTING                                                                     ; --             ; reaction_tester ; Top        ;
; PARTITION_NETLIST_TYPE              ; SOURCE                                                                                    ; --             ; reaction_tester ; Top        ;
; SLD_FILE                            ; C:/Users/schumae/Documents/GitHub/EE365/Lab1/Tutorial_6_(Optional)/stp1_auto_stripped.stp ; --             ; --              ; --         ;
; TOP_LEVEL_ENTITY                    ; reaction_tester                                                                           ; Tutorial_6_DE2 ; --              ; --         ;
; USE_SIGNALTAP_FILE                  ; stp1.stp                                                                                  ; --             ; --              ; --         ;
+-------------------------------------+-------------------------------------------------------------------------------------------+----------------+-----------------+------------+


+-------------------------------------------------------------------------------------------------------------------------------+
; Flow Elapsed Time                                                                                                             ;
+---------------------------+--------------+-------------------------+---------------------+------------------------------------+
; Module Name               ; Elapsed Time ; Average Processors Used ; Peak Virtual Memory ; Total CPU Time (on all processors) ;
+---------------------------+--------------+-------------------------+---------------------+------------------------------------+
; Analysis & Synthesis      ; 00:00:02     ; 1.0                     ; 4649 MB             ; 00:00:02                           ;
; Fitter                    ; 00:00:04     ; 2.7                     ; 5473 MB             ; 00:00:06                           ;
; Assembler                 ; 00:00:02     ; 1.0                     ; 4567 MB             ; 00:00:01                           ;
; TimeQuest Timing Analyzer ; 00:00:01     ; 1.0                     ; 4585 MB             ; 00:00:01                           ;
; Total                     ; 00:00:09     ; --                      ; --                  ; 00:00:10                           ;
+---------------------------+--------------+-------------------------+---------------------+------------------------------------+


+----------------------------------------------------------------------------------------+
; Flow OS Summary                                                                        ;
+---------------------------+------------------+-----------+------------+----------------+
; Module Name               ; Machine Hostname ; OS Name   ; OS Version ; Processor type ;
+---------------------------+------------------+-----------+------------+----------------+
; Analysis & Synthesis      ; CB172-44         ; Windows 7 ; 6.2        ; x86_64         ;
; Fitter                    ; CB172-44         ; Windows 7 ; 6.2        ; x86_64         ;
; Assembler                 ; CB172-44         ; Windows 7 ; 6.2        ; x86_64         ;
; TimeQuest Timing Analyzer ; CB172-44         ; Windows 7 ; 6.2        ; x86_64         ;
+---------------------------+------------------+-----------+------------+----------------+


------------
; Flow Log ;
------------
quartus_map --read_settings_files=on --write_settings_files=off Tutorial_6_DE2 -c Tutorial_6_DE2
quartus_fit --read_settings_files=off --write_settings_files=off Tutorial_6_DE2 -c Tutorial_6_DE2
quartus_asm --read_settings_files=off --write_settings_files=off Tutorial_6_DE2 -c Tutorial_6_DE2
quartus_sta Tutorial_6_DE2 -c Tutorial_6_DE2



