02:44:20 INFO  : Registering command handlers for SDK TCF services
02:44:21 INFO  : Launching XSCT server: xsct.bat -interactive D:\school\sem7\EE365\lab5_fresh\lab5_fresh.sdk\temp_xsdb_launch_script.tcl
02:44:24 INFO  : XSCT server has started successfully.
02:44:24 INFO  : Successfully done setting XSCT server connection channel  
02:44:25 INFO  : Successfully done setting SDK workspace  
02:44:25 INFO  : Processing command line option -hwspec D:/school/sem7/EE365/lab5_fresh/lab5_fresh.sdk/design_1_wrapper.hdf.
02:46:08 INFO  : Connected to target on host '127.0.0.1' and port '3121'.
02:46:09 INFO  : 'targets -set -filter {jtag_cable_name =~ "JTAG-ONB4 251633007573A" && level==0} -index 1' command is executed.
02:46:11 ERROR : fpga configuration failed. DONE PIN is not HIGH
02:46:47 INFO  : Connected to target on host '127.0.0.1' and port '3121'.
02:46:47 INFO  : 'targets -set -filter {jtag_cable_name =~ "JTAG-ONB4 251633007573A" && level==0} -index 1' command is executed.
02:46:48 INFO  : FPGA configured successfully with bitstream "D:/school/sem7/EE365/lab5_fresh/lab5_fresh.sdk/design_1_wrapper_hw_platform_0/design_1_wrapper.bit"
02:46:58 INFO  : 'targets -set -filter {jtag_cable_name =~ "JTAG-ONB4 251633007573A" && level==0} -index 1' command is executed.
02:46:58 INFO  : 'fpga -state' command is executed.
02:46:58 INFO  : Connected to target on host '127.0.0.1' and port '3121'.
02:46:58 INFO  : Jtag cable 'JTAG-ONB4 251633007573A' is selected.
02:46:58 INFO  : 'jtag frequency' command is executed.
02:46:58 INFO  : Sourcing of 'D:/school/sem7/EE365/lab5_fresh/lab5_fresh.sdk/design_1_wrapper_hw_platform_0/ps7_init.tcl' is done.
02:46:58 INFO  : Context for 'APU' is selected.
02:46:58 INFO  : Hardware design information is loaded from 'D:/school/sem7/EE365/lab5_fresh/lab5_fresh.sdk/design_1_wrapper_hw_platform_0/system.hdf'.
02:46:58 INFO  : 'configparams force-mem-access 1' command is executed.
02:46:58 INFO  : Context for 'APU' is selected.
02:46:58 INFO  : 'stop' command is executed.
02:46:58 INFO  : 'ps7_init' command is executed.
02:46:58 INFO  : 'ps7_post_config' command is executed.
02:46:58 INFO  : Context for processor 'ps7_cortexa9_0' is selected.
02:46:58 INFO  : Processor reset is completed for 'ps7_cortexa9_0'.
02:46:58 INFO  : Context for processor 'ps7_cortexa9_0' is selected.
02:46:58 INFO  : The application 'D:/school/sem7/EE365/lab5_fresh/lab5_fresh.sdk/hw/Debug/hw.elf' is downloaded to processor 'ps7_cortexa9_0'.
02:46:58 INFO  : 'configparams force-mem-access 0' command is executed.
02:46:58 INFO  : ----------------XSDB Script----------------
connect -url tcp:127.0.0.1:3121
source D:/school/sem7/EE365/lab5_fresh/lab5_fresh.sdk/design_1_wrapper_hw_platform_0/ps7_init.tcl
targets -set -nocase -filter {name =~"APU*" && jtag_cable_name =~ "JTAG-ONB4 251633007573A"} -index 0
loadhw -hw D:/school/sem7/EE365/lab5_fresh/lab5_fresh.sdk/design_1_wrapper_hw_platform_0/system.hdf -mem-ranges [list {0x40000000 0xbfffffff}]
configparams force-mem-access 1
targets -set -nocase -filter {name =~"APU*" && jtag_cable_name =~ "JTAG-ONB4 251633007573A"} -index 0
stop
ps7_init
ps7_post_config
targets -set -nocase -filter {name =~ "ARM*#0" && jtag_cable_name =~ "JTAG-ONB4 251633007573A"} -index 0
rst -processor
targets -set -nocase -filter {name =~ "ARM*#0" && jtag_cable_name =~ "JTAG-ONB4 251633007573A"} -index 0
dow D:/school/sem7/EE365/lab5_fresh/lab5_fresh.sdk/hw/Debug/hw.elf
configparams force-mem-access 0
----------------End of Script----------------

02:46:58 INFO  : Memory regions updated for context APU
02:46:58 INFO  : Context for processor 'ps7_cortexa9_0' is selected.
02:46:58 INFO  : 'con' command is executed.
02:46:58 INFO  : ----------------XSDB Script (After Launch)----------------
targets -set -nocase -filter {name =~ "ARM*#0" && jtag_cable_name =~ "JTAG-ONB4 251633007573A"} -index 0
con
----------------End of Script----------------

02:46:58 INFO  : Launch script is exported to file 'D:\school\sem7\EE365\lab5_fresh\lab5_fresh.sdk\.sdk\launch_scripts\xilinx_c-c++_application_(system_debugger)\system_debugger_using_debug_hw.elf_on_local.tcl'
02:47:29 INFO  : Disconnected from the channel tcfchan#1.
04:56:59 INFO  : Launching XSCT server: xsct.bat -interactive D:\school\sem7\EE365\lab5_fresh\lab5_fresh.sdk\temp_xsdb_launch_script.tcl
04:57:03 INFO  : XSCT server has started successfully.
04:57:04 INFO  : Successfully done setting XSCT server connection channel  
04:57:04 INFO  : Successfully done setting SDK workspace  
04:57:10 INFO  : Registering command handlers for SDK TCF services
04:57:10 INFO  : Processing command line option -hwspec D:/school/sem7/EE365/lab5_fresh/lab5_fresh.sdk/design_1_wrapper.hdf.
04:57:11 INFO  : Checking for hwspec changes in the project design_1_wrapper_hw_platform_0.
04:57:21 INFO  : Connected to target on host '127.0.0.1' and port '3121'.
04:57:22 INFO  : 'targets -set -filter {jtag_cable_name =~ "JTAG-ONB4 251633007573A" && level==0} -index 1' command is executed.
04:57:23 INFO  : FPGA configured successfully with bitstream "D:/school/sem7/EE365/lab5_fresh/lab5_fresh.sdk/design_1_wrapper_hw_platform_0/design_1_wrapper.bit"
05:08:32 INFO  : Launching XSCT server: xsct.bat -interactive D:\school\sem7\EE365\lab5_fresh\lab5_fresh.sdk\temp_xsdb_launch_script.tcl
05:08:35 INFO  : XSCT server has started successfully.
05:08:36 INFO  : Successfully done setting XSCT server connection channel  
05:08:36 INFO  : Successfully done setting SDK workspace  
05:08:42 INFO  : Registering command handlers for SDK TCF services
05:08:42 INFO  : Processing command line option -hwspec D:/school/sem7/EE365/lab5_fresh/lab5_fresh.sdk/design_1_wrapper.hdf.
05:08:43 INFO  : Checking for hwspec changes in the project design_1_wrapper_hw_platform_0.
05:08:51 INFO  : Connected to target on host '127.0.0.1' and port '3121'.
05:08:51 INFO  : 'targets -set -filter {jtag_cable_name =~ "JTAG-ONB4 251633007573A" && level==0} -index 1' command is executed.
05:08:52 INFO  : FPGA configured successfully with bitstream "D:/school/sem7/EE365/lab5_fresh/lab5_fresh.sdk/design_1_wrapper_hw_platform_0/design_1_wrapper.bit"
05:09:43 INFO  : 'targets -set -filter {jtag_cable_name =~ "JTAG-ONB4 251633007573A" && level==0} -index 1' command is executed.
05:09:43 INFO  : 'fpga -state' command is executed.
05:09:43 INFO  : Connected to target on host '127.0.0.1' and port '3121'.
05:09:43 INFO  : Jtag cable 'JTAG-ONB4 251633007573A' is selected.
05:09:43 INFO  : 'jtag frequency' command is executed.
05:09:43 INFO  : Sourcing of 'D:/school/sem7/EE365/lab5_fresh/lab5_fresh.sdk/design_1_wrapper_hw_platform_0/ps7_init.tcl' is done.
05:09:43 INFO  : Context for 'APU' is selected.
05:09:44 INFO  : Hardware design information is loaded from 'D:/school/sem7/EE365/lab5_fresh/lab5_fresh.sdk/design_1_wrapper_hw_platform_0/system.hdf'.
05:09:44 INFO  : 'configparams force-mem-access 1' command is executed.
05:09:44 INFO  : Context for 'APU' is selected.
05:09:44 INFO  : 'stop' command is executed.
05:09:44 INFO  : 'ps7_init' command is executed.
05:09:44 INFO  : 'ps7_post_config' command is executed.
05:09:44 INFO  : Context for processor 'ps7_cortexa9_0' is selected.
05:09:44 INFO  : Processor reset is completed for 'ps7_cortexa9_0'.
05:09:44 INFO  : Context for processor 'ps7_cortexa9_0' is selected.
05:09:44 INFO  : The application 'D:/school/sem7/EE365/lab5_fresh/lab5_fresh.sdk/hw/Debug/hw.elf' is downloaded to processor 'ps7_cortexa9_0'.
05:09:44 INFO  : 'configparams force-mem-access 0' command is executed.
05:09:44 INFO  : ----------------XSDB Script----------------
connect -url tcp:127.0.0.1:3121
source D:/school/sem7/EE365/lab5_fresh/lab5_fresh.sdk/design_1_wrapper_hw_platform_0/ps7_init.tcl
targets -set -nocase -filter {name =~"APU*" && jtag_cable_name =~ "JTAG-ONB4 251633007573A"} -index 0
loadhw -hw D:/school/sem7/EE365/lab5_fresh/lab5_fresh.sdk/design_1_wrapper_hw_platform_0/system.hdf -mem-ranges [list {0x40000000 0xbfffffff}]
configparams force-mem-access 1
targets -set -nocase -filter {name =~"APU*" && jtag_cable_name =~ "JTAG-ONB4 251633007573A"} -index 0
stop
ps7_init
ps7_post_config
targets -set -nocase -filter {name =~ "ARM*#0" && jtag_cable_name =~ "JTAG-ONB4 251633007573A"} -index 0
rst -processor
targets -set -nocase -filter {name =~ "ARM*#0" && jtag_cable_name =~ "JTAG-ONB4 251633007573A"} -index 0
dow D:/school/sem7/EE365/lab5_fresh/lab5_fresh.sdk/hw/Debug/hw.elf
configparams force-mem-access 0
----------------End of Script----------------

05:09:44 INFO  : Memory regions updated for context APU
05:09:44 INFO  : Context for processor 'ps7_cortexa9_0' is selected.
05:09:44 INFO  : 'con' command is executed.
05:09:44 INFO  : ----------------XSDB Script (After Launch)----------------
targets -set -nocase -filter {name =~ "ARM*#0" && jtag_cable_name =~ "JTAG-ONB4 251633007573A"} -index 0
con
----------------End of Script----------------

05:09:44 INFO  : Launch script is exported to file 'D:\school\sem7\EE365\lab5_fresh\lab5_fresh.sdk\.sdk\launch_scripts\xilinx_c-c++_application_(system_debugger)\system_debugger_using_debug_hw.elf_on_local.tcl'
05:12:04 INFO  : Connected to target on host '127.0.0.1' and port '3121'.
05:12:04 INFO  : 'targets -set -filter {jtag_cable_name =~ "JTAG-ONB4 251633007573A" && level==0} -index 1' command is executed.
05:12:05 INFO  : FPGA configured successfully with bitstream "D:/school/sem7/EE365/lab5_fresh/lab5_fresh.sdk/design_1_wrapper_hw_platform_0/design_1_wrapper.bit"
05:12:14 INFO  : Disconnected from the channel tcfchan#1.
05:12:15 INFO  : 'targets -set -filter {jtag_cable_name =~ "JTAG-ONB4 251633007573A" && level==0} -index 1' command is executed.
05:12:15 INFO  : 'fpga -state' command is executed.
05:12:15 INFO  : Connected to target on host '127.0.0.1' and port '3121'.
05:12:15 INFO  : Jtag cable 'JTAG-ONB4 251633007573A' is selected.
05:12:15 INFO  : 'jtag frequency' command is executed.
05:12:15 INFO  : Sourcing of 'D:/school/sem7/EE365/lab5_fresh/lab5_fresh.sdk/design_1_wrapper_hw_platform_0/ps7_init.tcl' is done.
05:12:15 INFO  : Context for 'APU' is selected.
05:12:16 INFO  : Hardware design information is loaded from 'D:/school/sem7/EE365/lab5_fresh/lab5_fresh.sdk/design_1_wrapper_hw_platform_0/system.hdf'.
05:12:16 INFO  : 'configparams force-mem-access 1' command is executed.
05:12:16 INFO  : Context for 'APU' is selected.
05:12:16 INFO  : 'stop' command is executed.
05:12:17 INFO  : 'ps7_init' command is executed.
05:12:17 INFO  : 'ps7_post_config' command is executed.
05:12:17 INFO  : Context for processor 'ps7_cortexa9_0' is selected.
05:12:17 INFO  : Processor reset is completed for 'ps7_cortexa9_0'.
05:12:17 INFO  : Context for processor 'ps7_cortexa9_0' is selected.
05:12:17 INFO  : The application 'D:/school/sem7/EE365/lab5_fresh/lab5_fresh.sdk/hw/Debug/hw.elf' is downloaded to processor 'ps7_cortexa9_0'.
05:12:17 INFO  : 'configparams force-mem-access 0' command is executed.
05:12:17 INFO  : ----------------XSDB Script----------------
connect -url tcp:127.0.0.1:3121
source D:/school/sem7/EE365/lab5_fresh/lab5_fresh.sdk/design_1_wrapper_hw_platform_0/ps7_init.tcl
targets -set -nocase -filter {name =~"APU*" && jtag_cable_name =~ "JTAG-ONB4 251633007573A"} -index 0
loadhw -hw D:/school/sem7/EE365/lab5_fresh/lab5_fresh.sdk/design_1_wrapper_hw_platform_0/system.hdf -mem-ranges [list {0x40000000 0xbfffffff}]
configparams force-mem-access 1
targets -set -nocase -filter {name =~"APU*" && jtag_cable_name =~ "JTAG-ONB4 251633007573A"} -index 0
stop
ps7_init
ps7_post_config
targets -set -nocase -filter {name =~ "ARM*#0" && jtag_cable_name =~ "JTAG-ONB4 251633007573A"} -index 0
rst -processor
targets -set -nocase -filter {name =~ "ARM*#0" && jtag_cable_name =~ "JTAG-ONB4 251633007573A"} -index 0
dow D:/school/sem7/EE365/lab5_fresh/lab5_fresh.sdk/hw/Debug/hw.elf
configparams force-mem-access 0
----------------End of Script----------------

05:12:17 INFO  : Memory regions updated for context APU
05:12:17 INFO  : Context for processor 'ps7_cortexa9_0' is selected.
05:12:17 INFO  : 'con' command is executed.
05:12:17 INFO  : ----------------XSDB Script (After Launch)----------------
targets -set -nocase -filter {name =~ "ARM*#0" && jtag_cable_name =~ "JTAG-ONB4 251633007573A"} -index 0
con
----------------End of Script----------------

05:12:17 INFO  : Launch script is exported to file 'D:\school\sem7\EE365\lab5_fresh\lab5_fresh.sdk\.sdk\launch_scripts\xilinx_c-c++_application_(system_debugger)\system_debugger_using_debug_hw.elf_on_local.tcl'
05:13:01 INFO  : Disconnected from the channel tcfchan#2.
