EDA Netlist Writer report for DE0_NANO
Fri Sep 23 12:54:14 2022
Quartus Prime Version 21.1.1 Build 850 06/23/2022 SJ Lite Edition


---------------------
; Table of Contents ;
---------------------
  1. Legal Notice
  2. EDA Netlist Writer Summary
  3. Simulation Settings
  4. Simulation Generated Files
  5. EDA Netlist Writer Messages



----------------
; Legal Notice ;
----------------
Copyright (C) 2022  Intel Corporation. All rights reserved.
Your use of Intel Corporation's design tools, logic functions 
and other software and tools, and any partner logic 
functions, and any output files from any of the foregoing 
(including device programming or simulation files), and any 
associated documentation or information are expressly subject 
to the terms and conditions of the Intel Program License 
Subscription Agreement, the Intel Quartus Prime License Agreement,
the Intel FPGA IP License Agreement, or other applicable license
agreement, including, without limitation, that your use is for
the sole purpose of programming logic devices manufactured by
Intel and sold by Intel or its authorized distributors.  Please
refer to the applicable agreement for further details, at
https://fpgasoftware.intel.com/eula.



+-------------------------------------------------------------------+
; EDA Netlist Writer Summary                                        ;
+---------------------------+---------------------------------------+
; EDA Netlist Writer Status ; Successful - Fri Sep 23 12:54:14 2022 ;
; Revision Name             ; DE0_NANO                              ;
; Top-level Entity Name     ; DE0_NANO                              ;
; Family                    ; Cyclone IV E                          ;
; Simulation Files Creation ; Successful                            ;
+---------------------------+---------------------------------------+


+------------------------------------------------------------------------------------------------------------------------------+
; Simulation Settings                                                                                                          ;
+---------------------------------------------------------------------------------------------------+--------------------------+
; Option                                                                                            ; Setting                  ;
+---------------------------------------------------------------------------------------------------+--------------------------+
; Tool Name                                                                                         ; Questa Intel FPGA (VHDL) ;
; Generate functional simulation netlist                                                            ; Off                      ;
; Time scale                                                                                        ; 1 ps                     ;
; Truncate long hierarchy paths                                                                     ; Off                      ;
; Map illegal HDL characters                                                                        ; Off                      ;
; Flatten buses into individual nodes                                                               ; Off                      ;
; Maintain hierarchy                                                                                ; Off                      ;
; Bring out device-wide set/reset signals as ports                                                  ; Off                      ;
; Enable glitch filtering                                                                           ; Off                      ;
; Do not write top level VHDL entity                                                                ; Off                      ;
; Disable detection of setup and hold time violations in the input registers of bi-directional pins ; Off                      ;
; Architecture name in VHDL output netlist                                                          ; structure                ;
; Generate third-party EDA tool command script for RTL functional simulation                        ; Off                      ;
; Generate third-party EDA tool command script for gate-level simulation                            ; Off                      ;
+---------------------------------------------------------------------------------------------------+--------------------------+


+-----------------------------------------------------------------------------------------------------+
; Simulation Generated Files                                                                          ;
+-----------------------------------------------------------------------------------------------------+
; Generated Files                                                                                     ;
+-----------------------------------------------------------------------------------------------------+
; D:/My_DevOps/Fall_2022/EE365/Lab/EE365/Lab2/simulation/modelsim/DE0_NANO_6_1200mv_85c_slow.vho      ;
; D:/My_DevOps/Fall_2022/EE365/Lab/EE365/Lab2/simulation/modelsim/DE0_NANO_6_1200mv_0c_slow.vho       ;
; D:/My_DevOps/Fall_2022/EE365/Lab/EE365/Lab2/simulation/modelsim/DE0_NANO_min_1200mv_0c_fast.vho     ;
; D:/My_DevOps/Fall_2022/EE365/Lab/EE365/Lab2/simulation/modelsim/DE0_NANO.vho                        ;
; D:/My_DevOps/Fall_2022/EE365/Lab/EE365/Lab2/simulation/modelsim/DE0_NANO_6_1200mv_85c_vhd_slow.sdo  ;
; D:/My_DevOps/Fall_2022/EE365/Lab/EE365/Lab2/simulation/modelsim/DE0_NANO_6_1200mv_0c_vhd_slow.sdo   ;
; D:/My_DevOps/Fall_2022/EE365/Lab/EE365/Lab2/simulation/modelsim/DE0_NANO_min_1200mv_0c_vhd_fast.sdo ;
; D:/My_DevOps/Fall_2022/EE365/Lab/EE365/Lab2/simulation/modelsim/DE0_NANO_vhd.sdo                    ;
+-----------------------------------------------------------------------------------------------------+


+-----------------------------+
; EDA Netlist Writer Messages ;
+-----------------------------+
Info: *******************************************************************
Info: Running Quartus Prime EDA Netlist Writer
    Info: Version 21.1.1 Build 850 06/23/2022 SJ Lite Edition
    Info: Processing started: Fri Sep 23 12:54:14 2022
Info: Command: quartus_eda --read_settings_files=off --write_settings_files=off DE0_NANO -c DE0_NANO
Warning (18236): Number of processors has not been specified which may cause overloading on shared machines.  Set the global assignment NUM_PARALLEL_PROCESSORS in your QSF to an appropriate value for best performance.
Info (204019): Generated file DE0_NANO_6_1200mv_85c_slow.vho in folder "D:/My_DevOps/Fall_2022/EE365/Lab/EE365/Lab2/simulation/modelsim/" for EDA simulation tool
Info (204019): Generated file DE0_NANO_6_1200mv_0c_slow.vho in folder "D:/My_DevOps/Fall_2022/EE365/Lab/EE365/Lab2/simulation/modelsim/" for EDA simulation tool
Info (204019): Generated file DE0_NANO_min_1200mv_0c_fast.vho in folder "D:/My_DevOps/Fall_2022/EE365/Lab/EE365/Lab2/simulation/modelsim/" for EDA simulation tool
Info (204019): Generated file DE0_NANO.vho in folder "D:/My_DevOps/Fall_2022/EE365/Lab/EE365/Lab2/simulation/modelsim/" for EDA simulation tool
Info (204019): Generated file DE0_NANO_6_1200mv_85c_vhd_slow.sdo in folder "D:/My_DevOps/Fall_2022/EE365/Lab/EE365/Lab2/simulation/modelsim/" for EDA simulation tool
Info (204019): Generated file DE0_NANO_6_1200mv_0c_vhd_slow.sdo in folder "D:/My_DevOps/Fall_2022/EE365/Lab/EE365/Lab2/simulation/modelsim/" for EDA simulation tool
Info (204019): Generated file DE0_NANO_min_1200mv_0c_vhd_fast.sdo in folder "D:/My_DevOps/Fall_2022/EE365/Lab/EE365/Lab2/simulation/modelsim/" for EDA simulation tool
Info (204019): Generated file DE0_NANO_vhd.sdo in folder "D:/My_DevOps/Fall_2022/EE365/Lab/EE365/Lab2/simulation/modelsim/" for EDA simulation tool
Info: Quartus Prime EDA Netlist Writer was successful. 0 errors, 1 warning
    Info: Peak virtual memory: 4664 megabytes
    Info: Processing ended: Fri Sep 23 12:54:14 2022
    Info: Elapsed time: 00:00:00
    Info: Total CPU time (on all processors): 00:00:01


