Analysis & Synthesis report for DE0_NANO
Fri Sep 23 12:54:03 2022
Quartus Prime Version 21.1.1 Build 850 06/23/2022 SJ Lite Edition


---------------------
; Table of Contents ;
---------------------
  1. Legal Notice
  2. Analysis & Synthesis Summary
  3. Analysis & Synthesis Settings
  4. Parallel Compilation
  5. Analysis & Synthesis Source Files Read
  6. Analysis & Synthesis Resource Usage Summary
  7. Analysis & Synthesis Resource Utilization by Entity
  8. General Register Statistics
  9. Multiplexer Restructuring Statistics (Restructuring Performed)
 10. Parameter Settings for User Entity Instance: top_level:Inst_top_level
 11. Parameter Settings for User Entity Instance: top_level:Inst_top_level|Reset_Delay:Inst_clk_Reset_Delay
 12. Parameter Settings for User Entity Instance: top_level:Inst_top_level|clk_enabler:Inst_clk_enabler
 13. Parameter Settings for User Entity Instance: top_level:Inst_top_level|univ_bin_counter:Inst_univ_bin_counter
 14. Port Connectivity Checks: "top_level:Inst_top_level"
 15. Post-Synthesis Netlist Statistics for Top Partition
 16. Elapsed Time Per Partition
 17. Analysis & Synthesis Messages



----------------
; Legal Notice ;
----------------
Copyright (C) 2022  Intel Corporation. All rights reserved.
Your use of Intel Corporation's design tools, logic functions 
and other software and tools, and any partner logic 
functions, and any output files from any of the foregoing 
(including device programming or simulation files), and any 
associated documentation or information are expressly subject 
to the terms and conditions of the Intel Program License 
Subscription Agreement, the Intel Quartus Prime License Agreement,
the Intel FPGA IP License Agreement, or other applicable license
agreement, including, without limitation, that your use is for
the sole purpose of programming logic devices manufactured by
Intel and sold by Intel or its authorized distributors.  Please
refer to the applicable agreement for further details, at
https://fpgasoftware.intel.com/eula.



+----------------------------------------------------------------------------------+
; Analysis & Synthesis Summary                                                     ;
+------------------------------------+---------------------------------------------+
; Analysis & Synthesis Status        ; Successful - Fri Sep 23 12:54:03 2022       ;
; Quartus Prime Version              ; 21.1.1 Build 850 06/23/2022 SJ Lite Edition ;
; Revision Name                      ; DE0_NANO                                    ;
; Top-level Entity Name              ; DE0_NANO                                    ;
; Family                             ; Cyclone IV E                                ;
; Total logic elements               ; 48                                          ;
;     Total combinational functions  ; 48                                          ;
;     Dedicated logic registers      ; 30                                          ;
; Total registers                    ; 30                                          ;
; Total pins                         ; 15                                          ;
; Total virtual pins                 ; 0                                           ;
; Total memory bits                  ; 0                                           ;
; Embedded Multiplier 9-bit elements ; 0                                           ;
; Total PLLs                         ; 0                                           ;
+------------------------------------+---------------------------------------------+


+------------------------------------------------------------------------------------------------------------+
; Analysis & Synthesis Settings                                                                              ;
+------------------------------------------------------------------+--------------------+--------------------+
; Option                                                           ; Setting            ; Default Value      ;
+------------------------------------------------------------------+--------------------+--------------------+
; Device                                                           ; EP4CE22F17C6       ;                    ;
; Top-level entity name                                            ; DE0_NANO           ; DE0_NANO           ;
; Family name                                                      ; Cyclone IV E       ; Cyclone V          ;
; Use smart compilation                                            ; Off                ; Off                ;
; Enable parallel Assembler and Timing Analyzer during compilation ; On                 ; On                 ;
; Enable compact report table                                      ; Off                ; Off                ;
; Restructure Multiplexers                                         ; Auto               ; Auto               ;
; Create Debugging Nodes for IP Cores                              ; Off                ; Off                ;
; Preserve fewer node names                                        ; On                 ; On                 ;
; Intel FPGA IP Evaluation Mode                                    ; Enable             ; Enable             ;
; Verilog Version                                                  ; Verilog_2001       ; Verilog_2001       ;
; VHDL Version                                                     ; VHDL_1993          ; VHDL_1993          ;
; State Machine Processing                                         ; Auto               ; Auto               ;
; Safe State Machine                                               ; Off                ; Off                ;
; Extract Verilog State Machines                                   ; On                 ; On                 ;
; Extract VHDL State Machines                                      ; On                 ; On                 ;
; Ignore Verilog initial constructs                                ; Off                ; Off                ;
; Iteration limit for constant Verilog loops                       ; 5000               ; 5000               ;
; Iteration limit for non-constant Verilog loops                   ; 250                ; 250                ;
; Add Pass-Through Logic to Inferred RAMs                          ; On                 ; On                 ;
; Infer RAMs from Raw Logic                                        ; On                 ; On                 ;
; Parallel Synthesis                                               ; On                 ; On                 ;
; DSP Block Balancing                                              ; Auto               ; Auto               ;
; NOT Gate Push-Back                                               ; On                 ; On                 ;
; Power-Up Don't Care                                              ; On                 ; On                 ;
; Remove Redundant Logic Cells                                     ; Off                ; Off                ;
; Remove Duplicate Registers                                       ; On                 ; On                 ;
; Ignore CARRY Buffers                                             ; Off                ; Off                ;
; Ignore CASCADE Buffers                                           ; Off                ; Off                ;
; Ignore GLOBAL Buffers                                            ; Off                ; Off                ;
; Ignore ROW GLOBAL Buffers                                        ; Off                ; Off                ;
; Ignore LCELL Buffers                                             ; Off                ; Off                ;
; Ignore SOFT Buffers                                              ; On                 ; On                 ;
; Limit AHDL Integers to 32 Bits                                   ; Off                ; Off                ;
; Optimization Technique                                           ; Balanced           ; Balanced           ;
; Carry Chain Length                                               ; 70                 ; 70                 ;
; Auto Carry Chains                                                ; On                 ; On                 ;
; Auto Open-Drain Pins                                             ; On                 ; On                 ;
; Perform WYSIWYG Primitive Resynthesis                            ; Off                ; Off                ;
; Auto ROM Replacement                                             ; On                 ; On                 ;
; Auto RAM Replacement                                             ; On                 ; On                 ;
; Auto DSP Block Replacement                                       ; On                 ; On                 ;
; Auto Shift Register Replacement                                  ; Auto               ; Auto               ;
; Allow Shift Register Merging across Hierarchies                  ; Auto               ; Auto               ;
; Auto Clock Enable Replacement                                    ; On                 ; On                 ;
; Strict RAM Replacement                                           ; Off                ; Off                ;
; Allow Synchronous Control Signals                                ; On                 ; On                 ;
; Force Use of Synchronous Clear Signals                           ; Off                ; Off                ;
; Auto RAM Block Balancing                                         ; On                 ; On                 ;
; Auto RAM to Logic Cell Conversion                                ; Off                ; Off                ;
; Auto Resource Sharing                                            ; Off                ; Off                ;
; Allow Any RAM Size For Recognition                               ; Off                ; Off                ;
; Allow Any ROM Size For Recognition                               ; Off                ; Off                ;
; Allow Any Shift Register Size For Recognition                    ; Off                ; Off                ;
; Use LogicLock Constraints during Resource Balancing              ; On                 ; On                 ;
; Ignore translate_off and synthesis_off directives                ; Off                ; Off                ;
; Timing-Driven Synthesis                                          ; On                 ; On                 ;
; Report Parameter Settings                                        ; On                 ; On                 ;
; Report Source Assignments                                        ; On                 ; On                 ;
; Report Connectivity Checks                                       ; On                 ; On                 ;
; Ignore Maximum Fan-Out Assignments                               ; Off                ; Off                ;
; Synchronization Register Chain Length                            ; 2                  ; 2                  ;
; Power Optimization During Synthesis                              ; Normal compilation ; Normal compilation ;
; HDL message level                                                ; Level2             ; Level2             ;
; Suppress Register Optimization Related Messages                  ; Off                ; Off                ;
; Number of Removed Registers Reported in Synthesis Report         ; 5000               ; 5000               ;
; Number of Swept Nodes Reported in Synthesis Report               ; 5000               ; 5000               ;
; Number of Inverted Registers Reported in Synthesis Report        ; 100                ; 100                ;
; Clock MUX Protection                                             ; On                 ; On                 ;
; Auto Gated Clock Conversion                                      ; Off                ; Off                ;
; Block Design Naming                                              ; Auto               ; Auto               ;
; SDC constraint protection                                        ; Off                ; Off                ;
; Synthesis Effort                                                 ; Auto               ; Auto               ;
; Shift Register Replacement - Allow Asynchronous Clear Signal     ; On                 ; On                 ;
; Pre-Mapping Resynthesis Optimization                             ; Off                ; Off                ;
; Analysis & Synthesis Message Level                               ; Medium             ; Medium             ;
; Disable Register Merging Across Hierarchies                      ; Auto               ; Auto               ;
; Resource Aware Inference For Block RAM                           ; On                 ; On                 ;
+------------------------------------------------------------------+--------------------+--------------------+


+------------------------------------------+
; Parallel Compilation                     ;
+----------------------------+-------------+
; Processors                 ; Number      ;
+----------------------------+-------------+
; Number detected on machine ; 12          ;
; Maximum allowed            ; 6           ;
;                            ;             ;
; Average used               ; 1.00        ;
; Maximum used               ; 6           ;
;                            ;             ;
; Usage by Processor         ; % Time Used ;
;     Processor 1            ; 100.0%      ;
;     Processors 2-6         ;   0.0%      ;
+----------------------------+-------------+


+---------------------------------------------------------------------------------------------------------------------------------------------------+
; Analysis & Synthesis Source Files Read                                                                                                            ;
+----------------------------------+-----------------+-----------------+------------------------------------------------------------------+---------+
; File Name with User-Entered Path ; Used in Netlist ; File Type       ; File Name with Absolute Path                                     ; Library ;
+----------------------------------+-----------------+-----------------+------------------------------------------------------------------+---------+
; values.vhd                       ; yes             ; User VHDL File  ; D:/My_DevOps/Fall_2022/EE365/Lab/EE365/Lab2/values.vhd           ;         ;
; univ_bin_counter.vhd             ; yes             ; User VHDL File  ; D:/My_DevOps/Fall_2022/EE365/Lab/EE365/Lab2/univ_bin_counter.vhd ;         ;
; top_level.vhd                    ; yes             ; User VHDL File  ; D:/My_DevOps/Fall_2022/EE365/Lab/EE365/Lab2/top_level.vhd        ;         ;
; reset_delay.vhd                  ; yes             ; User VHDL File  ; D:/My_DevOps/Fall_2022/EE365/Lab/EE365/Lab2/reset_delay.vhd      ;         ;
; DE0_NANO.vhd                     ; yes             ; User VHDL File  ; D:/My_DevOps/Fall_2022/EE365/Lab/EE365/Lab2/DE0_NANO.vhd         ;         ;
; clk_enabler.vhd                  ; yes             ; User VHDL File  ; D:/My_DevOps/Fall_2022/EE365/Lab/EE365/Lab2/clk_enabler.vhd      ;         ;
+----------------------------------+-----------------+-----------------+------------------------------------------------------------------+---------+


+--------------------------------------------------------------+
; Analysis & Synthesis Resource Usage Summary                  ;
+---------------------------------------------+----------------+
; Resource                                    ; Usage          ;
+---------------------------------------------+----------------+
; Estimated Total logic elements              ; 48             ;
;                                             ;                ;
; Total combinational functions               ; 48             ;
; Logic element usage by number of LUT inputs ;                ;
;     -- 4 input functions                    ; 16             ;
;     -- 3 input functions                    ; 8              ;
;     -- <=2 input functions                  ; 24             ;
;                                             ;                ;
; Logic elements by mode                      ;                ;
;     -- normal mode                          ; 27             ;
;     -- arithmetic mode                      ; 21             ;
;                                             ;                ;
; Total registers                             ; 30             ;
;     -- Dedicated logic registers            ; 30             ;
;     -- I/O registers                        ; 0              ;
;                                             ;                ;
; I/O pins                                    ; 15             ;
;                                             ;                ;
; Embedded Multiplier 9-bit elements          ; 0              ;
;                                             ;                ;
; Maximum fan-out node                        ; CLOCK_50~input ;
; Maximum fan-out                             ; 30             ;
; Total fan-out                               ; 242            ;
; Average fan-out                             ; 2.24           ;
+---------------------------------------------+----------------+


+-----------------------------------------------------------------------------------------------------------------------------------------------------------------------------------------------------------------------------------------------------------------------------------------+
; Analysis & Synthesis Resource Utilization by Entity                                                                                                                                                                                                                                     ;
+------------------------------------------------+---------------------+---------------------------+-------------+--------------+---------+-----------+------+--------------+---------------------------------------------------------------------------+------------------+--------------+
; Compilation Hierarchy Node                     ; Combinational ALUTs ; Dedicated Logic Registers ; Memory Bits ; DSP Elements ; DSP 9x9 ; DSP 18x18 ; Pins ; Virtual Pins ; Full Hierarchy Name                                                       ; Entity Name      ; Library Name ;
+------------------------------------------------+---------------------+---------------------------+-------------+--------------+---------+-----------+------+--------------+---------------------------------------------------------------------------+------------------+--------------+
; |DE0_NANO                                      ; 48 (0)              ; 30 (0)                    ; 0           ; 0            ; 0       ; 0         ; 15   ; 0            ; |DE0_NANO                                                                 ; DE0_NANO         ; work         ;
;    |top_level:Inst_top_level|                  ; 48 (0)              ; 30 (0)                    ; 0           ; 0            ; 0       ; 0         ; 0    ; 0            ; |DE0_NANO|top_level:Inst_top_level                                        ; top_level        ; work         ;
;       |Reset_Delay:Inst_clk_Reset_Delay|       ; 27 (27)             ; 21 (21)                   ; 0           ; 0            ; 0       ; 0         ; 0    ; 0            ; |DE0_NANO|top_level:Inst_top_level|Reset_Delay:Inst_clk_Reset_Delay       ; Reset_Delay      ; work         ;
;       |clk_enabler:Inst_clk_enabler|           ; 5 (5)               ; 5 (5)                     ; 0           ; 0            ; 0       ; 0         ; 0    ; 0            ; |DE0_NANO|top_level:Inst_top_level|clk_enabler:Inst_clk_enabler           ; clk_enabler      ; work         ;
;       |univ_bin_counter:Inst_univ_bin_counter| ; 16 (16)             ; 4 (4)                     ; 0           ; 0            ; 0       ; 0         ; 0    ; 0            ; |DE0_NANO|top_level:Inst_top_level|univ_bin_counter:Inst_univ_bin_counter ; univ_bin_counter ; work         ;
+------------------------------------------------+---------------------+---------------------------+-------------+--------------+---------+-----------+------+--------------+---------------------------------------------------------------------------+------------------+--------------+
Note: For table entries with two numbers listed, the numbers in parentheses indicate the number of resources of the given type used by the specific entity alone. The numbers listed outside of parentheses indicate the total resources of the given type used by the specific entity and all of its sub-entities in the hierarchy.


+------------------------------------------------------+
; General Register Statistics                          ;
+----------------------------------------------+-------+
; Statistic                                    ; Value ;
+----------------------------------------------+-------+
; Total registers                              ; 30    ;
; Number of registers using Synchronous Clear  ; 0     ;
; Number of registers using Synchronous Load   ; 0     ;
; Number of registers using Asynchronous Clear ; 4     ;
; Number of registers using Asynchronous Load  ; 0     ;
; Number of registers using Clock Enable       ; 23    ;
; Number of registers using Preset             ; 0     ;
+----------------------------------------------+-------+


+--------------------------------------------------------------------------------------------------------------------------------------------------------------------------------------------------+
; Multiplexer Restructuring Statistics (Restructuring Performed)                                                                                                                                   ;
+--------------------+-----------+---------------+----------------------+------------------------+------------+------------------------------------------------------------------------------------+
; Multiplexer Inputs ; Bus Width ; Baseline Area ; Area if Restructured ; Saving if Restructured ; Registered ; Example Multiplexer Output                                                         ;
+--------------------+-----------+---------------+----------------------+------------------------+------------+------------------------------------------------------------------------------------+
; 7:1                ; 4 bits    ; 16 LEs        ; 12 LEs               ; 4 LEs                  ; Yes        ; |DE0_NANO|top_level:Inst_top_level|univ_bin_counter:Inst_univ_bin_counter|r_reg[1] ;
+--------------------+-----------+---------------+----------------------+------------------------+------------+------------------------------------------------------------------------------------+


+-----------------------------------------------------------------------+
; Parameter Settings for User Entity Instance: top_level:Inst_top_level ;
+----------------+-------+----------------------------------------------+
; Parameter Name ; Value ; Type                                         ;
+----------------+-------+----------------------------------------------+
; n              ; 4     ; Signed Integer                               ;
+----------------+-------+----------------------------------------------+
Note: In order to hide this table in the UI and the text report file, please set the "Show Parameter Settings in Synthesis Report" option in "Analysis and Synthesis Settings -> More Settings" to "Off".


+--------------------------------------------------------------------------------------------------------+
; Parameter Settings for User Entity Instance: top_level:Inst_top_level|Reset_Delay:Inst_clk_Reset_Delay ;
+----------------+-------+-------------------------------------------------------------------------------+
; Parameter Name ; Value ; Type                                                                          ;
+----------------+-------+-------------------------------------------------------------------------------+
; max            ; 15    ; Signed Integer                                                                ;
+----------------+-------+-------------------------------------------------------------------------------+
Note: In order to hide this table in the UI and the text report file, please set the "Show Parameter Settings in Synthesis Report" option in "Analysis and Synthesis Settings -> More Settings" to "Off".


+----------------------------------------------------------------------------------------------------+
; Parameter Settings for User Entity Instance: top_level:Inst_top_level|clk_enabler:Inst_clk_enabler ;
+----------------+-------+---------------------------------------------------------------------------+
; Parameter Name ; Value ; Type                                                                      ;
+----------------+-------+---------------------------------------------------------------------------+
; cnt_max        ; 9     ; Signed Integer                                                            ;
+----------------+-------+---------------------------------------------------------------------------+
Note: In order to hide this table in the UI and the text report file, please set the "Show Parameter Settings in Synthesis Report" option in "Analysis and Synthesis Settings -> More Settings" to "Off".


+--------------------------------------------------------------------------------------------------------------+
; Parameter Settings for User Entity Instance: top_level:Inst_top_level|univ_bin_counter:Inst_univ_bin_counter ;
+----------------+-------+-------------------------------------------------------------------------------------+
; Parameter Name ; Value ; Type                                                                                ;
+----------------+-------+-------------------------------------------------------------------------------------+
; n              ; 4     ; Signed Integer                                                                      ;
; n2             ; 13    ; Signed Integer                                                                      ;
; n1             ; 2     ; Signed Integer                                                                      ;
+----------------+-------+-------------------------------------------------------------------------------------+
Note: In order to hide this table in the UI and the text report file, please set the "Show Parameter Settings in Synthesis Report" option in "Analysis and Synthesis Settings -> More Settings" to "Off".


+------------------------------------------------------+
; Port Connectivity Checks: "top_level:Inst_top_level" ;
+----------+-------+----------+------------------------+
; Port     ; Type  ; Severity ; Details                ;
+----------+-------+----------+------------------------+
; idata[3] ; Input ; Info     ; Stuck at VCC           ;
; idata[2] ; Input ; Info     ; Stuck at GND           ;
; idata[1] ; Input ; Info     ; Stuck at VCC           ;
; idata[0] ; Input ; Info     ; Stuck at GND           ;
+----------+-------+----------+------------------------+


+-----------------------------------------------------+
; Post-Synthesis Netlist Statistics for Top Partition ;
+-----------------------+-----------------------------+
; Type                  ; Count                       ;
+-----------------------+-----------------------------+
; boundary_port         ; 15                          ;
; cycloneiii_ff         ; 30                          ;
;     ENA               ; 19                          ;
;     ENA CLR           ; 4                           ;
;     plain             ; 7                           ;
; cycloneiii_lcell_comb ; 51                          ;
;     arith             ; 21                          ;
;         2 data inputs ; 18                          ;
;         3 data inputs ; 3                           ;
;     normal            ; 30                          ;
;         0 data inputs ; 1                           ;
;         1 data inputs ; 4                           ;
;         2 data inputs ; 4                           ;
;         3 data inputs ; 5                           ;
;         4 data inputs ; 16                          ;
;                       ;                             ;
; Max LUT depth         ; 3.20                        ;
; Average LUT depth     ; 2.38                        ;
+-----------------------+-----------------------------+


+-------------------------------+
; Elapsed Time Per Partition    ;
+----------------+--------------+
; Partition Name ; Elapsed Time ;
+----------------+--------------+
; Top            ; 00:00:00     ;
+----------------+--------------+


+-------------------------------+
; Analysis & Synthesis Messages ;
+-------------------------------+
Info: *******************************************************************
Info: Running Quartus Prime Analysis & Synthesis
    Info: Version 21.1.1 Build 850 06/23/2022 SJ Lite Edition
    Info: Processing started: Fri Sep 23 12:53:55 2022
Info: Command: quartus_map --read_settings_files=on --write_settings_files=off DE0_NANO -c DE0_NANO
Warning (18236): Number of processors has not been specified which may cause overloading on shared machines.  Set the global assignment NUM_PARALLEL_PROCESSORS in your QSF to an appropriate value for best performance.
Info (20030): Parallel compilation is enabled and will use 6 of the 6 processors detected
Info (12021): Found 2 design units, including 1 entities, in source file simulation/modelsim/de0_nano_tb.vhd
    Info (12022): Found design unit 1: DE0_NANO_TB-tb File: D:/My_DevOps/Fall_2022/EE365/Lab/EE365/Lab2/simulation/modelsim/DE0_NANO_TB.vhd Line: 8
    Info (12023): Found entity 1: DE0_NANO_TB File: D:/My_DevOps/Fall_2022/EE365/Lab/EE365/Lab2/simulation/modelsim/DE0_NANO_TB.vhd Line: 4
Info (12021): Found 1 design units, including 0 entities, in source file values.vhd
    Info (12022): Found design unit 1: values File: D:/My_DevOps/Fall_2022/EE365/Lab/EE365/Lab2/values.vhd Line: 4
Info (12021): Found 2 design units, including 1 entities, in source file univ_bin_counter.vhd
    Info (12022): Found design unit 1: univ_bin_counter-arch File: D:/My_DevOps/Fall_2022/EE365/Lab/EE365/Lab2/univ_bin_counter.vhd Line: 22
    Info (12023): Found entity 1: univ_bin_counter File: D:/My_DevOps/Fall_2022/EE365/Lab/EE365/Lab2/univ_bin_counter.vhd Line: 10
Info (12021): Found 2 design units, including 1 entities, in source file top_level.vhd
    Info (12022): Found design unit 1: top_level-Structural File: D:/My_DevOps/Fall_2022/EE365/Lab/EE365/Lab2/top_level.vhd Line: 25
    Info (12023): Found entity 1: top_level File: D:/My_DevOps/Fall_2022/EE365/Lab/EE365/Lab2/top_level.vhd Line: 10
Info (12021): Found 2 design units, including 1 entities, in source file reset_delay.vhd
    Info (12022): Found design unit 1: Reset_Delay-Arch File: D:/My_DevOps/Fall_2022/EE365/Lab/EE365/Lab2/reset_delay.vhd Line: 17
    Info (12023): Found entity 1: Reset_Delay File: D:/My_DevOps/Fall_2022/EE365/Lab/EE365/Lab2/reset_delay.vhd Line: 8
Info (12021): Found 2 design units, including 1 entities, in source file de0_nano.vhd
    Info (12022): Found design unit 1: DE0_NANO-structural File: D:/My_DevOps/Fall_2022/EE365/Lab/EE365/Lab2/DE0_NANO.vhd Line: 60
    Info (12023): Found entity 1: DE0_NANO File: D:/My_DevOps/Fall_2022/EE365/Lab/EE365/Lab2/DE0_NANO.vhd Line: 5
Info (12021): Found 2 design units, including 1 entities, in source file clk_enabler.vhd
    Info (12022): Found design unit 1: clk_enabler-behv File: D:/My_DevOps/Fall_2022/EE365/Lab/EE365/Lab2/clk_enabler.vhd Line: 18
    Info (12023): Found entity 1: clk_enabler File: D:/My_DevOps/Fall_2022/EE365/Lab/EE365/Lab2/clk_enabler.vhd Line: 7
Info (12127): Elaborating entity "DE0_NANO" for the top level hierarchy
Warning (10873): Using initial value X (don't care) for net "LED[3..2]" at DE0_NANO.vhd(14) File: D:/My_DevOps/Fall_2022/EE365/Lab/EE365/Lab2/DE0_NANO.vhd Line: 14
Info (12128): Elaborating entity "top_level" for hierarchy "top_level:Inst_top_level" File: D:/My_DevOps/Fall_2022/EE365/Lab/EE365/Lab2/DE0_NANO.vhd Line: 87
Info (12128): Elaborating entity "Reset_Delay" for hierarchy "top_level:Inst_top_level|Reset_Delay:Inst_clk_Reset_Delay" File: D:/My_DevOps/Fall_2022/EE365/Lab/EE365/Lab2/top_level.vhd Line: 63
Info (12128): Elaborating entity "clk_enabler" for hierarchy "top_level:Inst_top_level|clk_enabler:Inst_clk_enabler" File: D:/My_DevOps/Fall_2022/EE365/Lab/EE365/Lab2/top_level.vhd Line: 71
Info (12128): Elaborating entity "univ_bin_counter" for hierarchy "top_level:Inst_top_level|univ_bin_counter:Inst_univ_bin_counter" File: D:/My_DevOps/Fall_2022/EE365/Lab/EE365/Lab2/top_level.vhd Line: 79
Warning (10492): VHDL Process Statement warning at univ_bin_counter.vhd(34): signal "clk_en" is read inside the Process Statement but isn't in the Process Statement's sensitivity list File: D:/My_DevOps/Fall_2022/EE365/Lab/EE365/Lab2/univ_bin_counter.vhd Line: 34
Warning (13024): Output pins are stuck at VCC or GND
    Warning (13410): Pin "LED[2]" is stuck at GND File: D:/My_DevOps/Fall_2022/EE365/Lab/EE365/Lab2/DE0_NANO.vhd Line: 14
    Warning (13410): Pin "LED[3]" is stuck at GND File: D:/My_DevOps/Fall_2022/EE365/Lab/EE365/Lab2/DE0_NANO.vhd Line: 14
Info (286030): Timing-Driven Synthesis is running
Info (16010): Generating hard_block partition "hard_block:auto_generated_inst"
    Info (16011): Adding 0 node(s), including 0 DDIO, 0 PLL, 0 transceiver and 0 LCELL
Warning (21074): Design contains 2 input pin(s) that do not drive logic
    Warning (15610): No output dependent on input pin "SW[2]" File: D:/My_DevOps/Fall_2022/EE365/Lab/EE365/Lab2/DE0_NANO.vhd Line: 12
    Warning (15610): No output dependent on input pin "SW[3]" File: D:/My_DevOps/Fall_2022/EE365/Lab/EE365/Lab2/DE0_NANO.vhd Line: 12
Info (21057): Implemented 64 device resources after synthesis - the final resource count might be different
    Info (21058): Implemented 7 input pins
    Info (21059): Implemented 8 output pins
    Info (21061): Implemented 49 logic cells
Info: Quartus Prime Analysis & Synthesis was successful. 0 errors, 9 warnings
    Info: Peak virtual memory: 4841 megabytes
    Info: Processing ended: Fri Sep 23 12:54:03 2022
    Info: Elapsed time: 00:00:08
    Info: Total CPU time (on all processors): 00:00:18


