16:10:15 INFO  : Registering command handlers for SDK TCF services
16:10:16 INFO  : Launching XSCT server: xsct.bat -interactive C:\Users\schumae\Desktop\EE365\Lab4\Vivado_Encoder_Lab4.sdk\temp_xsdb_launch_script.tcl
16:10:18 INFO  : XSCT server has started successfully.
16:10:18 INFO  : Successfully done setting XSCT server connection channel  
16:10:18 INFO  : Successfully done setting SDK workspace  
16:10:18 INFO  : Processing command line option -hwspec C:/Users/schumae/Desktop/EE365/Lab4/Vivado_Encoder_Lab4.sdk/Vivado_encoder_Lab4_wrapper.hdf.
16:12:46 INFO  : Connected to target on host '127.0.0.1' and port '3121'.
16:12:46 INFO  : 'targets -set -filter {jtag_cable_name =~ "JTAG-ONB4 251633007573A" && level==0} -index 1' command is executed.
16:12:47 INFO  : FPGA configured successfully with bitstream "C:/Users/schumae/Desktop/EE365/Lab4/Vivado_Encoder_Lab4.sdk/Vivado_encoder_Lab4_wrapper_hw_platform_0/Vivado_encoder_Lab4_wrapper.bit"
16:12:57 INFO  : 'targets -set -filter {jtag_cable_name =~ "JTAG-ONB4 251633007573A" && level==0} -index 1' command is executed.
16:12:57 INFO  : 'fpga -state' command is executed.
16:12:57 INFO  : Connected to target on host '127.0.0.1' and port '3121'.
16:12:57 INFO  : Jtag cable 'JTAG-ONB4 251633007573A' is selected.
16:12:57 INFO  : 'jtag frequency' command is executed.
16:12:57 INFO  : Sourcing of 'C:/Users/schumae/Desktop/EE365/Lab4/Vivado_Encoder_Lab4.sdk/Vivado_encoder_Lab4_wrapper_hw_platform_0/ps7_init.tcl' is done.
16:12:57 INFO  : Context for 'APU' is selected.
16:12:57 INFO  : Hardware design information is loaded from 'C:/Users/schumae/Desktop/EE365/Lab4/Vivado_Encoder_Lab4.sdk/Vivado_encoder_Lab4_wrapper_hw_platform_0/system.hdf'.
16:12:57 INFO  : 'configparams force-mem-access 1' command is executed.
16:12:57 INFO  : Context for 'APU' is selected.
16:12:57 INFO  : 'stop' command is executed.
16:12:57 INFO  : 'ps7_init' command is executed.
16:12:57 INFO  : 'ps7_post_config' command is executed.
16:12:57 INFO  : Context for processor 'ps7_cortexa9_0' is selected.
16:12:57 INFO  : Processor reset is completed for 'ps7_cortexa9_0'.
16:12:57 INFO  : Context for processor 'ps7_cortexa9_0' is selected.
16:12:57 INFO  : The application 'C:/Users/schumae/Desktop/EE365/Lab4/Vivado_Encoder_Lab4.sdk/HelloWorld/Debug/HelloWorld.elf' is downloaded to processor 'ps7_cortexa9_0'.
16:12:57 INFO  : 'configparams force-mem-access 0' command is executed.
16:12:57 INFO  : ----------------XSDB Script----------------
connect -url tcp:127.0.0.1:3121
source C:/Users/schumae/Desktop/EE365/Lab4/Vivado_Encoder_Lab4.sdk/Vivado_encoder_Lab4_wrapper_hw_platform_0/ps7_init.tcl
targets -set -nocase -filter {name =~"APU*" && jtag_cable_name =~ "JTAG-ONB4 251633007573A"} -index 0
loadhw -hw C:/Users/schumae/Desktop/EE365/Lab4/Vivado_Encoder_Lab4.sdk/Vivado_encoder_Lab4_wrapper_hw_platform_0/system.hdf -mem-ranges [list {0x40000000 0xbfffffff}]
configparams force-mem-access 1
targets -set -nocase -filter {name =~"APU*" && jtag_cable_name =~ "JTAG-ONB4 251633007573A"} -index 0
stop
ps7_init
ps7_post_config
targets -set -nocase -filter {name =~ "ARM*#0" && jtag_cable_name =~ "JTAG-ONB4 251633007573A"} -index 0
rst -processor
targets -set -nocase -filter {name =~ "ARM*#0" && jtag_cable_name =~ "JTAG-ONB4 251633007573A"} -index 0
dow C:/Users/schumae/Desktop/EE365/Lab4/Vivado_Encoder_Lab4.sdk/HelloWorld/Debug/HelloWorld.elf
configparams force-mem-access 0
----------------End of Script----------------

16:12:57 INFO  : Memory regions updated for context APU
16:12:57 INFO  : Context for processor 'ps7_cortexa9_0' is selected.
16:12:57 INFO  : 'con' command is executed.
16:12:57 INFO  : ----------------XSDB Script (After Launch)----------------
targets -set -nocase -filter {name =~ "ARM*#0" && jtag_cable_name =~ "JTAG-ONB4 251633007573A"} -index 0
con
----------------End of Script----------------

16:12:57 INFO  : Launch script is exported to file 'C:\Users\schumae\Desktop\EE365\Lab4\Vivado_Encoder_Lab4.sdk\.sdk\launch_scripts\xilinx_c-c++_application_(system_debugger)\system_debugger_using_debug_helloworld.elf_on_local.tcl'
16:13:14 INFO  : Disconnected from the channel tcfchan#1.
16:13:15 INFO  : 'targets -set -filter {jtag_cable_name =~ "JTAG-ONB4 251633007573A" && level==0} -index 1' command is executed.
16:13:15 INFO  : 'fpga -state' command is executed.
16:13:15 INFO  : Connected to target on host '127.0.0.1' and port '3121'.
16:13:16 INFO  : Jtag cable 'JTAG-ONB4 251633007573A' is selected.
16:13:16 INFO  : 'jtag frequency' command is executed.
16:13:16 INFO  : Sourcing of 'C:/Users/schumae/Desktop/EE365/Lab4/Vivado_Encoder_Lab4.sdk/Vivado_encoder_Lab4_wrapper_hw_platform_0/ps7_init.tcl' is done.
16:13:16 INFO  : Context for 'APU' is selected.
16:13:17 INFO  : Hardware design information is loaded from 'C:/Users/schumae/Desktop/EE365/Lab4/Vivado_Encoder_Lab4.sdk/Vivado_encoder_Lab4_wrapper_hw_platform_0/system.hdf'.
16:13:17 INFO  : 'configparams force-mem-access 1' command is executed.
16:13:17 INFO  : Context for 'APU' is selected.
16:13:17 INFO  : 'stop' command is executed.
16:13:17 INFO  : 'ps7_init' command is executed.
16:13:17 INFO  : 'ps7_post_config' command is executed.
16:13:17 INFO  : Context for processor 'ps7_cortexa9_0' is selected.
16:13:17 INFO  : Processor reset is completed for 'ps7_cortexa9_0'.
16:13:17 INFO  : Context for processor 'ps7_cortexa9_0' is selected.
16:13:17 INFO  : The application 'C:/Users/schumae/Desktop/EE365/Lab4/Vivado_Encoder_Lab4.sdk/HelloWorld/Debug/HelloWorld.elf' is downloaded to processor 'ps7_cortexa9_0'.
16:13:17 INFO  : 'configparams force-mem-access 0' command is executed.
16:13:17 INFO  : ----------------XSDB Script----------------
connect -url tcp:127.0.0.1:3121
source C:/Users/schumae/Desktop/EE365/Lab4/Vivado_Encoder_Lab4.sdk/Vivado_encoder_Lab4_wrapper_hw_platform_0/ps7_init.tcl
targets -set -nocase -filter {name =~"APU*" && jtag_cable_name =~ "JTAG-ONB4 251633007573A"} -index 0
loadhw -hw C:/Users/schumae/Desktop/EE365/Lab4/Vivado_Encoder_Lab4.sdk/Vivado_encoder_Lab4_wrapper_hw_platform_0/system.hdf -mem-ranges [list {0x40000000 0xbfffffff}]
configparams force-mem-access 1
targets -set -nocase -filter {name =~"APU*" && jtag_cable_name =~ "JTAG-ONB4 251633007573A"} -index 0
stop
ps7_init
ps7_post_config
targets -set -nocase -filter {name =~ "ARM*#0" && jtag_cable_name =~ "JTAG-ONB4 251633007573A"} -index 0
rst -processor
targets -set -nocase -filter {name =~ "ARM*#0" && jtag_cable_name =~ "JTAG-ONB4 251633007573A"} -index 0
dow C:/Users/schumae/Desktop/EE365/Lab4/Vivado_Encoder_Lab4.sdk/HelloWorld/Debug/HelloWorld.elf
configparams force-mem-access 0
----------------End of Script----------------

16:13:17 INFO  : Memory regions updated for context APU
16:13:17 INFO  : Context for processor 'ps7_cortexa9_0' is selected.
16:13:17 INFO  : 'con' command is executed.
16:13:17 INFO  : ----------------XSDB Script (After Launch)----------------
targets -set -nocase -filter {name =~ "ARM*#0" && jtag_cable_name =~ "JTAG-ONB4 251633007573A"} -index 0
con
----------------End of Script----------------

16:13:17 INFO  : Launch script is exported to file 'C:\Users\schumae\Desktop\EE365\Lab4\Vivado_Encoder_Lab4.sdk\.sdk\launch_scripts\xilinx_c-c++_application_(system_debugger)\system_debugger_using_debug_helloworld.elf_on_local.tcl'
16:45:00 INFO  : Disconnected from the channel tcfchan#2.
16:46:08 INFO  : Launching XSCT server: xsct.bat -interactive C:\Users\schumae\Desktop\EE365\Lab4\Vivado_Encoder_Lab4.sdk\temp_xsdb_launch_script.tcl
16:46:10 INFO  : XSCT server has started successfully.
16:46:11 INFO  : Successfully done setting XSCT server connection channel  
16:46:11 INFO  : Successfully done setting SDK workspace  
16:46:16 INFO  : Registering command handlers for SDK TCF services
16:46:16 INFO  : Processing command line option -hwspec C:/Users/schumae/Desktop/EE365/Lab4/Vivado_Encoder_Lab4.sdk/Vivado_encoder_Lab4_wrapper.hdf.
16:46:16 INFO  : Checking for hwspec changes in the project Vivado_encoder_Lab4_wrapper_hw_platform_0.
16:46:16 INFO  : SDK has detected change in the last modified timestamps for source hardware specification file Source:1665693942778,  Project:1665691789881
16:46:16 INFO  : The hardware specification for project 'Vivado_encoder_Lab4_wrapper_hw_platform_0' is different from C:/Users/schumae/Desktop/EE365/Lab4/Vivado_Encoder_Lab4.sdk/Vivado_encoder_Lab4_wrapper.hdf.
16:46:17 INFO  : Copied contents of C:/Users/schumae/Desktop/EE365/Lab4/Vivado_Encoder_Lab4.sdk/Vivado_encoder_Lab4_wrapper.hdf into \Vivado_encoder_Lab4_wrapper_hw_platform_0\system.hdf.
16:46:18 INFO  : Synchronizing projects in the workspace with the hardware platform specification changes.
16:46:22 INFO  : 
16:46:23 INFO  : Updating hardware inferred compiler options for HelloWorld.
16:46:23 INFO  : Clearing existing target manager status.
16:46:23 INFO  : Closing and re-opening the MSS file of ther project HelloWorld_bsp
16:46:24 INFO  : Workspace synchronized with the new hardware specification file. Cleaning dependent projects...
16:46:25 WARN  : Linker script will not be updated automatically. Users need to update it manually.
16:47:04 INFO  : Connected to target on host '127.0.0.1' and port '3121'.
16:47:04 INFO  : 'targets -set -filter {jtag_cable_name =~ "JTAG-ONB4 251633007573A" && level==0} -index 1' command is executed.
16:47:05 INFO  : FPGA configured successfully with bitstream "C:/Users/schumae/Desktop/EE365/Lab4/Vivado_Encoder_Lab4.sdk/Vivado_encoder_Lab4_wrapper_hw_platform_0/Vivado_encoder_Lab4_wrapper.bit"
16:47:15 INFO  : 'targets -set -filter {jtag_cable_name =~ "JTAG-ONB4 251633007573A" && level==0} -index 1' command is executed.
16:47:15 INFO  : 'fpga -state' command is executed.
16:47:15 INFO  : Connected to target on host '127.0.0.1' and port '3121'.
16:47:15 INFO  : Jtag cable 'JTAG-ONB4 251633007573A' is selected.
16:47:15 INFO  : 'jtag frequency' command is executed.
16:47:15 INFO  : Sourcing of 'C:/Users/schumae/Desktop/EE365/Lab4/Vivado_Encoder_Lab4.sdk/Vivado_encoder_Lab4_wrapper_hw_platform_0/ps7_init.tcl' is done.
16:47:15 INFO  : Context for 'APU' is selected.
16:47:15 INFO  : Hardware design information is loaded from 'C:/Users/schumae/Desktop/EE365/Lab4/Vivado_Encoder_Lab4.sdk/Vivado_encoder_Lab4_wrapper_hw_platform_0/system.hdf'.
16:47:15 INFO  : 'configparams force-mem-access 1' command is executed.
16:47:15 INFO  : Context for 'APU' is selected.
16:47:15 INFO  : 'stop' command is executed.
16:47:15 INFO  : 'ps7_init' command is executed.
16:47:15 INFO  : 'ps7_post_config' command is executed.
16:47:15 INFO  : Context for processor 'ps7_cortexa9_0' is selected.
16:47:15 INFO  : Processor reset is completed for 'ps7_cortexa9_0'.
16:47:15 INFO  : Context for processor 'ps7_cortexa9_0' is selected.
16:47:15 INFO  : The application 'C:/Users/schumae/Desktop/EE365/Lab4/Vivado_Encoder_Lab4.sdk/HelloWorld/Debug/HelloWorld.elf' is downloaded to processor 'ps7_cortexa9_0'.
16:47:15 INFO  : 'configparams force-mem-access 0' command is executed.
16:47:15 INFO  : ----------------XSDB Script----------------
connect -url tcp:127.0.0.1:3121
source C:/Users/schumae/Desktop/EE365/Lab4/Vivado_Encoder_Lab4.sdk/Vivado_encoder_Lab4_wrapper_hw_platform_0/ps7_init.tcl
targets -set -nocase -filter {name =~"APU*" && jtag_cable_name =~ "JTAG-ONB4 251633007573A"} -index 0
loadhw -hw C:/Users/schumae/Desktop/EE365/Lab4/Vivado_Encoder_Lab4.sdk/Vivado_encoder_Lab4_wrapper_hw_platform_0/system.hdf -mem-ranges [list {0x40000000 0xbfffffff}]
configparams force-mem-access 1
targets -set -nocase -filter {name =~"APU*" && jtag_cable_name =~ "JTAG-ONB4 251633007573A"} -index 0
stop
ps7_init
ps7_post_config
targets -set -nocase -filter {name =~ "ARM*#0" && jtag_cable_name =~ "JTAG-ONB4 251633007573A"} -index 0
rst -processor
targets -set -nocase -filter {name =~ "ARM*#0" && jtag_cable_name =~ "JTAG-ONB4 251633007573A"} -index 0
dow C:/Users/schumae/Desktop/EE365/Lab4/Vivado_Encoder_Lab4.sdk/HelloWorld/Debug/HelloWorld.elf
configparams force-mem-access 0
----------------End of Script----------------

16:47:15 INFO  : Memory regions updated for context APU
16:47:15 INFO  : Context for processor 'ps7_cortexa9_0' is selected.
16:47:15 INFO  : 'con' command is executed.
16:47:15 INFO  : ----------------XSDB Script (After Launch)----------------
targets -set -nocase -filter {name =~ "ARM*#0" && jtag_cable_name =~ "JTAG-ONB4 251633007573A"} -index 0
con
----------------End of Script----------------

16:47:15 INFO  : Launch script is exported to file 'C:\Users\schumae\Desktop\EE365\Lab4\Vivado_Encoder_Lab4.sdk\.sdk\launch_scripts\xilinx_c-c++_application_(system_debugger)\system_debugger_using_debug_helloworld.elf_on_local.tcl'
17:14:09 INFO  : Disconnected from the channel tcfchan#1.
20:17:02 INFO  : Launching XSCT server: xsct.bat -interactive C:\Users\schumae\Desktop\EE365\Lab4\Vivado_Encoder_Lab4.sdk\temp_xsdb_launch_script.tcl
20:17:04 INFO  : XSCT server has started successfully.
20:17:04 INFO  : Successfully done setting XSCT server connection channel  
20:17:05 INFO  : Successfully done setting SDK workspace  
20:17:09 INFO  : Registering command handlers for SDK TCF services
20:17:10 INFO  : Processing command line option -hwspec C:/Users/schumae/Desktop/EE365/Lab4/Vivado_Encoder_Lab4.sdk/Vivado_encoder_Lab4_wrapper.hdf.
20:17:10 INFO  : Checking for hwspec changes in the project Vivado_encoder_Lab4_wrapper_hw_platform_0.
20:17:37 INFO  : Connected to target on host '127.0.0.1' and port '3121'.
20:17:37 INFO  : 'targets -set -filter {jtag_cable_name =~ "JTAG-ONB4 251633007573A" && level==0} -index 1' command is executed.
20:17:38 INFO  : FPGA configured successfully with bitstream "C:/Users/schumae/Desktop/EE365/Lab4/Vivado_Encoder_Lab4.sdk/Vivado_encoder_Lab4_wrapper_hw_platform_0/Vivado_encoder_Lab4_wrapper.bit"
20:17:49 INFO  : 'targets -set -filter {jtag_cable_name =~ "JTAG-ONB4 251633007573A" && level==0} -index 1' command is executed.
20:17:49 INFO  : 'fpga -state' command is executed.
20:17:49 INFO  : Connected to target on host '127.0.0.1' and port '3121'.
20:17:49 INFO  : Jtag cable 'JTAG-ONB4 251633007573A' is selected.
20:17:49 INFO  : 'jtag frequency' command is executed.
20:17:49 INFO  : Sourcing of 'C:/Users/schumae/Desktop/EE365/Lab4/Vivado_Encoder_Lab4.sdk/Vivado_encoder_Lab4_wrapper_hw_platform_0/ps7_init.tcl' is done.
20:17:49 INFO  : Context for 'APU' is selected.
20:17:49 INFO  : Hardware design information is loaded from 'C:/Users/schumae/Desktop/EE365/Lab4/Vivado_Encoder_Lab4.sdk/Vivado_encoder_Lab4_wrapper_hw_platform_0/system.hdf'.
20:17:49 INFO  : 'configparams force-mem-access 1' command is executed.
20:17:49 INFO  : Context for 'APU' is selected.
20:17:50 INFO  : 'stop' command is executed.
20:17:50 INFO  : 'ps7_init' command is executed.
20:17:50 INFO  : 'ps7_post_config' command is executed.
20:17:50 INFO  : Context for processor 'ps7_cortexa9_0' is selected.
20:17:50 INFO  : Processor reset is completed for 'ps7_cortexa9_0'.
20:17:50 INFO  : Context for processor 'ps7_cortexa9_0' is selected.
20:17:50 INFO  : The application 'C:/Users/schumae/Desktop/EE365/Lab4/Vivado_Encoder_Lab4.sdk/HelloWorld/Debug/HelloWorld.elf' is downloaded to processor 'ps7_cortexa9_0'.
20:17:50 INFO  : 'configparams force-mem-access 0' command is executed.
20:17:50 INFO  : ----------------XSDB Script----------------
connect -url tcp:127.0.0.1:3121
source C:/Users/schumae/Desktop/EE365/Lab4/Vivado_Encoder_Lab4.sdk/Vivado_encoder_Lab4_wrapper_hw_platform_0/ps7_init.tcl
targets -set -nocase -filter {name =~"APU*" && jtag_cable_name =~ "JTAG-ONB4 251633007573A"} -index 0
loadhw -hw C:/Users/schumae/Desktop/EE365/Lab4/Vivado_Encoder_Lab4.sdk/Vivado_encoder_Lab4_wrapper_hw_platform_0/system.hdf -mem-ranges [list {0x40000000 0xbfffffff}]
configparams force-mem-access 1
targets -set -nocase -filter {name =~"APU*" && jtag_cable_name =~ "JTAG-ONB4 251633007573A"} -index 0
stop
ps7_init
ps7_post_config
targets -set -nocase -filter {name =~ "ARM*#0" && jtag_cable_name =~ "JTAG-ONB4 251633007573A"} -index 0
rst -processor
targets -set -nocase -filter {name =~ "ARM*#0" && jtag_cable_name =~ "JTAG-ONB4 251633007573A"} -index 0
dow C:/Users/schumae/Desktop/EE365/Lab4/Vivado_Encoder_Lab4.sdk/HelloWorld/Debug/HelloWorld.elf
configparams force-mem-access 0
----------------End of Script----------------

20:17:50 INFO  : Memory regions updated for context APU
20:17:50 INFO  : Context for processor 'ps7_cortexa9_0' is selected.
20:17:50 INFO  : 'con' command is executed.
20:17:50 INFO  : ----------------XSDB Script (After Launch)----------------
targets -set -nocase -filter {name =~ "ARM*#0" && jtag_cable_name =~ "JTAG-ONB4 251633007573A"} -index 0
con
----------------End of Script----------------

20:17:50 INFO  : Launch script is exported to file 'C:\Users\schumae\Desktop\EE365\Lab4\Vivado_Encoder_Lab4.sdk\.sdk\launch_scripts\xilinx_c-c++_application_(system_debugger)\system_debugger_using_debug_helloworld.elf_on_local.tcl'
21:44:53 INFO  : Disconnected from the channel tcfchan#1.
