#-----------------------------------------------------------
# Vivado v2019.1 (64-bit)
# SW Build 2552052 on Fri May 24 14:49:42 MDT 2019
# IP Build 2548770 on Fri May 24 18:01:18 MDT 2019
# Start of session at: Sat Nov 12 03:33:28 2022
# Process ID: 20040
# Current directory: D:/school/sem7/EE365/lab5_fresh
# Command line: vivado.exe -gui_launcher_event rodinguilauncherevent6520 D:\school\sem7\EE365\lab5_fresh\lab5_fresh.xpr
# Log file: D:/school/sem7/EE365/lab5_fresh/vivado.log
# Journal file: D:/school/sem7/EE365/lab5_fresh\vivado.jou
#-----------------------------------------------------------
start_gui
open_project D:/school/sem7/EE365/lab5_fresh/lab5_fresh.xpr
Scanning sources...
Finished scanning sources
INFO: [IP_Flow 19-234] Refreshing IP repositories
INFO: [IP_Flow 19-1704] No user IP repositories specified
INFO: [IP_Flow 19-2313] Loaded Vivado IP repository 'C:/Xilinx/Vivado/2019.1/data/ip'.
open_project: Time (s): cpu = 00:00:14 ; elapsed = 00:00:07 . Memory (MB): peak = 721.418 ; gain = 98.660
update_compile_order -fileset sources_1
update_module_reference design_1_lab5_0_0
INFO: [IP_Flow 19-234] Refreshing IP repositories
INFO: [IP_Flow 19-1704] No user IP repositories specified
Adding component instance block -- xilinx.com:ip:processing_system7:5.5 - processing_system7_0
Adding component instance block -- xilinx.com:module_ref:lab5:1.0 - lab5_0
WARNING: [BD 41-1731] Type mismatch between connected pins: /processing_system7_0/FCLK_CLK0(clk) and /lab5_0/iCLK(undef)
Successfully read diagram <design_1> from BD file <D:/school/sem7/EE365/lab5_fresh/lab5_fresh.srcs/sources_1/bd/design_1/design_1.bd>
Upgrading 'D:/school/sem7/EE365/lab5_fresh/lab5_fresh.srcs/sources_1/bd/design_1/design_1.bd'
INFO: [IP_Flow 19-3420] Updated design_1_lab5_0_0 to use current project options
WARNING: [BD 41-1731] Type mismatch between connected pins: /processing_system7_0/FCLK_CLK0(clk) and /lab5_0_upgraded_ipi/iCLK(undef)
Wrote  : <D:\school\sem7\EE365\lab5_fresh\lab5_fresh.srcs\sources_1\bd\design_1\design_1.bd> 
Wrote  : <D:/school/sem7/EE365/lab5_fresh/lab5_fresh.srcs/sources_1/bd/design_1/ui/bd_1f5defd0.ui> 
upgrade_ip: Time (s): cpu = 00:00:07 ; elapsed = 00:00:06 . Memory (MB): peak = 839.406 ; gain = 41.883
update_module_reference: Time (s): cpu = 00:00:08 ; elapsed = 00:00:15 . Memory (MB): peak = 839.406 ; gain = 41.883
generate_target Simulation [get_files D:/school/sem7/EE365/lab5_fresh/lab5_fresh.srcs/sources_1/bd/design_1/design_1.bd]
Wrote  : <D:\school\sem7\EE365\lab5_fresh\lab5_fresh.srcs\sources_1\bd\design_1\design_1.bd> 
VHDL Output written to : D:/school/sem7/EE365/lab5_fresh/lab5_fresh.srcs/sources_1/bd/design_1/synth/design_1.vhd
VHDL Output written to : D:/school/sem7/EE365/lab5_fresh/lab5_fresh.srcs/sources_1/bd/design_1/sim/design_1.vhd
VHDL Output written to : D:/school/sem7/EE365/lab5_fresh/lab5_fresh.srcs/sources_1/bd/design_1/hdl/design_1_wrapper.vhd
INFO: [BD 41-1029] Generation completed for the IP Integrator block processing_system7_0 .
INFO: [BD 41-1029] Generation completed for the IP Integrator block lab5_0 .
Exporting to file D:/school/sem7/EE365/lab5_fresh/lab5_fresh.srcs/sources_1/bd/design_1/hw_handoff/design_1.hwh
Generated Block Design Tcl file D:/school/sem7/EE365/lab5_fresh/lab5_fresh.srcs/sources_1/bd/design_1/hw_handoff/design_1_bd.tcl
Generated Hardware Definition File D:/school/sem7/EE365/lab5_fresh/lab5_fresh.srcs/sources_1/bd/design_1/synth/design_1.hwdef
export_ip_user_files -of_objects [get_files D:/school/sem7/EE365/lab5_fresh/lab5_fresh.srcs/sources_1/bd/design_1/design_1.bd] -no_script -sync -force -quiet
export_simulation -of_objects [get_files D:/school/sem7/EE365/lab5_fresh/lab5_fresh.srcs/sources_1/bd/design_1/design_1.bd] -directory D:/school/sem7/EE365/lab5_fresh/lab5_fresh.ip_user_files/sim_scripts -ip_user_files_dir D:/school/sem7/EE365/lab5_fresh/lab5_fresh.ip_user_files -ipstatic_source_dir D:/school/sem7/EE365/lab5_fresh/lab5_fresh.ip_user_files/ipstatic -lib_map_path [list {modelsim=D:/school/sem7/EE365/lab5_fresh/lab5_fresh.cache/compile_simlib/modelsim} {questa=D:/school/sem7/EE365/lab5_fresh/lab5_fresh.cache/compile_simlib/questa} {riviera=D:/school/sem7/EE365/lab5_fresh/lab5_fresh.cache/compile_simlib/riviera} {activehdl=D:/school/sem7/EE365/lab5_fresh/lab5_fresh.cache/compile_simlib/activehdl}] -use_ip_compiled_libs -force -quiet
launch_simulation
INFO: [Vivado 12-5682] Launching behavioral simulation in 'D:/school/sem7/EE365/lab5_fresh/lab5_fresh.sim/sim_1/behav/xsim'
INFO: [Vivado 12-4795] Using compiled simulation libraries for IPs
INFO: [SIM-utils-51] Simulation object is 'sim_1'
INFO: [USF-XSim-7] Finding pre-compiled libraries...
INFO: [USF-XSim-11] File 'C:/Xilinx/Vivado/2019.1/data/xsim/xsim.ini' copied to run dir:'D:/school/sem7/EE365/lab5_fresh/lab5_fresh.sim/sim_1/behav/xsim'
INFO: [SIM-utils-54] Inspecting design source files for 'design_1_wrapper' in fileset 'sim_1'...
INFO: [USF-XSim-97] Finding global include files...
INFO: [USF-XSim-98] Fetching design files from 'sim_1'...
INFO: [USF-XSim-2] XSim::Compile design
INFO: [USF-XSim-61] Executing 'COMPILE and ANALYZE' step in 'D:/school/sem7/EE365/lab5_fresh/lab5_fresh.sim/sim_1/behav/xsim'
"xvlog --incr --relax -L axi_vip_v1_1_5 -L processing_system7_vip_v1_0_7 -L xilinx_vip -prj design_1_wrapper_vlog.prj"
"xvhdl --incr --relax -prj design_1_wrapper_vhdl.prj"
INFO: [VRFC 10-163] Analyzing VHDL file "D:/school/sem7/EE365/lab5_fresh/clk_enabler.vhd" into library xil_defaultlib
INFO: [VRFC 10-3107] analyzing entity 'clk_enabler'
INFO: [VRFC 10-163] Analyzing VHDL file "D:/school/sem7/EE365/lab5_fresh/lab5.vhd" into library xil_defaultlib
INFO: [VRFC 10-3107] analyzing entity 'lab5'
INFO: [VRFC 10-163] Analyzing VHDL file "D:/school/sem7/EE365/lab5_fresh/lab5_fresh.ip_user_files/bd/design_1/ip/design_1_lab5_0_0_1/sim/design_1_lab5_0_0.vhd" into library xil_defaultlib
INFO: [VRFC 10-3107] analyzing entity 'design_1_lab5_0_0'
INFO: [VRFC 10-163] Analyzing VHDL file "D:/school/sem7/EE365/lab5_fresh/lab5_fresh.ip_user_files/bd/design_1/sim/design_1.vhd" into library xil_defaultlib
INFO: [VRFC 10-3107] analyzing entity 'design_1'
INFO: [VRFC 10-163] Analyzing VHDL file "D:/school/sem7/EE365/lab5_fresh/lab5_fresh.srcs/sources_1/bd/design_1/hdl/design_1_wrapper.vhd" into library xil_defaultlib
INFO: [VRFC 10-3107] analyzing entity 'design_1_wrapper'
INFO: [USF-XSim-69] 'compile' step finished in '4' seconds
INFO: [USF-XSim-3] XSim::Elaborate design
INFO: [USF-XSim-61] Executing 'ELABORATE' step in 'D:/school/sem7/EE365/lab5_fresh/lab5_fresh.sim/sim_1/behav/xsim'
"xelab -wto 121e9139d4874ad996190e20d7f7f85b --incr --debug typical --relax --mt 2 -L xil_defaultlib -L axi_infrastructure_v1_1_0 -L axi_vip_v1_1_5 -L processing_system7_vip_v1_0_7 -L xilinx_vip -L unisims_ver -L unimacro_ver -L secureip -L xpm --snapshot design_1_wrapper_behav xil_defaultlib.design_1_wrapper xil_defaultlib.glbl -log elaborate.log"
Vivado Simulator 2019.1
Copyright 1986-1999, 2001-2019 Xilinx, Inc. All Rights Reserved.
Running: C:/Xilinx/Vivado/2019.1/bin/unwrapped/win64.o/xelab.exe -wto 121e9139d4874ad996190e20d7f7f85b --incr --debug typical --relax --mt 2 -L xil_defaultlib -L axi_infrastructure_v1_1_0 -L axi_vip_v1_1_5 -L processing_system7_vip_v1_0_7 -L xilinx_vip -L unisims_ver -L unimacro_ver -L secureip -L xpm --snapshot design_1_wrapper_behav xil_defaultlib.design_1_wrapper xil_defaultlib.glbl -log elaborate.log 
Using 2 slave threads.
Starting static elaboration
WARNING: [VRFC 10-3091] actual bit length 128 differs from formal bit length 64 for port 'WR_DATA_STRB' [/proj/xbuilds/2019.1_0524_1430/infra/XSIM/lin/.cxl.ip/incl/processing_system7_vip_v1_0_7_axi_gp.v:208]
WARNING: [VRFC 10-3091] actual bit length 12 differs from formal bit length 6 for port 'm_axi_bid' [/wrk/2019.1/continuous/2019_05_24_2552052/packages/customer/vivado/data/ip/xilinx/processing_system7_vip_v1_0/hdl/processing_system7_vip_v1_0_vl_rfs.sv:5496]
WARNING: [VRFC 10-3091] actual bit length 12 differs from formal bit length 6 for port 'm_axi_rid' [/wrk/2019.1/continuous/2019_05_24_2552052/packages/customer/vivado/data/ip/xilinx/processing_system7_vip_v1_0/hdl/processing_system7_vip_v1_0_vl_rfs.sv:5514]
WARNING: [VRFC 10-3091] actual bit length 128 differs from formal bit length 64 for port 'WR_DATA_STRB' [/proj/xbuilds/2019.1_0524_1430/infra/XSIM/lin/.cxl.ip/incl/processing_system7_vip_v1_0_7_axi_gp.v:292]
WARNING: [VRFC 10-3091] actual bit length 8 differs from formal bit length 9 for port 'WR_BYTES' [/proj/xbuilds/2019.1_0524_1430/infra/XSIM/lin/.cxl.ip/incl/processing_system7_vip_v1_0_7_axi_hp.v:80]
WARNING: [VRFC 10-3091] actual bit length 8 differs from formal bit length 9 for port 'RD_BYTES' [/proj/xbuilds/2019.1_0524_1430/infra/XSIM/lin/.cxl.ip/incl/processing_system7_vip_v1_0_7_axi_hp.v:89]
WARNING: [VRFC 10-3091] actual bit length 12 differs from formal bit length 6 for port 'm_axi_bid' [/wrk/2019.1/continuous/2019_05_24_2552052/packages/customer/vivado/data/ip/xilinx/processing_system7_vip_v1_0/hdl/processing_system7_vip_v1_0_vl_rfs.sv:10203]
WARNING: [VRFC 10-3091] actual bit length 12 differs from formal bit length 6 for port 'm_axi_rid' [/wrk/2019.1/continuous/2019_05_24_2552052/packages/customer/vivado/data/ip/xilinx/processing_system7_vip_v1_0/hdl/processing_system7_vip_v1_0_vl_rfs.sv:10221]
WARNING: [VRFC 10-3091] actual bit length 32 differs from formal bit length 64 for port 'm_axi_rdata' [/wrk/2019.1/continuous/2019_05_24_2552052/packages/customer/vivado/data/ip/xilinx/processing_system7_vip_v1_0/hdl/processing_system7_vip_v1_0_vl_rfs.sv:10222]
WARNING: [VRFC 10-3091] actual bit length 8 differs from formal bit length 9 for port 'WR_BYTES' [/proj/xbuilds/2019.1_0524_1430/infra/XSIM/lin/.cxl.ip/incl/processing_system7_vip_v1_0_7_axi_hp.v:165]
WARNING: [VRFC 10-3091] actual bit length 8 differs from formal bit length 9 for port 'RD_BYTES' [/proj/xbuilds/2019.1_0524_1430/infra/XSIM/lin/.cxl.ip/incl/processing_system7_vip_v1_0_7_axi_hp.v:174]
WARNING: [VRFC 10-3091] actual bit length 8 differs from formal bit length 9 for port 'WR_BYTES' [/proj/xbuilds/2019.1_0524_1430/infra/XSIM/lin/.cxl.ip/incl/processing_system7_vip_v1_0_7_axi_hp.v:251]
WARNING: [VRFC 10-3091] actual bit length 8 differs from formal bit length 9 for port 'RD_BYTES' [/proj/xbuilds/2019.1_0524_1430/infra/XSIM/lin/.cxl.ip/incl/processing_system7_vip_v1_0_7_axi_hp.v:260]
WARNING: [VRFC 10-3091] actual bit length 8 differs from formal bit length 9 for port 'WR_BYTES' [/proj/xbuilds/2019.1_0524_1430/infra/XSIM/lin/.cxl.ip/incl/processing_system7_vip_v1_0_7_axi_hp.v:337]
WARNING: [VRFC 10-3091] actual bit length 8 differs from formal bit length 9 for port 'RD_BYTES' [/proj/xbuilds/2019.1_0524_1430/infra/XSIM/lin/.cxl.ip/incl/processing_system7_vip_v1_0_7_axi_hp.v:346]
WARNING: [VRFC 10-3091] actual bit length 12 differs from formal bit length 3 for port 'm_axi_bid' [/wrk/2019.1/continuous/2019_05_24_2552052/packages/customer/vivado/data/ip/xilinx/processing_system7_vip_v1_0/hdl/processing_system7_vip_v1_0_vl_rfs.sv:7107]
WARNING: [VRFC 10-3091] actual bit length 12 differs from formal bit length 3 for port 'm_axi_rid' [/wrk/2019.1/continuous/2019_05_24_2552052/packages/customer/vivado/data/ip/xilinx/processing_system7_vip_v1_0/hdl/processing_system7_vip_v1_0_vl_rfs.sv:7125]
WARNING: [VRFC 10-3091] actual bit length 32 differs from formal bit length 64 for port 'm_axi_rdata' [/wrk/2019.1/continuous/2019_05_24_2552052/packages/customer/vivado/data/ip/xilinx/processing_system7_vip_v1_0/hdl/processing_system7_vip_v1_0_vl_rfs.sv:7126]
WARNING: [VRFC 10-3027] 'ocm_wr_strb_port0' was previously declared with a different range [/wrk/2019.1/continuous/2019_05_24_2552052/packages/customer/vivado/data/ip/xilinx/processing_system7_vip_v1_0/hdl/processing_system7_vip_v1_0_vl_rfs.sv:3759]
WARNING: [VRFC 10-3283] element index 64 into 'wrp_strb' is out of bounds [/wrk/2019.1/continuous/2019_05_24_2552052/packages/customer/vivado/data/ip/xilinx/processing_system7_vip_v1_0/hdl/processing_system7_vip_v1_0_vl_rfs.sv:6084]
WARNING: [VRFC 10-3283] element index 128 into 'wrp_strb' is out of bounds [/wrk/2019.1/continuous/2019_05_24_2552052/packages/customer/vivado/data/ip/xilinx/processing_system7_vip_v1_0/hdl/processing_system7_vip_v1_0_vl_rfs.sv:10844]
WARNING: [VRFC 10-3283] element index 128 into 'wrp_strb' is out of bounds [/wrk/2019.1/continuous/2019_05_24_2552052/packages/customer/vivado/data/ip/xilinx/processing_system7_vip_v1_0/hdl/processing_system7_vip_v1_0_vl_rfs.sv:7722]
WARNING: [VRFC 10-3705] select index 4 into 'wr_fifo_rd_ptr' is out of bounds [/wrk/2019.1/continuous/2019_05_24_2552052/packages/customer/vivado/data/ip/xilinx/processing_system7_vip_v1_0/hdl/processing_system7_vip_v1_0_vl_rfs.sv:7935]
WARNING: [VRFC 10-3705] select index 4 into 'ar_cnt' is out of bounds [/wrk/2019.1/continuous/2019_05_24_2552052/packages/customer/vivado/data/ip/xilinx/processing_system7_vip_v1_0/hdl/processing_system7_vip_v1_0_vl_rfs.sv:8074]
WARNING: [VRFC 10-3705] select index 4 into 'wr_rresp_cnt' is out of bounds [/wrk/2019.1/continuous/2019_05_24_2552052/packages/customer/vivado/data/ip/xilinx/processing_system7_vip_v1_0/hdl/processing_system7_vip_v1_0_vl_rfs.sv:8171]
WARNING: [VRFC 10-3705] select index 4 into 'rd_fifo_wr_ptr' is out of bounds [/wrk/2019.1/continuous/2019_05_24_2552052/packages/customer/vivado/data/ip/xilinx/processing_system7_vip_v1_0/hdl/processing_system7_vip_v1_0_vl_rfs.sv:8190]
WARNING: [VRFC 10-3705] select index 4 into 'rd_cnt' is out of bounds [/wrk/2019.1/continuous/2019_05_24_2552052/packages/customer/vivado/data/ip/xilinx/processing_system7_vip_v1_0/hdl/processing_system7_vip_v1_0_vl_rfs.sv:8331]
WARNING: [VRFC 10-3705] select index 4 into 'rresp_time_cnt' is out of bounds [/wrk/2019.1/continuous/2019_05_24_2552052/packages/customer/vivado/data/ip/xilinx/processing_system7_vip_v1_0/hdl/processing_system7_vip_v1_0_vl_rfs.sv:8336]
WARNING: [VRFC 10-3705] select index 4 into 'rd_fifo_rd_ptr' is out of bounds [/wrk/2019.1/continuous/2019_05_24_2552052/packages/customer/vivado/data/ip/xilinx/processing_system7_vip_v1_0/hdl/processing_system7_vip_v1_0_vl_rfs.sv:8341]
Completed static elaboration
Starting simulation data flow analysis
Completed simulation data flow analysis
Time Resolution for simulation is 1ps
Compiling package std.standard
Compiling package std.textio
Compiling package ieee.std_logic_1164
Compiling package ieee.numeric_std
Compiling package unisim.vcomponents
Compiling package ieee.std_logic_arith
Compiling package ieee.std_logic_unsigned
Compiling package vl.vl_types
Compiling module xil_defaultlib.glbl
Compiling architecture behv of entity xil_defaultlib.clk_enabler [\clk_enabler(cnt_max=49999999)\]
Compiling architecture arch of entity xil_defaultlib.Reset_Delay [reset_delay_default]
Compiling architecture arch of entity xil_defaultlib.univ_bin_counter [univ_bin_counter_default]
Compiling architecture behavioral of entity xil_defaultlib.btn_debounce_toggle [btn_debounce_toggle_default]
Compiling architecture behavioral of entity xil_defaultlib.LUT [lut_default]
Compiling architecture state_machine of entity xil_defaultlib.TTL_serial [ttl_serial_default]
Compiling architecture user_logic of entity xil_defaultlib.TTL_Serial_user_logic [ttl_serial_user_logic_default]
Compiling architecture state_machine of entity xil_defaultlib.SPI_master [spi_master_default]
Compiling architecture user_logic of entity xil_defaultlib.TTL_SPI_user_logic [ttl_spi_user_logic_default]
Compiling architecture structural of entity xil_defaultlib.lab5 [lab5_default]
Compiling architecture design_1_lab5_0_0_arch of entity xil_defaultlib.design_1_lab5_0_0 [design_1_lab5_0_0_default]
Compiling module processing_system7_vip_v1_0_7.processing_system7_vip_v1_0_7_ge...
Compiling module processing_system7_vip_v1_0_7.processing_system7_vip_v1_0_7_ge...
Compiling module processing_system7_vip_v1_0_7.processing_system7_vip_v1_0_7_ar...
Compiling module processing_system7_vip_v1_0_7.processing_system7_vip_v1_0_7_ar...
Compiling module processing_system7_vip_v1_0_7.processing_system7_vip_v1_0_7_fm...
Compiling module processing_system7_vip_v1_0_7.processing_system7_vip_v1_0_7_ar...
Compiling module processing_system7_vip_v1_0_7.processing_system7_vip_v1_0_7_ar...
Compiling module processing_system7_vip_v1_0_7.processing_system7_vip_v1_0_7_ar...
Compiling module processing_system7_vip_v1_0_7.processing_system7_vip_v1_0_7_ar...
Compiling module processing_system7_vip_v1_0_7.processing_system7_vip_v1_0_7_ss...
Compiling module processing_system7_vip_v1_0_7.processing_system7_vip_v1_0_7_in...
Compiling module processing_system7_vip_v1_0_7.processing_system7_vip_v1_0_7_sp...
Compiling module processing_system7_vip_v1_0_7.processing_system7_vip_v1_0_7_dd...
Compiling module processing_system7_vip_v1_0_7.processing_system7_vip_v1_0_7_oc...
Compiling module processing_system7_vip_v1_0_7.processing_system7_vip_v1_0_7_oc...
Compiling module processing_system7_vip_v1_0_7.processing_system7_vip_v1_0_7_re...
Compiling module processing_system7_vip_v1_0_7.processing_system7_vip_v1_0_7_re...
Compiling module xilinx_vip.axi_vip_axi4pc(WDATA_WIDTH=32,RD...
Compiling module xilinx_vip.cb
Compiling module xilinx_vip.axi_vip_if(C_AXI_PROTOCOL=1,C_AX...
Compiling module axi_vip_v1_1_5.axi_vip_v1_1_5_top(C_AXI_PROTOCO...
Compiling module processing_system7_vip_v1_0_7.processing_system7_vip_v1_0_7_ax...
Compiling module processing_system7_vip_v1_0_7.processing_system7_vip_v1_0_7_ax...
Compiling module xilinx_vip.axi_vip_axi4pc(WDATA_WIDTH=32,RD...
Compiling module xilinx_vip.cb
Compiling module xilinx_vip.axi_vip_if(C_AXI_PROTOCOL=1,C_AX...
Compiling module axi_vip_v1_1_5.axi_vip_v1_1_5_top(C_AXI_PROTOCO...
Compiling module processing_system7_vip_v1_0_7.processing_system7_vip_v1_0_7_ax...
Compiling module processing_system7_vip_v1_0_7.processing_system7_vip_v1_0_7_ax...
Compiling module xilinx_vip.axi_vip_axi4pc(PROTOCOL=1,RID_WI...
Compiling module xilinx_vip.cb
Compiling module xilinx_vip.axi_vip_if(C_AXI_PROTOCOL=1,C_AX...
Compiling module axi_vip_v1_1_5.axi_vip_v1_1_5_top(C_AXI_PROTOCO...
Compiling module processing_system7_vip_v1_0_7.processing_system7_vip_v1_0_7_in...
Compiling module processing_system7_vip_v1_0_7.processing_system7_vip_v1_0_7_af...
Compiling module processing_system7_vip_v1_0_7.processing_system7_vip_v1_0_7_af...
Compiling module processing_system7_vip_v1_0_7.processing_system7_vip_v1_0_7_af...
Compiling module processing_system7_vip_v1_0_7.processing_system7_vip_v1_0_7_af...
Compiling module xilinx_vip.axi_vip_axi4pc(PROTOCOL=1,RID_WI...
Compiling module xilinx_vip.cb
Compiling module xilinx_vip.axi_vip_if(C_AXI_PROTOCOL=1,C_AX...
Compiling module axi_vip_v1_1_5.axi_vip_v1_1_5_top(C_AXI_PROTOCO...
Compiling module processing_system7_vip_v1_0_7.processing_system7_vip_v1_0_7_ax...
Compiling module processing_system7_vip_v1_0_7.processing_system7_vip_v1_0_7(C_...
Compiling module xil_defaultlib.design_1_processing_system7_0_0
Compiling package xilinx_vip.axi_vip_pkg
Compiling package xilinx_vip.xil_common_vip_pkg
Compiling package std.std
Compiling architecture structure of entity xil_defaultlib.design_1 [design_1_default]
Compiling architecture structure of entity xil_defaultlib.design_1_wrapper
Built simulation snapshot design_1_wrapper_behav
run_program: Time (s): cpu = 00:00:00 ; elapsed = 00:00:27 . Memory (MB): peak = 976.734 ; gain = 0.000
INFO: [USF-XSim-69] 'elaborate' step finished in '27' seconds
INFO: [USF-XSim-4] XSim::Simulate design
INFO: [USF-XSim-61] Executing 'SIMULATE' step in 'D:/school/sem7/EE365/lab5_fresh/lab5_fresh.sim/sim_1/behav/xsim'
INFO: [USF-XSim-98] *** Running xsim
   with args "design_1_wrapper_behav -key {Behavioral:sim_1:Functional:design_1_wrapper} -tclbatch {design_1_wrapper.tcl} -protoinst "protoinst_files/design_1.protoinst" -view {D:/school/sem7/EE365/lab5_fresh/design_1_wrapper_behav.wcfg} -log {simulate.log}"
INFO: [USF-XSim-8] Loading simulator feature
Vivado Simulator 2019.1
INFO: [Wavedata 42-565] Reading protoinst file protoinst_files/design_1.protoinst
Time resolution is 1 ps
open_wave_config D:/school/sem7/EE365/lab5_fresh/design_1_wrapper_behav.wcfg
source design_1_wrapper.tcl
# set curr_wave [current_wave_config]
# if { [string length $curr_wave] == 0 } {
#   if { [llength [get_objects]] > 0} {
#     add_wave /
#     set_property needs_save false [current_wave_config]
#   } else {
#      send_msg_id Add_Wave-1 WARNING "No top level signals found. Simulator will start without a wave window. If you want to open a wave window go to 'File->New Waveform Configuration' or type 'create_wave_config' in the TCL console."
#   }
# }
# run 1000ns
XilinxAXIVIP: Found at Path: design_1_wrapper.design_1_i.processing_system7_0.inst.M_AXI_GP0.master
[0] : *ZYNQ_VIP_INFO : M_AXI_GP0 : Port is DISABLED.
XilinxAXIVIP: Found at Path: design_1_wrapper.design_1_i.processing_system7_0.inst.M_AXI_GP1.master
[0] : *ZYNQ_VIP_INFO : M_AXI_GP1 : Port is DISABLED.
XilinxAXIVIP: Found at Path: design_1_wrapper.design_1_i.processing_system7_0.inst.S_AXI_GP0.slave
[0] : *ZYNQ_VIP_INFO : S_AXI_GP0 : Port is DISABLED.
XilinxAXIVIP: Found at Path: design_1_wrapper.design_1_i.processing_system7_0.inst.S_AXI_GP1.slave
[0] : *ZYNQ_VIP_INFO : S_AXI_GP1 : Port is DISABLED.
XilinxAXIVIP: Found at Path: design_1_wrapper.design_1_i.processing_system7_0.inst.S_AXI_HP0.slave
[0] : *ZYNQ_VIP_INFO : S_AXI_HP0 : Port is DISABLED.
                   0 BEFORE checking line ...... x
                   0 AFTER checking line ...... x
XilinxAXIVIP: Found at Path: design_1_wrapper.design_1_i.processing_system7_0.inst.S_AXI_HP1.slave
[0] : *ZYNQ_VIP_INFO : S_AXI_HP1 : Port is DISABLED.
                   0 BEFORE checking line ...... x
                   0 AFTER checking line ...... x
XilinxAXIVIP: Found at Path: design_1_wrapper.design_1_i.processing_system7_0.inst.S_AXI_HP2.slave
[0] : *ZYNQ_VIP_INFO : S_AXI_HP2 : Port is DISABLED.
                   0 BEFORE checking line ...... x
                   0 AFTER checking line ...... x
XilinxAXIVIP: Found at Path: design_1_wrapper.design_1_i.processing_system7_0.inst.S_AXI_HP3.slave
[0] : *ZYNQ_VIP_INFO : S_AXI_HP3 : Port is DISABLED.
                   0 BEFORE checking line ...... x
                   0 AFTER checking line ...... x
XilinxAXIVIP: Found at Path: design_1_wrapper.design_1_i.processing_system7_0.inst.S_AXI_ACP.slave
[0] : *ZYNQ_VIP_INFO : S_AXI_ACP : Port is DISABLED.
                   0 else checking line ......x
xsim: Time (s): cpu = 00:00:07 ; elapsed = 00:00:07 . Memory (MB): peak = 1011.859 ; gain = 35.125
INFO: [USF-XSim-96] XSim completed. Design snapshot 'design_1_wrapper_behav' loaded.
INFO: [USF-XSim-97] XSim simulation ran for 1000ns
launch_simulation: Time (s): cpu = 00:00:10 ; elapsed = 00:00:55 . Memory (MB): peak = 1011.859 ; gain = 35.125
add_force {/design_1_wrapper/design_1_i/lab5_0/BTN_0} -radix hex {1 0ns}
remove_forces { {/design_1_wrapper/design_1_i/lab5_0/BTN_0} }
add_force {/design_1_wrapper/design_1_i/lab5_0/BTN_0} -radix bin {1 0ns}
add_force {/design_1_wrapper/design_1_i/lab5_0/BTN_1} -radix bin {1 0ns}
add_force {/design_1_wrapper/design_1_i/lab5_0/BTN_2} -radix bin {1 0ns}
save_wave_config {D:/school/sem7/EE365/lab5_fresh/design_1_wrapper_behav.wcfg}
restart
INFO: [Simtcl 6-17] Simulation restarted
run 60 ns
XilinxAXIVIP: Found at Path: design_1_wrapper.design_1_i.processing_system7_0.inst.M_AXI_GP0.master
[0] : *ZYNQ_VIP_INFO : M_AXI_GP0 : Port is DISABLED.
XilinxAXIVIP: Found at Path: design_1_wrapper.design_1_i.processing_system7_0.inst.M_AXI_GP1.master
[0] : *ZYNQ_VIP_INFO : M_AXI_GP1 : Port is DISABLED.
XilinxAXIVIP: Found at Path: design_1_wrapper.design_1_i.processing_system7_0.inst.S_AXI_GP0.slave
[0] : *ZYNQ_VIP_INFO : S_AXI_GP0 : Port is DISABLED.
XilinxAXIVIP: Found at Path: design_1_wrapper.design_1_i.processing_system7_0.inst.S_AXI_GP1.slave
[0] : *ZYNQ_VIP_INFO : S_AXI_GP1 : Port is DISABLED.
XilinxAXIVIP: Found at Path: design_1_wrapper.design_1_i.processing_system7_0.inst.S_AXI_HP0.slave
[0] : *ZYNQ_VIP_INFO : S_AXI_HP0 : Port is DISABLED.
                   0 BEFORE checking line ...... x
                   0 AFTER checking line ...... x
XilinxAXIVIP: Found at Path: design_1_wrapper.design_1_i.processing_system7_0.inst.S_AXI_HP1.slave
[0] : *ZYNQ_VIP_INFO : S_AXI_HP1 : Port is DISABLED.
                   0 BEFORE checking line ...... x
                   0 AFTER checking line ...... x
XilinxAXIVIP: Found at Path: design_1_wrapper.design_1_i.processing_system7_0.inst.S_AXI_HP2.slave
[0] : *ZYNQ_VIP_INFO : S_AXI_HP2 : Port is DISABLED.
                   0 BEFORE checking line ...... x
                   0 AFTER checking line ...... x
XilinxAXIVIP: Found at Path: design_1_wrapper.design_1_i.processing_system7_0.inst.S_AXI_HP3.slave
[0] : *ZYNQ_VIP_INFO : S_AXI_HP3 : Port is DISABLED.
                   0 BEFORE checking line ...... x
                   0 AFTER checking line ...... x
XilinxAXIVIP: Found at Path: design_1_wrapper.design_1_i.processing_system7_0.inst.S_AXI_ACP.slave
[0] : *ZYNQ_VIP_INFO : S_AXI_ACP : Port is DISABLED.
                   0 else checking line ......x
run 60 ns
run 60 ns
run 60 ns
run 60 ns
run 60 ns
run 60 ns
run 60 ns
run 60 ns
run 60 ns
run 60 ns
run 60 ns
run 60 ns
run 60 ns
run 60 ns
run 60 ns
run 60 ns
run 60 ns
run 60 ns
run 60 ns
run 60 ns
run 60 ns
run 60 ns
run 60 ns
run 60 ns
run 60 ns
run 60 ns
run 60 ns
run 60 ns
run 60 ns
run 60 ns
run 60 ns
run 60 ns
run 60 ns
run 60 ns
run 60 ns
run 60 ns
add_force {/design_1_wrapper/design_1_i/lab5_0/U0/Inst_univ_bin_counter/reset} -radix bin {1 0ns}
run 60 ns
run 60 ns
run 60 ns
run 60 ns
run 60 ns
run 60 ns
run 60 ns
run 60 ns
run 60 ns
run 60 ns
run 60 ns
run 60 ns
run 60 ns
run 60 ns
run 60 ns
run 60 ns
run 60 ns
run 60 ns
run 60 ns
run 60 ns
run 60 ns
run 60 ns
run 60 ns
run 60 ns
run 60 ns
run 60 ns
add_force {/design_1_wrapper/design_1_i/lab5_0/U0/Inst_clk_enable/clk_cnt} -radix bin {49999998 0ns}
ERROR: [Simtcl 6-179] Couldn't add force for the following reason: Illegal value '49999998': Character '4' is not a legal binary literal.
add_force {/design_1_wrapper/design_1_i/lab5_0/U0/Inst_clk_enable/clk_cnt} -radix unsigned {49999998 0ns}
run 60 ns
run 60 ns
run 60 ns
run 60 ns
run 60 ns
add_force {/design_1_wrapper/design_1_i/lab5_0/U0/Inst_clk_enable/clk_cnt} -radix hex {4999999999 0ns}
ERROR: [Simtcl 6-179] Couldn't add force for the following reason: Illegal value '4999999999': Object size 32 does not match size of given value 4999999999.
add_force {/design_1_wrapper/design_1_i/lab5_0/U0/Inst_clk_enable/clk_cnt} -radix unsigned {4999999999 0ns}
ERROR: [Simtcl 6-179] Couldn't add force for the following reason: Illegal value '4999999999': The decimal value '4999999999' is bigger than the object size of 32 bits.
add_force {/design_1_wrapper/design_1_i/lab5_0/U0/Inst_clk_enable/clk_cnt} -radix unsigned {49999999 0ns}
run 60 ns
run 60 ns
run 60 ns
run 60 ns
run 60 ns
run 60 ns
run 60 ns
run 60 ns
run 60 ns
run 60 ns
run 60 ns
run 60 ns
run 60 ns
run 60 ns
run 60 ns
run 60 ns
run 60 ns
run 60 ns
run 60 ns
run 60 ns
run 60 ns
run 60 ns
run 60 ns
run 60 ns
run 60 ns
run 60 ns
run 60 ns
run 60 ns
run 60 ns
run 60 ns
run 60 ns
run 60 ns
run 60 ns
run 60 ns
run 60 ns
run 60 ns
run 60 ns
add_force {/design_1_wrapper/design_1_i/lab5_0/U0/Inst_univ_bin_counter/syn_clr} -radix bin {1 0ns}
add_force {/design_1_wrapper/design_1_i/lab5_0/U0/Inst_univ_bin_counter/reset} -radix bin {0 0ns}
run 60 ns
run 60 ns
run 60 ns
run 60 ns
run 60 ns
run 60 ns
run 60 ns
run 60 ns
run 60 ns
run 60 ns
run 60 ns
run 60 ns
run 60 ns
run 60 ns
run 60 ns
run 60 ns
run 60 ns
run 60 ns
run 60 ns
run 60 ns
run 60 ns
run 60 ns
run 60 ns
run 60 ns
run 60 ns
run 60 ns
restart
INFO: [Simtcl 6-17] Simulation restarted
run 60 ns
XilinxAXIVIP: Found at Path: design_1_wrapper.design_1_i.processing_system7_0.inst.M_AXI_GP0.master
[0] : *ZYNQ_VIP_INFO : M_AXI_GP0 : Port is DISABLED.
XilinxAXIVIP: Found at Path: design_1_wrapper.design_1_i.processing_system7_0.inst.M_AXI_GP1.master
[0] : *ZYNQ_VIP_INFO : M_AXI_GP1 : Port is DISABLED.
XilinxAXIVIP: Found at Path: design_1_wrapper.design_1_i.processing_system7_0.inst.S_AXI_GP0.slave
[0] : *ZYNQ_VIP_INFO : S_AXI_GP0 : Port is DISABLED.
XilinxAXIVIP: Found at Path: design_1_wrapper.design_1_i.processing_system7_0.inst.S_AXI_GP1.slave
[0] : *ZYNQ_VIP_INFO : S_AXI_GP1 : Port is DISABLED.
XilinxAXIVIP: Found at Path: design_1_wrapper.design_1_i.processing_system7_0.inst.S_AXI_HP0.slave
[0] : *ZYNQ_VIP_INFO : S_AXI_HP0 : Port is DISABLED.
                   0 BEFORE checking line ...... x
                   0 AFTER checking line ...... x
XilinxAXIVIP: Found at Path: design_1_wrapper.design_1_i.processing_system7_0.inst.S_AXI_HP1.slave
[0] : *ZYNQ_VIP_INFO : S_AXI_HP1 : Port is DISABLED.
                   0 BEFORE checking line ...... x
                   0 AFTER checking line ...... x
XilinxAXIVIP: Found at Path: design_1_wrapper.design_1_i.processing_system7_0.inst.S_AXI_HP2.slave
[0] : *ZYNQ_VIP_INFO : S_AXI_HP2 : Port is DISABLED.
                   0 BEFORE checking line ...... x
                   0 AFTER checking line ...... x
XilinxAXIVIP: Found at Path: design_1_wrapper.design_1_i.processing_system7_0.inst.S_AXI_HP3.slave
[0] : *ZYNQ_VIP_INFO : S_AXI_HP3 : Port is DISABLED.
                   0 BEFORE checking line ...... x
                   0 AFTER checking line ...... x
XilinxAXIVIP: Found at Path: design_1_wrapper.design_1_i.processing_system7_0.inst.S_AXI_ACP.slave
[0] : *ZYNQ_VIP_INFO : S_AXI_ACP : Port is DISABLED.
                   0 else checking line ......x
run 60 ns
run 60 ns
run 60 ns
run 60 ns
run 60 ns
run 60 ns
run 60 ns
run 60 ns
save_wave_config {D:/school/sem7/EE365/lab5_fresh/design_1_wrapper_behav.wcfg}
add_force {/design_1_wrapper/design_1_i/lab5_0/BTN_0} -radix bin {1 0ns}
add_force {/design_1_wrapper/design_1_i/lab5_0/BTN_1} -radix bin {1 0ns}
add_force {/design_1_wrapper/design_1_i/lab5_0/BTN_2} -radix bin {1 0ns}
run 60 ns
run 60 ns
run 60 ns
run 60 ns
run 60 ns
run 60 ns
remove_forces { {/design_1_wrapper/design_1_i/lab5_0/U0/Inst_univ_bin_counter/en} }
remove_forces { {/design_1_wrapper/design_1_i/lab5_0/U0/Inst_univ_bin_counter/up} }
remove_forces { {/design_1_wrapper/design_1_i/lab5_0/U0/Inst_univ_bin_counter/syn_clr} }
remove_forces { {/design_1_wrapper/design_1_i/lab5_0/U0/Inst_univ_bin_counter/reset} }
run 60 ns
run 60 ns
run 60 ns
run 60 ns
run 60 ns
add_force {/design_1_wrapper/design_1_i/lab5_0/BTN_0} -radix bin {0 0ns}
add_force {/design_1_wrapper/design_1_i/lab5_0/BTN_1} -radix bin {0 0ns}
add_force {/design_1_wrapper/design_1_i/lab5_0/BTN_2} -radix bin {0 0ns}
run 60 ns
run 60 ns
run 60 ns
run 60 ns
run 60 ns
run 60 ns
save_wave_config {D:/school/sem7/EE365/lab5_fresh/design_1_wrapper_behav.wcfg}
relaunch_sim
Executing Axi4 End Of Simulation checks
Executing Axi4 End Of Simulation checks
Executing Axi4 End Of Simulation checks
Executing Axi4 End Of Simulation checks
Executing Axi4 End Of Simulation checks
Executing Axi4 End Of Simulation checks
Executing Axi4 End Of Simulation checks
Executing Axi4 End Of Simulation checks
Executing Axi4 End Of Simulation checks
suspend_sim: Time (s): cpu = 00:00:01 ; elapsed = 00:00:07 . Memory (MB): peak = 1042.324 ; gain = 0.000
INFO: [Vivado 12-5682] Launching behavioral simulation in 'D:/school/sem7/EE365/lab5_fresh/lab5_fresh.sim/sim_1/behav/xsim'
INFO: [Vivado 12-4795] Using compiled simulation libraries for IPs
INFO: [SIM-utils-51] Simulation object is 'sim_1'
INFO: [USF-XSim-7] Finding pre-compiled libraries...
INFO: [USF-XSim-11] File 'C:/Xilinx/Vivado/2019.1/data/xsim/xsim.ini' copied to run dir:'D:/school/sem7/EE365/lab5_fresh/lab5_fresh.sim/sim_1/behav/xsim'
INFO: [SIM-utils-54] Inspecting design source files for 'design_1_wrapper' in fileset 'sim_1'...
INFO: [USF-XSim-97] Finding global include files...
INFO: [USF-XSim-98] Fetching design files from 'sim_1'...
INFO: [USF-XSim-2] XSim::Compile design
INFO: [USF-XSim-61] Executing 'COMPILE and ANALYZE' step in 'D:/school/sem7/EE365/lab5_fresh/lab5_fresh.sim/sim_1/behav/xsim'
"xvlog --incr --relax -L axi_vip_v1_1_5 -L processing_system7_vip_v1_0_7 -L xilinx_vip -prj design_1_wrapper_vlog.prj"
"xvhdl --incr --relax -prj design_1_wrapper_vhdl.prj"
INFO: [USF-XSim-69] 'compile' step finished in '4' seconds
INFO: [Vivado 12-5682] Launching behavioral simulation in 'D:/school/sem7/EE365/lab5_fresh/lab5_fresh.sim/sim_1/behav/xsim'
INFO: [Vivado 12-4795] Using compiled simulation libraries for IPs
INFO: [USF-XSim-3] XSim::Elaborate design
INFO: [USF-XSim-61] Executing 'ELABORATE' step in 'D:/school/sem7/EE365/lab5_fresh/lab5_fresh.sim/sim_1/behav/xsim'
"xelab -wto 121e9139d4874ad996190e20d7f7f85b --incr --debug typical --relax --mt 2 -L xil_defaultlib -L axi_infrastructure_v1_1_0 -L axi_vip_v1_1_5 -L processing_system7_vip_v1_0_7 -L xilinx_vip -L unisims_ver -L unimacro_ver -L secureip -L xpm --snapshot design_1_wrapper_behav xil_defaultlib.design_1_wrapper xil_defaultlib.glbl -log elaborate.log"
Vivado Simulator 2019.1
Copyright 1986-1999, 2001-2019 Xilinx, Inc. All Rights Reserved.
Running: C:/Xilinx/Vivado/2019.1/bin/unwrapped/win64.o/xelab.exe -wto 121e9139d4874ad996190e20d7f7f85b --incr --debug typical --relax --mt 2 -L xil_defaultlib -L axi_infrastructure_v1_1_0 -L axi_vip_v1_1_5 -L processing_system7_vip_v1_0_7 -L xilinx_vip -L unisims_ver -L unimacro_ver -L secureip -L xpm --snapshot design_1_wrapper_behav xil_defaultlib.design_1_wrapper xil_defaultlib.glbl -log elaborate.log 
Using 2 slave threads.
Starting static elaboration
WARNING: [VRFC 10-3091] actual bit length 128 differs from formal bit length 64 for port 'WR_DATA_STRB' [/proj/xbuilds/2019.1_0524_1430/infra/XSIM/lin/.cxl.ip/incl/processing_system7_vip_v1_0_7_axi_gp.v:208]
WARNING: [VRFC 10-3091] actual bit length 12 differs from formal bit length 6 for port 'm_axi_bid' [/wrk/2019.1/continuous/2019_05_24_2552052/packages/customer/vivado/data/ip/xilinx/processing_system7_vip_v1_0/hdl/processing_system7_vip_v1_0_vl_rfs.sv:5496]
WARNING: [VRFC 10-3091] actual bit length 12 differs from formal bit length 6 for port 'm_axi_rid' [/wrk/2019.1/continuous/2019_05_24_2552052/packages/customer/vivado/data/ip/xilinx/processing_system7_vip_v1_0/hdl/processing_system7_vip_v1_0_vl_rfs.sv:5514]
WARNING: [VRFC 10-3091] actual bit length 128 differs from formal bit length 64 for port 'WR_DATA_STRB' [/proj/xbuilds/2019.1_0524_1430/infra/XSIM/lin/.cxl.ip/incl/processing_system7_vip_v1_0_7_axi_gp.v:292]
WARNING: [VRFC 10-3091] actual bit length 8 differs from formal bit length 9 for port 'WR_BYTES' [/proj/xbuilds/2019.1_0524_1430/infra/XSIM/lin/.cxl.ip/incl/processing_system7_vip_v1_0_7_axi_hp.v:80]
WARNING: [VRFC 10-3091] actual bit length 8 differs from formal bit length 9 for port 'RD_BYTES' [/proj/xbuilds/2019.1_0524_1430/infra/XSIM/lin/.cxl.ip/incl/processing_system7_vip_v1_0_7_axi_hp.v:89]
WARNING: [VRFC 10-3091] actual bit length 12 differs from formal bit length 6 for port 'm_axi_bid' [/wrk/2019.1/continuous/2019_05_24_2552052/packages/customer/vivado/data/ip/xilinx/processing_system7_vip_v1_0/hdl/processing_system7_vip_v1_0_vl_rfs.sv:10203]
WARNING: [VRFC 10-3091] actual bit length 12 differs from formal bit length 6 for port 'm_axi_rid' [/wrk/2019.1/continuous/2019_05_24_2552052/packages/customer/vivado/data/ip/xilinx/processing_system7_vip_v1_0/hdl/processing_system7_vip_v1_0_vl_rfs.sv:10221]
WARNING: [VRFC 10-3091] actual bit length 32 differs from formal bit length 64 for port 'm_axi_rdata' [/wrk/2019.1/continuous/2019_05_24_2552052/packages/customer/vivado/data/ip/xilinx/processing_system7_vip_v1_0/hdl/processing_system7_vip_v1_0_vl_rfs.sv:10222]
WARNING: [VRFC 10-3091] actual bit length 8 differs from formal bit length 9 for port 'WR_BYTES' [/proj/xbuilds/2019.1_0524_1430/infra/XSIM/lin/.cxl.ip/incl/processing_system7_vip_v1_0_7_axi_hp.v:165]
WARNING: [VRFC 10-3091] actual bit length 8 differs from formal bit length 9 for port 'RD_BYTES' [/proj/xbuilds/2019.1_0524_1430/infra/XSIM/lin/.cxl.ip/incl/processing_system7_vip_v1_0_7_axi_hp.v:174]
WARNING: [VRFC 10-3091] actual bit length 8 differs from formal bit length 9 for port 'WR_BYTES' [/proj/xbuilds/2019.1_0524_1430/infra/XSIM/lin/.cxl.ip/incl/processing_system7_vip_v1_0_7_axi_hp.v:251]
WARNING: [VRFC 10-3091] actual bit length 8 differs from formal bit length 9 for port 'RD_BYTES' [/proj/xbuilds/2019.1_0524_1430/infra/XSIM/lin/.cxl.ip/incl/processing_system7_vip_v1_0_7_axi_hp.v:260]
WARNING: [VRFC 10-3091] actual bit length 8 differs from formal bit length 9 for port 'WR_BYTES' [/proj/xbuilds/2019.1_0524_1430/infra/XSIM/lin/.cxl.ip/incl/processing_system7_vip_v1_0_7_axi_hp.v:337]
WARNING: [VRFC 10-3091] actual bit length 8 differs from formal bit length 9 for port 'RD_BYTES' [/proj/xbuilds/2019.1_0524_1430/infra/XSIM/lin/.cxl.ip/incl/processing_system7_vip_v1_0_7_axi_hp.v:346]
WARNING: [VRFC 10-3091] actual bit length 12 differs from formal bit length 3 for port 'm_axi_bid' [/wrk/2019.1/continuous/2019_05_24_2552052/packages/customer/vivado/data/ip/xilinx/processing_system7_vip_v1_0/hdl/processing_system7_vip_v1_0_vl_rfs.sv:7107]
WARNING: [VRFC 10-3091] actual bit length 12 differs from formal bit length 3 for port 'm_axi_rid' [/wrk/2019.1/continuous/2019_05_24_2552052/packages/customer/vivado/data/ip/xilinx/processing_system7_vip_v1_0/hdl/processing_system7_vip_v1_0_vl_rfs.sv:7125]
WARNING: [VRFC 10-3091] actual bit length 32 differs from formal bit length 64 for port 'm_axi_rdata' [/wrk/2019.1/continuous/2019_05_24_2552052/packages/customer/vivado/data/ip/xilinx/processing_system7_vip_v1_0/hdl/processing_system7_vip_v1_0_vl_rfs.sv:7126]
WARNING: [VRFC 10-3027] 'ocm_wr_strb_port0' was previously declared with a different range [/wrk/2019.1/continuous/2019_05_24_2552052/packages/customer/vivado/data/ip/xilinx/processing_system7_vip_v1_0/hdl/processing_system7_vip_v1_0_vl_rfs.sv:3759]
WARNING: [VRFC 10-3283] element index 64 into 'wrp_strb' is out of bounds [/wrk/2019.1/continuous/2019_05_24_2552052/packages/customer/vivado/data/ip/xilinx/processing_system7_vip_v1_0/hdl/processing_system7_vip_v1_0_vl_rfs.sv:6084]
WARNING: [VRFC 10-3283] element index 128 into 'wrp_strb' is out of bounds [/wrk/2019.1/continuous/2019_05_24_2552052/packages/customer/vivado/data/ip/xilinx/processing_system7_vip_v1_0/hdl/processing_system7_vip_v1_0_vl_rfs.sv:10844]
WARNING: [VRFC 10-3283] element index 128 into 'wrp_strb' is out of bounds [/wrk/2019.1/continuous/2019_05_24_2552052/packages/customer/vivado/data/ip/xilinx/processing_system7_vip_v1_0/hdl/processing_system7_vip_v1_0_vl_rfs.sv:7722]
WARNING: [VRFC 10-3705] select index 4 into 'wr_fifo_rd_ptr' is out of bounds [/wrk/2019.1/continuous/2019_05_24_2552052/packages/customer/vivado/data/ip/xilinx/processing_system7_vip_v1_0/hdl/processing_system7_vip_v1_0_vl_rfs.sv:7935]
WARNING: [VRFC 10-3705] select index 4 into 'ar_cnt' is out of bounds [/wrk/2019.1/continuous/2019_05_24_2552052/packages/customer/vivado/data/ip/xilinx/processing_system7_vip_v1_0/hdl/processing_system7_vip_v1_0_vl_rfs.sv:8074]
WARNING: [VRFC 10-3705] select index 4 into 'wr_rresp_cnt' is out of bounds [/wrk/2019.1/continuous/2019_05_24_2552052/packages/customer/vivado/data/ip/xilinx/processing_system7_vip_v1_0/hdl/processing_system7_vip_v1_0_vl_rfs.sv:8171]
WARNING: [VRFC 10-3705] select index 4 into 'rd_fifo_wr_ptr' is out of bounds [/wrk/2019.1/continuous/2019_05_24_2552052/packages/customer/vivado/data/ip/xilinx/processing_system7_vip_v1_0/hdl/processing_system7_vip_v1_0_vl_rfs.sv:8190]
WARNING: [VRFC 10-3705] select index 4 into 'rd_cnt' is out of bounds [/wrk/2019.1/continuous/2019_05_24_2552052/packages/customer/vivado/data/ip/xilinx/processing_system7_vip_v1_0/hdl/processing_system7_vip_v1_0_vl_rfs.sv:8331]
WARNING: [VRFC 10-3705] select index 4 into 'rresp_time_cnt' is out of bounds [/wrk/2019.1/continuous/2019_05_24_2552052/packages/customer/vivado/data/ip/xilinx/processing_system7_vip_v1_0/hdl/processing_system7_vip_v1_0_vl_rfs.sv:8336]
WARNING: [VRFC 10-3705] select index 4 into 'rd_fifo_rd_ptr' is out of bounds [/wrk/2019.1/continuous/2019_05_24_2552052/packages/customer/vivado/data/ip/xilinx/processing_system7_vip_v1_0/hdl/processing_system7_vip_v1_0_vl_rfs.sv:8341]
Completed static elaboration
INFO: [XSIM 43-4323] No Change in HDL. Linking previously generated obj files to create kernel
run_program: Time (s): cpu = 00:00:00 ; elapsed = 00:00:07 . Memory (MB): peak = 1042.324 ; gain = 0.000
INFO: [USF-XSim-69] 'elaborate' step finished in '6' seconds
launch_simulation: Time (s): cpu = 00:00:00 ; elapsed = 00:00:07 . Memory (MB): peak = 1042.324 ; gain = 0.000
Vivado Simulator 2019.1
INFO: [Wavedata 42-565] Reading protoinst file protoinst_files/design_1.protoinst
Time resolution is 1 ps
XilinxAXIVIP: Found at Path: design_1_wrapper.design_1_i.processing_system7_0.inst.M_AXI_GP0.master
[0] : *ZYNQ_VIP_INFO : M_AXI_GP0 : Port is DISABLED.
XilinxAXIVIP: Found at Path: design_1_wrapper.design_1_i.processing_system7_0.inst.M_AXI_GP1.master
[0] : *ZYNQ_VIP_INFO : M_AXI_GP1 : Port is DISABLED.
XilinxAXIVIP: Found at Path: design_1_wrapper.design_1_i.processing_system7_0.inst.S_AXI_GP0.slave
[0] : *ZYNQ_VIP_INFO : S_AXI_GP0 : Port is DISABLED.
XilinxAXIVIP: Found at Path: design_1_wrapper.design_1_i.processing_system7_0.inst.S_AXI_GP1.slave
[0] : *ZYNQ_VIP_INFO : S_AXI_GP1 : Port is DISABLED.
XilinxAXIVIP: Found at Path: design_1_wrapper.design_1_i.processing_system7_0.inst.S_AXI_HP0.slave
[0] : *ZYNQ_VIP_INFO : S_AXI_HP0 : Port is DISABLED.
                   0 BEFORE checking line ...... x
                   0 AFTER checking line ...... x
XilinxAXIVIP: Found at Path: design_1_wrapper.design_1_i.processing_system7_0.inst.S_AXI_HP1.slave
[0] : *ZYNQ_VIP_INFO : S_AXI_HP1 : Port is DISABLED.
                   0 BEFORE checking line ...... x
                   0 AFTER checking line ...... x
XilinxAXIVIP: Found at Path: design_1_wrapper.design_1_i.processing_system7_0.inst.S_AXI_HP2.slave
[0] : *ZYNQ_VIP_INFO : S_AXI_HP2 : Port is DISABLED.
                   0 BEFORE checking line ...... x
                   0 AFTER checking line ...... x
XilinxAXIVIP: Found at Path: design_1_wrapper.design_1_i.processing_system7_0.inst.S_AXI_HP3.slave
[0] : *ZYNQ_VIP_INFO : S_AXI_HP3 : Port is DISABLED.
                   0 BEFORE checking line ...... x
                   0 AFTER checking line ...... x
XilinxAXIVIP: Found at Path: design_1_wrapper.design_1_i.processing_system7_0.inst.S_AXI_ACP.slave
[0] : *ZYNQ_VIP_INFO : S_AXI_ACP : Port is DISABLED.
                   0 else checking line ......x
relaunch_xsim_kernel: Time (s): cpu = 00:00:02 ; elapsed = 00:00:05 . Memory (MB): peak = 1042.324 ; gain = 0.000
relaunch_sim: Time (s): cpu = 00:00:03 ; elapsed = 00:00:23 . Memory (MB): peak = 1042.324 ; gain = 0.000
add_force {/design_1_wrapper/design_1_i/lab5_0/BTN_0} -radix bin {0 0ns}
add_force {/design_1_wrapper/design_1_i/lab5_0/BTN_1} -radix bin {0 0ns}
add_force {/design_1_wrapper/design_1_i/lab5_0/BTN_2} -radix bin {0 0ns}
run 60 ns
run 60 ns
run 60 ns
run 60 ns
run 60 ns
run 60 ns
run 60 ns
run 60 ns
run 60 ns
run 60 ns
add_force {/design_1_wrapper/design_1_i/lab5_0/BTN_2} -radix bin {1 0ns}
run 60 ns
run 60 ns
run 60 ns
run 60 ns
run 60 ns
save_wave_config {D:/school/sem7/EE365/lab5_fresh/design_1_wrapper_behav.wcfg}
close_sim
Executing Axi4 End Of Simulation checks
Executing Axi4 End Of Simulation checks
Executing Axi4 End Of Simulation checks
Executing Axi4 End Of Simulation checks
Executing Axi4 End Of Simulation checks
Executing Axi4 End Of Simulation checks
Executing Axi4 End Of Simulation checks
Executing Axi4 End Of Simulation checks
Executing Axi4 End Of Simulation checks
INFO: [Simtcl 6-16] Simulation closed
launch_simulation
INFO: [Vivado 12-5682] Launching behavioral simulation in 'D:/school/sem7/EE365/lab5_fresh/lab5_fresh.sim/sim_1/behav/xsim'
INFO: [Vivado 12-4795] Using compiled simulation libraries for IPs
INFO: [SIM-utils-51] Simulation object is 'sim_1'
INFO: [USF-XSim-7] Finding pre-compiled libraries...
INFO: [USF-XSim-11] File 'C:/Xilinx/Vivado/2019.1/data/xsim/xsim.ini' copied to run dir:'D:/school/sem7/EE365/lab5_fresh/lab5_fresh.sim/sim_1/behav/xsim'
INFO: [SIM-utils-54] Inspecting design source files for 'design_1_wrapper' in fileset 'sim_1'...
INFO: [USF-XSim-97] Finding global include files...
INFO: [USF-XSim-98] Fetching design files from 'sim_1'...
INFO: [USF-XSim-2] XSim::Compile design
INFO: [USF-XSim-61] Executing 'COMPILE and ANALYZE' step in 'D:/school/sem7/EE365/lab5_fresh/lab5_fresh.sim/sim_1/behav/xsim'
"xvlog --incr --relax -L axi_vip_v1_1_5 -L processing_system7_vip_v1_0_7 -L xilinx_vip -prj design_1_wrapper_vlog.prj"
"xvhdl --incr --relax -prj design_1_wrapper_vhdl.prj"
INFO: [VRFC 10-163] Analyzing VHDL file "D:/school/sem7/EE365/lab5_fresh/btn_debounce_toggle.vhd" into library xil_defaultlib
INFO: [VRFC 10-3107] analyzing entity 'btn_debounce_toggle'
INFO: [VRFC 10-163] Analyzing VHDL file "D:/school/sem7/EE365/lab5_fresh/lab5.vhd" into library xil_defaultlib
INFO: [VRFC 10-3107] analyzing entity 'lab5'
INFO: [USF-XSim-69] 'compile' step finished in '3' seconds
INFO: [USF-XSim-3] XSim::Elaborate design
INFO: [USF-XSim-61] Executing 'ELABORATE' step in 'D:/school/sem7/EE365/lab5_fresh/lab5_fresh.sim/sim_1/behav/xsim'
"xelab -wto 121e9139d4874ad996190e20d7f7f85b --incr --debug typical --relax --mt 2 -L xil_defaultlib -L axi_infrastructure_v1_1_0 -L axi_vip_v1_1_5 -L processing_system7_vip_v1_0_7 -L xilinx_vip -L unisims_ver -L unimacro_ver -L secureip -L xpm --snapshot design_1_wrapper_behav xil_defaultlib.design_1_wrapper xil_defaultlib.glbl -log elaborate.log"
Vivado Simulator 2019.1
Copyright 1986-1999, 2001-2019 Xilinx, Inc. All Rights Reserved.
Running: C:/Xilinx/Vivado/2019.1/bin/unwrapped/win64.o/xelab.exe -wto 121e9139d4874ad996190e20d7f7f85b --incr --debug typical --relax --mt 2 -L xil_defaultlib -L axi_infrastructure_v1_1_0 -L axi_vip_v1_1_5 -L processing_system7_vip_v1_0_7 -L xilinx_vip -L unisims_ver -L unimacro_ver -L secureip -L xpm --snapshot design_1_wrapper_behav xil_defaultlib.design_1_wrapper xil_defaultlib.glbl -log elaborate.log 
Using 2 slave threads.
Starting static elaboration
WARNING: [VRFC 10-3091] actual bit length 128 differs from formal bit length 64 for port 'WR_DATA_STRB' [/proj/xbuilds/2019.1_0524_1430/infra/XSIM/lin/.cxl.ip/incl/processing_system7_vip_v1_0_7_axi_gp.v:208]
WARNING: [VRFC 10-3091] actual bit length 12 differs from formal bit length 6 for port 'm_axi_bid' [/wrk/2019.1/continuous/2019_05_24_2552052/packages/customer/vivado/data/ip/xilinx/processing_system7_vip_v1_0/hdl/processing_system7_vip_v1_0_vl_rfs.sv:5496]
WARNING: [VRFC 10-3091] actual bit length 12 differs from formal bit length 6 for port 'm_axi_rid' [/wrk/2019.1/continuous/2019_05_24_2552052/packages/customer/vivado/data/ip/xilinx/processing_system7_vip_v1_0/hdl/processing_system7_vip_v1_0_vl_rfs.sv:5514]
WARNING: [VRFC 10-3091] actual bit length 128 differs from formal bit length 64 for port 'WR_DATA_STRB' [/proj/xbuilds/2019.1_0524_1430/infra/XSIM/lin/.cxl.ip/incl/processing_system7_vip_v1_0_7_axi_gp.v:292]
WARNING: [VRFC 10-3091] actual bit length 8 differs from formal bit length 9 for port 'WR_BYTES' [/proj/xbuilds/2019.1_0524_1430/infra/XSIM/lin/.cxl.ip/incl/processing_system7_vip_v1_0_7_axi_hp.v:80]
WARNING: [VRFC 10-3091] actual bit length 8 differs from formal bit length 9 for port 'RD_BYTES' [/proj/xbuilds/2019.1_0524_1430/infra/XSIM/lin/.cxl.ip/incl/processing_system7_vip_v1_0_7_axi_hp.v:89]
WARNING: [VRFC 10-3091] actual bit length 12 differs from formal bit length 6 for port 'm_axi_bid' [/wrk/2019.1/continuous/2019_05_24_2552052/packages/customer/vivado/data/ip/xilinx/processing_system7_vip_v1_0/hdl/processing_system7_vip_v1_0_vl_rfs.sv:10203]
WARNING: [VRFC 10-3091] actual bit length 12 differs from formal bit length 6 for port 'm_axi_rid' [/wrk/2019.1/continuous/2019_05_24_2552052/packages/customer/vivado/data/ip/xilinx/processing_system7_vip_v1_0/hdl/processing_system7_vip_v1_0_vl_rfs.sv:10221]
WARNING: [VRFC 10-3091] actual bit length 32 differs from formal bit length 64 for port 'm_axi_rdata' [/wrk/2019.1/continuous/2019_05_24_2552052/packages/customer/vivado/data/ip/xilinx/processing_system7_vip_v1_0/hdl/processing_system7_vip_v1_0_vl_rfs.sv:10222]
WARNING: [VRFC 10-3091] actual bit length 8 differs from formal bit length 9 for port 'WR_BYTES' [/proj/xbuilds/2019.1_0524_1430/infra/XSIM/lin/.cxl.ip/incl/processing_system7_vip_v1_0_7_axi_hp.v:165]
WARNING: [VRFC 10-3091] actual bit length 8 differs from formal bit length 9 for port 'RD_BYTES' [/proj/xbuilds/2019.1_0524_1430/infra/XSIM/lin/.cxl.ip/incl/processing_system7_vip_v1_0_7_axi_hp.v:174]
WARNING: [VRFC 10-3091] actual bit length 8 differs from formal bit length 9 for port 'WR_BYTES' [/proj/xbuilds/2019.1_0524_1430/infra/XSIM/lin/.cxl.ip/incl/processing_system7_vip_v1_0_7_axi_hp.v:251]
WARNING: [VRFC 10-3091] actual bit length 8 differs from formal bit length 9 for port 'RD_BYTES' [/proj/xbuilds/2019.1_0524_1430/infra/XSIM/lin/.cxl.ip/incl/processing_system7_vip_v1_0_7_axi_hp.v:260]
WARNING: [VRFC 10-3091] actual bit length 8 differs from formal bit length 9 for port 'WR_BYTES' [/proj/xbuilds/2019.1_0524_1430/infra/XSIM/lin/.cxl.ip/incl/processing_system7_vip_v1_0_7_axi_hp.v:337]
WARNING: [VRFC 10-3091] actual bit length 8 differs from formal bit length 9 for port 'RD_BYTES' [/proj/xbuilds/2019.1_0524_1430/infra/XSIM/lin/.cxl.ip/incl/processing_system7_vip_v1_0_7_axi_hp.v:346]
WARNING: [VRFC 10-3091] actual bit length 12 differs from formal bit length 3 for port 'm_axi_bid' [/wrk/2019.1/continuous/2019_05_24_2552052/packages/customer/vivado/data/ip/xilinx/processing_system7_vip_v1_0/hdl/processing_system7_vip_v1_0_vl_rfs.sv:7107]
WARNING: [VRFC 10-3091] actual bit length 12 differs from formal bit length 3 for port 'm_axi_rid' [/wrk/2019.1/continuous/2019_05_24_2552052/packages/customer/vivado/data/ip/xilinx/processing_system7_vip_v1_0/hdl/processing_system7_vip_v1_0_vl_rfs.sv:7125]
WARNING: [VRFC 10-3091] actual bit length 32 differs from formal bit length 64 for port 'm_axi_rdata' [/wrk/2019.1/continuous/2019_05_24_2552052/packages/customer/vivado/data/ip/xilinx/processing_system7_vip_v1_0/hdl/processing_system7_vip_v1_0_vl_rfs.sv:7126]
WARNING: [VRFC 10-3027] 'ocm_wr_strb_port0' was previously declared with a different range [/wrk/2019.1/continuous/2019_05_24_2552052/packages/customer/vivado/data/ip/xilinx/processing_system7_vip_v1_0/hdl/processing_system7_vip_v1_0_vl_rfs.sv:3759]
WARNING: [VRFC 10-3283] element index 64 into 'wrp_strb' is out of bounds [/wrk/2019.1/continuous/2019_05_24_2552052/packages/customer/vivado/data/ip/xilinx/processing_system7_vip_v1_0/hdl/processing_system7_vip_v1_0_vl_rfs.sv:6084]
WARNING: [VRFC 10-3283] element index 128 into 'wrp_strb' is out of bounds [/wrk/2019.1/continuous/2019_05_24_2552052/packages/customer/vivado/data/ip/xilinx/processing_system7_vip_v1_0/hdl/processing_system7_vip_v1_0_vl_rfs.sv:10844]
WARNING: [VRFC 10-3283] element index 128 into 'wrp_strb' is out of bounds [/wrk/2019.1/continuous/2019_05_24_2552052/packages/customer/vivado/data/ip/xilinx/processing_system7_vip_v1_0/hdl/processing_system7_vip_v1_0_vl_rfs.sv:7722]
WARNING: [VRFC 10-3705] select index 4 into 'wr_fifo_rd_ptr' is out of bounds [/wrk/2019.1/continuous/2019_05_24_2552052/packages/customer/vivado/data/ip/xilinx/processing_system7_vip_v1_0/hdl/processing_system7_vip_v1_0_vl_rfs.sv:7935]
WARNING: [VRFC 10-3705] select index 4 into 'ar_cnt' is out of bounds [/wrk/2019.1/continuous/2019_05_24_2552052/packages/customer/vivado/data/ip/xilinx/processing_system7_vip_v1_0/hdl/processing_system7_vip_v1_0_vl_rfs.sv:8074]
WARNING: [VRFC 10-3705] select index 4 into 'wr_rresp_cnt' is out of bounds [/wrk/2019.1/continuous/2019_05_24_2552052/packages/customer/vivado/data/ip/xilinx/processing_system7_vip_v1_0/hdl/processing_system7_vip_v1_0_vl_rfs.sv:8171]
WARNING: [VRFC 10-3705] select index 4 into 'rd_fifo_wr_ptr' is out of bounds [/wrk/2019.1/continuous/2019_05_24_2552052/packages/customer/vivado/data/ip/xilinx/processing_system7_vip_v1_0/hdl/processing_system7_vip_v1_0_vl_rfs.sv:8190]
WARNING: [VRFC 10-3705] select index 4 into 'rd_cnt' is out of bounds [/wrk/2019.1/continuous/2019_05_24_2552052/packages/customer/vivado/data/ip/xilinx/processing_system7_vip_v1_0/hdl/processing_system7_vip_v1_0_vl_rfs.sv:8331]
WARNING: [VRFC 10-3705] select index 4 into 'rresp_time_cnt' is out of bounds [/wrk/2019.1/continuous/2019_05_24_2552052/packages/customer/vivado/data/ip/xilinx/processing_system7_vip_v1_0/hdl/processing_system7_vip_v1_0_vl_rfs.sv:8336]
WARNING: [VRFC 10-3705] select index 4 into 'rd_fifo_rd_ptr' is out of bounds [/wrk/2019.1/continuous/2019_05_24_2552052/packages/customer/vivado/data/ip/xilinx/processing_system7_vip_v1_0/hdl/processing_system7_vip_v1_0_vl_rfs.sv:8341]
Completed static elaboration
Starting simulation data flow analysis
Completed simulation data flow analysis
Time Resolution for simulation is 1ps
Compiling package std.standard
Compiling package std.textio
Compiling package ieee.std_logic_1164
Compiling package ieee.numeric_std
Compiling package unisim.vcomponents
Compiling package ieee.std_logic_arith
Compiling package ieee.std_logic_unsigned
Compiling package vl.vl_types
Compiling module xil_defaultlib.glbl
Compiling architecture behv of entity xil_defaultlib.clk_enabler [\clk_enabler(cnt_max=49999999)\]
Compiling architecture arch of entity xil_defaultlib.Reset_Delay [reset_delay_default]
Compiling architecture arch of entity xil_defaultlib.univ_bin_counter [univ_bin_counter_default]
Compiling architecture behavioral of entity xil_defaultlib.btn_debounce_toggle [btn_debounce_toggle_default]
Compiling architecture behavioral of entity xil_defaultlib.LUT [lut_default]
Compiling architecture state_machine of entity xil_defaultlib.TTL_serial [ttl_serial_default]
Compiling architecture user_logic of entity xil_defaultlib.TTL_Serial_user_logic [ttl_serial_user_logic_default]
Compiling architecture state_machine of entity xil_defaultlib.SPI_master [spi_master_default]
Compiling architecture user_logic of entity xil_defaultlib.TTL_SPI_user_logic [ttl_spi_user_logic_default]
Compiling architecture structural of entity xil_defaultlib.lab5 [lab5_default]
Compiling architecture design_1_lab5_0_0_arch of entity xil_defaultlib.design_1_lab5_0_0 [design_1_lab5_0_0_default]
Compiling module processing_system7_vip_v1_0_7.processing_system7_vip_v1_0_7_ge...
Compiling module processing_system7_vip_v1_0_7.processing_system7_vip_v1_0_7_ge...
Compiling module processing_system7_vip_v1_0_7.processing_system7_vip_v1_0_7_ar...
Compiling module processing_system7_vip_v1_0_7.processing_system7_vip_v1_0_7_ar...
Compiling module processing_system7_vip_v1_0_7.processing_system7_vip_v1_0_7_fm...
Compiling module processing_system7_vip_v1_0_7.processing_system7_vip_v1_0_7_ar...
Compiling module processing_system7_vip_v1_0_7.processing_system7_vip_v1_0_7_ar...
Compiling module processing_system7_vip_v1_0_7.processing_system7_vip_v1_0_7_ar...
Compiling module processing_system7_vip_v1_0_7.processing_system7_vip_v1_0_7_ar...
Compiling module processing_system7_vip_v1_0_7.processing_system7_vip_v1_0_7_ss...
Compiling module processing_system7_vip_v1_0_7.processing_system7_vip_v1_0_7_in...
Compiling module processing_system7_vip_v1_0_7.processing_system7_vip_v1_0_7_sp...
Compiling module processing_system7_vip_v1_0_7.processing_system7_vip_v1_0_7_dd...
Compiling module processing_system7_vip_v1_0_7.processing_system7_vip_v1_0_7_oc...
Compiling module processing_system7_vip_v1_0_7.processing_system7_vip_v1_0_7_oc...
Compiling module processing_system7_vip_v1_0_7.processing_system7_vip_v1_0_7_re...
Compiling module processing_system7_vip_v1_0_7.processing_system7_vip_v1_0_7_re...
Compiling module xilinx_vip.axi_vip_axi4pc(WDATA_WIDTH=32,RD...
Compiling module xilinx_vip.cb
Compiling module xilinx_vip.axi_vip_if(C_AXI_PROTOCOL=1,C_AX...
Compiling module axi_vip_v1_1_5.axi_vip_v1_1_5_top(C_AXI_PROTOCO...
Compiling module processing_system7_vip_v1_0_7.processing_system7_vip_v1_0_7_ax...
Compiling module processing_system7_vip_v1_0_7.processing_system7_vip_v1_0_7_ax...
Compiling module xilinx_vip.axi_vip_axi4pc(WDATA_WIDTH=32,RD...
Compiling module xilinx_vip.cb
Compiling module xilinx_vip.axi_vip_if(C_AXI_PROTOCOL=1,C_AX...
Compiling module axi_vip_v1_1_5.axi_vip_v1_1_5_top(C_AXI_PROTOCO...
Compiling module processing_system7_vip_v1_0_7.processing_system7_vip_v1_0_7_ax...
Compiling module processing_system7_vip_v1_0_7.processing_system7_vip_v1_0_7_ax...
Compiling module xilinx_vip.axi_vip_axi4pc(PROTOCOL=1,RID_WI...
Compiling module xilinx_vip.cb
Compiling module xilinx_vip.axi_vip_if(C_AXI_PROTOCOL=1,C_AX...
Compiling module axi_vip_v1_1_5.axi_vip_v1_1_5_top(C_AXI_PROTOCO...
Compiling module processing_system7_vip_v1_0_7.processing_system7_vip_v1_0_7_in...
Compiling module processing_system7_vip_v1_0_7.processing_system7_vip_v1_0_7_af...
Compiling module processing_system7_vip_v1_0_7.processing_system7_vip_v1_0_7_af...
Compiling module processing_system7_vip_v1_0_7.processing_system7_vip_v1_0_7_af...
Compiling module processing_system7_vip_v1_0_7.processing_system7_vip_v1_0_7_af...
Compiling module xilinx_vip.axi_vip_axi4pc(PROTOCOL=1,RID_WI...
Compiling module xilinx_vip.cb
Compiling module xilinx_vip.axi_vip_if(C_AXI_PROTOCOL=1,C_AX...
Compiling module axi_vip_v1_1_5.axi_vip_v1_1_5_top(C_AXI_PROTOCO...
Compiling module processing_system7_vip_v1_0_7.processing_system7_vip_v1_0_7_ax...
Compiling module processing_system7_vip_v1_0_7.processing_system7_vip_v1_0_7(C_...
Compiling module xil_defaultlib.design_1_processing_system7_0_0
Compiling package xilinx_vip.axi_vip_pkg
Compiling package xilinx_vip.xil_common_vip_pkg
Compiling package std.std
Compiling architecture structure of entity xil_defaultlib.design_1 [design_1_default]
Compiling architecture structure of entity xil_defaultlib.design_1_wrapper
Built simulation snapshot design_1_wrapper_behav
run_program: Time (s): cpu = 00:00:00 ; elapsed = 00:00:27 . Memory (MB): peak = 1048.098 ; gain = 0.000
INFO: [USF-XSim-69] 'elaborate' step finished in '27' seconds
INFO: [USF-XSim-4] XSim::Simulate design
INFO: [USF-XSim-61] Executing 'SIMULATE' step in 'D:/school/sem7/EE365/lab5_fresh/lab5_fresh.sim/sim_1/behav/xsim'
INFO: [USF-XSim-98] *** Running xsim
   with args "design_1_wrapper_behav -key {Behavioral:sim_1:Functional:design_1_wrapper} -tclbatch {design_1_wrapper.tcl} -protoinst "protoinst_files/design_1.protoinst" -view {D:/school/sem7/EE365/lab5_fresh/design_1_wrapper_behav.wcfg} -log {simulate.log}"
INFO: [USF-XSim-8] Loading simulator feature
Vivado Simulator 2019.1
INFO: [Wavedata 42-565] Reading protoinst file protoinst_files/design_1.protoinst
Time resolution is 1 ps
open_wave_config D:/school/sem7/EE365/lab5_fresh/design_1_wrapper_behav.wcfg
source design_1_wrapper.tcl
# set curr_wave [current_wave_config]
# if { [string length $curr_wave] == 0 } {
#   if { [llength [get_objects]] > 0} {
#     add_wave /
#     set_property needs_save false [current_wave_config]
#   } else {
#      send_msg_id Add_Wave-1 WARNING "No top level signals found. Simulator will start without a wave window. If you want to open a wave window go to 'File->New Waveform Configuration' or type 'create_wave_config' in the TCL console."
#   }
# }
# run 1000ns
XilinxAXIVIP: Found at Path: design_1_wrapper.design_1_i.processing_system7_0.inst.M_AXI_GP0.master
[0] : *ZYNQ_VIP_INFO : M_AXI_GP0 : Port is DISABLED.
XilinxAXIVIP: Found at Path: design_1_wrapper.design_1_i.processing_system7_0.inst.M_AXI_GP1.master
[0] : *ZYNQ_VIP_INFO : M_AXI_GP1 : Port is DISABLED.
XilinxAXIVIP: Found at Path: design_1_wrapper.design_1_i.processing_system7_0.inst.S_AXI_GP0.slave
[0] : *ZYNQ_VIP_INFO : S_AXI_GP0 : Port is DISABLED.
XilinxAXIVIP: Found at Path: design_1_wrapper.design_1_i.processing_system7_0.inst.S_AXI_GP1.slave
[0] : *ZYNQ_VIP_INFO : S_AXI_GP1 : Port is DISABLED.
XilinxAXIVIP: Found at Path: design_1_wrapper.design_1_i.processing_system7_0.inst.S_AXI_HP0.slave
[0] : *ZYNQ_VIP_INFO : S_AXI_HP0 : Port is DISABLED.
                   0 BEFORE checking line ...... x
                   0 AFTER checking line ...... x
XilinxAXIVIP: Found at Path: design_1_wrapper.design_1_i.processing_system7_0.inst.S_AXI_HP1.slave
[0] : *ZYNQ_VIP_INFO : S_AXI_HP1 : Port is DISABLED.
                   0 BEFORE checking line ...... x
                   0 AFTER checking line ...... x
XilinxAXIVIP: Found at Path: design_1_wrapper.design_1_i.processing_system7_0.inst.S_AXI_HP2.slave
[0] : *ZYNQ_VIP_INFO : S_AXI_HP2 : Port is DISABLED.
                   0 BEFORE checking line ...... x
                   0 AFTER checking line ...... x
XilinxAXIVIP: Found at Path: design_1_wrapper.design_1_i.processing_system7_0.inst.S_AXI_HP3.slave
[0] : *ZYNQ_VIP_INFO : S_AXI_HP3 : Port is DISABLED.
                   0 BEFORE checking line ...... x
                   0 AFTER checking line ...... x
XilinxAXIVIP: Found at Path: design_1_wrapper.design_1_i.processing_system7_0.inst.S_AXI_ACP.slave
[0] : *ZYNQ_VIP_INFO : S_AXI_ACP : Port is DISABLED.
                   0 else checking line ......x
xsim: Time (s): cpu = 00:00:04 ; elapsed = 00:00:06 . Memory (MB): peak = 1048.098 ; gain = 0.000
INFO: [USF-XSim-96] XSim completed. Design snapshot 'design_1_wrapper_behav' loaded.
INFO: [USF-XSim-97] XSim simulation ran for 1000ns
launch_simulation: Time (s): cpu = 00:00:05 ; elapsed = 00:00:38 . Memory (MB): peak = 1048.098 ; gain = 0.000
update_module_reference design_1_lab5_0_0
INFO: [IP_Flow 19-234] Refreshing IP repositories
INFO: [IP_Flow 19-1704] No user IP repositories specified
Upgrading 'D:/school/sem7/EE365/lab5_fresh/lab5_fresh.srcs/sources_1/bd/design_1/design_1.bd'
INFO: [IP_Flow 19-3420] Updated design_1_lab5_0_0 to use current project options
WARNING: [BD 41-1731] Type mismatch between connected pins: /processing_system7_0/FCLK_CLK0(clk) and /lab5_0_upgraded_ipi/iCLK(undef)
Wrote  : <D:\school\sem7\EE365\lab5_fresh\lab5_fresh.srcs\sources_1\bd\design_1\design_1.bd> 
relaunch_sim
Executing Axi4 End Of Simulation checks
Executing Axi4 End Of Simulation checks
Executing Axi4 End Of Simulation checks
Executing Axi4 End Of Simulation checks
Executing Axi4 End Of Simulation checks
Executing Axi4 End Of Simulation checks
Executing Axi4 End Of Simulation checks
Executing Axi4 End Of Simulation checks
Executing Axi4 End Of Simulation checks
Wrote  : <D:\school\sem7\EE365\lab5_fresh\lab5_fresh.srcs\sources_1\bd\design_1\design_1.bd> 
VHDL Output written to : D:/school/sem7/EE365/lab5_fresh/lab5_fresh.srcs/sources_1/bd/design_1/synth/design_1.vhd
VHDL Output written to : D:/school/sem7/EE365/lab5_fresh/lab5_fresh.srcs/sources_1/bd/design_1/sim/design_1.vhd
VHDL Output written to : D:/school/sem7/EE365/lab5_fresh/lab5_fresh.srcs/sources_1/bd/design_1/hdl/design_1_wrapper.vhd
INFO: [BD 41-1029] Generation completed for the IP Integrator block processing_system7_0 .
INFO: [BD 41-1029] Generation completed for the IP Integrator block lab5_0 .
Exporting to file D:/school/sem7/EE365/lab5_fresh/lab5_fresh.srcs/sources_1/bd/design_1/hw_handoff/design_1.hwh
Generated Block Design Tcl file D:/school/sem7/EE365/lab5_fresh/lab5_fresh.srcs/sources_1/bd/design_1/hw_handoff/design_1_bd.tcl
Generated Hardware Definition File D:/school/sem7/EE365/lab5_fresh/lab5_fresh.srcs/sources_1/bd/design_1/synth/design_1.hwdef
INFO: [Vivado 12-5682] Launching behavioral simulation in 'D:/school/sem7/EE365/lab5_fresh/lab5_fresh.sim/sim_1/behav/xsim'
INFO: [Vivado 12-4795] Using compiled simulation libraries for IPs
INFO: [SIM-utils-51] Simulation object is 'sim_1'
INFO: [USF-XSim-7] Finding pre-compiled libraries...
INFO: [USF-XSim-11] File 'C:/Xilinx/Vivado/2019.1/data/xsim/xsim.ini' copied to run dir:'D:/school/sem7/EE365/lab5_fresh/lab5_fresh.sim/sim_1/behav/xsim'
INFO: [SIM-utils-54] Inspecting design source files for 'design_1_wrapper' in fileset 'sim_1'...
INFO: [USF-XSim-97] Finding global include files...
INFO: [USF-XSim-98] Fetching design files from 'sim_1'...
INFO: [USF-XSim-2] XSim::Compile design
INFO: [USF-XSim-61] Executing 'COMPILE and ANALYZE' step in 'D:/school/sem7/EE365/lab5_fresh/lab5_fresh.sim/sim_1/behav/xsim'
"xvlog --incr --relax -L axi_vip_v1_1_5 -L processing_system7_vip_v1_0_7 -L xilinx_vip -prj design_1_wrapper_vlog.prj"
"xvhdl --incr --relax -prj design_1_wrapper_vhdl.prj"
INFO: [VRFC 10-163] Analyzing VHDL file "D:/school/sem7/EE365/lab5_fresh/lab5_fresh.srcs/sources_1/bd/design_1/hdl/design_1_wrapper.vhd" into library xil_defaultlib
INFO: [VRFC 10-3107] analyzing entity 'design_1_wrapper'
INFO: [USF-XSim-69] 'compile' step finished in '4' seconds
launch_simulation: Time (s): cpu = 00:00:01 ; elapsed = 00:00:37 . Memory (MB): peak = 1072.117 ; gain = 12.645
INFO: [Vivado 12-5682] Launching behavioral simulation in 'D:/school/sem7/EE365/lab5_fresh/lab5_fresh.sim/sim_1/behav/xsim'
INFO: [Vivado 12-4795] Using compiled simulation libraries for IPs
INFO: [USF-XSim-3] XSim::Elaborate design
INFO: [USF-XSim-61] Executing 'ELABORATE' step in 'D:/school/sem7/EE365/lab5_fresh/lab5_fresh.sim/sim_1/behav/xsim'
"xelab -wto 121e9139d4874ad996190e20d7f7f85b --incr --debug typical --relax --mt 2 -L xil_defaultlib -L axi_infrastructure_v1_1_0 -L axi_vip_v1_1_5 -L processing_system7_vip_v1_0_7 -L xilinx_vip -L unisims_ver -L unimacro_ver -L secureip -L xpm --snapshot design_1_wrapper_behav xil_defaultlib.design_1_wrapper xil_defaultlib.glbl -log elaborate.log"
Vivado Simulator 2019.1
Copyright 1986-1999, 2001-2019 Xilinx, Inc. All Rights Reserved.
Running: C:/Xilinx/Vivado/2019.1/bin/unwrapped/win64.o/xelab.exe -wto 121e9139d4874ad996190e20d7f7f85b --incr --debug typical --relax --mt 2 -L xil_defaultlib -L axi_infrastructure_v1_1_0 -L axi_vip_v1_1_5 -L processing_system7_vip_v1_0_7 -L xilinx_vip -L unisims_ver -L unimacro_ver -L secureip -L xpm --snapshot design_1_wrapper_behav xil_defaultlib.design_1_wrapper xil_defaultlib.glbl -log elaborate.log 
Using 2 slave threads.
Starting static elaboration
WARNING: [VRFC 10-3091] actual bit length 128 differs from formal bit length 64 for port 'WR_DATA_STRB' [/proj/xbuilds/2019.1_0524_1430/infra/XSIM/lin/.cxl.ip/incl/processing_system7_vip_v1_0_7_axi_gp.v:208]
WARNING: [VRFC 10-3091] actual bit length 12 differs from formal bit length 6 for port 'm_axi_bid' [/wrk/2019.1/continuous/2019_05_24_2552052/packages/customer/vivado/data/ip/xilinx/processing_system7_vip_v1_0/hdl/processing_system7_vip_v1_0_vl_rfs.sv:5496]
WARNING: [VRFC 10-3091] actual bit length 12 differs from formal bit length 6 for port 'm_axi_rid' [/wrk/2019.1/continuous/2019_05_24_2552052/packages/customer/vivado/data/ip/xilinx/processing_system7_vip_v1_0/hdl/processing_system7_vip_v1_0_vl_rfs.sv:5514]
WARNING: [VRFC 10-3091] actual bit length 128 differs from formal bit length 64 for port 'WR_DATA_STRB' [/proj/xbuilds/2019.1_0524_1430/infra/XSIM/lin/.cxl.ip/incl/processing_system7_vip_v1_0_7_axi_gp.v:292]
WARNING: [VRFC 10-3091] actual bit length 8 differs from formal bit length 9 for port 'WR_BYTES' [/proj/xbuilds/2019.1_0524_1430/infra/XSIM/lin/.cxl.ip/incl/processing_system7_vip_v1_0_7_axi_hp.v:80]
WARNING: [VRFC 10-3091] actual bit length 8 differs from formal bit length 9 for port 'RD_BYTES' [/proj/xbuilds/2019.1_0524_1430/infra/XSIM/lin/.cxl.ip/incl/processing_system7_vip_v1_0_7_axi_hp.v:89]
WARNING: [VRFC 10-3091] actual bit length 12 differs from formal bit length 6 for port 'm_axi_bid' [/wrk/2019.1/continuous/2019_05_24_2552052/packages/customer/vivado/data/ip/xilinx/processing_system7_vip_v1_0/hdl/processing_system7_vip_v1_0_vl_rfs.sv:10203]
WARNING: [VRFC 10-3091] actual bit length 12 differs from formal bit length 6 for port 'm_axi_rid' [/wrk/2019.1/continuous/2019_05_24_2552052/packages/customer/vivado/data/ip/xilinx/processing_system7_vip_v1_0/hdl/processing_system7_vip_v1_0_vl_rfs.sv:10221]
WARNING: [VRFC 10-3091] actual bit length 32 differs from formal bit length 64 for port 'm_axi_rdata' [/wrk/2019.1/continuous/2019_05_24_2552052/packages/customer/vivado/data/ip/xilinx/processing_system7_vip_v1_0/hdl/processing_system7_vip_v1_0_vl_rfs.sv:10222]
WARNING: [VRFC 10-3091] actual bit length 8 differs from formal bit length 9 for port 'WR_BYTES' [/proj/xbuilds/2019.1_0524_1430/infra/XSIM/lin/.cxl.ip/incl/processing_system7_vip_v1_0_7_axi_hp.v:165]
WARNING: [VRFC 10-3091] actual bit length 8 differs from formal bit length 9 for port 'RD_BYTES' [/proj/xbuilds/2019.1_0524_1430/infra/XSIM/lin/.cxl.ip/incl/processing_system7_vip_v1_0_7_axi_hp.v:174]
WARNING: [VRFC 10-3091] actual bit length 8 differs from formal bit length 9 for port 'WR_BYTES' [/proj/xbuilds/2019.1_0524_1430/infra/XSIM/lin/.cxl.ip/incl/processing_system7_vip_v1_0_7_axi_hp.v:251]
WARNING: [VRFC 10-3091] actual bit length 8 differs from formal bit length 9 for port 'RD_BYTES' [/proj/xbuilds/2019.1_0524_1430/infra/XSIM/lin/.cxl.ip/incl/processing_system7_vip_v1_0_7_axi_hp.v:260]
WARNING: [VRFC 10-3091] actual bit length 8 differs from formal bit length 9 for port 'WR_BYTES' [/proj/xbuilds/2019.1_0524_1430/infra/XSIM/lin/.cxl.ip/incl/processing_system7_vip_v1_0_7_axi_hp.v:337]
WARNING: [VRFC 10-3091] actual bit length 8 differs from formal bit length 9 for port 'RD_BYTES' [/proj/xbuilds/2019.1_0524_1430/infra/XSIM/lin/.cxl.ip/incl/processing_system7_vip_v1_0_7_axi_hp.v:346]
WARNING: [VRFC 10-3091] actual bit length 12 differs from formal bit length 3 for port 'm_axi_bid' [/wrk/2019.1/continuous/2019_05_24_2552052/packages/customer/vivado/data/ip/xilinx/processing_system7_vip_v1_0/hdl/processing_system7_vip_v1_0_vl_rfs.sv:7107]
WARNING: [VRFC 10-3091] actual bit length 12 differs from formal bit length 3 for port 'm_axi_rid' [/wrk/2019.1/continuous/2019_05_24_2552052/packages/customer/vivado/data/ip/xilinx/processing_system7_vip_v1_0/hdl/processing_system7_vip_v1_0_vl_rfs.sv:7125]
WARNING: [VRFC 10-3091] actual bit length 32 differs from formal bit length 64 for port 'm_axi_rdata' [/wrk/2019.1/continuous/2019_05_24_2552052/packages/customer/vivado/data/ip/xilinx/processing_system7_vip_v1_0/hdl/processing_system7_vip_v1_0_vl_rfs.sv:7126]
WARNING: [VRFC 10-3027] 'ocm_wr_strb_port0' was previously declared with a different range [/wrk/2019.1/continuous/2019_05_24_2552052/packages/customer/vivado/data/ip/xilinx/processing_system7_vip_v1_0/hdl/processing_system7_vip_v1_0_vl_rfs.sv:3759]
WARNING: [VRFC 10-3283] element index 64 into 'wrp_strb' is out of bounds [/wrk/2019.1/continuous/2019_05_24_2552052/packages/customer/vivado/data/ip/xilinx/processing_system7_vip_v1_0/hdl/processing_system7_vip_v1_0_vl_rfs.sv:6084]
WARNING: [VRFC 10-3283] element index 128 into 'wrp_strb' is out of bounds [/wrk/2019.1/continuous/2019_05_24_2552052/packages/customer/vivado/data/ip/xilinx/processing_system7_vip_v1_0/hdl/processing_system7_vip_v1_0_vl_rfs.sv:10844]
WARNING: [VRFC 10-3283] element index 128 into 'wrp_strb' is out of bounds [/wrk/2019.1/continuous/2019_05_24_2552052/packages/customer/vivado/data/ip/xilinx/processing_system7_vip_v1_0/hdl/processing_system7_vip_v1_0_vl_rfs.sv:7722]
WARNING: [VRFC 10-3705] select index 4 into 'wr_fifo_rd_ptr' is out of bounds [/wrk/2019.1/continuous/2019_05_24_2552052/packages/customer/vivado/data/ip/xilinx/processing_system7_vip_v1_0/hdl/processing_system7_vip_v1_0_vl_rfs.sv:7935]
WARNING: [VRFC 10-3705] select index 4 into 'ar_cnt' is out of bounds [/wrk/2019.1/continuous/2019_05_24_2552052/packages/customer/vivado/data/ip/xilinx/processing_system7_vip_v1_0/hdl/processing_system7_vip_v1_0_vl_rfs.sv:8074]
WARNING: [VRFC 10-3705] select index 4 into 'wr_rresp_cnt' is out of bounds [/wrk/2019.1/continuous/2019_05_24_2552052/packages/customer/vivado/data/ip/xilinx/processing_system7_vip_v1_0/hdl/processing_system7_vip_v1_0_vl_rfs.sv:8171]
WARNING: [VRFC 10-3705] select index 4 into 'rd_fifo_wr_ptr' is out of bounds [/wrk/2019.1/continuous/2019_05_24_2552052/packages/customer/vivado/data/ip/xilinx/processing_system7_vip_v1_0/hdl/processing_system7_vip_v1_0_vl_rfs.sv:8190]
WARNING: [VRFC 10-3705] select index 4 into 'rd_cnt' is out of bounds [/wrk/2019.1/continuous/2019_05_24_2552052/packages/customer/vivado/data/ip/xilinx/processing_system7_vip_v1_0/hdl/processing_system7_vip_v1_0_vl_rfs.sv:8331]
WARNING: [VRFC 10-3705] select index 4 into 'rresp_time_cnt' is out of bounds [/wrk/2019.1/continuous/2019_05_24_2552052/packages/customer/vivado/data/ip/xilinx/processing_system7_vip_v1_0/hdl/processing_system7_vip_v1_0_vl_rfs.sv:8336]
WARNING: [VRFC 10-3705] select index 4 into 'rd_fifo_rd_ptr' is out of bounds [/wrk/2019.1/continuous/2019_05_24_2552052/packages/customer/vivado/data/ip/xilinx/processing_system7_vip_v1_0/hdl/processing_system7_vip_v1_0_vl_rfs.sv:8341]
Completed static elaboration
Starting simulation data flow analysis
Completed simulation data flow analysis
Time Resolution for simulation is 1ps
Compiling package std.standard
Compiling package std.textio
Compiling package ieee.std_logic_1164
Compiling package ieee.numeric_std
Compiling package unisim.vcomponents
Compiling package ieee.std_logic_arith
Compiling package ieee.std_logic_unsigned
Compiling package vl.vl_types
Compiling module xil_defaultlib.glbl
Compiling architecture behv of entity xil_defaultlib.clk_enabler [\clk_enabler(cnt_max=49999999)\]
Compiling architecture arch of entity xil_defaultlib.Reset_Delay [reset_delay_default]
Compiling architecture arch of entity xil_defaultlib.univ_bin_counter [univ_bin_counter_default]
Compiling architecture behavioral of entity xil_defaultlib.btn_debounce_toggle [btn_debounce_toggle_default]
Compiling architecture behavioral of entity xil_defaultlib.LUT [lut_default]
Compiling architecture state_machine of entity xil_defaultlib.TTL_serial [ttl_serial_default]
Compiling architecture user_logic of entity xil_defaultlib.TTL_Serial_user_logic [ttl_serial_user_logic_default]
Compiling architecture state_machine of entity xil_defaultlib.SPI_master [spi_master_default]
Compiling architecture user_logic of entity xil_defaultlib.TTL_SPI_user_logic [ttl_spi_user_logic_default]
Compiling architecture structural of entity xil_defaultlib.lab5 [lab5_default]
Compiling architecture design_1_lab5_0_0_arch of entity xil_defaultlib.design_1_lab5_0_0 [design_1_lab5_0_0_default]
Compiling module processing_system7_vip_v1_0_7.processing_system7_vip_v1_0_7_ge...
Compiling module processing_system7_vip_v1_0_7.processing_system7_vip_v1_0_7_ge...
Compiling module processing_system7_vip_v1_0_7.processing_system7_vip_v1_0_7_ar...
Compiling module processing_system7_vip_v1_0_7.processing_system7_vip_v1_0_7_ar...
Compiling module processing_system7_vip_v1_0_7.processing_system7_vip_v1_0_7_fm...
Compiling module processing_system7_vip_v1_0_7.processing_system7_vip_v1_0_7_ar...
Compiling module processing_system7_vip_v1_0_7.processing_system7_vip_v1_0_7_ar...
Compiling module processing_system7_vip_v1_0_7.processing_system7_vip_v1_0_7_ar...
Compiling module processing_system7_vip_v1_0_7.processing_system7_vip_v1_0_7_ar...
Compiling module processing_system7_vip_v1_0_7.processing_system7_vip_v1_0_7_ss...
Compiling module processing_system7_vip_v1_0_7.processing_system7_vip_v1_0_7_in...
Compiling module processing_system7_vip_v1_0_7.processing_system7_vip_v1_0_7_sp...
Compiling module processing_system7_vip_v1_0_7.processing_system7_vip_v1_0_7_dd...
Compiling module processing_system7_vip_v1_0_7.processing_system7_vip_v1_0_7_oc...
Compiling module processing_system7_vip_v1_0_7.processing_system7_vip_v1_0_7_oc...
Compiling module processing_system7_vip_v1_0_7.processing_system7_vip_v1_0_7_re...
Compiling module processing_system7_vip_v1_0_7.processing_system7_vip_v1_0_7_re...
Compiling module xilinx_vip.axi_vip_axi4pc(WDATA_WIDTH=32,RD...
Compiling module xilinx_vip.cb
Compiling module xilinx_vip.axi_vip_if(C_AXI_PROTOCOL=1,C_AX...
Compiling module axi_vip_v1_1_5.axi_vip_v1_1_5_top(C_AXI_PROTOCO...
Compiling module processing_system7_vip_v1_0_7.processing_system7_vip_v1_0_7_ax...
Compiling module processing_system7_vip_v1_0_7.processing_system7_vip_v1_0_7_ax...
Compiling module xilinx_vip.axi_vip_axi4pc(WDATA_WIDTH=32,RD...
Compiling module xilinx_vip.cb
Compiling module xilinx_vip.axi_vip_if(C_AXI_PROTOCOL=1,C_AX...
Compiling module axi_vip_v1_1_5.axi_vip_v1_1_5_top(C_AXI_PROTOCO...
Compiling module processing_system7_vip_v1_0_7.processing_system7_vip_v1_0_7_ax...
Compiling module processing_system7_vip_v1_0_7.processing_system7_vip_v1_0_7_ax...
Compiling module xilinx_vip.axi_vip_axi4pc(PROTOCOL=1,RID_WI...
Compiling module xilinx_vip.cb
Compiling module xilinx_vip.axi_vip_if(C_AXI_PROTOCOL=1,C_AX...
Compiling module axi_vip_v1_1_5.axi_vip_v1_1_5_top(C_AXI_PROTOCO...
Compiling module processing_system7_vip_v1_0_7.processing_system7_vip_v1_0_7_in...
Compiling module processing_system7_vip_v1_0_7.processing_system7_vip_v1_0_7_af...
Compiling module processing_system7_vip_v1_0_7.processing_system7_vip_v1_0_7_af...
Compiling module processing_system7_vip_v1_0_7.processing_system7_vip_v1_0_7_af...
Compiling module processing_system7_vip_v1_0_7.processing_system7_vip_v1_0_7_af...
Compiling module xilinx_vip.axi_vip_axi4pc(PROTOCOL=1,RID_WI...
Compiling module xilinx_vip.cb
Compiling module xilinx_vip.axi_vip_if(C_AXI_PROTOCOL=1,C_AX...
Compiling module axi_vip_v1_1_5.axi_vip_v1_1_5_top(C_AXI_PROTOCO...
Compiling module processing_system7_vip_v1_0_7.processing_system7_vip_v1_0_7_ax...
Compiling module processing_system7_vip_v1_0_7.processing_system7_vip_v1_0_7(C_...
Compiling module xil_defaultlib.design_1_processing_system7_0_0
Compiling package xilinx_vip.axi_vip_pkg
Compiling package xilinx_vip.xil_common_vip_pkg
Compiling package std.std
Compiling architecture structure of entity xil_defaultlib.design_1 [design_1_default]
Compiling architecture structure of entity xil_defaultlib.design_1_wrapper
Built simulation snapshot design_1_wrapper_behav
run_program: Time (s): cpu = 00:00:00 ; elapsed = 00:00:26 . Memory (MB): peak = 1072.117 ; gain = 0.000
INFO: [USF-XSim-69] 'elaborate' step finished in '26' seconds
launch_simulation: Time (s): cpu = 00:00:00 ; elapsed = 00:00:26 . Memory (MB): peak = 1072.117 ; gain = 0.000
Vivado Simulator 2019.1
INFO: [Wavedata 42-565] Reading protoinst file protoinst_files/design_1.protoinst
Time resolution is 1 ps
XilinxAXIVIP: Found at Path: design_1_wrapper.design_1_i.processing_system7_0.inst.M_AXI_GP0.master
[0] : *ZYNQ_VIP_INFO : M_AXI_GP0 : Port is DISABLED.
XilinxAXIVIP: Found at Path: design_1_wrapper.design_1_i.processing_system7_0.inst.M_AXI_GP1.master
[0] : *ZYNQ_VIP_INFO : M_AXI_GP1 : Port is DISABLED.
XilinxAXIVIP: Found at Path: design_1_wrapper.design_1_i.processing_system7_0.inst.S_AXI_GP0.slave
[0] : *ZYNQ_VIP_INFO : S_AXI_GP0 : Port is DISABLED.
XilinxAXIVIP: Found at Path: design_1_wrapper.design_1_i.processing_system7_0.inst.S_AXI_GP1.slave
[0] : *ZYNQ_VIP_INFO : S_AXI_GP1 : Port is DISABLED.
XilinxAXIVIP: Found at Path: design_1_wrapper.design_1_i.processing_system7_0.inst.S_AXI_HP0.slave
[0] : *ZYNQ_VIP_INFO : S_AXI_HP0 : Port is DISABLED.
                   0 BEFORE checking line ...... x
                   0 AFTER checking line ...... x
XilinxAXIVIP: Found at Path: design_1_wrapper.design_1_i.processing_system7_0.inst.S_AXI_HP1.slave
[0] : *ZYNQ_VIP_INFO : S_AXI_HP1 : Port is DISABLED.
                   0 BEFORE checking line ...... x
                   0 AFTER checking line ...... x
XilinxAXIVIP: Found at Path: design_1_wrapper.design_1_i.processing_system7_0.inst.S_AXI_HP2.slave
[0] : *ZYNQ_VIP_INFO : S_AXI_HP2 : Port is DISABLED.
                   0 BEFORE checking line ...... x
                   0 AFTER checking line ...... x
XilinxAXIVIP: Found at Path: design_1_wrapper.design_1_i.processing_system7_0.inst.S_AXI_HP3.slave
[0] : *ZYNQ_VIP_INFO : S_AXI_HP3 : Port is DISABLED.
                   0 BEFORE checking line ...... x
                   0 AFTER checking line ...... x
XilinxAXIVIP: Found at Path: design_1_wrapper.design_1_i.processing_system7_0.inst.S_AXI_ACP.slave
[0] : *ZYNQ_VIP_INFO : S_AXI_ACP : Port is DISABLED.
                   0 else checking line ......x
relaunch_xsim_kernel: Time (s): cpu = 00:00:02 ; elapsed = 00:00:05 . Memory (MB): peak = 1078.926 ; gain = 6.809
relaunch_sim: Time (s): cpu = 00:00:04 ; elapsed = 00:01:14 . Memory (MB): peak = 1078.926 ; gain = 19.453
add_force {/design_1_wrapper/design_1_i/lab5_0/BTN_0} -radix bin {0 0ns}
add_force {/design_1_wrapper/design_1_i/lab5_0/BTN_1} -radix bin {0 0ns}
add_force {/design_1_wrapper/design_1_i/lab5_0/BTN_2} -radix bin {0 0ns}
run 60 ns
run 60 ns
run 60 ns
run 60 ns
run 60 ns
run 60 ns
run 60 ns
run 60 ns
run 60 ns
run 60 ns
add_force {/design_1_wrapper/design_1_i/lab5_0/BTN_2} -radix bin {1 0ns}
run 60 ns
run 60 ns
run 60 ns
run 60 ns
run 60 ns
run 60 ns
run 60 ns
run 60 ns
run 60 ns
add_force {/design_1_wrapper/design_1_i/lab5_0/BTN_1} -radix bin {1 0ns}
run 60 ns
run 60 ns
run 60 ns
run 60 ns
run 60 ns
run 60 ns
run 60 ns
run 60 ns
run 60 ns
run 60 ns
run 60 ns
add_force {/design_1_wrapper/design_1_i/lab5_0/BTN_0} -radix bin {1 0ns}
add_force {/design_1_wrapper/design_1_i/lab5_0/BTN_0} -radix bin {1 0ns}
run 60 ns
run 60 ns
run 60 ns
run 60 ns
run 60 ns
run 60 ns
run 60 ns
run 60 ns
run 60 ns
run 60 ns
run 60 ns
run 60 ns
run 60 ns
run 60 ns
run 60 ns
run 60 ns
run 60 ns
run 60 ns
run 60 ns
run 60 ns
save_wave_config {D:/school/sem7/EE365/lab5_fresh/design_1_wrapper_behav.wcfg}
update_module_reference design_1_lab5_0_0
INFO: [IP_Flow 19-234] Refreshing IP repositories
INFO: [IP_Flow 19-1704] No user IP repositories specified
Upgrading 'D:/school/sem7/EE365/lab5_fresh/lab5_fresh.srcs/sources_1/bd/design_1/design_1.bd'
INFO: [IP_Flow 19-3420] Updated design_1_lab5_0_0 to use current project options
WARNING: [BD 41-1731] Type mismatch between connected pins: /processing_system7_0/FCLK_CLK0(clk) and /lab5_0_upgraded_ipi/iCLK(undef)
Wrote  : <D:\school\sem7\EE365\lab5_fresh\lab5_fresh.srcs\sources_1\bd\design_1\design_1.bd> 
update_module_reference design_1_lab5_0_0
INFO: [IP_Flow 19-234] Refreshing IP repositories
INFO: [IP_Flow 19-1704] No user IP repositories specified
Upgrading 'D:/school/sem7/EE365/lab5_fresh/lab5_fresh.srcs/sources_1/bd/design_1/design_1.bd'
INFO: [IP_Flow 19-3420] Updated design_1_lab5_0_0 to use current project options
WARNING: [BD 41-1731] Type mismatch between connected pins: /processing_system7_0/FCLK_CLK0(clk) and /lab5_0_upgraded_ipi/iCLK(undef)
Wrote  : <D:\school\sem7\EE365\lab5_fresh\lab5_fresh.srcs\sources_1\bd\design_1\design_1.bd> 
update_module_reference: Time (s): cpu = 00:00:01 ; elapsed = 00:00:06 . Memory (MB): peak = 1419.273 ; gain = 0.000
reset_run synth_1
WARNING: [Vivado 12-1017] Problems encountered:
1. Failed to delete one or more files in run directory D:/school/sem7/EE365/lab5_fresh/lab5_fresh.runs/synth_1

launch_runs impl_1 -to_step write_bitstream -jobs 4
Wrote  : <D:\school\sem7\EE365\lab5_fresh\lab5_fresh.srcs\sources_1\bd\design_1\design_1.bd> 
VHDL Output written to : D:/school/sem7/EE365/lab5_fresh/lab5_fresh.srcs/sources_1/bd/design_1/synth/design_1.vhd
VHDL Output written to : D:/school/sem7/EE365/lab5_fresh/lab5_fresh.srcs/sources_1/bd/design_1/sim/design_1.vhd
VHDL Output written to : D:/school/sem7/EE365/lab5_fresh/lab5_fresh.srcs/sources_1/bd/design_1/hdl/design_1_wrapper.vhd
INFO: [BD 41-1029] Generation completed for the IP Integrator block processing_system7_0 .
INFO: [BD 41-1029] Generation completed for the IP Integrator block lab5_0 .
Exporting to file D:/school/sem7/EE365/lab5_fresh/lab5_fresh.srcs/sources_1/bd/design_1/hw_handoff/design_1.hwh
Generated Block Design Tcl file D:/school/sem7/EE365/lab5_fresh/lab5_fresh.srcs/sources_1/bd/design_1/hw_handoff/design_1_bd.tcl
Generated Hardware Definition File D:/school/sem7/EE365/lab5_fresh/lab5_fresh.srcs/sources_1/bd/design_1/synth/design_1.hwdef
[Sat Nov 12 04:23:04 2022] Launched synth_1...
Run output will be captured here: D:/school/sem7/EE365/lab5_fresh/lab5_fresh.runs/synth_1/runme.log
[Sat Nov 12 04:23:04 2022] Launched impl_1...
Run output will be captured here: D:/school/sem7/EE365/lab5_fresh/lab5_fresh.runs/impl_1/runme.log
launch_runs: Time (s): cpu = 00:00:02 ; elapsed = 00:00:41 . Memory (MB): peak = 1419.273 ; gain = 0.000
update_module_reference design_1_lab5_0_0
INFO: [IP_Flow 19-234] Refreshing IP repositories
INFO: [IP_Flow 19-1704] No user IP repositories specified
Upgrading 'D:/school/sem7/EE365/lab5_fresh/lab5_fresh.srcs/sources_1/bd/design_1/design_1.bd'
INFO: [IP_Flow 19-3420] Updated design_1_lab5_0_0 to use current project options
WARNING: [BD 41-1731] Type mismatch between connected pins: /processing_system7_0/FCLK_CLK0(clk) and /lab5_0_upgraded_ipi/iCLK(undef)
Wrote  : <D:\school\sem7\EE365\lab5_fresh\lab5_fresh.srcs\sources_1\bd\design_1\design_1.bd> 
update_module_reference: Time (s): cpu = 00:00:01 ; elapsed = 00:00:21 . Memory (MB): peak = 1419.273 ; gain = 0.000
reset_run synth_1
WARNING: [Vivado 12-1017] Problems encountered:
1. Failed to delete one or more files in run directory D:/school/sem7/EE365/lab5_fresh/lab5_fresh.runs/synth_1

launch_runs impl_1 -to_step write_bitstream -jobs 4
Wrote  : <D:\school\sem7\EE365\lab5_fresh\lab5_fresh.srcs\sources_1\bd\design_1\design_1.bd> 
VHDL Output written to : D:/school/sem7/EE365/lab5_fresh/lab5_fresh.srcs/sources_1/bd/design_1/synth/design_1.vhd
VHDL Output written to : D:/school/sem7/EE365/lab5_fresh/lab5_fresh.srcs/sources_1/bd/design_1/sim/design_1.vhd
VHDL Output written to : D:/school/sem7/EE365/lab5_fresh/lab5_fresh.srcs/sources_1/bd/design_1/hdl/design_1_wrapper.vhd
INFO: [BD 41-1029] Generation completed for the IP Integrator block processing_system7_0 .
INFO: [BD 41-1029] Generation completed for the IP Integrator block lab5_0 .
Exporting to file D:/school/sem7/EE365/lab5_fresh/lab5_fresh.srcs/sources_1/bd/design_1/hw_handoff/design_1.hwh
Generated Block Design Tcl file D:/school/sem7/EE365/lab5_fresh/lab5_fresh.srcs/sources_1/bd/design_1/hw_handoff/design_1_bd.tcl
Generated Hardware Definition File D:/school/sem7/EE365/lab5_fresh/lab5_fresh.srcs/sources_1/bd/design_1/synth/design_1.hwdef
[Sat Nov 12 04:40:00 2022] Launched synth_1...
Run output will be captured here: D:/school/sem7/EE365/lab5_fresh/lab5_fresh.runs/synth_1/runme.log
[Sat Nov 12 04:40:00 2022] Launched impl_1...
Run output will be captured here: D:/school/sem7/EE365/lab5_fresh/lab5_fresh.runs/impl_1/runme.log
launch_runs: Time (s): cpu = 00:00:01 ; elapsed = 00:00:33 . Memory (MB): peak = 1419.273 ; gain = 0.000
update_module_reference design_1_lab5_0_0
INFO: [IP_Flow 19-234] Refreshing IP repositories
INFO: [IP_Flow 19-1704] No user IP repositories specified
Upgrading 'D:/school/sem7/EE365/lab5_fresh/lab5_fresh.srcs/sources_1/bd/design_1/design_1.bd'
INFO: [IP_Flow 19-3420] Updated design_1_lab5_0_0 to use current project options
WARNING: [BD 41-1731] Type mismatch between connected pins: /processing_system7_0/FCLK_CLK0(clk) and /lab5_0_upgraded_ipi/iCLK(undef)
Wrote  : <D:\school\sem7\EE365\lab5_fresh\lab5_fresh.srcs\sources_1\bd\design_1\design_1.bd> 
update_module_reference: Time (s): cpu = 00:00:01 ; elapsed = 00:00:23 . Memory (MB): peak = 1419.273 ; gain = 0.000
update_module_reference design_1_lab5_0_0
INFO: [IP_Flow 19-234] Refreshing IP repositories
INFO: [IP_Flow 19-1704] No user IP repositories specified
Upgrading 'D:/school/sem7/EE365/lab5_fresh/lab5_fresh.srcs/sources_1/bd/design_1/design_1.bd'
INFO: [IP_Flow 19-3420] Updated design_1_lab5_0_0 to use current project options
WARNING: [BD 41-1731] Type mismatch between connected pins: /processing_system7_0/FCLK_CLK0(clk) and /lab5_0_upgraded_ipi/iCLK(undef)
Wrote  : <D:\school\sem7\EE365\lab5_fresh\lab5_fresh.srcs\sources_1\bd\design_1\design_1.bd> 
update_module_reference: Time (s): cpu = 00:00:00 ; elapsed = 00:00:08 . Memory (MB): peak = 1419.273 ; gain = 0.000
reset_run synth_1
WARNING: [Vivado 12-1017] Problems encountered:
1. Failed to delete one or more files in run directory D:/school/sem7/EE365/lab5_fresh/lab5_fresh.runs/synth_1

launch_runs impl_1 -to_step write_bitstream -jobs 4
Wrote  : <D:\school\sem7\EE365\lab5_fresh\lab5_fresh.srcs\sources_1\bd\design_1\design_1.bd> 
VHDL Output written to : D:/school/sem7/EE365/lab5_fresh/lab5_fresh.srcs/sources_1/bd/design_1/synth/design_1.vhd
VHDL Output written to : D:/school/sem7/EE365/lab5_fresh/lab5_fresh.srcs/sources_1/bd/design_1/sim/design_1.vhd
VHDL Output written to : D:/school/sem7/EE365/lab5_fresh/lab5_fresh.srcs/sources_1/bd/design_1/hdl/design_1_wrapper.vhd
INFO: [BD 41-1029] Generation completed for the IP Integrator block processing_system7_0 .
INFO: [BD 41-1029] Generation completed for the IP Integrator block lab5_0 .
Exporting to file D:/school/sem7/EE365/lab5_fresh/lab5_fresh.srcs/sources_1/bd/design_1/hw_handoff/design_1.hwh
Generated Block Design Tcl file D:/school/sem7/EE365/lab5_fresh/lab5_fresh.srcs/sources_1/bd/design_1/hw_handoff/design_1_bd.tcl
Generated Hardware Definition File D:/school/sem7/EE365/lab5_fresh/lab5_fresh.srcs/sources_1/bd/design_1/synth/design_1.hwdef
[Sat Nov 12 04:50:32 2022] Launched synth_1...
Run output will be captured here: D:/school/sem7/EE365/lab5_fresh/lab5_fresh.runs/synth_1/runme.log
[Sat Nov 12 04:50:32 2022] Launched impl_1...
Run output will be captured here: D:/school/sem7/EE365/lab5_fresh/lab5_fresh.runs/impl_1/runme.log
launch_runs: Time (s): cpu = 00:00:02 ; elapsed = 00:00:32 . Memory (MB): peak = 1419.273 ; gain = 0.000
open_run impl_1
INFO: [Device 21-403] Loading part xc7z010clg225-1
INFO: [Netlist 29-17] Analyzing 62 Unisim elements for replacement
INFO: [Netlist 29-28] Unisim Transformation completed in 0 CPU seconds
INFO: [Project 1-479] Netlist was created with Vivado 2019.1
INFO: [Project 1-570] Preparing netlist for logic optimization
INFO: [Timing 38-478] Restoring timing data from binary archive.
INFO: [Timing 38-479] Binary timing data restore complete.
INFO: [Project 1-856] Restoring constraints from binary archive.
INFO: [Project 1-853] Binary constraint restore complete.
Reading XDEF placement.
Reading placer database...
Reading XDEF routing.
Read XDEF File: Time (s): cpu = 00:00:01 ; elapsed = 00:00:00.261 . Memory (MB): peak = 2056.031 ; gain = 0.000
Restored from archive | CPU: 1.000000 secs | Memory: 0.000000 MB |
Finished XDEF File Restore: Time (s): cpu = 00:00:01 ; elapsed = 00:00:00.261 . Memory (MB): peak = 2056.031 ; gain = 0.000
Netlist sorting complete. Time (s): cpu = 00:00:00 ; elapsed = 00:00:00 . Memory (MB): peak = 2056.031 ; gain = 0.000
INFO: [Project 1-111] Unisim Transformation Summary:
No Unisim elements were transformed.

open_run: Time (s): cpu = 00:00:23 ; elapsed = 00:00:23 . Memory (MB): peak = 2193.672 ; gain = 774.398
open_hw
connect_hw_server
INFO: [Labtools 27-2285] Connecting to hw_server url TCP:localhost:3121
INFO: [Labtools 27-2222] Launching hw_server...
INFO: [Labtools 27-2221] Launch Output:

****** Xilinx hw_server v2019.1
  **** Build date : May 24 2019 at 15:13:31
    ** Copyright 1986-2019 Xilinx, Inc. All Rights Reserved.


open_hw_target
INFO: [Labtoolstcl 44-466] Opening hw_target localhost:3121/xilinx_tcf/Digilent/251633007573A
open_hw_target: Time (s): cpu = 00:00:04 ; elapsed = 00:00:08 . Memory (MB): peak = 3267.484 ; gain = 1073.812
set_property PROGRAM.FILE {D:/school/sem7/EE365/lab5_fresh/lab5_fresh.runs/impl_1/design_1_wrapper.bit} [get_hw_devices xc7z010_1]
current_hw_device [get_hw_devices xc7z010_1]
refresh_hw_device -update_hw_probes false [lindex [get_hw_devices xc7z010_1] 0]
INFO: [Labtools 27-1434] Device xc7z010 (JTAG device index = 1) is programmed with a design that has no supported debug core(s) in it.
launch_sdk -workspace D:/school/sem7/EE365/lab5_fresh/lab5_fresh.sdk -hwspec D:/school/sem7/EE365/lab5_fresh/lab5_fresh.sdk/design_1_wrapper.hdf
INFO: [Vivado 12-393] Launching SDK...
INFO: [Vivado 12-417] Running xsdk -workspace D:/school/sem7/EE365/lab5_fresh/lab5_fresh.sdk -hwspec D:/school/sem7/EE365/lab5_fresh/lab5_fresh.sdk/design_1_wrapper.hdf
INFO: [Vivado 12-3157] SDK launch initiated. Please check console for any further messages.
set_property PROBES.FILE {} [get_hw_devices xc7z010_1]
set_property FULL_PROBES.FILE {} [get_hw_devices xc7z010_1]
set_property PROGRAM.FILE {D:/school/sem7/EE365/lab5_fresh/lab5_fresh.runs/impl_1/design_1_wrapper.bit} [get_hw_devices xc7z010_1]
program_hw_devices [get_hw_devices xc7z010_1]
INFO: [Labtools 27-3164] End of startup status: HIGH
refresh_hw_device [lindex [get_hw_devices xc7z010_1] 0]
INFO: [Labtools 27-1434] Device xc7z010 (JTAG device index = 1) is programmed with a design that has no supported debug core(s) in it.
ERROR: [Labtoolstcl 44-513] HW Target shutdown. Closing target: localhost:3121/xilinx_tcf/Digilent/251633007573A
INFO: [Labtoolstcl 44-466] Opening hw_target localhost:3121/xilinx_tcf/Digilent/251633007573A
WARNING: [Labtoolstcl 44-129] No matching hw_ila_data was found.
INFO: [Labtools 27-1435] Device xc7z010 (JTAG device index = 1) is not programmed (DONE status = 0).
WARNING: [Labtoolstcl 44-129] No matching hw_ila_data was found.
launch_sdk -workspace D:/school/sem7/EE365/lab5_fresh/lab5_fresh.sdk -hwspec D:/school/sem7/EE365/lab5_fresh/lab5_fresh.sdk/design_1_wrapper.hdf
INFO: [Vivado 12-393] Launching SDK...
INFO: [Vivado 12-417] Running xsdk -workspace D:/school/sem7/EE365/lab5_fresh/lab5_fresh.sdk -hwspec D:/school/sem7/EE365/lab5_fresh/lab5_fresh.sdk/design_1_wrapper.hdf
INFO: [Vivado 12-3157] SDK launch initiated. Please check console for any further messages.
set_property PROBES.FILE {} [get_hw_devices xc7z010_1]
set_property FULL_PROBES.FILE {} [get_hw_devices xc7z010_1]
set_property PROGRAM.FILE {D:/school/sem7/EE365/lab5_fresh/lab5_fresh.runs/impl_1/design_1_wrapper.bit} [get_hw_devices xc7z010_1]
program_hw_devices [get_hw_devices xc7z010_1]
INFO: [Labtools 27-3164] End of startup status: HIGH
refresh_hw_device [lindex [get_hw_devices xc7z010_1] 0]
INFO: [Labtools 27-1434] Device xc7z010 (JTAG device index = 1) is programmed with a design that has no supported debug core(s) in it.
ERROR: [Labtoolstcl 44-513] HW Target shutdown. Closing target: localhost:3121/xilinx_tcf/Digilent/251633007573A
disconnect_hw_server localhost:3121
connect_hw_server
INFO: [Labtools 27-2285] Connecting to hw_server url TCP:localhost:3121
ERROR: [Labtoolstcl 44-494] There is no active target available for server at localhost.
 Targets(s) ", jsn-JTAG-ONB4-251633007573A" may be locked by another hw_server.
disconnect_hw_server localhost:3121
connect_hw_server
INFO: [Labtools 27-2285] Connecting to hw_server url TCP:localhost:3121
open_hw_target
INFO: [Labtoolstcl 44-466] Opening hw_target localhost:3121/xilinx_tcf/Digilent/251633007573A
set_property PROGRAM.FILE {D:/school/sem7/EE365/lab5_fresh/lab5_fresh.runs/impl_1/design_1_wrapper.bit} [get_hw_devices xc7z010_1]
current_hw_device [get_hw_devices xc7z010_1]
refresh_hw_device -update_hw_probes false [lindex [get_hw_devices xc7z010_1] 0]
INFO: [Labtools 27-1435] Device xc7z010 (JTAG device index = 1) is not programmed (DONE status = 0).
refresh_hw_device [lindex [get_hw_devices xc7z010_1] 0]
INFO: [Labtools 27-1435] Device xc7z010 (JTAG device index = 1) is not programmed (DONE status = 0).
set_property PROBES.FILE {} [get_hw_devices xc7z010_1]
set_property FULL_PROBES.FILE {} [get_hw_devices xc7z010_1]
set_property PROGRAM.FILE {D:/school/sem7/EE365/lab5_fresh/lab5_fresh.runs/impl_1/design_1_wrapper.bit} [get_hw_devices xc7z010_1]
program_hw_devices [get_hw_devices xc7z010_1]
INFO: [Labtools 27-3164] End of startup status: HIGH
refresh_hw_device [lindex [get_hw_devices xc7z010_1] 0]
INFO: [Labtools 27-1434] Device xc7z010 (JTAG device index = 1) is programmed with a design that has no supported debug core(s) in it.
ERROR: [Labtoolstcl 44-513] HW Target shutdown. Closing target: localhost:3121/xilinx_tcf/Digilent/251633007573A
close_sim
Executing Axi4 End Of Simulation checks
Executing Axi4 End Of Simulation checks
Executing Axi4 End Of Simulation checks
Executing Axi4 End Of Simulation checks
Executing Axi4 End Of Simulation checks
Executing Axi4 End Of Simulation checks
Executing Axi4 End Of Simulation checks
Executing Axi4 End Of Simulation checks
Executing Axi4 End Of Simulation checks
INFO: [Simtcl 6-16] Simulation closed
exit
INFO: [Common 17-206] Exiting Vivado at Sat Nov 12 05:15:15 2022...
