#-----------------------------------------------------------
# Vivado v2019.1 (64-bit)
# SW Build 2552052 on Fri May 24 14:49:42 MDT 2019
# IP Build 2548770 on Fri May 24 18:01:18 MDT 2019
# Start of session at: Sun Nov 13 04:18:24 2022
# Process ID: 11076
# Current directory: D:/school/sem7/EE365/lab5_fresh
# Command line: vivado.exe -gui_launcher_event rodinguilauncherevent17332 D:\school\sem7\EE365\lab5_fresh\lab5_fresh.xpr
# Log file: D:/school/sem7/EE365/lab5_fresh/vivado.log
# Journal file: D:/school/sem7/EE365/lab5_fresh\vivado.jou
#-----------------------------------------------------------
start_gui
open_project D:/school/sem7/EE365/lab5_fresh/lab5_fresh.xpr
Scanning sources...
Finished scanning sources
INFO: [IP_Flow 19-234] Refreshing IP repositories
INFO: [IP_Flow 19-1704] No user IP repositories specified
INFO: [IP_Flow 19-2313] Loaded Vivado IP repository 'C:/Xilinx/Vivado/2019.1/data/ip'.
open_project: Time (s): cpu = 00:00:15 ; elapsed = 00:00:08 . Memory (MB): peak = 736.211 ; gain = 120.871
open_hw
connect_hw_server
INFO: [Labtools 27-2285] Connecting to hw_server url TCP:localhost:3121
INFO: [Labtools 27-2222] Launching hw_server...
INFO: [Labtools 27-2221] Launch Output:

****** Xilinx hw_server v2019.1
  **** Build date : May 24 2019 at 15:13:31
    ** Copyright 1986-2019 Xilinx, Inc. All Rights Reserved.


disconnect_hw_server localhost:3121
connect_hw_server
INFO: [Labtools 27-2285] Connecting to hw_server url TCP:localhost:3121
update_compile_order -fileset sources_1
disconnect_hw_server localhost:3121
connect_hw_server
INFO: [Labtools 27-2285] Connecting to hw_server url TCP:localhost:3121
