02:36:19 INFO  : Registering command handlers for SDK TCF services
02:36:20 INFO  : Launching XSCT server: xsct.bat -interactive D:\school\sem7\EE365\lab5_fresh\lab5_fresh.sdk\temp_xsdb_launch_script.tcl
02:36:24 INFO  : XSCT server has started successfully.
02:36:24 INFO  : Successfully done setting XSCT server connection channel  
02:36:24 INFO  : Successfully done setting SDK workspace  
02:36:24 INFO  : Processing command line option -hwspec D:/school/sem7/EE365/lab5_fresh/lab5_fresh.sdk/design_1_wrapper.hdf.
02:39:03 INFO  : Launching XSCT server: xsct.bat -interactive D:\school\sem7\EE365\lab5_fresh\lab5_fresh.sdk\temp_xsdb_launch_script.tcl
02:39:06 INFO  : XSCT server has started successfully.
02:39:07 INFO  : Successfully done setting XSCT server connection channel  
02:39:07 INFO  : Successfully done setting SDK workspace  
02:39:14 INFO  : Registering command handlers for SDK TCF services
02:39:14 INFO  : Processing command line option -hwspec D:/school/sem7/EE365/lab5_fresh/lab5_fresh.sdk/design_1_wrapper.hdf.
02:39:15 INFO  : Checking for hwspec changes in the project design_1_wrapper_hw_platform_0.
02:39:23 INFO  : Connected to target on host '127.0.0.1' and port '3121'.
02:41:21 INFO  : Launching XSCT server: xsct.bat -interactive D:\school\sem7\EE365\lab5_fresh\lab5_fresh.sdk\temp_xsdb_launch_script.tcl
02:41:24 INFO  : XSCT server has started successfully.
02:41:24 INFO  : Successfully done setting XSCT server connection channel  
02:41:25 INFO  : Successfully done setting SDK workspace  
02:41:32 INFO  : Registering command handlers for SDK TCF services
02:41:32 INFO  : Processing command line option -hwspec D:/school/sem7/EE365/lab5_fresh/lab5_fresh.sdk/design_1_wrapper.hdf.
02:41:33 INFO  : Checking for hwspec changes in the project design_1_wrapper_hw_platform_0.
02:42:02 INFO  : Connected to target on host '127.0.0.1' and port '3121'.
02:42:02 INFO  : 'targets -set -filter {jtag_cable_name =~ "JTAG-ONB4 251633007573A" && level==0} -index 1' command is executed.
02:42:03 INFO  : FPGA configured successfully with bitstream "D:/school/sem7/EE365/lab5_fresh/lab5_fresh.sdk/design_1_wrapper_hw_platform_0/design_1_wrapper.bit"
02:43:17 INFO  : Connected to target on host '127.0.0.1' and port '3121'.
02:43:17 WARN  : Part name present in the hardware specification 'xc7z020clg484-1' doesn't match the one present on the target 'xc7z010'.
02:43:24 INFO  : Jtag cable 'JTAG-ONB4 251633007573A' is selected.
02:43:24 INFO  : 'jtag frequency' command is executed.
02:43:24 INFO  : Sourcing of 'D:/school/sem7/EE365/lab5_fresh/lab5_fresh.sdk/ZC702_hw_platform/ps7_init.tcl' is done.
02:43:24 INFO  : Context for 'APU' is selected.
02:43:24 INFO  : Hardware design information is loaded from 'D:/school/sem7/EE365/lab5_fresh/lab5_fresh.sdk/ZC702_hw_platform/system.dsa'.
02:43:24 INFO  : 'configparams force-mem-access 1' command is executed.
02:43:24 INFO  : Context for 'APU' is selected.
02:43:24 INFO  : 'stop' command is executed.
02:43:24 INFO  : 'ps7_init' command is executed.
02:43:24 INFO  : 'ps7_post_config' command is executed.
02:43:24 INFO  : Context for processor 'ps7_cortexa9_0' is selected.
02:43:25 INFO  : Processor reset is completed for 'ps7_cortexa9_0'.
02:43:25 INFO  : Context for processor 'ps7_cortexa9_0' is selected.
02:43:27 ERROR : Memory write error at 0x100000. APB AP transaction error, DAP status f0000021
02:43:27 INFO  : ----------------XSDB Script----------------
connect -url tcp:127.0.0.1:3121
source D:/school/sem7/EE365/lab5_fresh/lab5_fresh.sdk/ZC702_hw_platform/ps7_init.tcl
targets -set -nocase -filter {name =~"APU*" && jtag_cable_name =~ "JTAG-ONB4 251633007573A"} -index 0
loadhw -hw D:/school/sem7/EE365/lab5_fresh/lab5_fresh.sdk/ZC702_hw_platform/system.dsa -mem-ranges [list {0x40000000 0xbfffffff}]
configparams force-mem-access 1
targets -set -nocase -filter {name =~"APU*" && jtag_cable_name =~ "JTAG-ONB4 251633007573A"} -index 0
stop
ps7_init
ps7_post_config
targets -set -nocase -filter {name =~ "ARM*#0" && jtag_cable_name =~ "JTAG-ONB4 251633007573A"} -index 0
rst -processor
targets -set -nocase -filter {name =~ "ARM*#0" && jtag_cable_name =~ "JTAG-ONB4 251633007573A"} -index 0
dow D:/school/sem7/EE365/lab5_fresh/lab5_fresh.sdk/hw/Debug/hw.elf
----------------End of Script----------------

